Mesh -> 
 Source = Inline Mesh   [unused]
 Exodus File -> 
  File Name = drekar.exo   [unused]
 Inline Mesh -> 
  Mesh Dimension = 2   [unused]
  Mesh Factory Parameter List -> 
   X Blocks = 1   [unused]
   Y Blocks = 1   [unused]
   X Elements = 50   [unused]
   Y Elements = 50   [unused]
   X0 = 0   [unused]
   Y0 = 0   [unused]
   Xf = 1   [unused]
   Yf = 1   [unused]
   Periodic BCs -> 
    Count = 0   [unused]
Block ID to Physics ID Mapping -> 
 eblock-0_0 = fluid   [unused]
Assembly -> 
 Workset Size = 1   [unused]
Physics Blocks -> 
 fluid -> 
  child0 -> 
   Type = Continuity   [unused]
   Basis Type = HGrad   [unused]
   Basis Order = 1   [unused]
   Integration Order = 2   [unused]
   Model ID = fluid model   [unused]
   Prefix =    [unused]
   Options -> 
    TAU_C = NONE   [unused]
    PSPG STABILIZATION = ON   [unused]
  child1 -> 
   Type = Momentum   [unused]
   Basis Type = HGrad   [unused]
   Basis Order = 1   [unused]
   Integration Order = 2   [unused]
   Model ID = fluid model   [unused]
   Prefix =    [unused]
   Options -> 
    DCO_M = OFF   [unused]
    TAU_M = SHAKIB   [unused]
    SUPG STABILIZATION = ON   [unused]
    USE SOURCE TERM = ON   [unused]
  child2 -> 
   Type = Energy   [unused]
   Basis Type = HGrad   [unused]
   Basis Order = 1   [unused]
   Integration Order = 2   [unused]
   Model ID = fluid model   [unused]
   Prefix =    [unused]
   Options -> 
    TAU_E = SHAKIB   [unused]
    SUPG STABILIZATION = ON   [unused]
    DCO_E = OFF   [unused]
    USE SOURCE TERM = OFF   [unused]
Closure Models -> 
 fluid model -> 
  DENSITY -> 
   Value = 1   [unused]
  STRESS_TENSOR -> 
   Value = NEWTONIAN   [unused]
  VISCOSITY -> 
   Value = 0.71   [unused]
  SOURCE_MOMENTUM -> 
   Value = BOUSSINESQ   [unused]
   Reference Density = 1   [unused]
   Reference Temperature = 0   [unused]
   Volume Expansion Coefficient = 1000   [unused]
  GRAVITY_X -> 
   Value = 0   [unused]
  GRAVITY_Y -> 
   Value = -10   [unused]
  Global Statistics -> 
   Value = UX,UY,PRESSURE,TEMPERATURE   [unused]
  HEAT_CAPACITY -> 
   Value = 1   [unused]
  THERMAL_CONDUCTIVITY -> 
   Value = 1   [unused]
  ENERGY_FLUX -> 
   Value = FOURIER   [unused]
  SOURCE_TEMPERATURE -> 
   Value = 0   [unused]
User Data -> 
 [empty list]
Boundary Conditions -> 
 child0 -> 
  Type = Dirichlet   [unused]
  Sideset ID = top   [unused]
  Element Block ID = eblock-0_0   [unused]
  Equation Set Name = UX   [unused]
  Strategy = Constant   [unused]
  Data -> 
   Value = 0   [unused]
 child1 -> 
  Type = Dirichlet   [unused]
  Sideset ID = top   [unused]
  Element Block ID = eblock-0_0   [unused]
  Equation Set Name = UY   [unused]
  Strategy = Constant   [unused]
  Data -> 
   Value = 0   [unused]
 child2 -> 
  Type = Dirichlet   [unused]
  Sideset ID = bottom   [unused]
  Element Block ID = eblock-0_0   [unused]
  Equation Set Name = UX   [unused]
  Strategy = Constant   [unused]
  Data -> 
   Value = 0   [unused]
 child3 -> 
  Type = Dirichlet   [unused]
  Sideset ID = bottom   [unused]
  Element Block ID = eblock-0_0   [unused]
  Equation Set Name = UY   [unused]
  Strategy = Constant   [unused]
  Data -> 
   Value = 0   [unused]
 child4 -> 
  Type = Dirichlet   [unused]
  Sideset ID = left   [unused]
  Element Block ID = eblock-0_0   [unused]
  Equation Set Name = UX   [unused]
  Strategy = Constant   [unused]
  Data -> 
   Value = 0   [unused]
 child5 -> 
  Type = Dirichlet   [unused]
  Sideset ID = left   [unused]
  Element Block ID = eblock-0_0   [unused]
  Equation Set Name = UY   [unused]
  Strategy = Constant   [unused]
  Data -> 
   Value = 0   [unused]
 child6 -> 
  Type = Dirichlet   [unused]
  Sideset ID = left   [unused]
  Element Block ID = eblock-0_0   [unused]
  Equation Set Name = TEMPERATURE   [unused]
  Strategy = Constant   [unused]
  Data -> 
   Value = 7.2   [unused]
 child7 -> 
  Type = Dirichlet   [unused]
  Sideset ID = right   [unused]
  Element Block ID = eblock-0_0   [unused]
  Equation Set Name = UX   [unused]
  Strategy = Constant   [unused]
  Data -> 
   Value = 0   [unused]
 child8 -> 
  Type = Dirichlet   [unused]
  Sideset ID = right   [unused]
  Element Block ID = eblock-0_0   [unused]
  Equation Set Name = UY   [unused]
  Strategy = Constant   [unused]
  Data -> 
   Value = 0   [unused]
 child9 -> 
  Type = Dirichlet   [unused]
  Sideset ID = right   [unused]
  Element Block ID = eblock-0_0   [unused]
  Equation Set Name = TEMPERATURE   [unused]
  Strategy = Constant   [unused]
  Data -> 
   Value = 0   [unused]
Initial Conditions -> 
 eblock-0_0 -> 
  UX -> 
   Value = 0   [unused]
  UY -> 
   Value = 0   [unused]
  PRESSURE -> 
   Value = 0   [unused]
  TEMPERATURE -> 
   Value = 0   [unused]
Output -> 
 File Name = ThermalConv.exo   [unused]
Options -> 
 Write Volume Assembly Graphs = 0   [unused]
 Volume Assembly Graph Prefix = Thermalconvection_   [unused]
Solution Control -> 
 Piro Solver = NOX   [unused]
 Compute Sensitivities = 0   [unused]
 Jacobian Operator = Have Jacobian   [unused]
 NOX -> 
  Nonlinear Solver = Line Search Based   [unused]
  Direction -> 
   Method = Newton   [unused]
   Newton -> 
    Forcing Term Method = Type 2   [unused]
    Rescue Bad Newton Solve = 1   [unused]
    Linear Solver -> 
     Tolerance = 0.001   [unused]
    Stratimikos Linear Solver -> 
     NOX Stratimikos Options -> 
      [empty list]
     Stratimikos -> 
      Linear Solver Type = MCLS   [unused]
      Preconditioner Type = MCLS   [unused]
      Linear Solver Types -> 
       AztecOO -> 
        Forward Solve -> 
         Max Iterations = 600   [unused]
         Tolerance = 1e-05   [unused]
         AztecOO Settings -> 
          Aztec Solver = GMRES   [unused]
          Convergence Test = r0   [unused]
          Size of Krylov Subspace = 200   [unused]
          Output Frequency = 10   [unused]
       Belos -> 
        Solver Type = Block GMRES   [unused]
        Solver Types -> 
         Block GMRES -> 
          Convergence Tolerance = 1e-05   [unused]
          Output Frequency = 10   [unused]
          Output Style = 1   [unused]
          Verbosity = 33   [unused]
          Maximum Iterations = 100   [unused]
          Block Size = 1   [unused]
          Num Blocks = 200   [unused]
          Flexible Gmres = 0   [unused]
        VerboseObject -> 
         Output File = none   [unused]
         Verbosity Level = medium   [unused]
       MCLS -> 
        Solver Type = MCSA   [unused]
        Solver Types -> 
         MCSA -> 
          Fixed Point Type = Richardson   [unused]
          MC Type = Adjoint   [unused]
          Estimator Type = Collision   [unused]
          Transport Type = Global   [unused]
          Number of Sets = 1   [unused]
          Reproducible MC Mode = 0   [unused]
          Overlap Size = 0   [unused]
          Maximum Iterations = 100   [unused]
          Weight Cutoff = 0.01   [unused]
          Set Number of Histories = 500000   [unused]
          Iteration Print Frequency = 1   [unused]
          Richardson Relaxation = 1   [unused]
          Neumann Relaxation = 1   [unused]
          Absorption Probability = 0   [unused]
          Domain Filter Tolerance = 0   [unused]
          Domain Fill Value = 200   [unused]
          Domain Weight Recovery = 0   [unused]
         Fixed Point -> 
          Fixed Point Type = Richardson   [unused]
          Maximum Iterations = 10000   [unused]
          Iteration Print Frequency = 1   [unused]
          Richardson Relaxation = 1   [unused]
      Preconditioner Types -> 
       Ifpack -> 
        Overlap = 1   [unused]
        Prec Type = ILUT   [unused]
        Ifpack Settings -> 
         fact: drop tolerance = 0.0001   [unused]
         fact: ilut level-of-fill = 5   [unused]
         fact: level-of-fill = 1   [unused]
       ML -> 
        Base Method Defaults = SA   [unused]
        ML Settings -> 
         ML output = 10   [unused]
         prec type = MGV   [unused]
         print unused = 0   [unused]
         PDE equations = 4   [unused]
         max levels = 10   [unused]
         cycle applications = 1   [unused]
         aggregation: threshold = 0   [unused]
         aggregation: type = Uncoupled   [unused]
         aggregation: damping factor = 0   [unused]
         aggregation: block scaling = 0   [unused]
         energy minimization: enable = 0   [unused]
         energy minimization: type = 3   [unused]
         smoother: type = IFPACK   [unused]
         smoother: ifpack type = ILU   [unused]
         smoother: ifpack overlap = 1   [unused]
         smoother: damping factor = 1   [unused]
         smoother: pre or post = both   [unused]
         smoother: sweeps = 1   [unused]
         coarse: max size = 2000   [unused]
         coarse: type = Amesos-KLU   [unused]
         smoother: ifpack list -> 
          fact: level-of-fill = 5   [unused]
          schwarz: reordering type = rcm   [unused]
          fact: drop tolerance = 1e-06   [unused]
          fact: maximum fill factor = 100   [unused]
       MCLS -> 
        Preconditioner Type = ML   [unused]
        Preconditioner Types -> 
         Block Jacobi -> 
          Jacobi Block Size = 4   [unused]
         ILUT -> 
          fact: ilut level-of-fill = 3   [unused]
          fact: drop tolerance = 0.0005   [unused]
         ParaSails -> 
          ParaSails: Threshold = 0.001   [unused]
          ParaSails: Number of Levels = 7   [unused]
          ParaSails: Filter = 0.001   [unused]
         PSILUT -> 
          fact: ilut level-of-fill = 3   [unused]
          fact: drop tolerance = 0.0001   [unused]
          ParaSails: Threshold = 0.1   [unused]
          ParaSails: Number of Levels = 1   [unused]
          ParaSails: Filter = 0   [unused]
         ML -> 
          Base Method Defaults = SA   [unused]
          ML Settings -> 
           ML output = 10   [unused]
           prec type = MGV   [unused]
           print unused = 0   [unused]
           PDE equations = 4   [unused]
           max levels = 10   [unused]
           cycle applications = 1   [unused]
           aggregation: threshold = 0   [unused]
           aggregation: type = Uncoupled   [unused]
           aggregation: damping factor = 0   [unused]
           aggregation: block scaling = 0   [unused]
           energy minimization: enable = 0   [unused]
           energy minimization: type = 3   [unused]
           smoother: type = IFPACK   [unused]
           smoother: ifpack type = ILU   [unused]
           smoother: ifpack overlap = 1   [unused]
           smoother: damping factor = 1   [unused]
           smoother: pre or post = both   [unused]
           smoother: sweeps = 1   [unused]
           coarse: max size = 2000   [unused]
           coarse: type = Amesos-KLU   [unused]
           smoother: ifpack list -> 
            fact: level-of-fill = 5   [unused]
            schwarz: reordering type = rcm   [unused]
            fact: drop tolerance = 1e-06   [unused]
            fact: maximum fill factor = 100   [unused]
  Line Search -> 
   Method = Backtrack   [unused]
   Full Step -> 
    Full Step = 1   [unused]
   Polynomial -> 
    Max Iters = 4   [unused]
    Recovery Step Type = Constant   [unused]
    Recovery Step = 0.001   [unused]
    Allowed Relative Increase = 500   [unused]
    Maximum Iteration for Increase = 2   [unused]
  Printing -> 
   Output Precision = 3   [unused]
   Output Processor = 0   [unused]
   Output Information -> 
    Error = 1   [unused]
    Warning = 1   [unused]
    Inner Iteration = 1   [unused]
    Outer Iteration = 1   [unused]
    Outer Iteration StatusTest = 1   [unused]
    Test Details = 1   [unused]
    Parameters = 1   [unused]
    Details = 1   [unused]
    Linear Solver Details = 1   [unused]
    Stepper Iteration = 1   [unused]
    Stepper Details = 1   [unused]
    Stepper Parameters = 1   [unused]
  Solver Options -> 
   Status Test Check Type = Complete   [unused]
  Thyra Group Options -> 
   Function Scaling = Row Sum   [unused]
  Status Tests -> 
   Test Type = Combo   [unused]
   Combo Type = OR   [unused]
   Number of Tests = 3   [unused]
   Test 0 -> 
    Test Type = Combo   [unused]
    Combo Type = AND   [unused]
    Number of Tests = 2   [unused]
    Test 0 -> 
     Test Type = NormF   [unused]
     Tolerance = 0.0001   [unused]
    Test 1 -> 
     Test Type = NormWRMS   [unused]
     Tolerance = 1   [unused]
     Relative Tolerance = 1e-05   [unused]
     Absolute Tolerance = 1e-08   [unused]
     BDF Multiplier = 1   [unused]
     Alpha = 0.1   [unused]
     Beta = 0.5   [unused]
   Test 1 -> 
    Test Type = MaxIters   [unused]
    Maximum Iterations = 200   [unused]
   Test 2 -> 
    Test Type = FiniteValue   [unused]
 Rythmos -> 
  Nonlinear Solver Type = NOX   [unused]
  Final Time = 10   [unused]
  Stepper Type = BDF   [unused]
  Step Control Strategy Type = ImplicitBDFRamping   [unused]
  Rythmos Integration Control Strategy = Simple   [unused]
  Rythmos Stepper -> 
   VerboseObject -> 
    Verbosity Level = medium   [unused]
  Stratimikos -> 
   [empty list]
  Rythmos Integrator -> 
   VerboseObject -> 
    Verbosity Level = high   [unused]
  Rythmos Integration Control -> 
   [empty list]
  Rythmos Step Control Strategy -> 
   Number of Constant First Order Steps = 4   [unused]
   Initial Step Size = 0.01   [unused]
   Min Step Size = 0.001   [unused]
   Max Step Size = 0.1   [unused]
   Step Size Decrease Factor = 0.5   [unused]
   Step Size Increase Factor = 1.2   [unused]
   Max Order = 2   [unused]
   Absolute Error Tolerance = 1e-07   [unused]
   Relative Error Tolerance = 1e-05   [unused]

STK Mesh data:
   Spatial dim = 2
   Entity counts (Nodes, Edges, Cells) = ( 2601, 5100, 2500 )
   Element blocks = "eblock-0_0" 
   Sidesets = "bottom" "left" "right" "top" 
   Nodesets = "lower_left" "origin" 
Field       Average         Maximum (@IP)   Minimum (@IP)  
UX          0.00000000e+00  2.22507386e-308 0.00000000e+00 
UY          0.00000000e+00  2.22507386e-308 0.00000000e+00 
PRESSURE    0.00000000e+00  2.22507386e-308 0.00000000e+00 
TEMPERATURE 0.00000000e+00  2.22507386e-308 0.00000000e+00 

************************************************************************

-- Parameters Passed to Nonlinear Solver --

     Nonlinear Solver = Line Search Based
     Direction -> 
      Method = Newton
      Newton -> 
       Forcing Term Method = Type 2
       Rescue Bad Newton Solve = 1
       Forcing Term Minimum Tolerance = 0.0001   [default]
       Forcing Term Maximum Tolerance = 0.9   [default]
       Forcing Term Initial Tolerance = 0.01   [default]
       Forcing Term Alpha = 1.5   [default]
       Forcing Term Gamma = 0.9   [default]
       Linear Solver -> 
        Tolerance = 0.001   [unused]
       Stratimikos Linear Solver -> 
        NOX Stratimikos Options -> 
         [empty list]
        Stratimikos -> 
         Linear Solver Type = MCLS   [unused]
         Preconditioner Type = MCLS   [unused]
         Linear Solver Types -> 
          AztecOO -> 
           Forward Solve -> 
            Max Iterations = 600   [unused]
            Tolerance = 1e-05   [unused]
            AztecOO Settings -> 
             Aztec Solver = GMRES   [unused]
             Convergence Test = r0   [unused]
             Size of Krylov Subspace = 200   [unused]
             Output Frequency = 10   [unused]
          Belos -> 
           Solver Type = Block GMRES   [unused]
           Solver Types -> 
            Block GMRES -> 
             Convergence Tolerance = 1e-05   [unused]
             Output Frequency = 10   [unused]
             Output Style = 1   [unused]
             Verbosity = 33   [unused]
             Maximum Iterations = 100   [unused]
             Block Size = 1   [unused]
             Num Blocks = 200   [unused]
             Flexible Gmres = 0   [unused]
           VerboseObject -> 
            Output File = none   [unused]
            Verbosity Level = medium   [unused]
          MCLS -> 
           Solver Type = MCSA   [unused]
           Solver Types -> 
            MCSA -> 
             Fixed Point Type = Richardson   [unused]
             MC Type = Adjoint   [unused]
             Estimator Type = Collision   [unused]
             Transport Type = Global   [unused]
             Number of Sets = 1   [unused]
             Reproducible MC Mode = 0   [unused]
             Overlap Size = 0   [unused]
             Maximum Iterations = 100   [unused]
             Weight Cutoff = 0.01   [unused]
             Set Number of Histories = 500000   [unused]
             Iteration Print Frequency = 1   [unused]
             Richardson Relaxation = 1   [unused]
             Neumann Relaxation = 1   [unused]
             Absorption Probability = 0   [unused]
             Domain Filter Tolerance = 0   [unused]
             Domain Fill Value = 200   [unused]
             Domain Weight Recovery = 0   [unused]
            Fixed Point -> 
             Fixed Point Type = Richardson   [unused]
             Maximum Iterations = 10000   [unused]
             Iteration Print Frequency = 1   [unused]
             Richardson Relaxation = 1   [unused]
         Preconditioner Types -> 
          Ifpack -> 
           Overlap = 1   [unused]
           Prec Type = ILUT   [unused]
           Ifpack Settings -> 
            fact: drop tolerance = 0.0001   [unused]
            fact: ilut level-of-fill = 5   [unused]
            fact: level-of-fill = 1   [unused]
          ML -> 
           Base Method Defaults = SA   [unused]
           ML Settings -> 
            ML output = 10   [unused]
            prec type = MGV   [unused]
            print unused = 0   [unused]
            PDE equations = 4   [unused]
            max levels = 10   [unused]
            cycle applications = 1   [unused]
            aggregation: threshold = 0   [unused]
            aggregation: type = Uncoupled   [unused]
            aggregation: damping factor = 0   [unused]
            aggregation: block scaling = 0   [unused]
            energy minimization: enable = 0   [unused]
            energy minimization: type = 3   [unused]
            smoother: type = IFPACK   [unused]
            smoother: ifpack type = ILU   [unused]
            smoother: ifpack overlap = 1   [unused]
            smoother: damping factor = 1   [unused]
            smoother: pre or post = both   [unused]
            smoother: sweeps = 1   [unused]
            coarse: max size = 2000   [unused]
            coarse: type = Amesos-KLU   [unused]
            smoother: ifpack list -> 
             fact: level-of-fill = 5   [unused]
             schwarz: reordering type = rcm   [unused]
             fact: drop tolerance = 1e-06   [unused]
             fact: maximum fill factor = 100   [unused]
          MCLS -> 
           Preconditioner Type = ML   [unused]
           Preconditioner Types -> 
            Block Jacobi -> 
             Jacobi Block Size = 4   [unused]
            ILUT -> 
             fact: ilut level-of-fill = 3   [unused]
             fact: drop tolerance = 0.0005   [unused]
            ParaSails -> 
             ParaSails: Threshold = 0.001   [unused]
             ParaSails: Number of Levels = 7   [unused]
             ParaSails: Filter = 0.001   [unused]
            PSILUT -> 
             fact: ilut level-of-fill = 3   [unused]
             fact: drop tolerance = 0.0001   [unused]
             ParaSails: Threshold = 0.1   [unused]
             ParaSails: Number of Levels = 1   [unused]
             ParaSails: Filter = 0   [unused]
            ML -> 
             Base Method Defaults = SA   [unused]
             ML Settings -> 
              ML output = 10   [unused]
              prec type = MGV   [unused]
              print unused = 0   [unused]
              PDE equations = 4   [unused]
              max levels = 10   [unused]
              cycle applications = 1   [unused]
              aggregation: threshold = 0   [unused]
              aggregation: type = Uncoupled   [unused]
              aggregation: damping factor = 0   [unused]
              aggregation: block scaling = 0   [unused]
              energy minimization: enable = 0   [unused]
              energy minimization: type = 3   [unused]
              smoother: type = IFPACK   [unused]
              smoother: ifpack type = ILU   [unused]
              smoother: ifpack overlap = 1   [unused]
              smoother: damping factor = 1   [unused]
              smoother: pre or post = both   [unused]
              smoother: sweeps = 1   [unused]
              coarse: max size = 2000   [unused]
              coarse: type = Amesos-KLU   [unused]
              smoother: ifpack list -> 
               fact: level-of-fill = 5   [unused]
               schwarz: reordering type = rcm   [unused]
               fact: drop tolerance = 1e-06   [unused]
               fact: maximum fill factor = 100   [unused]
     Line Search -> 
      Method = Backtrack
      Full Step -> 
       Full Step = 1   [unused]
      Polynomial -> 
       Max Iters = 4   [unused]
       Recovery Step Type = Constant   [unused]
       Recovery Step = 0.001   [unused]
       Allowed Relative Increase = 500   [unused]
       Maximum Iteration for Increase = 2   [unused]
      Backtrack -> 
       Minimum Step = 1e-12   [default]
       Default Step = 1   [default]
       Recovery Step = 1   [default]
       Max Iters = 100   [default]
       Reduction Factor = 0.5   [default]
     Printing -> 
      Output Precision = 3
      Output Processor = 0
      Output Stream = Teuchos::RCP<std::ostream>{ptr=0x7271690,node=0x7223b00,strong_count=18,weak_count=0}
      Error Stream = Teuchos::RCP<std::ostream>{ptr=0x7271690,node=0x7223b00,strong_count=18,weak_count=0}
      MyPID = 0   [default]
      Output Information -> 
       Error = 1
       Warning = 1
       Inner Iteration = 1
       Outer Iteration = 1
       Outer Iteration StatusTest = 1
       Test Details = 1
       Parameters = 1
       Details = 1
       Linear Solver Details = 1
       Stepper Iteration = 1
       Stepper Details = 1
       Stepper Parameters = 1
       Debug = 0   [default]
     Solver Options -> 
      Status Test Check Type = Complete
      User Defined Pre/Post Operator = Teuchos::RCP<NOX::Abstract::PrePostOperator>{ptr=0x8d02690,node=0x7215960,strong_count=2,weak_count=0}
      User Defined Merit Function = Teuchos::RCP<NOX::MeritFunction::Generic>{ptr=0x72232d0,node=0x72239c0,strong_count=3,weak_count=0}
     Thyra Group Options -> 
      Function Scaling = Row Sum
      Update Row Sum Scaling = Before Each Nonlinear Solve   [default]
      User Defined Scaling = Teuchos::RCP<Thyra::VectorBase<double> >{ptr=0,node=0,strong_count=0,weak_count=0}   [default]
     Status Tests -> 
      Test Type = Combo
      Combo Type = OR
      Number of Tests = 3
      Test 0 -> 
       Test Type = Combo
       Combo Type = AND
       Number of Tests = 2
       Test 0 -> 
        Test Type = NormF
        Tolerance = 0.0001
        Norm Type = Two Norm   [default]
        Scale Type = Unscaled   [default]
       Test 1 -> 
        Test Type = NormWRMS
        Tolerance = 1
        Relative Tolerance = 1e-05
        Absolute Tolerance = 1e-08
        BDF Multiplier = 1
        Alpha = 0.1
        Beta = 0.5
        Disable Implicit Weighting = 1   [default]
      Test 1 -> 
       Test Type = MaxIters
       Maximum Iterations = 200
      Test 2 -> 
       Test Type = FiniteValue
       Vector Type = F Vector   [default]
       Norm Type = Two Norm   [default]
Field       Average         Maximum (@IP)   Minimum (@IP)  
UX          0.00000000e+00  2.22507386e-308 0.00000000e+00 
UY          0.00000000e+00  2.22507386e-308 0.00000000e+00 
PRESSURE    0.00000000e+00  2.22507386e-308 0.00000000e+00 
TEMPERATURE 0.00000000e+00  2.22507386e-308 0.00000000e+00 
************************************************************************
-- Status Test Results --
**...........OR Combination -> 
  **...........AND Combination -> 
    **...........F-Norm = 5.142e+01 < 1.000e-04
                 (Unscaled Two-Norm, Absolute Tolerance)
    **...........WRMS-Norm = 1.000e+12 < 1
  **...........Number of Iterations = 0 < 200
  **...........Finite Number Check (Two-Norm F) = Finite
************************************************************************

************************************************************************
-- Nonlinear Solver Step 0 -- 
||F|| = 5.142e+01  step = 0.000e+00  dx = 0.000e+00
************************************************************************

       CALCULATING FORCING TERM
       Method: Type 2
       Forcing Term: 0.01
MCLS ML: Building ML Preconditioner
------------------------------------------------------------------------------
Using `power-method' for eigen-computations
*** 
*** ML_Epetra::MultiLevelPreconditioner
***
Matrix has 10404 rows and 364816 nonzeros, distributed over 1 process(es)
The linear system matrix is an Epetra_CrsMatrix
** Leaving column map of Main linear system matrix unchanged
Maximum number of levels = 10
Using increasing levels. Finest level  = 0, coarsest level = 9
Number of applications of the ML cycle = 1
Number of PDE equations = 4
Aggregation threshold = 0
Max coarse size = 2000
R and P smoothing : P = (I-\omega A) P_t, R = P^T
R and P smoothing : \omega = 0/lambda_max
Null space type      = default (constants)
Null space dimension = 4
-----------------------------------------------------------------------
ML_Gen_MultiLevelHierarchy (level 0) : Gen Restriction and Prolongator
-----------------------------------------------------------------------
ML_Aggregate_Coarsen (level 0) begins
ML_Aggregate_CoarsenUncoupled : current level = 0
ML_Aggregate_CoarsenUncoupled : current eps = 0.000000e+00
Aggregation(UVB) : Total nonzeros = 364816 (Nrows=10404)
Aggregation(UVB) : Amalgamated matrix done 
Aggregation(UC) : Phase 0 - no. of bdry pts  = 1 
Aggregation(UC) : Phase 1 - nodes aggregated = 2549 (2601)
Aggregation(UC) : Phase 1 - total aggregates = 289 
Aggregation(UC_Phase2_3) : Phase 1 - nodes aggregated = 2549 
Aggregation(UC_Phase2_3) : Phase 1 - total aggregates = 289
Aggregation(UC_Phase2_3) : Phase 2a- additional aggregates = 0
Aggregation(UC_Phase2_3) : Phase 2 - total aggregates = 289
Aggregation(UC_Phase2_3) : Phase 2 - boundary nodes   = 1
Aggregation(UC_Phase2_3) : Phase 3 - leftovers = 0 and singletons = 0
Aggregation(UC) : QR factorization - too small aggregates = 0

Prolongator/Restriction smoother (level 0) : damping = 0.000e+00 , sweeps = 1
Gen_Prolongator (level 0) : not smoothing prolongator
Smoothed Aggregation : operator complexity = 1.072395e+00.
Time to build the hierarchy = 0.018271 (s)
Number of actual levels : 2

Smoother (level 0) : # global rows = 10404, # estim. global nnz = 364816, # nnz per row = 35.06
Smoother (level 0) : IFPACK, type=`ILU',
Smoother (level 0) : both,overlap=1
Smoother (level 0) : level-of-fill=5,rel. threshold=1,abs. threshold=0
Smoother (level 0) : Setup time : 0.343122 (s)

WARNING **********************************************************************
You have requested to keep the finest level smoother from a previous
solve.  In order to reuse part or all of the incomplete factorization
from smoother "IFPACK", you must also specify the smoother options
"reuse numeric factorization" and/or "reuse symbolic factorization".
Not doing so  may result in memory leaks or crashes.

Amesos (level 1) : NumGlobalRows = 1156
Amesos (level 1) : NumGlobalNonzeros = 26237
Amesos (level 1) : Fill-in = 1.96335 %
Amesos (level 1) : Building KLU
Amesos (level 1) : Time for factorization  = 0.00592184 (s)

WARNING: Parameter "energy minimization: type" 3   [unused] is unused
WARNING: Parameter "coarse: list"    [unused] is unused
WARNING: Parameter "aggregation: list (level 0)"    [unused] is unused
WARNING: Parameter "aggregation: list (level 1)"    [unused] is unused
WARNING: Parameter "aggregation: list (level 2)"    [unused] is unused
WARNING: Parameter "aggregation: list (level 3)"    [unused] is unused
WARNING: Parameter "aggregation: list (level 4)"    [unused] is unused
WARNING: Parameter "aggregation: list (level 5)"    [unused] is unused
WARNING: Parameter "aggregation: list (level 6)"    [unused] is unused
WARNING: Parameter "aggregation: list (level 7)"    [unused] is unused
WARNING: Parameter "aggregation: list (level 8)"    [unused] is unused
WARNING: Parameter "aggregation: list (level 9)"    [unused] is unused
WARNING: Parameter "smoother: list (level 0)"    [unused] is unused

Cumulative timing for construction so far: 
- for initial setup   = 0.00302911 (s)
- for hierarchy setup = 0.0183091 (s)
- for smoothers setup = 0.343122 (s)
- for coarse setup    = 0.00627303 (s)
- for final setup     = 0.000143051 (s)
------------------------------------------------------------------------------
MCLS ML: Extracting ML Preconditioner
MCLS ML: Transposing ML Preconditioner
MCLS ML: Complete in 179.013 seconds.
------------------------------------------------------------------------------
   ML time information (seconds)          total          avg

   1- Construction                  =   0.368157    0.368157
   2- Preconditioner apply          =    139.555
     a- first application(s) only   = 0.00884295  0.00884295
     b- remaining applications      =    139.546   0.0134127

   3- Total time required by ML so far is 139.923 seconds
      (constr + all applications)
------------------------------------------------------------------------------

************************************
MCLS: Monte Carlo Linear Solvers
************************************
MCSA / Richardson
Iteration 1: Residual = 0.13156
Iteration 2: Residual = 0.0251802
Iteration 3: Residual = 0.00386531
MCLS MCSA: Complete in 3.80061 seconds.
************************************

Field       Average         Maximum (@IP)   Minimum (@IP)  
UX          7.14196815e-02  3.97377219e+02  -3.97411712e+02
UY          3.57194096e+00  4.04978949e+02  -3.95262295e+02
PRESSURE    2.50286371e+04  5.11052628e+04  -1.07878247e+03
TEMPERATURE 3.57707340e+00  7.16920900e+00  2.98895118e-02 

************************************************************************
-- Backtrack Line Search -- 
  1: step = 1.000e+00 old f = 1.322e+03 new f = 5.307e+05
Field       Average         Maximum (@IP)   Minimum (@IP)  
UX          3.57098407e-02  1.98688610e+02  -1.98705856e+02
UY          1.78597048e+00  2.02489475e+02  -1.97631147e+02
PRESSURE    1.25143186e+04  2.55526314e+04  -5.39391236e+02
TEMPERATURE 1.78853670e+00  3.58460450e+00  1.49447559e-02 
  2: step = 5.000e-01 old f = 1.322e+03 new f = 3.358e+04
Field       Average         Maximum (@IP)   Minimum (@IP)  
UX          1.78549204e-02  9.93443048e+01  -9.93529280e+01
UY          8.92985241e-01  1.01244737e+02  -9.88155737e+01
PRESSURE    6.25715928e+03  1.27763157e+04  -2.69695618e+02
TEMPERATURE 8.94268349e-01  1.79230225e+00  7.47237794e-03 
  3: step = 2.500e-01 old f = 1.322e+03 new f = 2.828e+03
Field       Average         Maximum (@IP)   Minimum (@IP)  
UX          8.92746019e-03  4.96721524e+01  -4.96764640e+01
UY          4.46492620e-01  5.06223687e+01  -4.94077869e+01
PRESSURE    3.12857964e+03  6.38815785e+03  -1.34847809e+02
TEMPERATURE 4.47134175e-01  8.96151125e-01  3.73618897e-03 
  4: step = 1.250e-01 old f = 1.322e+03 new f = 1.143e+03 (STEP ACCEPTED!)
************************************************************************

************************************************************************
-- Status Test Results --
**...........OR Combination -> 
  **...........AND Combination -> 
    **...........F-Norm = 4.781e+01 < 1.000e-04
                 (Unscaled Two-Norm, Absolute Tolerance)
    **...........WRMS-Norm = 1.708e+11 < 1
                 (Min Step Size:  1.250e-01 >= 0.1)
  **...........Number of Iterations = 1 < 200
  **...........Finite Number Check (Two-Norm F) = Finite
************************************************************************

************************************************************************
-- Nonlinear Solver Step 1 -- 
||F|| = 4.781e+01  step = 1.250e-01  dx = 3.565e+07
************************************************************************

       CALCULATING FORCING TERM
       Method: Type 2
       Forcing Term Norm: Using L-2 Norm.
       Residual Norm k-1 =             51.4
       Residual Norm k =               47.8
       Calculated eta_k (pre-bounds) = 0.807
       Forcing Term: 0.807
MCLS ML: Building ML Preconditioner
------------------------------------------------------------------------------
Using `power-method' for eigen-computations
*** 
*** ML_Epetra::MultiLevelPreconditioner
***
Matrix has 10404 rows and 364816 nonzeros, distributed over 1 process(es)
The linear system matrix is an Epetra_CrsMatrix
** Leaving column map of Main linear system matrix unchanged
Maximum number of levels = 10
Using increasing levels. Finest level  = 0, coarsest level = 9
Number of applications of the ML cycle = 1
Number of PDE equations = 4
Aggregation threshold = 0
Max coarse size = 2000
R and P smoothing : P = (I-\omega A) P_t, R = P^T
R and P smoothing : \omega = 0/lambda_max
Null space type      = default (constants)
Null space dimension = 4
-----------------------------------------------------------------------
ML_Gen_MultiLevelHierarchy (level 0) : Gen Restriction and Prolongator
-----------------------------------------------------------------------
ML_Aggregate_Coarsen (level 0) begins
ML_Aggregate_CoarsenUncoupled : current level = 0
ML_Aggregate_CoarsenUncoupled : current eps = 0.000000e+00
Aggregation(UVB) : Total nonzeros = 364816 (Nrows=10404)
Aggregation(UVB) : Amalgamated matrix done 
Aggregation(UC) : Phase 0 - no. of bdry pts  = 1 
Aggregation(UC) : Phase 1 - nodes aggregated = 2549 (2601)
Aggregation(UC) : Phase 1 - total aggregates = 289 
Aggregation(UC_Phase2_3) : Phase 1 - nodes aggregated = 2549 
Aggregation(UC_Phase2_3) : Phase 1 - total aggregates = 289
Aggregation(UC_Phase2_3) : Phase 2a- additional aggregates = 0
Aggregation(UC_Phase2_3) : Phase 2 - total aggregates = 289
Aggregation(UC_Phase2_3) : Phase 2 - boundary nodes   = 1
Aggregation(UC_Phase2_3) : Phase 3 - leftovers = 0 and singletons = 0
Aggregation(UC) : QR factorization - too small aggregates = 0

Prolongator/Restriction smoother (level 0) : damping = 0.000e+00 , sweeps = 1
Gen_Prolongator (level 0) : not smoothing prolongator
Smoothed Aggregation : operator complexity = 1.085558e+00.
Time to build the hierarchy = 0.018538 (s)
Number of actual levels : 2

Smoother (level 0) : # global rows = 10404, # estim. global nnz = 364816, # nnz per row = 35.06
Smoother (level 0) : IFPACK, type=`ILU',
Smoother (level 0) : both,overlap=1
Smoother (level 0) : level-of-fill=5,rel. threshold=1,abs. threshold=0
Smoother (level 0) : Setup time : 0.357969 (s)

WARNING **********************************************************************
You have requested to keep the finest level smoother from a previous
solve.  In order to reuse part or all of the incomplete factorization
from smoother "IFPACK", you must also specify the smoother options
"reuse numeric factorization" and/or "reuse symbolic factorization".
Not doing so  may result in memory leaks or crashes.

Amesos (level 1) : NumGlobalRows = 1156
Amesos (level 1) : NumGlobalNonzeros = 31213
Amesos (level 1) : Fill-in = 2.33571 %
Amesos (level 1) : Building KLU
Amesos (level 1) : Time for factorization  = 0.0104771 (s)

WARNING: Parameter "energy minimization: type" 3   [unused] is unused
WARNING: Parameter "coarse: list"    [unused] is unused
WARNING: Parameter "aggregation: list (level 0)"    [unused] is unused
WARNING: Parameter "aggregation: list (level 1)"    [unused] is unused
WARNING: Parameter "aggregation: list (level 2)"    [unused] is unused
WARNING: Parameter "aggregation: list (level 3)"    [unused] is unused
WARNING: Parameter "aggregation: list (level 4)"    [unused] is unused
WARNING: Parameter "aggregation: list (level 5)"    [unused] is unused
WARNING: Parameter "aggregation: list (level 6)"    [unused] is unused
WARNING: Parameter "aggregation: list (level 7)"    [unused] is unused
WARNING: Parameter "aggregation: list (level 8)"    [unused] is unused
WARNING: Parameter "aggregation: list (level 9)"    [unused] is unused
WARNING: Parameter "smoother: list (level 0)"    [unused] is unused

Cumulative timing for construction so far: 
- for initial setup   = 0.00371909 (s)
- for hierarchy setup = 0.0185781 (s)
- for smoothers setup = 0.357969 (s)
- for coarse setup    = 0.0108631 (s)
- for final setup     = 0.000159979 (s)
------------------------------------------------------------------------------
MCLS ML: Extracting ML Preconditioner
MCLS ML: Transposing ML Preconditioner
MCLS ML: Complete in 203.74 seconds.
------------------------------------------------------------------------------
   ML time information (seconds)          total          avg

   1- Construction                  =   0.387924    0.387924
   2- Preconditioner apply          =    157.554
     a- first application(s) only   =   0.011857    0.011857
     b- remaining applications      =    157.542   0.0151425

   3- Total time required by ML so far is 157.942 seconds
      (constr + all applications)
------------------------------------------------------------------------------

************************************
MCLS: Monte Carlo Linear Solvers
************************************
MCSA / Richardson
Iteration 1: Residual = 0.0666336
MCLS MCSA: Complete in 1.71299 seconds.
************************************

Field       Average         Maximum (@IP)   Minimum (@IP)  
UX          -9.27116103e-01 1.18255434e+02  -4.35211471e+01
UY          3.32849385e+00  1.32445094e+02  -5.53731063e+01
PRESSURE    2.63304032e+04  4.97439893e+04  3.83506870e+03 
TEMPERATURE 3.05057215e+00  7.17395502e+00  1.79404225e-02 

************************************************************************
-- Backtrack Line Search -- 
  1: step = 1.000e+00 old f = 1.143e+03 new f = 5.462e+02 (STEP ACCEPTED!)
************************************************************************

************************************************************************
-- Status Test Results --
**...........OR Combination -> 
  **...........AND Combination -> 
    **...........F-Norm = 3.305e+01 < 1.000e-04
                 (Unscaled Two-Norm, Absolute Tolerance)
    **...........WRMS-Norm = 1.057e+07 < 1
                 (Min Step Size:  1.000e+00 >= 0.1)
  **...........Number of Iterations = 2 < 200
  **...........Finite Number Check (Two-Norm F) = Finite
************************************************************************

************************************************************************
-- Nonlinear Solver Step 2 -- 
||F|| = 3.305e+01  step = 1.000e+00  dx = 3.184e+07
************************************************************************

       CALCULATING FORCING TERM
       Method: Type 2
       Forcing Term Norm: Using L-2 Norm.
       Residual Norm k-1 =             47.8
       Residual Norm k =               33.1
       Calculated eta_k (pre-bounds) = 0.517
       Forcing Term: 0.652
MCLS ML: Building ML Preconditioner
------------------------------------------------------------------------------
Using `power-method' for eigen-computations
*** 
*** ML_Epetra::MultiLevelPreconditioner
***
Matrix has 10404 rows and 364816 nonzeros, distributed over 1 process(es)
The linear system matrix is an Epetra_CrsMatrix
** Leaving column map of Main linear system matrix unchanged
Maximum number of levels = 10
Using increasing levels. Finest level  = 0, coarsest level = 9
Number of applications of the ML cycle = 1
Number of PDE equations = 4
Aggregation threshold = 0
Max coarse size = 2000
R and P smoothing : P = (I-\omega A) P_t, R = P^T
R and P smoothing : \omega = 0/lambda_max
Null space type      = default (constants)
Null space dimension = 4
-----------------------------------------------------------------------
ML_Gen_MultiLevelHierarchy (level 0) : Gen Restriction and Prolongator
-----------------------------------------------------------------------
ML_Aggregate_Coarsen (level 0) begins
ML_Aggregate_CoarsenUncoupled : current level = 0
ML_Aggregate_CoarsenUncoupled : current eps = 0.000000e+00
Aggregation(UVB) : Total nonzeros = 364816 (Nrows=10404)
Aggregation(UVB) : Amalgamated matrix done 
Aggregation(UC) : Phase 0 - no. of bdry pts  = 1 
Aggregation(UC) : Phase 1 - nodes aggregated = 2549 (2601)
Aggregation(UC) : Phase 1 - total aggregates = 289 
Aggregation(UC_Phase2_3) : Phase 1 - nodes aggregated = 2549 
Aggregation(UC_Phase2_3) : Phase 1 - total aggregates = 289
Aggregation(UC_Phase2_3) : Phase 2a- additional aggregates = 0
Aggregation(UC_Phase2_3) : Phase 2 - total aggregates = 289
Aggregation(UC_Phase2_3) : Phase 2 - boundary nodes   = 1
Aggregation(UC_Phase2_3) : Phase 3 - leftovers = 0 and singletons = 0
Aggregation(UC) : QR factorization - too small aggregates = 0

Prolongator/Restriction smoother (level 0) : damping = 0.000e+00 , sweeps = 1
Gen_Prolongator (level 0) : not smoothing prolongator
Smoothed Aggregation : operator complexity = 1.085558e+00.
Time to build the hierarchy = 0.0169601 (s)
Number of actual levels : 2

Smoother (level 0) : # global rows = 10404, # estim. global nnz = 364816, # nnz per row = 35.06
Smoother (level 0) : IFPACK, type=`ILU',
Smoother (level 0) : both,overlap=1
Smoother (level 0) : level-of-fill=5,rel. threshold=1,abs. threshold=0
Smoother (level 0) : Setup time : 0.345307 (s)

WARNING **********************************************************************
You have requested to keep the finest level smoother from a previous
solve.  In order to reuse part or all of the incomplete factorization
from smoother "IFPACK", you must also specify the smoother options
"reuse numeric factorization" and/or "reuse symbolic factorization".
Not doing so  may result in memory leaks or crashes.

Amesos (level 1) : NumGlobalRows = 1156
Amesos (level 1) : NumGlobalNonzeros = 31213
Amesos (level 1) : Fill-in = 2.33571 %
Amesos (level 1) : Building KLU
Amesos (level 1) : Time for factorization  = 0.0101511 (s)

WARNING: Parameter "energy minimization: type" 3   [unused] is unused
WARNING: Parameter "coarse: list"    [unused] is unused
WARNING: Parameter "aggregation: list (level 0)"    [unused] is unused
WARNING: Parameter "aggregation: list (level 1)"    [unused] is unused
WARNING: Parameter "aggregation: list (level 2)"    [unused] is unused
WARNING: Parameter "aggregation: list (level 3)"    [unused] is unused
WARNING: Parameter "aggregation: list (level 4)"    [unused] is unused
WARNING: Parameter "aggregation: list (level 5)"    [unused] is unused
WARNING: Parameter "aggregation: list (level 6)"    [unused] is unused
WARNING: Parameter "aggregation: list (level 7)"    [unused] is unused
WARNING: Parameter "aggregation: list (level 8)"    [unused] is unused
WARNING: Parameter "aggregation: list (level 9)"    [unused] is unused
WARNING: Parameter "smoother: list (level 0)"    [unused] is unused

Cumulative timing for construction so far: 
- for initial setup   = 0.00339699 (s)
- for hierarchy setup = 0.016999 (s)
- for smoothers setup = 0.345307 (s)
- for coarse setup    = 0.0104771 (s)
- for final setup     = 0.000147104 (s)
------------------------------------------------------------------------------
MCLS ML: Extracting ML Preconditioner
MCLS ML: Transposing ML Preconditioner
MCLS ML: Complete in 201.826 seconds.
------------------------------------------------------------------------------
   ML time information (seconds)          total          avg

   1- Construction                  =    0.37326     0.37326
   2- Preconditioner apply          =     156.78
     a- first application(s) only   = 0.00971794  0.00971794
     b- remaining applications      =     156.77   0.0150683

   3- Total time required by ML so far is 157.153 seconds
      (constr + all applications)
------------------------------------------------------------------------------

************************************
MCLS: Monte Carlo Linear Solvers
************************************
MCSA / Richardson
Iteration 1: Residual = 0.059562
MCLS MCSA: Complete in 1.27879 seconds.
************************************

Field       Average         Maximum (@IP)   Minimum (@IP)  
UX          2.74704604e-02  8.12365842e+01  -4.99230456e+01
UY          2.90000096e+00  8.75244902e+01  -6.00507838e+01
PRESSURE    1.67571348e+04  4.03200801e+04  9.13277512e+02 
TEMPERATURE 3.06634055e+00  7.16337211e+00  1.74250702e-02 

************************************************************************
-- Backtrack Line Search -- 
  1: step = 1.000e+00 old f = 5.462e+02 new f = 4.284e+01 (STEP ACCEPTED!)
************************************************************************

************************************************************************
-- Status Test Results --
**...........OR Combination -> 
  **...........AND Combination -> 
    **...........F-Norm = 9.257e+00 < 1.000e-04
                 (Unscaled Two-Norm, Absolute Tolerance)
    **...........WRMS-Norm = 4.045e+06 < 1
                 (Min Step Size:  1.000e+00 >= 0.1)
  **...........Number of Iterations = 3 < 200
  **...........Finite Number Check (Two-Norm F) = Finite
************************************************************************

************************************************************************
-- Nonlinear Solver Step 3 -- 
||F|| = 9.257e+00  step = 1.000e+00  dx = 1.246e+07
************************************************************************

       CALCULATING FORCING TERM
       Method: Type 2
       Forcing Term Norm: Using L-2 Norm.
       Residual Norm k-1 =             33.1
       Residual Norm k =               9.26
       Calculated eta_k (pre-bounds) = 0.133
       Forcing Term: 0.474
MCLS ML: Building ML Preconditioner
------------------------------------------------------------------------------
Using `power-method' for eigen-computations
*** 
*** ML_Epetra::MultiLevelPreconditioner
***
Matrix has 10404 rows and 364816 nonzeros, distributed over 1 process(es)
The linear system matrix is an Epetra_CrsMatrix
** Leaving column map of Main linear system matrix unchanged
Maximum number of levels = 10
Using increasing levels. Finest level  = 0, coarsest level = 9
Number of applications of the ML cycle = 1
Number of PDE equations = 4
Aggregation threshold = 0
Max coarse size = 2000
R and P smoothing : P = (I-\omega A) P_t, R = P^T
R and P smoothing : \omega = 0/lambda_max
Null space type      = default (constants)
Null space dimension = 4
-----------------------------------------------------------------------
ML_Gen_MultiLevelHierarchy (level 0) : Gen Restriction and Prolongator
-----------------------------------------------------------------------
ML_Aggregate_Coarsen (level 0) begins
ML_Aggregate_CoarsenUncoupled : current level = 0
ML_Aggregate_CoarsenUncoupled : current eps = 0.000000e+00
Aggregation(UVB) : Total nonzeros = 364816 (Nrows=10404)
Aggregation(UVB) : Amalgamated matrix done 
Aggregation(UC) : Phase 0 - no. of bdry pts  = 1 
Aggregation(UC) : Phase 1 - nodes aggregated = 2549 (2601)
Aggregation(UC) : Phase 1 - total aggregates = 289 
Aggregation(UC_Phase2_3) : Phase 1 - nodes aggregated = 2549 
Aggregation(UC_Phase2_3) : Phase 1 - total aggregates = 289
Aggregation(UC_Phase2_3) : Phase 2a- additional aggregates = 0
Aggregation(UC_Phase2_3) : Phase 2 - total aggregates = 289
Aggregation(UC_Phase2_3) : Phase 2 - boundary nodes   = 1
Aggregation(UC_Phase2_3) : Phase 3 - leftovers = 0 and singletons = 0
Aggregation(UC) : QR factorization - too small aggregates = 0

Prolongator/Restriction smoother (level 0) : damping = 0.000e+00 , sweeps = 1
Gen_Prolongator (level 0) : not smoothing prolongator
Smoothed Aggregation : operator complexity = 1.085558e+00.
Time to build the hierarchy = 0.0167358 (s)
Number of actual levels : 2

Smoother (level 0) : # global rows = 10404, # estim. global nnz = 364816, # nnz per row = 35.06
Smoother (level 0) : IFPACK, type=`ILU',
Smoother (level 0) : both,overlap=1
Smoother (level 0) : level-of-fill=5,rel. threshold=1,abs. threshold=0
Smoother (level 0) : Setup time : 0.355511 (s)

WARNING **********************************************************************
You have requested to keep the finest level smoother from a previous
solve.  In order to reuse part or all of the incomplete factorization
from smoother "IFPACK", you must also specify the smoother options
"reuse numeric factorization" and/or "reuse symbolic factorization".
Not doing so  may result in memory leaks or crashes.

Amesos (level 1) : NumGlobalRows = 1156
Amesos (level 1) : NumGlobalNonzeros = 31213
Amesos (level 1) : Fill-in = 2.33571 %
Amesos (level 1) : Building KLU
Amesos (level 1) : Time for factorization  = 0.00995517 (s)

WARNING: Parameter "energy minimization: type" 3   [unused] is unused
WARNING: Parameter "coarse: list"    [unused] is unused
WARNING: Parameter "aggregation: list (level 0)"    [unused] is unused
WARNING: Parameter "aggregation: list (level 1)"    [unused] is unused
WARNING: Parameter "aggregation: list (level 2)"    [unused] is unused
WARNING: Parameter "aggregation: list (level 3)"    [unused] is unused
WARNING: Parameter "aggregation: list (level 4)"    [unused] is unused
WARNING: Parameter "aggregation: list (level 5)"    [unused] is unused
WARNING: Parameter "aggregation: list (level 6)"    [unused] is unused
WARNING: Parameter "aggregation: list (level 7)"    [unused] is unused
WARNING: Parameter "aggregation: list (level 8)"    [unused] is unused
WARNING: Parameter "aggregation: list (level 9)"    [unused] is unused
WARNING: Parameter "smoother: list (level 0)"    [unused] is unused

Cumulative timing for construction so far: 
- for initial setup   = 0.00321698 (s)
- for hierarchy setup = 0.0167742 (s)
- for smoothers setup = 0.355511 (s)
- for coarse setup    = 0.010268 (s)
- for final setup     = 0.000150919 (s)
------------------------------------------------------------------------------
MCLS ML: Extracting ML Preconditioner
MCLS ML: Transposing ML Preconditioner
MCLS ML: Complete in 188.184 seconds.
------------------------------------------------------------------------------
   ML time information (seconds)          total          avg

   1- Construction                  =   0.383009    0.383009
   2- Preconditioner apply          =    142.367
     a- first application(s) only   = 0.00943089  0.00943089
     b- remaining applications      =    142.358    0.013683

   3- Total time required by ML so far is 142.75 seconds
      (constr + all applications)
------------------------------------------------------------------------------

************************************
MCLS: Monte Carlo Linear Solvers
************************************
MCSA / Richardson
Iteration 1: Residual = 0.0780605
MCLS MCSA: Complete in 1.20042 seconds.
************************************

Field       Average         Maximum (@IP)   Minimum (@IP)  
UX          4.00873932e-02  6.21754065e+01  -4.45427860e+01
UY          2.88499106e+00  7.71278835e+01  -6.02605492e+01
PRESSURE    1.36378735e+04  3.60070281e+04  -4.17067378e+02
TEMPERATURE 3.06246012e+00  7.16203295e+00  1.73316746e-02 

************************************************************************
-- Backtrack Line Search -- 
  1: step = 1.000e+00 old f = 4.284e+01 new f = 1.600e+01 (STEP ACCEPTED!)
************************************************************************

************************************************************************
-- Status Test Results --
**...........OR Combination -> 
  **...........AND Combination -> 
    **...........F-Norm = 5.657e+00 < 1.000e-04
                 (Unscaled Two-Norm, Absolute Tolerance)
    **...........WRMS-Norm = 3.465e+06 < 1
                 (Min Step Size:  1.000e+00 >= 0.1)
  **...........Number of Iterations = 4 < 200
  **...........Finite Number Check (Two-Norm F) = Finite
************************************************************************

************************************************************************
-- Nonlinear Solver Step 4 -- 
||F|| = 5.657e+00  step = 1.000e+00  dx = 4.150e+06
************************************************************************

       CALCULATING FORCING TERM
       Method: Type 2
       Forcing Term Norm: Using L-2 Norm.
       Residual Norm k-1 =             9.26
       Residual Norm k =               5.66
       Calculated eta_k (pre-bounds) = 0.43
       Forcing Term: 0.43
MCLS ML: Building ML Preconditioner
------------------------------------------------------------------------------
Using `power-method' for eigen-computations
*** 
*** ML_Epetra::MultiLevelPreconditioner
***
Matrix has 10404 rows and 364816 nonzeros, distributed over 1 process(es)
The linear system matrix is an Epetra_CrsMatrix
** Leaving column map of Main linear system matrix unchanged
Maximum number of levels = 10
Using increasing levels. Finest level  = 0, coarsest level = 9
Number of applications of the ML cycle = 1
Number of PDE equations = 4
Aggregation threshold = 0
Max coarse size = 2000
R and P smoothing : P = (I-\omega A) P_t, R = P^T
R and P smoothing : \omega = 0/lambda_max
Null space type      = default (constants)
Null space dimension = 4
-----------------------------------------------------------------------
ML_Gen_MultiLevelHierarchy (level 0) : Gen Restriction and Prolongator
-----------------------------------------------------------------------
ML_Aggregate_Coarsen (level 0) begins
ML_Aggregate_CoarsenUncoupled : current level = 0
ML_Aggregate_CoarsenUncoupled : current eps = 0.000000e+00
Aggregation(UVB) : Total nonzeros = 364816 (Nrows=10404)
Aggregation(UVB) : Amalgamated matrix done 
Aggregation(UC) : Phase 0 - no. of bdry pts  = 1 
Aggregation(UC) : Phase 1 - nodes aggregated = 2549 (2601)
Aggregation(UC) : Phase 1 - total aggregates = 289 
Aggregation(UC_Phase2_3) : Phase 1 - nodes aggregated = 2549 
Aggregation(UC_Phase2_3) : Phase 1 - total aggregates = 289
Aggregation(UC_Phase2_3) : Phase 2a- additional aggregates = 0
Aggregation(UC_Phase2_3) : Phase 2 - total aggregates = 289
Aggregation(UC_Phase2_3) : Phase 2 - boundary nodes   = 1
Aggregation(UC_Phase2_3) : Phase 3 - leftovers = 0 and singletons = 0
Aggregation(UC) : QR factorization - too small aggregates = 0

Prolongator/Restriction smoother (level 0) : damping = 0.000e+00 , sweeps = 1
Gen_Prolongator (level 0) : not smoothing prolongator
Smoothed Aggregation : operator complexity = 1.085558e+00.
Time to build the hierarchy = 0.023128 (s)
Number of actual levels : 2

Smoother (level 0) : # global rows = 10404, # estim. global nnz = 364816, # nnz per row = 35.06
Smoother (level 0) : IFPACK, type=`ILU',
Smoother (level 0) : both,overlap=1
Smoother (level 0) : level-of-fill=5,rel. threshold=1,abs. threshold=0
Smoother (level 0) : Setup time : 0.383708 (s)

WARNING **********************************************************************
You have requested to keep the finest level smoother from a previous
solve.  In order to reuse part or all of the incomplete factorization
from smoother "IFPACK", you must also specify the smoother options
"reuse numeric factorization" and/or "reuse symbolic factorization".
Not doing so  may result in memory leaks or crashes.

Amesos (level 1) : NumGlobalRows = 1156
Amesos (level 1) : NumGlobalNonzeros = 31213
Amesos (level 1) : Fill-in = 2.33571 %
Amesos (level 1) : Building KLU
Amesos (level 1) : Time for factorization  = 0.0126572 (s)

WARNING: Parameter "energy minimization: type" 3   [unused] is unused
WARNING: Parameter "coarse: list"    [unused] is unused
WARNING: Parameter "aggregation: list (level 0)"    [unused] is unused
WARNING: Parameter "aggregation: list (level 1)"    [unused] is unused
WARNING: Parameter "aggregation: list (level 2)"    [unused] is unused
WARNING: Parameter "aggregation: list (level 3)"    [unused] is unused
WARNING: Parameter "aggregation: list (level 4)"    [unused] is unused
WARNING: Parameter "aggregation: list (level 5)"    [unused] is unused
WARNING: Parameter "aggregation: list (level 6)"    [unused] is unused
WARNING: Parameter "aggregation: list (level 7)"    [unused] is unused
WARNING: Parameter "aggregation: list (level 8)"    [unused] is unused
WARNING: Parameter "aggregation: list (level 9)"    [unused] is unused
WARNING: Parameter "smoother: list (level 0)"    [unused] is unused

Cumulative timing for construction so far: 
- for initial setup   = 0.00453091 (s)
- for hierarchy setup = 0.02319 (s)
- for smoothers setup = 0.383708 (s)
- for coarse setup    = 0.013376 (s)
- for final setup     = 0.000211 (s)
------------------------------------------------------------------------------
MCLS ML: Extracting ML Preconditioner
MCLS ML: Transposing ML Preconditioner
MCLS ML: Complete in 177.325 seconds.
------------------------------------------------------------------------------
   ML time information (seconds)          total          avg

   1- Construction                  =   0.420896    0.420896
   2- Preconditioner apply          =    132.129
     a- first application(s) only   =  0.0202589   0.0202589
     b- remaining applications      =    132.108   0.0126978

   3- Total time required by ML so far is 132.55 seconds
      (constr + all applications)
------------------------------------------------------------------------------

************************************
MCLS: Monte Carlo Linear Solvers
************************************
MCSA / Richardson
Iteration 1: Residual = 0.0307603
MCLS MCSA: Complete in 2.53581 seconds.
************************************

Field       Average         Maximum (@IP)   Minimum (@IP)  
UX          -3.61752577e-02 5.87308365e+01  -3.99366249e+01
UY          2.74577578e+00  7.83292546e+01  -6.05604062e+01
PRESSURE    1.35952461e+04  3.60537341e+04  5.62797967e+01 
TEMPERATURE 3.04106675e+00  7.16270520e+00  1.66216744e-02 

************************************************************************
-- Backtrack Line Search -- 
  1: step = 1.000e+00 old f = 1.600e+01 new f = 3.207e-01 (STEP ACCEPTED!)
************************************************************************

************************************************************************
-- Status Test Results --
**...........OR Combination -> 
  **...........AND Combination -> 
    **...........F-Norm = 8.008e-01 < 1.000e-04
                 (Unscaled Two-Norm, Absolute Tolerance)
    **...........WRMS-Norm = 8.922e+05 < 1
                 (Min Step Size:  1.000e+00 >= 0.1)
  **...........Number of Iterations = 5 < 200
  **...........Finite Number Check (Two-Norm F) = Finite
************************************************************************

************************************************************************
-- Nonlinear Solver Step 5 -- 
||F|| = 8.008e-01  step = 1.000e+00  dx = 5.173e+05
************************************************************************

       CALCULATING FORCING TERM
       Method: Type 2
       Forcing Term Norm: Using L-2 Norm.
       Residual Norm k-1 =             5.66
       Residual Norm k =               0.801
       Calculated eta_k (pre-bounds) = 0.0479
       Forcing Term: 0.254
MCLS ML: Building ML Preconditioner
------------------------------------------------------------------------------
Using `power-method' for eigen-computations
*** 
*** ML_Epetra::MultiLevelPreconditioner
***
Matrix has 10404 rows and 364816 nonzeros, distributed over 1 process(es)
The linear system matrix is an Epetra_CrsMatrix
** Leaving column map of Main linear system matrix unchanged
Maximum number of levels = 10
Using increasing levels. Finest level  = 0, coarsest level = 9
Number of applications of the ML cycle = 1
Number of PDE equations = 4
Aggregation threshold = 0
Max coarse size = 2000
R and P smoothing : P = (I-\omega A) P_t, R = P^T
R and P smoothing : \omega = 0/lambda_max
Null space type      = default (constants)
Null space dimension = 4
-----------------------------------------------------------------------
ML_Gen_MultiLevelHierarchy (level 0) : Gen Restriction and Prolongator
-----------------------------------------------------------------------
ML_Aggregate_Coarsen (level 0) begins
ML_Aggregate_CoarsenUncoupled : current level = 0
ML_Aggregate_CoarsenUncoupled : current eps = 0.000000e+00
Aggregation(UVB) : Total nonzeros = 364816 (Nrows=10404)
Aggregation(UVB) : Amalgamated matrix done 
Aggregation(UC) : Phase 0 - no. of bdry pts  = 1 
Aggregation(UC) : Phase 1 - nodes aggregated = 2549 (2601)
Aggregation(UC) : Phase 1 - total aggregates = 289 
Aggregation(UC_Phase2_3) : Phase 1 - nodes aggregated = 2549 
Aggregation(UC_Phase2_3) : Phase 1 - total aggregates = 289
Aggregation(UC_Phase2_3) : Phase 2a- additional aggregates = 0
Aggregation(UC_Phase2_3) : Phase 2 - total aggregates = 289
Aggregation(UC_Phase2_3) : Phase 2 - boundary nodes   = 1
Aggregation(UC_Phase2_3) : Phase 3 - leftovers = 0 and singletons = 0
Aggregation(UC) : QR factorization - too small aggregates = 0

Prolongator/Restriction smoother (level 0) : damping = 0.000e+00 , sweeps = 1
Gen_Prolongator (level 0) : not smoothing prolongator
Smoothed Aggregation : operator complexity = 1.085558e+00.
Time to build the hierarchy = 0.023221 (s)
Number of actual levels : 2

Smoother (level 0) : # global rows = 10404, # estim. global nnz = 364816, # nnz per row = 35.06
Smoother (level 0) : IFPACK, type=`ILU',
Smoother (level 0) : both,overlap=1
Smoother (level 0) : level-of-fill=5,rel. threshold=1,abs. threshold=0
Smoother (level 0) : Setup time : 0.38093 (s)

WARNING **********************************************************************
You have requested to keep the finest level smoother from a previous
solve.  In order to reuse part or all of the incomplete factorization
from smoother "IFPACK", you must also specify the smoother options
"reuse numeric factorization" and/or "reuse symbolic factorization".
Not doing so  may result in memory leaks or crashes.

Amesos (level 1) : NumGlobalRows = 1156
Amesos (level 1) : NumGlobalNonzeros = 31213
Amesos (level 1) : Fill-in = 2.33571 %
Amesos (level 1) : Building KLU
Amesos (level 1) : Time for factorization  = 0.0112269 (s)

WARNING: Parameter "energy minimization: type" 3   [unused] is unused
WARNING: Parameter "coarse: list"    [unused] is unused
WARNING: Parameter "aggregation: list (level 0)"    [unused] is unused
WARNING: Parameter "aggregation: list (level 1)"    [unused] is unused
WARNING: Parameter "aggregation: list (level 2)"    [unused] is unused
WARNING: Parameter "aggregation: list (level 3)"    [unused] is unused
WARNING: Parameter "aggregation: list (level 4)"    [unused] is unused
WARNING: Parameter "aggregation: list (level 5)"    [unused] is unused
WARNING: Parameter "aggregation: list (level 6)"    [unused] is unused
WARNING: Parameter "aggregation: list (level 7)"    [unused] is unused
WARNING: Parameter "aggregation: list (level 8)"    [unused] is unused
WARNING: Parameter "aggregation: list (level 9)"    [unused] is unused
WARNING: Parameter "smoother: list (level 0)"    [unused] is unused

Cumulative timing for construction so far: 
- for initial setup   = 0.00419116 (s)
- for hierarchy setup = 0.023278 (s)
- for smoothers setup = 0.38093 (s)
- for coarse setup    = 0.011688 (s)
- for final setup     = 0.000165939 (s)
------------------------------------------------------------------------------
MCLS ML: Extracting ML Preconditioner
MCLS ML: Transposing ML Preconditioner
MCLS ML: Complete in 160.667 seconds.
------------------------------------------------------------------------------
   ML time information (seconds)          total          avg

   1- Construction                  =   0.416421    0.416421
   2- Preconditioner apply          =    118.472
     a- first application(s) only   =   0.019382    0.019382
     b- remaining applications      =    118.452   0.0113853

   3- Total time required by ML so far is 118.888 seconds
      (constr + all applications)
------------------------------------------------------------------------------

************************************
MCLS: Monte Carlo Linear Solvers
************************************
MCSA / Richardson
Iteration 1: Residual = 0.0424084
MCLS MCSA: Complete in 1.46896 seconds.
************************************

Field       Average         Maximum (@IP)   Minimum (@IP)  
UX          -2.23979411e-02 5.79793653e+01  -3.82987229e+01
UY          2.77149287e+00  7.87062771e+01  -6.03856861e+01
PRESSURE    1.33615757e+04  3.57178597e+04  -3.52915356e+01
TEMPERATURE 3.02960147e+00  7.16260489e+00  1.62839412e-02 

************************************************************************
-- Backtrack Line Search -- 
  1: step = 1.000e+00 old f = 3.207e-01 new f = 1.544e-03 (STEP ACCEPTED!)
************************************************************************

************************************************************************
-- Status Test Results --
**...........OR Combination -> 
  **...........AND Combination -> 
    **...........F-Norm = 5.557e-02 < 1.000e-04
                 (Unscaled Two-Norm, Absolute Tolerance)
    **...........WRMS-Norm = 2.456e+05 < 1
                 (Min Step Size:  1.000e+00 >= 0.1)
  **...........Number of Iterations = 6 < 200
  **...........Finite Number Check (Two-Norm F) = Finite
************************************************************************

************************************************************************
-- Nonlinear Solver Step 6 -- 
||F|| = 5.557e-02  step = 1.000e+00  dx = 3.155e+05
************************************************************************

       CALCULATING FORCING TERM
       Method: Type 2
       Forcing Term Norm: Using L-2 Norm.
       Residual Norm k-1 =             0.801
       Residual Norm k =               0.0556
       Calculated eta_k (pre-bounds) = 0.0164
       Forcing Term: 0.115
MCLS ML: Building ML Preconditioner
------------------------------------------------------------------------------
Using `power-method' for eigen-computations
*** 
*** ML_Epetra::MultiLevelPreconditioner
***
Matrix has 10404 rows and 364816 nonzeros, distributed over 1 process(es)
The linear system matrix is an Epetra_CrsMatrix
** Leaving column map of Main linear system matrix unchanged
Maximum number of levels = 10
Using increasing levels. Finest level  = 0, coarsest level = 9
Number of applications of the ML cycle = 1
Number of PDE equations = 4
Aggregation threshold = 0
Max coarse size = 2000
R and P smoothing : P = (I-\omega A) P_t, R = P^T
R and P smoothing : \omega = 0/lambda_max
Null space type      = default (constants)
Null space dimension = 4
-----------------------------------------------------------------------
ML_Gen_MultiLevelHierarchy (level 0) : Gen Restriction and Prolongator
-----------------------------------------------------------------------
ML_Aggregate_Coarsen (level 0) begins
ML_Aggregate_CoarsenUncoupled : current level = 0
ML_Aggregate_CoarsenUncoupled : current eps = 0.000000e+00
Aggregation(UVB) : Total nonzeros = 364816 (Nrows=10404)
Aggregation(UVB) : Amalgamated matrix done 
Aggregation(UC) : Phase 0 - no. of bdry pts  = 1 
Aggregation(UC) : Phase 1 - nodes aggregated = 2549 (2601)
Aggregation(UC) : Phase 1 - total aggregates = 289 
Aggregation(UC_Phase2_3) : Phase 1 - nodes aggregated = 2549 
Aggregation(UC_Phase2_3) : Phase 1 - total aggregates = 289
Aggregation(UC_Phase2_3) : Phase 2a- additional aggregates = 0
Aggregation(UC_Phase2_3) : Phase 2 - total aggregates = 289
Aggregation(UC_Phase2_3) : Phase 2 - boundary nodes   = 1
Aggregation(UC_Phase2_3) : Phase 3 - leftovers = 0 and singletons = 0
Aggregation(UC) : QR factorization - too small aggregates = 0

Prolongator/Restriction smoother (level 0) : damping = 0.000e+00 , sweeps = 1
Gen_Prolongator (level 0) : not smoothing prolongator
Smoothed Aggregation : operator complexity = 1.085558e+00.
Time to build the hierarchy = 0.017411 (s)
Number of actual levels : 2

Smoother (level 0) : # global rows = 10404, # estim. global nnz = 364816, # nnz per row = 35.06
Smoother (level 0) : IFPACK, type=`ILU',
Smoother (level 0) : both,overlap=1
Smoother (level 0) : level-of-fill=5,rel. threshold=1,abs. threshold=0
Smoother (level 0) : Setup time : 0.349728 (s)

WARNING **********************************************************************
You have requested to keep the finest level smoother from a previous
solve.  In order to reuse part or all of the incomplete factorization
from smoother "IFPACK", you must also specify the smoother options
"reuse numeric factorization" and/or "reuse symbolic factorization".
Not doing so  may result in memory leaks or crashes.

Amesos (level 1) : NumGlobalRows = 1156
Amesos (level 1) : NumGlobalNonzeros = 31213
Amesos (level 1) : Fill-in = 2.33571 %
Amesos (level 1) : Building KLU
Amesos (level 1) : Time for factorization  = 0.010143 (s)

WARNING: Parameter "energy minimization: type" 3   [unused] is unused
WARNING: Parameter "coarse: list"    [unused] is unused
WARNING: Parameter "aggregation: list (level 0)"    [unused] is unused
WARNING: Parameter "aggregation: list (level 1)"    [unused] is unused
WARNING: Parameter "aggregation: list (level 2)"    [unused] is unused
WARNING: Parameter "aggregation: list (level 3)"    [unused] is unused
WARNING: Parameter "aggregation: list (level 4)"    [unused] is unused
WARNING: Parameter "aggregation: list (level 5)"    [unused] is unused
WARNING: Parameter "aggregation: list (level 6)"    [unused] is unused
WARNING: Parameter "aggregation: list (level 7)"    [unused] is unused
WARNING: Parameter "aggregation: list (level 8)"    [unused] is unused
WARNING: Parameter "aggregation: list (level 9)"    [unused] is unused
WARNING: Parameter "smoother: list (level 0)"    [unused] is unused

Cumulative timing for construction so far: 
- for initial setup   = 0.0033381 (s)
- for hierarchy setup = 0.0174539 (s)
- for smoothers setup = 0.349728 (s)
- for coarse setup    = 0.010498 (s)
- for final setup     = 0.00016284 (s)
------------------------------------------------------------------------------
MCLS ML: Extracting ML Preconditioner
MCLS ML: Transposing ML Preconditioner
MCLS ML: Complete in 145.065 seconds.
------------------------------------------------------------------------------
   ML time information (seconds)          total          avg

   1- Construction                  =   0.378172    0.378172
   2- Preconditioner apply          =    103.902
     a- first application(s) only   =   0.013006    0.013006
     b- remaining applications      =    103.889  0.00998552

   3- Total time required by ML so far is 104.281 seconds
      (constr + all applications)
------------------------------------------------------------------------------

************************************
MCLS: Monte Carlo Linear Solvers
************************************
MCSA / Richardson
Iteration 1: Residual = 0.0650551
MCLS MCSA: Complete in 1.50854 seconds.
************************************

Field       Average         Maximum (@IP)   Minimum (@IP)  
UX          -2.05517065e-02 5.79486223e+01  -3.81572427e+01
UY          2.77430002e+00  7.87344394e+01  -6.03897828e+01
PRESSURE    1.32536216e+04  3.56046981e+04  -1.29327381e+02
TEMPERATURE 3.02807219e+00  7.16257513e+00  1.62679893e-02 

************************************************************************
-- Backtrack Line Search -- 
  1: step = 1.000e+00 old f = 1.544e-03 new f = 5.225e-06 (STEP ACCEPTED!)
************************************************************************

************************************************************************
-- Status Test Results --
**...........OR Combination -> 
  **...........AND Combination -> 
    **...........F-Norm = 3.233e-03 < 1.000e-04
                 (Unscaled Two-Norm, Absolute Tolerance)
    **...........WRMS-Norm = 5.886e+04 < 1
                 (Min Step Size:  1.000e+00 >= 0.1)
  **...........Number of Iterations = 7 < 200
  **...........Finite Number Check (Two-Norm F) = Finite
************************************************************************

************************************************************************
-- Nonlinear Solver Step 7 -- 
||F|| = 3.233e-03  step = 1.000e+00  dx = 1.401e+05
************************************************************************

       CALCULATING FORCING TERM
       Method: Type 2
       Forcing Term Norm: Using L-2 Norm.
       Residual Norm k-1 =             0.0556
       Residual Norm k =               0.00323
       Calculated eta_k (pre-bounds) = 0.0126
       Forcing Term: 0.0126
MCLS ML: Building ML Preconditioner
------------------------------------------------------------------------------
Using `power-method' for eigen-computations
*** 
*** ML_Epetra::MultiLevelPreconditioner
***
Matrix has 10404 rows and 364816 nonzeros, distributed over 1 process(es)
The linear system matrix is an Epetra_CrsMatrix
** Leaving column map of Main linear system matrix unchanged
Maximum number of levels = 10
Using increasing levels. Finest level  = 0, coarsest level = 9
Number of applications of the ML cycle = 1
Number of PDE equations = 4
Aggregation threshold = 0
Max coarse size = 2000
R and P smoothing : P = (I-\omega A) P_t, R = P^T
R and P smoothing : \omega = 0/lambda_max
Null space type      = default (constants)
Null space dimension = 4
-----------------------------------------------------------------------
ML_Gen_MultiLevelHierarchy (level 0) : Gen Restriction and Prolongator
-----------------------------------------------------------------------
ML_Aggregate_Coarsen (level 0) begins
ML_Aggregate_CoarsenUncoupled : current level = 0
ML_Aggregate_CoarsenUncoupled : current eps = 0.000000e+00
Aggregation(UVB) : Total nonzeros = 364816 (Nrows=10404)
Aggregation(UVB) : Amalgamated matrix done 
Aggregation(UC) : Phase 0 - no. of bdry pts  = 1 
Aggregation(UC) : Phase 1 - nodes aggregated = 2549 (2601)
Aggregation(UC) : Phase 1 - total aggregates = 289 
Aggregation(UC_Phase2_3) : Phase 1 - nodes aggregated = 2549 
Aggregation(UC_Phase2_3) : Phase 1 - total aggregates = 289
Aggregation(UC_Phase2_3) : Phase 2a- additional aggregates = 0
Aggregation(UC_Phase2_3) : Phase 2 - total aggregates = 289
Aggregation(UC_Phase2_3) : Phase 2 - boundary nodes   = 1
Aggregation(UC_Phase2_3) : Phase 3 - leftovers = 0 and singletons = 0
Aggregation(UC) : QR factorization - too small aggregates = 0

Prolongator/Restriction smoother (level 0) : damping = 0.000e+00 , sweeps = 1
Gen_Prolongator (level 0) : not smoothing prolongator
Smoothed Aggregation : operator complexity = 1.085558e+00.
Time to build the hierarchy = 0.017134 (s)
Number of actual levels : 2

Smoother (level 0) : # global rows = 10404, # estim. global nnz = 364816, # nnz per row = 35.06
Smoother (level 0) : IFPACK, type=`ILU',
Smoother (level 0) : both,overlap=1
Smoother (level 0) : level-of-fill=5,rel. threshold=1,abs. threshold=0
Smoother (level 0) : Setup time : 0.349744 (s)

WARNING **********************************************************************
You have requested to keep the finest level smoother from a previous
solve.  In order to reuse part or all of the incomplete factorization
from smoother "IFPACK", you must also specify the smoother options
"reuse numeric factorization" and/or "reuse symbolic factorization".
Not doing so  may result in memory leaks or crashes.

Amesos (level 1) : NumGlobalRows = 1156
Amesos (level 1) : NumGlobalNonzeros = 31213
Amesos (level 1) : Fill-in = 2.33571 %
Amesos (level 1) : Building KLU
Amesos (level 1) : Time for factorization  = 0.0102701 (s)

WARNING: Parameter "energy minimization: type" 3   [unused] is unused
WARNING: Parameter "coarse: list"    [unused] is unused
WARNING: Parameter "aggregation: list (level 0)"    [unused] is unused
WARNING: Parameter "aggregation: list (level 1)"    [unused] is unused
WARNING: Parameter "aggregation: list (level 2)"    [unused] is unused
WARNING: Parameter "aggregation: list (level 3)"    [unused] is unused
WARNING: Parameter "aggregation: list (level 4)"    [unused] is unused
WARNING: Parameter "aggregation: list (level 5)"    [unused] is unused
WARNING: Parameter "aggregation: list (level 6)"    [unused] is unused
WARNING: Parameter "aggregation: list (level 7)"    [unused] is unused
WARNING: Parameter "aggregation: list (level 8)"    [unused] is unused
WARNING: Parameter "aggregation: list (level 9)"    [unused] is unused
WARNING: Parameter "smoother: list (level 0)"    [unused] is unused

Cumulative timing for construction so far: 
- for initial setup   = 0.0033989 (s)
- for hierarchy setup = 0.0171809 (s)
- for smoothers setup = 0.349744 (s)
- for coarse setup    = 0.0106261 (s)
- for final setup     = 0.000147104 (s)
------------------------------------------------------------------------------
MCLS ML: Extracting ML Preconditioner
MCLS ML: Transposing ML Preconditioner
MCLS ML: Complete in 146.442 seconds.
------------------------------------------------------------------------------
   ML time information (seconds)          total          avg

   1- Construction                  =   0.378025    0.378025
   2- Preconditioner apply          =    105.325
     a- first application(s) only   =  0.0129149   0.0129149
     b- remaining applications      =    105.312   0.0101222

   3- Total time required by ML so far is 105.703 seconds
      (constr + all applications)
------------------------------------------------------------------------------

************************************
MCLS: Monte Carlo Linear Solvers
************************************
MCSA / Richardson
Iteration 1: Residual = 0.0936164
Iteration 2: Residual = 0.0122354
MCLS MCSA: Complete in 2.43721 seconds.
************************************

Field       Average         Maximum (@IP)   Minimum (@IP)  
UX          -2.04366694e-02 5.79543154e+01  -3.81493258e+01
UY          2.77485223e+00  7.87386521e+01  -6.03868950e+01
PRESSURE    1.32422761e+04  3.55923660e+04  -1.38860444e+02
TEMPERATURE 3.02783219e+00  7.16257121e+00  1.62641119e-02 

************************************************************************
-- Backtrack Line Search -- 
  1: step = 1.000e+00 old f = 5.225e-06 new f = 1.110e-09 (STEP ACCEPTED!)
************************************************************************

************************************************************************
-- Status Test Results --
**...........OR Combination -> 
  **...........AND Combination -> 
    Converged....F-Norm = 4.712e-05 < 1.000e-04
                 (Unscaled Two-Norm, Absolute Tolerance)
    **...........WRMS-Norm = 8.614e+02 < 1
                 (Min Step Size:  1.000e+00 >= 0.1)
  **...........Number of Iterations = 8 < 200
  **...........Finite Number Check (Two-Norm F) = Finite
************************************************************************

************************************************************************
-- Nonlinear Solver Step 8 -- 
||F|| = 4.712e-05  step = 1.000e+00  dx = 1.476e+04
************************************************************************

       CALCULATING FORCING TERM
       Method: Type 2
       Forcing Term Norm: Using L-2 Norm.
       Residual Norm k-1 =             0.00323
       Residual Norm k =               4.71e-05
       Calculated eta_k (pre-bounds) = 0.00158
       Forcing Term: 0.00158
MCLS ML: Building ML Preconditioner
------------------------------------------------------------------------------
Using `power-method' for eigen-computations
*** 
*** ML_Epetra::MultiLevelPreconditioner
***
Matrix has 10404 rows and 364816 nonzeros, distributed over 1 process(es)
The linear system matrix is an Epetra_CrsMatrix
** Leaving column map of Main linear system matrix unchanged
Maximum number of levels = 10
Using increasing levels. Finest level  = 0, coarsest level = 9
Number of applications of the ML cycle = 1
Number of PDE equations = 4
Aggregation threshold = 0
Max coarse size = 2000
R and P smoothing : P = (I-\omega A) P_t, R = P^T
R and P smoothing : \omega = 0/lambda_max
Null space type      = default (constants)
Null space dimension = 4
-----------------------------------------------------------------------
ML_Gen_MultiLevelHierarchy (level 0) : Gen Restriction and Prolongator
-----------------------------------------------------------------------
ML_Aggregate_Coarsen (level 0) begins
ML_Aggregate_CoarsenUncoupled : current level = 0
ML_Aggregate_CoarsenUncoupled : current eps = 0.000000e+00
Aggregation(UVB) : Total nonzeros = 364816 (Nrows=10404)
Aggregation(UVB) : Amalgamated matrix done 
Aggregation(UC) : Phase 0 - no. of bdry pts  = 1 
Aggregation(UC) : Phase 1 - nodes aggregated = 2549 (2601)
Aggregation(UC) : Phase 1 - total aggregates = 289 
Aggregation(UC_Phase2_3) : Phase 1 - nodes aggregated = 2549 
Aggregation(UC_Phase2_3) : Phase 1 - total aggregates = 289
Aggregation(UC_Phase2_3) : Phase 2a- additional aggregates = 0
Aggregation(UC_Phase2_3) : Phase 2 - total aggregates = 289
Aggregation(UC_Phase2_3) : Phase 2 - boundary nodes   = 1
Aggregation(UC_Phase2_3) : Phase 3 - leftovers = 0 and singletons = 0
Aggregation(UC) : QR factorization - too small aggregates = 0

Prolongator/Restriction smoother (level 0) : damping = 0.000e+00 , sweeps = 1
Gen_Prolongator (level 0) : not smoothing prolongator
Smoothed Aggregation : operator complexity = 1.085558e+00.
Time to build the hierarchy = 0.0165641 (s)
Number of actual levels : 2

Smoother (level 0) : # global rows = 10404, # estim. global nnz = 364816, # nnz per row = 35.06
Smoother (level 0) : IFPACK, type=`ILU',
Smoother (level 0) : both,overlap=1
Smoother (level 0) : level-of-fill=5,rel. threshold=1,abs. threshold=0
Smoother (level 0) : Setup time : 0.347744 (s)

WARNING **********************************************************************
You have requested to keep the finest level smoother from a previous
solve.  In order to reuse part or all of the incomplete factorization
from smoother "IFPACK", you must also specify the smoother options
"reuse numeric factorization" and/or "reuse symbolic factorization".
Not doing so  may result in memory leaks or crashes.

Amesos (level 1) : NumGlobalRows = 1156
Amesos (level 1) : NumGlobalNonzeros = 31213
Amesos (level 1) : Fill-in = 2.33571 %
Amesos (level 1) : Building KLU
Amesos (level 1) : Time for factorization  = 0.0101421 (s)

WARNING: Parameter "energy minimization: type" 3   [unused] is unused
WARNING: Parameter "coarse: list"    [unused] is unused
WARNING: Parameter "aggregation: list (level 0)"    [unused] is unused
WARNING: Parameter "aggregation: list (level 1)"    [unused] is unused
WARNING: Parameter "aggregation: list (level 2)"    [unused] is unused
WARNING: Parameter "aggregation: list (level 3)"    [unused] is unused
WARNING: Parameter "aggregation: list (level 4)"    [unused] is unused
WARNING: Parameter "aggregation: list (level 5)"    [unused] is unused
WARNING: Parameter "aggregation: list (level 6)"    [unused] is unused
WARNING: Parameter "aggregation: list (level 7)"    [unused] is unused
WARNING: Parameter "aggregation: list (level 8)"    [unused] is unused
WARNING: Parameter "aggregation: list (level 9)"    [unused] is unused
WARNING: Parameter "smoother: list (level 0)"    [unused] is unused

Cumulative timing for construction so far: 
- for initial setup   = 0.00340319 (s)
- for hierarchy setup = 0.0166011 (s)
- for smoothers setup = 0.347744 (s)
- for coarse setup    = 0.010453 (s)
- for final setup     = 0.000143051 (s)
------------------------------------------------------------------------------
MCLS ML: Extracting ML Preconditioner
MCLS ML: Transposing ML Preconditioner
MCLS ML: Complete in 128.968 seconds.
------------------------------------------------------------------------------
   ML time information (seconds)          total          avg

   1- Construction                  =   0.375257    0.375257
   2- Preconditioner apply          =    89.0303
     a- first application(s) only   = 0.00930715  0.00930715
     b- remaining applications      =     89.021  0.00855642

   3- Total time required by ML so far is 89.4056 seconds
      (constr + all applications)
------------------------------------------------------------------------------

************************************
MCLS: Monte Carlo Linear Solvers
************************************
MCSA / Richardson
Iteration 1: Residual = 0.128296
Iteration 2: Residual = 0.0203278
Iteration 3: Residual = 0.00253624
Iteration 4: Residual = 0.000332353
MCLS MCSA: Complete in 4.8874 seconds.
************************************

Field       Average         Maximum (@IP)   Minimum (@IP)  
UX          -2.04363938e-02 5.79544301e+01  -3.81492248e+01
UY          2.77486430e+00  7.87387356e+01  -6.03868300e+01
PRESSURE    1.32420839e+04  3.55921553e+04  -1.39023492e+02
TEMPERATURE 3.02782777e+00  7.16257113e+00  1.62640574e-02 

************************************************************************
-- Backtrack Line Search -- 
  1: step = 1.000e+00 old f = 1.110e-09 new f = 1.304e-16 (STEP ACCEPTED!)
************************************************************************

************************************************************************
-- Status Test Results --
**...........OR Combination -> 
  **...........AND Combination -> 
    Converged....F-Norm = 1.615e-08 < 1.000e-04
                 (Unscaled Two-Norm, Absolute Tolerance)
    **...........WRMS-Norm = 9.800e+00 < 1
                 (Min Step Size:  1.000e+00 >= 0.1)
  **...........Number of Iterations = 9 < 200
  **...........Finite Number Check (Two-Norm F) = Finite
************************************************************************

************************************************************************
-- Nonlinear Solver Step 9 -- 
||F|| = 1.615e-08  step = 1.000e+00  dx = 2.505e+02
************************************************************************

       CALCULATING FORCING TERM
       Method: Type 2
       Forcing Term Norm: Using L-2 Norm.
       Residual Norm k-1 =             4.71e-05
       Residual Norm k =               1.62e-08
       Calculated eta_k (pre-bounds) = 5.71e-06
       Forcing Term: 0.0001
MCLS ML: Building ML Preconditioner
------------------------------------------------------------------------------
Using `power-method' for eigen-computations
*** 
*** ML_Epetra::MultiLevelPreconditioner
***
Matrix has 10404 rows and 364816 nonzeros, distributed over 1 process(es)
The linear system matrix is an Epetra_CrsMatrix
** Leaving column map of Main linear system matrix unchanged
Maximum number of levels = 10
Using increasing levels. Finest level  = 0, coarsest level = 9
Number of applications of the ML cycle = 1
Number of PDE equations = 4
Aggregation threshold = 0
Max coarse size = 2000
R and P smoothing : P = (I-\omega A) P_t, R = P^T
R and P smoothing : \omega = 0/lambda_max
Null space type      = default (constants)
Null space dimension = 4
-----------------------------------------------------------------------
ML_Gen_MultiLevelHierarchy (level 0) : Gen Restriction and Prolongator
-----------------------------------------------------------------------
ML_Aggregate_Coarsen (level 0) begins
ML_Aggregate_CoarsenUncoupled : current level = 0
ML_Aggregate_CoarsenUncoupled : current eps = 0.000000e+00
Aggregation(UVB) : Total nonzeros = 364816 (Nrows=10404)
Aggregation(UVB) : Amalgamated matrix done 
Aggregation(UC) : Phase 0 - no. of bdry pts  = 1 
Aggregation(UC) : Phase 1 - nodes aggregated = 2549 (2601)
Aggregation(UC) : Phase 1 - total aggregates = 289 
Aggregation(UC_Phase2_3) : Phase 1 - nodes aggregated = 2549 
Aggregation(UC_Phase2_3) : Phase 1 - total aggregates = 289
Aggregation(UC_Phase2_3) : Phase 2a- additional aggregates = 0
Aggregation(UC_Phase2_3) : Phase 2 - total aggregates = 289
Aggregation(UC_Phase2_3) : Phase 2 - boundary nodes   = 1
Aggregation(UC_Phase2_3) : Phase 3 - leftovers = 0 and singletons = 0
Aggregation(UC) : QR factorization - too small aggregates = 0

Prolongator/Restriction smoother (level 0) : damping = 0.000e+00 , sweeps = 1
Gen_Prolongator (level 0) : not smoothing prolongator
Smoothed Aggregation : operator complexity = 1.085558e+00.
Time to build the hierarchy = 0.0165999 (s)
Number of actual levels : 2

Smoother (level 0) : # global rows = 10404, # estim. global nnz = 364816, # nnz per row = 35.06
Smoother (level 0) : IFPACK, type=`ILU',
Smoother (level 0) : both,overlap=1
Smoother (level 0) : level-of-fill=5,rel. threshold=1,abs. threshold=0
Smoother (level 0) : Setup time : 0.34105 (s)

WARNING **********************************************************************
You have requested to keep the finest level smoother from a previous
solve.  In order to reuse part or all of the incomplete factorization
from smoother "IFPACK", you must also specify the smoother options
"reuse numeric factorization" and/or "reuse symbolic factorization".
Not doing so  may result in memory leaks or crashes.

Amesos (level 1) : NumGlobalRows = 1156
Amesos (level 1) : NumGlobalNonzeros = 31213
Amesos (level 1) : Fill-in = 2.33571 %
Amesos (level 1) : Building KLU
Amesos (level 1) : Time for factorization  = 0.010047 (s)

WARNING: Parameter "energy minimization: type" 3   [unused] is unused
WARNING: Parameter "coarse: list"    [unused] is unused
WARNING: Parameter "aggregation: list (level 0)"    [unused] is unused
WARNING: Parameter "aggregation: list (level 1)"    [unused] is unused
WARNING: Parameter "aggregation: list (level 2)"    [unused] is unused
WARNING: Parameter "aggregation: list (level 3)"    [unused] is unused
WARNING: Parameter "aggregation: list (level 4)"    [unused] is unused
WARNING: Parameter "aggregation: list (level 5)"    [unused] is unused
WARNING: Parameter "aggregation: list (level 6)"    [unused] is unused
WARNING: Parameter "aggregation: list (level 7)"    [unused] is unused
WARNING: Parameter "aggregation: list (level 8)"    [unused] is unused
WARNING: Parameter "aggregation: list (level 9)"    [unused] is unused
WARNING: Parameter "smoother: list (level 0)"    [unused] is unused

Cumulative timing for construction so far: 
- for initial setup   = 0.00338316 (s)
- for hierarchy setup = 0.0166371 (s)
- for smoothers setup = 0.34105 (s)
- for coarse setup    = 0.010355 (s)
- for final setup     = 0.000140905 (s)
------------------------------------------------------------------------------
MCLS ML: Extracting ML Preconditioner
MCLS ML: Transposing ML Preconditioner
MCLS ML: Complete in 128.225 seconds.
------------------------------------------------------------------------------
   ML time information (seconds)          total          avg

   1- Construction                  =   0.368502    0.368502
   2- Preconditioner apply          =    88.4097
     a- first application(s) only   = 0.00924206  0.00924206
     b- remaining applications      =    88.4005  0.00849678

   3- Total time required by ML so far is 88.7782 seconds
      (constr + all applications)
------------------------------------------------------------------------------

************************************
MCLS: Monte Carlo Linear Solvers
************************************
MCSA / Richardson
Iteration 1: Residual = 0.160881
Iteration 2: Residual = 0.0209883
Iteration 3: Residual = 0.00267814
Iteration 4: Residual = 0.000356427
Iteration 5: Residual = 5.10139e-05
MCLS MCSA: Complete in 6.05376 seconds.
************************************

Field       Average         Maximum (@IP)   Minimum (@IP)  
UX          -2.04363937e-02 5.79544301e+01  -3.81492247e+01
UY          2.77486430e+00  7.87387356e+01  -6.03868299e+01
PRESSURE    1.32420838e+04  3.55921553e+04  -1.39023549e+02
TEMPERATURE 3.02782777e+00  7.16257113e+00  1.62640574e-02 

************************************************************************
-- Backtrack Line Search -- 
  1: step = 1.000e+00 old f = 1.304e-16 new f = 5.612e-25 (STEP ACCEPTED!)
************************************************************************


************************************************************************
-- Nonlinear Solver Step 10 -- 
||F|| = 1.059e-12  step = 1.000e+00  dx = 8.734e-02 (Converged!)
************************************************************************

************************************************************************
-- Final Status Test Results --
Converged....OR Combination -> 
  Converged....AND Combination -> 
    Converged....F-Norm = 1.059e-12 < 1.000e-04
                 (Unscaled Two-Norm, Absolute Tolerance)
    Converged....WRMS-Norm = 3.337e-03 < 1
                 (Min Step Size:  1.000e+00 >= 0.1)
  **...........Number of Iterations = 10 < 200
  **...........Finite Number Check (Two-Norm F) = Finite
************************************************************************
Field       Average         Maximum (@IP)   Minimum (@IP)  
UX          -2.04363937e-02 5.79544301e+01  -3.81492247e+01
UY          2.77486430e+00  7.87387356e+01  -6.03868299e+01
PRESSURE    1.32420838e+04  3.55921553e+04  -1.39023549e+02
TEMPERATURE 3.02782777e+00  7.16257113e+00  1.62640574e-02 
========================================================================================

                          TimeMonitor results over 1 processor

Timer Name                                                   Global time (num calls)    
----------------------------------------------------------------------------------------
Drekar: Total Time                                           2247 (1)                   
NOX Total Linear Solve                                       584.1 (10)                 
NOX Total Preconditioner Construction                        1660 (10)                  
STK_Interface::setupTransientExodusFile(filename)            0.2587 (1)                 
STK_Interface::writeToExodus(timestep)                       0.08302 (1)                
Thyra::NOXNonlinearSolver::solve                             2247 (1)                   
panzer::ModelEvaluator::evalModel(J)                         2.017 (10)                 
panzer::ModelEvaluator::evalModel(f)                         0.3511 (14)                
panzer::SquareQuadMeshFactory::buildUncomittedMesh()         0.0001259 (1)              
panzer::SquareQuadMeshFactory::completeMeshConstruction()    0.0913 (1)                 
========================================================================================
Drekar run completed.
