Mesh -> 
 Source = Inline Mesh   [unused]
 Exodus File -> 
  File Name = drekar.exo   [unused]
 Inline Mesh -> 
  Mesh Dimension = 2   [unused]
  Mesh Factory Parameter List -> 
   X Blocks = 1   [unused]
   Y Blocks = 1   [unused]
   X Elements = 100   [unused]
   Y Elements = 100   [unused]
   X0 = 0   [unused]
   Y0 = 0   [unused]
   Xf = 1   [unused]
   Yf = 1   [unused]
   Periodic BCs -> 
    Count = 0   [unused]
Block ID to Physics ID Mapping -> 
 eblock-0_0 = fluid   [unused]
Assembly -> 
 Workset Size = 1   [unused]
Physics Blocks -> 
 fluid -> 
  child0 -> 
   Type = Continuity   [unused]
   Basis Type = HGrad   [unused]
   Basis Order = 1   [unused]
   Integration Order = 2   [unused]
   Model ID = fluid model   [unused]
   Prefix =    [unused]
   Options -> 
    TAU_C = NONE   [unused]
    PSPG STABILIZATION = ON   [unused]
  child1 -> 
   Type = Momentum   [unused]
   Basis Type = HGrad   [unused]
   Basis Order = 1   [unused]
   Integration Order = 2   [unused]
   Model ID = fluid model   [unused]
   Prefix =    [unused]
   Options -> 
    DCO_M = OFF   [unused]
    TAU_M = SHAKIB   [unused]
    SUPG STABILIZATION = ON   [unused]
    USE SOURCE TERM = ON   [unused]
  child2 -> 
   Type = Energy   [unused]
   Basis Type = HGrad   [unused]
   Basis Order = 1   [unused]
   Integration Order = 2   [unused]
   Model ID = fluid model   [unused]
   Prefix =    [unused]
   Options -> 
    TAU_E = SHAKIB   [unused]
    SUPG STABILIZATION = ON   [unused]
    DCO_E = OFF   [unused]
    USE SOURCE TERM = OFF   [unused]
Closure Models -> 
 fluid model -> 
  DENSITY -> 
   Value = 1   [unused]
  STRESS_TENSOR -> 
   Value = NEWTONIAN   [unused]
  VISCOSITY -> 
   Value = 0.71   [unused]
  SOURCE_MOMENTUM -> 
   Value = BOUSSINESQ   [unused]
   Reference Density = 1   [unused]
   Reference Temperature = 0   [unused]
   Volume Expansion Coefficient = 1000   [unused]
  GRAVITY_X -> 
   Value = 0   [unused]
  GRAVITY_Y -> 
   Value = -10   [unused]
  Global Statistics -> 
   Value = UX,UY,PRESSURE,TEMPERATURE   [unused]
  HEAT_CAPACITY -> 
   Value = 1   [unused]
  THERMAL_CONDUCTIVITY -> 
   Value = 1   [unused]
  ENERGY_FLUX -> 
   Value = FOURIER   [unused]
  SOURCE_TEMPERATURE -> 
   Value = 0   [unused]
User Data -> 
 [empty list]
Boundary Conditions -> 
 child0 -> 
  Type = Dirichlet   [unused]
  Sideset ID = top   [unused]
  Element Block ID = eblock-0_0   [unused]
  Equation Set Name = UX   [unused]
  Strategy = Constant   [unused]
  Data -> 
   Value = 0   [unused]
 child1 -> 
  Type = Dirichlet   [unused]
  Sideset ID = top   [unused]
  Element Block ID = eblock-0_0   [unused]
  Equation Set Name = UY   [unused]
  Strategy = Constant   [unused]
  Data -> 
   Value = 0   [unused]
 child2 -> 
  Type = Dirichlet   [unused]
  Sideset ID = bottom   [unused]
  Element Block ID = eblock-0_0   [unused]
  Equation Set Name = UX   [unused]
  Strategy = Constant   [unused]
  Data -> 
   Value = 0   [unused]
 child3 -> 
  Type = Dirichlet   [unused]
  Sideset ID = bottom   [unused]
  Element Block ID = eblock-0_0   [unused]
  Equation Set Name = UY   [unused]
  Strategy = Constant   [unused]
  Data -> 
   Value = 0   [unused]
 child4 -> 
  Type = Dirichlet   [unused]
  Sideset ID = left   [unused]
  Element Block ID = eblock-0_0   [unused]
  Equation Set Name = UX   [unused]
  Strategy = Constant   [unused]
  Data -> 
   Value = 0   [unused]
 child5 -> 
  Type = Dirichlet   [unused]
  Sideset ID = left   [unused]
  Element Block ID = eblock-0_0   [unused]
  Equation Set Name = UY   [unused]
  Strategy = Constant   [unused]
  Data -> 
   Value = 0   [unused]
 child6 -> 
  Type = Dirichlet   [unused]
  Sideset ID = left   [unused]
  Element Block ID = eblock-0_0   [unused]
  Equation Set Name = TEMPERATURE   [unused]
  Strategy = Constant   [unused]
  Data -> 
   Value = 7.2   [unused]
 child7 -> 
  Type = Dirichlet   [unused]
  Sideset ID = right   [unused]
  Element Block ID = eblock-0_0   [unused]
  Equation Set Name = UX   [unused]
  Strategy = Constant   [unused]
  Data -> 
   Value = 0   [unused]
 child8 -> 
  Type = Dirichlet   [unused]
  Sideset ID = right   [unused]
  Element Block ID = eblock-0_0   [unused]
  Equation Set Name = UY   [unused]
  Strategy = Constant   [unused]
  Data -> 
   Value = 0   [unused]
 child9 -> 
  Type = Dirichlet   [unused]
  Sideset ID = right   [unused]
  Element Block ID = eblock-0_0   [unused]
  Equation Set Name = TEMPERATURE   [unused]
  Strategy = Constant   [unused]
  Data -> 
   Value = 0   [unused]
Initial Conditions -> 
 eblock-0_0 -> 
  UX -> 
   Value = 0   [unused]
  UY -> 
   Value = 0   [unused]
  PRESSURE -> 
   Value = 0   [unused]
  TEMPERATURE -> 
   Value = 0   [unused]
Output -> 
 File Name = ThermalConv.exo   [unused]
Options -> 
 Write Volume Assembly Graphs = 0   [unused]
 Volume Assembly Graph Prefix = Thermalconvection_   [unused]
Solution Control -> 
 Piro Solver = NOX   [unused]
 Compute Sensitivities = 0   [unused]
 Jacobian Operator = Have Jacobian   [unused]
 NOX -> 
  Nonlinear Solver = Line Search Based   [unused]
  Direction -> 
   Method = Newton   [unused]
   Newton -> 
    Forcing Term Method = Type 2   [unused]
    Rescue Bad Newton Solve = 1   [unused]
    Linear Solver -> 
     Tolerance = 0.001   [unused]
    Stratimikos Linear Solver -> 
     NOX Stratimikos Options -> 
      [empty list]
     Stratimikos -> 
      Linear Solver Type = AztecOO   [unused]
      Preconditioner Type = ML   [unused]
      Linear Solver Types -> 
       AztecOO -> 
        Forward Solve -> 
         Max Iterations = 600   [unused]
         Tolerance = 1e-05   [unused]
         AztecOO Settings -> 
          Aztec Solver = GMRES   [unused]
          Convergence Test = r0   [unused]
          Size of Krylov Subspace = 200   [unused]
          Output Frequency = 10   [unused]
       Belos -> 
        Solver Type = Block GMRES   [unused]
        Solver Types -> 
         Block GMRES -> 
          Convergence Tolerance = 1e-05   [unused]
          Output Frequency = 10   [unused]
          Output Style = 1   [unused]
          Verbosity = 33   [unused]
          Maximum Iterations = 100   [unused]
          Block Size = 1   [unused]
          Num Blocks = 200   [unused]
          Flexible Gmres = 0   [unused]
        VerboseObject -> 
         Output File = none   [unused]
         Verbosity Level = medium   [unused]
       MCLS -> 
        Solver Type = MCSA   [unused]
        Solver Types -> 
         MCSA -> 
          Fixed Point Type = Richardson   [unused]
          MC Type = Adjoint   [unused]
          Estimator Type = Collision   [unused]
          Transport Type = Global   [unused]
          Number of Sets = 1   [unused]
          Reproducible MC Mode = 0   [unused]
          Overlap Size = 0   [unused]
          Maximum Iterations = 100   [unused]
          Weight Cutoff = 0.01   [unused]
          Set Number of Histories = 500000   [unused]
          Iteration Print Frequency = 1   [unused]
          Richardson Relaxation = 1   [unused]
          Neumann Relaxation = 1   [unused]
          Absorption Probability = 0   [unused]
          Domain Filter Tolerance = 0   [unused]
          Domain Fill Value = 200   [unused]
          Domain Weight Recovery = 0   [unused]
         Fixed Point -> 
          Fixed Point Type = Richardson   [unused]
          Maximum Iterations = 10000   [unused]
          Iteration Print Frequency = 1   [unused]
          Richardson Relaxation = 1   [unused]
      Preconditioner Types -> 
       Ifpack -> 
        Overlap = 1   [unused]
        Prec Type = ILUT   [unused]
        Ifpack Settings -> 
         fact: drop tolerance = 0.0001   [unused]
         fact: ilut level-of-fill = 5   [unused]
         fact: level-of-fill = 1   [unused]
       ML -> 
        Base Method Defaults = SA   [unused]
        ML Settings -> 
         ML output = 10   [unused]
         prec type = MGV   [unused]
         print unused = 0   [unused]
         PDE equations = 4   [unused]
         max levels = 10   [unused]
         cycle applications = 1   [unused]
         aggregation: threshold = 0   [unused]
         aggregation: type = Uncoupled   [unused]
         aggregation: damping factor = 0   [unused]
         aggregation: block scaling = 0   [unused]
         energy minimization: enable = 0   [unused]
         energy minimization: type = 3   [unused]
         smoother: type = IFPACK   [unused]
         smoother: ifpack type = ILU   [unused]
         smoother: ifpack overlap = 1   [unused]
         smoother: damping factor = 1   [unused]
         smoother: pre or post = both   [unused]
         smoother: sweeps = 1   [unused]
         coarse: max size = 2000   [unused]
         coarse: type = Amesos-KLU   [unused]
         smoother: ifpack list -> 
          fact: level-of-fill = 5   [unused]
          schwarz: reordering type = rcm   [unused]
          fact: drop tolerance = 1e-06   [unused]
          fact: maximum fill factor = 100   [unused]
       MCLS -> 
        Preconditioner Type = ML   [unused]
        Preconditioner Types -> 
         Block Jacobi -> 
          Jacobi Block Size = 4   [unused]
         ILUT -> 
          fact: ilut level-of-fill = 3   [unused]
          fact: drop tolerance = 0.0005   [unused]
         ParaSails -> 
          ParaSails: Threshold = 0.001   [unused]
          ParaSails: Number of Levels = 7   [unused]
          ParaSails: Filter = 0.001   [unused]
         PSILUT -> 
          fact: ilut level-of-fill = 3   [unused]
          fact: drop tolerance = 0.0001   [unused]
          ParaSails: Threshold = 0.1   [unused]
          ParaSails: Number of Levels = 1   [unused]
          ParaSails: Filter = 0   [unused]
         ML -> 
          Base Method Defaults = SA   [unused]
          ML Settings -> 
           ML output = 10   [unused]
           prec type = MGV   [unused]
           print unused = 0   [unused]
           PDE equations = 4   [unused]
           max levels = 10   [unused]
           cycle applications = 1   [unused]
           aggregation: threshold = 0   [unused]
           aggregation: type = Uncoupled   [unused]
           aggregation: damping factor = 0   [unused]
           aggregation: block scaling = 0   [unused]
           energy minimization: enable = 0   [unused]
           energy minimization: type = 3   [unused]
           smoother: type = IFPACK   [unused]
           smoother: ifpack type = ILU   [unused]
           smoother: ifpack overlap = 1   [unused]
           smoother: damping factor = 1   [unused]
           smoother: pre or post = both   [unused]
           smoother: sweeps = 1   [unused]
           coarse: max size = 2000   [unused]
           coarse: type = Amesos-KLU   [unused]
           smoother: ifpack list -> 
            fact: level-of-fill = 5   [unused]
            schwarz: reordering type = rcm   [unused]
            fact: drop tolerance = 1e-06   [unused]
            fact: maximum fill factor = 100   [unused]
  Line Search -> 
   Method = Backtrack   [unused]
   Full Step -> 
    Full Step = 1   [unused]
   Polynomial -> 
    Max Iters = 4   [unused]
    Recovery Step Type = Constant   [unused]
    Recovery Step = 0.001   [unused]
    Allowed Relative Increase = 500   [unused]
    Maximum Iteration for Increase = 2   [unused]
  Printing -> 
   Output Precision = 3   [unused]
   Output Processor = 0   [unused]
   Output Information -> 
    Error = 1   [unused]
    Warning = 1   [unused]
    Inner Iteration = 1   [unused]
    Outer Iteration = 1   [unused]
    Outer Iteration StatusTest = 1   [unused]
    Test Details = 1   [unused]
    Parameters = 1   [unused]
    Details = 1   [unused]
    Linear Solver Details = 1   [unused]
    Stepper Iteration = 1   [unused]
    Stepper Details = 1   [unused]
    Stepper Parameters = 1   [unused]
  Solver Options -> 
   Status Test Check Type = Complete   [unused]
  Thyra Group Options -> 
   Function Scaling = Row Sum   [unused]
  Status Tests -> 
   Test Type = Combo   [unused]
   Combo Type = OR   [unused]
   Number of Tests = 3   [unused]
   Test 0 -> 
    Test Type = Combo   [unused]
    Combo Type = AND   [unused]
    Number of Tests = 2   [unused]
    Test 0 -> 
     Test Type = NormF   [unused]
     Tolerance = 0.0001   [unused]
    Test 1 -> 
     Test Type = NormWRMS   [unused]
     Tolerance = 1   [unused]
     Relative Tolerance = 1e-05   [unused]
     Absolute Tolerance = 1e-08   [unused]
     BDF Multiplier = 1   [unused]
     Alpha = 0.1   [unused]
     Beta = 0.5   [unused]
   Test 1 -> 
    Test Type = MaxIters   [unused]
    Maximum Iterations = 200   [unused]
   Test 2 -> 
    Test Type = FiniteValue   [unused]
 Rythmos -> 
  Nonlinear Solver Type = NOX   [unused]
  Final Time = 10   [unused]
  Stepper Type = BDF   [unused]
  Step Control Strategy Type = ImplicitBDFRamping   [unused]
  Rythmos Integration Control Strategy = Simple   [unused]
  Rythmos Stepper -> 
   VerboseObject -> 
    Verbosity Level = medium   [unused]
  Stratimikos -> 
   [empty list]
  Rythmos Integrator -> 
   VerboseObject -> 
    Verbosity Level = high   [unused]
  Rythmos Integration Control -> 
   [empty list]
  Rythmos Step Control Strategy -> 
   Number of Constant First Order Steps = 4   [unused]
   Initial Step Size = 0.01   [unused]
   Min Step Size = 0.001   [unused]
   Max Step Size = 0.1   [unused]
   Step Size Decrease Factor = 0.5   [unused]
   Step Size Increase Factor = 1.2   [unused]
   Max Order = 2   [unused]
   Absolute Error Tolerance = 1e-07   [unused]
   Relative Error Tolerance = 1e-05   [unused]

STK Mesh data:
   Spatial dim = 2
   Entity counts (Nodes, Edges, Cells) = ( 10201, 20200, 10000 )
   Element blocks = "eblock-0_0" 
   Sidesets = "bottom" "left" "right" "top" 
   Nodesets = "lower_left" "origin" 
Field       Average         Maximum (@IP)   Minimum (@IP)  
UX          0.00000000e+00  2.22507386e-308 0.00000000e+00 
UY          0.00000000e+00  2.22507386e-308 0.00000000e+00 
PRESSURE    0.00000000e+00  2.22507386e-308 0.00000000e+00 
TEMPERATURE 0.00000000e+00  2.22507386e-308 0.00000000e+00 

************************************************************************

-- Parameters Passed to Nonlinear Solver --

     Nonlinear Solver = Line Search Based
     Direction -> 
      Method = Newton
      Newton -> 
       Forcing Term Method = Type 2
       Rescue Bad Newton Solve = 1
       Forcing Term Minimum Tolerance = 0.0001   [default]
       Forcing Term Maximum Tolerance = 0.9   [default]
       Forcing Term Initial Tolerance = 0.01   [default]
       Forcing Term Alpha = 1.5   [default]
       Forcing Term Gamma = 0.9   [default]
       Linear Solver -> 
        Tolerance = 0.001   [unused]
       Stratimikos Linear Solver -> 
        NOX Stratimikos Options -> 
         [empty list]
        Stratimikos -> 
         Linear Solver Type = AztecOO   [unused]
         Preconditioner Type = ML   [unused]
         Linear Solver Types -> 
          AztecOO -> 
           Forward Solve -> 
            Max Iterations = 600   [unused]
            Tolerance = 1e-05   [unused]
            AztecOO Settings -> 
             Aztec Solver = GMRES   [unused]
             Convergence Test = r0   [unused]
             Size of Krylov Subspace = 200   [unused]
             Output Frequency = 10   [unused]
          Belos -> 
           Solver Type = Block GMRES   [unused]
           Solver Types -> 
            Block GMRES -> 
             Convergence Tolerance = 1e-05   [unused]
             Output Frequency = 10   [unused]
             Output Style = 1   [unused]
             Verbosity = 33   [unused]
             Maximum Iterations = 100   [unused]
             Block Size = 1   [unused]
             Num Blocks = 200   [unused]
             Flexible Gmres = 0   [unused]
           VerboseObject -> 
            Output File = none   [unused]
            Verbosity Level = medium   [unused]
          MCLS -> 
           Solver Type = MCSA   [unused]
           Solver Types -> 
            MCSA -> 
             Fixed Point Type = Richardson   [unused]
             MC Type = Adjoint   [unused]
             Estimator Type = Collision   [unused]
             Transport Type = Global   [unused]
             Number of Sets = 1   [unused]
             Reproducible MC Mode = 0   [unused]
             Overlap Size = 0   [unused]
             Maximum Iterations = 100   [unused]
             Weight Cutoff = 0.01   [unused]
             Set Number of Histories = 500000   [unused]
             Iteration Print Frequency = 1   [unused]
             Richardson Relaxation = 1   [unused]
             Neumann Relaxation = 1   [unused]
             Absorption Probability = 0   [unused]
             Domain Filter Tolerance = 0   [unused]
             Domain Fill Value = 200   [unused]
             Domain Weight Recovery = 0   [unused]
            Fixed Point -> 
             Fixed Point Type = Richardson   [unused]
             Maximum Iterations = 10000   [unused]
             Iteration Print Frequency = 1   [unused]
             Richardson Relaxation = 1   [unused]
         Preconditioner Types -> 
          Ifpack -> 
           Overlap = 1   [unused]
           Prec Type = ILUT   [unused]
           Ifpack Settings -> 
            fact: drop tolerance = 0.0001   [unused]
            fact: ilut level-of-fill = 5   [unused]
            fact: level-of-fill = 1   [unused]
          ML -> 
           Base Method Defaults = SA   [unused]
           ML Settings -> 
            ML output = 10   [unused]
            prec type = MGV   [unused]
            print unused = 0   [unused]
            PDE equations = 4   [unused]
            max levels = 10   [unused]
            cycle applications = 1   [unused]
            aggregation: threshold = 0   [unused]
            aggregation: type = Uncoupled   [unused]
            aggregation: damping factor = 0   [unused]
            aggregation: block scaling = 0   [unused]
            energy minimization: enable = 0   [unused]
            energy minimization: type = 3   [unused]
            smoother: type = IFPACK   [unused]
            smoother: ifpack type = ILU   [unused]
            smoother: ifpack overlap = 1   [unused]
            smoother: damping factor = 1   [unused]
            smoother: pre or post = both   [unused]
            smoother: sweeps = 1   [unused]
            coarse: max size = 2000   [unused]
            coarse: type = Amesos-KLU   [unused]
            smoother: ifpack list -> 
             fact: level-of-fill = 5   [unused]
             schwarz: reordering type = rcm   [unused]
             fact: drop tolerance = 1e-06   [unused]
             fact: maximum fill factor = 100   [unused]
          MCLS -> 
           Preconditioner Type = ML   [unused]
           Preconditioner Types -> 
            Block Jacobi -> 
             Jacobi Block Size = 4   [unused]
            ILUT -> 
             fact: ilut level-of-fill = 3   [unused]
             fact: drop tolerance = 0.0005   [unused]
            ParaSails -> 
             ParaSails: Threshold = 0.001   [unused]
             ParaSails: Number of Levels = 7   [unused]
             ParaSails: Filter = 0.001   [unused]
            PSILUT -> 
             fact: ilut level-of-fill = 3   [unused]
             fact: drop tolerance = 0.0001   [unused]
             ParaSails: Threshold = 0.1   [unused]
             ParaSails: Number of Levels = 1   [unused]
             ParaSails: Filter = 0   [unused]
            ML -> 
             Base Method Defaults = SA   [unused]
             ML Settings -> 
              ML output = 10   [unused]
              prec type = MGV   [unused]
              print unused = 0   [unused]
              PDE equations = 4   [unused]
              max levels = 10   [unused]
              cycle applications = 1   [unused]
              aggregation: threshold = 0   [unused]
              aggregation: type = Uncoupled   [unused]
              aggregation: damping factor = 0   [unused]
              aggregation: block scaling = 0   [unused]
              energy minimization: enable = 0   [unused]
              energy minimization: type = 3   [unused]
              smoother: type = IFPACK   [unused]
              smoother: ifpack type = ILU   [unused]
              smoother: ifpack overlap = 1   [unused]
              smoother: damping factor = 1   [unused]
              smoother: pre or post = both   [unused]
              smoother: sweeps = 1   [unused]
              coarse: max size = 2000   [unused]
              coarse: type = Amesos-KLU   [unused]
              smoother: ifpack list -> 
               fact: level-of-fill = 5   [unused]
               schwarz: reordering type = rcm   [unused]
               fact: drop tolerance = 1e-06   [unused]
               fact: maximum fill factor = 100   [unused]
     Line Search -> 
      Method = Backtrack
      Full Step -> 
       Full Step = 1   [unused]
      Polynomial -> 
       Max Iters = 4   [unused]
       Recovery Step Type = Constant   [unused]
       Recovery Step = 0.001   [unused]
       Allowed Relative Increase = 500   [unused]
       Maximum Iteration for Increase = 2   [unused]
      Backtrack -> 
       Minimum Step = 1e-12   [default]
       Default Step = 1   [default]
       Recovery Step = 1   [default]
       Max Iters = 100   [default]
       Reduction Factor = 0.5   [default]
     Printing -> 
      Output Precision = 3
      Output Processor = 0
      Output Stream = Teuchos::RCP<std::ostream>{ptr=0x71b16a0,node=0x7163b10,strong_count=18,weak_count=0}
      Error Stream = Teuchos::RCP<std::ostream>{ptr=0x71b16a0,node=0x7163b10,strong_count=18,weak_count=0}
      MyPID = 0   [default]
      Output Information -> 
       Error = 1
       Warning = 1
       Inner Iteration = 1
       Outer Iteration = 1
       Outer Iteration StatusTest = 1
       Test Details = 1
       Parameters = 1
       Details = 1
       Linear Solver Details = 1
       Stepper Iteration = 1
       Stepper Details = 1
       Stepper Parameters = 1
       Debug = 0   [default]
     Solver Options -> 
      Status Test Check Type = Complete
      User Defined Pre/Post Operator = Teuchos::RCP<NOX::Abstract::PrePostOperator>{ptr=0x7160d60,node=0x716dbe0,strong_count=2,weak_count=0}
      User Defined Merit Function = Teuchos::RCP<NOX::MeritFunction::Generic>{ptr=0x70ab9e0,node=0x7163a40,strong_count=3,weak_count=0}
     Thyra Group Options -> 
      Function Scaling = Row Sum
      Update Row Sum Scaling = Before Each Nonlinear Solve   [default]
      User Defined Scaling = Teuchos::RCP<Thyra::VectorBase<double> >{ptr=0,node=0,strong_count=0,weak_count=0}   [default]
     Status Tests -> 
      Test Type = Combo
      Combo Type = OR
      Number of Tests = 3
      Test 0 -> 
       Test Type = Combo
       Combo Type = AND
       Number of Tests = 2
       Test 0 -> 
        Test Type = NormF
        Tolerance = 0.0001
        Norm Type = Two Norm   [default]
        Scale Type = Unscaled   [default]
       Test 1 -> 
        Test Type = NormWRMS
        Tolerance = 1
        Relative Tolerance = 1e-05
        Absolute Tolerance = 1e-08
        BDF Multiplier = 1
        Alpha = 0.1
        Beta = 0.5
        Disable Implicit Weighting = 1   [default]
      Test 1 -> 
       Test Type = MaxIters
       Maximum Iterations = 200
      Test 2 -> 
       Test Type = FiniteValue
       Vector Type = F Vector   [default]
       Norm Type = Two Norm   [default]
Field       Average         Maximum (@IP)   Minimum (@IP)  
UX          0.00000000e+00  2.22507386e-308 0.00000000e+00 
UY          0.00000000e+00  2.22507386e-308 0.00000000e+00 
PRESSURE    0.00000000e+00  2.22507386e-308 0.00000000e+00 
TEMPERATURE 0.00000000e+00  2.22507386e-308 0.00000000e+00 
************************************************************************
-- Status Test Results --
**...........OR Combination -> 
  **...........AND Combination -> 
    **...........F-Norm = 7.236e+01 < 1.000e-04
                 (Unscaled Two-Norm, Absolute Tolerance)
    **...........WRMS-Norm = 1.000e+12 < 1
  **...........Number of Iterations = 0 < 200
  **...........Finite Number Check (Two-Norm F) = Finite
************************************************************************

************************************************************************
-- Nonlinear Solver Step 0 -- 
||F|| = 7.236e+01  step = 0.000e+00  dx = 0.000e+00
************************************************************************

       CALCULATING FORCING TERM
       Method: Type 2
       Forcing Term: 0.01
------------------------------------------------------------------------------
Using `cg' for eigen-computations
*** 
*** ML_Epetra::MultiLevelPreconditioner
***
Matrix has 40804 rows and 1.44962e+06 nonzeros, distributed over 1 process(es)
The linear system matrix is an Epetra_CrsMatrix
** Leaving column map of Main linear system matrix unchanged
Default values for `SA'
Maximum number of levels = 10
Using increasing levels. Finest level  = 0, coarsest level = 9
Number of applications of the ML cycle = 1
Number of PDE equations = 4
Aggregation threshold = 0
Max coarse size = 2000
R and P smoothing : P = (I-\omega A) P_t, R = P^T
R and P smoothing : \omega = 0/lambda_max
Null space type      = default (constants)
Null space dimension = 4
-----------------------------------------------------------------------
ML_Gen_MultiLevelHierarchy (level 0) : Gen Restriction and Prolongator
-----------------------------------------------------------------------
ML_Aggregate_Coarsen (level 0) begins
ML_Aggregate_CoarsenUncoupled : current level = 0
ML_Aggregate_CoarsenUncoupled : current eps = 0.000000e+00
Aggregation(UVB) : Total nonzeros = 1449616 (Nrows=40804)
Aggregation(UVB) : Amalgamated matrix done 
Aggregation(UC) : Phase 0 - no. of bdry pts  = 1 
Aggregation(UC) : Phase 1 - nodes aggregated = 10200 (10201)
Aggregation(UC) : Phase 1 - total aggregates = 1156 
Aggregation(UC_Phase2_3) : Phase 1 - nodes aggregated = 10200 
Aggregation(UC_Phase2_3) : Phase 1 - total aggregates = 1156
Aggregation(UC_Phase2_3) : Phase 2a- additional aggregates = 0
Aggregation(UC_Phase2_3) : Phase 2 - total aggregates = 1156
Aggregation(UC_Phase2_3) : Phase 2 - boundary nodes   = 1
Aggregation(UC_Phase2_3) : Phase 3 - leftovers = 0 and singletons = 0
Aggregation(UC) : QR factorization - too small aggregates = 0

Prolongator/Restriction smoother (level 0) : damping = 0.000e+00 , sweeps = 1
Gen_Prolongator (level 0) : not smoothing prolongator
-----------------------------------------------------------------------
ML_Gen_MultiLevelHierarchy (level 1) : Gen Restriction and Prolongator
-----------------------------------------------------------------------
ML_Aggregate_Coarsen (level 1) begins
ML_Aggregate_CoarsenUncoupled : current level = 1
ML_Aggregate_CoarsenUncoupled : current eps = 0.000000e+00
Aggregation(UVB) : Total nonzeros = 109430 (Nrows=4624)
Aggregation(UVB) : Amalgamated matrix done 
Aggregation(UC) : Phase 0 - no. of bdry pts  = 0 
Aggregation(UC) : Phase 1 - nodes aggregated = 1156 (1156)
Aggregation(UC) : Phase 1 - total aggregates = 144 
Aggregation(UC_Phase2_3) : Phase 1 - nodes aggregated = 1156 
Aggregation(UC_Phase2_3) : Phase 1 - total aggregates = 144
Aggregation(UC_Phase2_3) : Phase 2a- additional aggregates = 0
Aggregation(UC_Phase2_3) : Phase 2 - total aggregates = 144
Aggregation(UC_Phase2_3) : Phase 2 - boundary nodes   = 0
Aggregation(UC_Phase2_3) : Phase 3 - leftovers = 0 and singletons = 0
Aggregation(UC) : QR factorization - too small aggregates = 0

Prolongator/Restriction smoother (level 1) : damping = 0.000e+00 , sweeps = 1
Gen_Prolongator (level 1) : not smoothing prolongator
Smoothed Aggregation : operator complexity = 1.084654e+00.
Time to build the hierarchy = 0.0766971 (s)
Number of actual levels : 3

Smoother (level 0) : # global rows = 40804, # estim. global nnz = 1449616, # nnz per row = 35.53
Smoother (level 0) : IFPACK, type=`ILU',
Smoother (level 0) : both,overlap=1
Smoother (level 0) : level-of-fill=5,rel. threshold=1,abs. threshold=0
Smoother (level 0) : Setup time : 1.43985 (s)

WARNING **********************************************************************
You have requested to keep the finest level smoother from a previous
solve.  In order to reuse part or all of the incomplete factorization
from smoother "IFPACK", you must also specify the smoother options
"reuse numeric factorization" and/or "reuse symbolic factorization".
Not doing so  may result in memory leaks or crashes.

Smoother (level 1) : # global rows = 4624, # estim. global nnz = 110000, # nnz per row = 23.79
Smoother (level 1) : IFPACK, type=`ILU',
Smoother (level 1) : both,overlap=1
Smoother (level 1) : level-of-fill=5,rel. threshold=1,abs. threshold=0
Smoother (level 1) : Setup time : 0.110375 (s)

Amesos (level 2) : NumGlobalRows = 576
Amesos (level 2) : NumGlobalNonzeros = 12669
Amesos (level 2) : Fill-in = 3.81854 %
Amesos (level 2) : Building KLU
Amesos (level 2) : Time for factorization  = 0.00225496 (s)

WARNING: Parameter "energy minimization: type" 3   [unused] is unused
WARNING: Parameter "coarse: list"    [unused] is unused
WARNING: Parameter "aggregation: list (level 0)"    [unused] is unused
WARNING: Parameter "aggregation: list (level 1)"    [unused] is unused
WARNING: Parameter "aggregation: list (level 2)"    [unused] is unused
WARNING: Parameter "aggregation: list (level 3)"    [unused] is unused
WARNING: Parameter "aggregation: list (level 4)"    [unused] is unused
WARNING: Parameter "aggregation: list (level 5)"    [unused] is unused
WARNING: Parameter "aggregation: list (level 6)"    [unused] is unused
WARNING: Parameter "aggregation: list (level 7)"    [unused] is unused
WARNING: Parameter "aggregation: list (level 8)"    [unused] is unused
WARNING: Parameter "aggregation: list (level 9)"    [unused] is unused
WARNING: Parameter "smoother: list (level 0)"    [unused] is unused
WARNING: Parameter "smoother: list (level 1)"    [unused] is unused

Cumulative timing for construction so far: 
- for initial setup   = 0.00349712 (s)
- for hierarchy setup = 0.0767331 (s)
- for smoothers setup = 1.55022 (s)
- for coarse setup    = 0.00247717 (s)
- for final setup     = 0.00014782 (s)
------------------------------------------------------------------------------
 
 		*******************************************************
 		***** Problem: Epetra::CrsMatrix
 		***** Preconditioned GMRES solution
 		***** ML (L=3, IFPACK_pre0/IFPACK_post0, ~/Amesos_KLU_2)
 		***** No scaling
 		*******************************************************
 
                 iter:    0           residual = 1.000000e+00
                 iter:    5           residual = 9.163368e-03
 
 
 		Solution time: 0.240973 (sec.)
 		total iterations: 5
 
Field       Average         Maximum (@IP)   Minimum (@IP)  
UX          4.26842730e-02  3.86612671e+02  -3.87409157e+02
UY          9.45700334e-01  3.93558328e+02  -3.84615897e+02
PRESSURE    1.74349540e+04  4.34670049e+04  -8.55814666e+03
TEMPERATURE 3.48591679e+00  7.18158423e+00  1.45347006e-02 

************************************************************************
-- Backtrack Line Search -- 
  1: step = 1.000e+00 old f = 2.618e+03 new f = 1.550e+05
Field       Average         Maximum (@IP)   Minimum (@IP)  
UX          2.13421365e-02  1.93306336e+02  -1.93704578e+02
UY          4.72850167e-01  1.96779164e+02  -1.92307948e+02
PRESSURE    8.71747698e+03  2.17335024e+04  -4.27907333e+03
TEMPERATURE 1.74295840e+00  3.59079211e+00  7.26735032e-03 
  2: step = 5.000e-01 old f = 2.618e+03 new f = 1.035e+04
Field       Average         Maximum (@IP)   Minimum (@IP)  
UX          1.06710682e-02  9.66531678e+01  -9.68522892e+01
UY          2.36425084e-01  9.83895820e+01  -9.61539741e+01
PRESSURE    4.35873849e+03  1.08667512e+04  -2.13953666e+03
TEMPERATURE 8.71479198e-01  1.79539606e+00  3.63367516e-03 
  3: step = 2.500e-01 old f = 2.618e+03 new f = 2.079e+03 (STEP ACCEPTED!)
************************************************************************

************************************************************************
-- Status Test Results --
**...........OR Combination -> 
  **...........AND Combination -> 
    **...........F-Norm = 6.449e+01 < 1.000e-04
                 (Unscaled Two-Norm, Absolute Tolerance)
    **...........WRMS-Norm = 2.549e+11 < 1
                 (Min Step Size:  2.500e-01 >= 0.1)
  **...........Number of Iterations = 1 < 200
  **...........Finite Number Check (Two-Norm F) = Finite
************************************************************************

************************************************************************
-- Nonlinear Solver Step 1 -- 
||F|| = 6.449e+01  step = 2.500e-01  dx = 1.043e+08
************************************************************************

       CALCULATING FORCING TERM
       Method: Type 2
       Forcing Term Norm: Using L-2 Norm.
       Residual Norm k-1 =             72.4
       Residual Norm k =               64.5
       Calculated eta_k (pre-bounds) = 0.757
       Forcing Term: 0.757
------------------------------------------------------------------------------
Re-computing the preconditioner...
Time to re-build the hierarchy = 0.037369 (s)
Number of actual levels : 3

Smoother (level 0) : # global rows = 40804, # estim. global nnz = 1449616, # nnz per row = 35.53
Smoother (level 0) : IFPACK, type=`ILU',
Smoother (level 0) : both,overlap=1
Smoother (level 0) : level-of-fill=5,rel. threshold=1,abs. threshold=0
Smoother (level 0) : Setup time : 1.42962 (s)

WARNING **********************************************************************
You have requested to keep the finest level smoother from a previous
solve.  In order to reuse part or all of the incomplete factorization
from smoother "IFPACK", you must also specify the smoother options
"reuse numeric factorization" and/or "reuse symbolic factorization".
Not doing so  may result in memory leaks or crashes.

Smoother (level 1) : # global rows = 4624, # estim. global nnz = 130000, # nnz per row = 28.11
Smoother (level 1) : IFPACK, type=`ILU',
Smoother (level 1) : both,overlap=1
Smoother (level 1) : level-of-fill=5,rel. threshold=1,abs. threshold=0
Smoother (level 1) : Setup time : 0.14682 (s)

Amesos (level 2) : NumGlobalRows = 576
Amesos (level 2) : NumGlobalNonzeros = 15028
Amesos (level 2) : Fill-in = 4.52956 %
Amesos (level 2) : Building KLU
Amesos (level 2) : Time for factorization  = 0.003757 (s)


Cumulative timing for construction so far: 
- for initial setup   = 0.00349712 (s)
- for hierarchy setup = 0.0767403 (s)
- for smoothers setup = 3.12666 (s)
- for coarse setup    = 0.00642824 (s)
- for final setup     = 0.000152826 (s)
------------------------------------------------------------------------------
  
  		*******************************************************
  		***** Problem: Epetra::CrsMatrix
  		***** Preconditioned GMRES solution
  		***** ML (L=3, IFPACK_pre0/IFPACK_post0, ~/Amesos_KLU_2)
  		***** No scaling
  		*******************************************************
  
                  iter:    0           residual = 1.000000e+00
                  iter:    1           residual = 2.145561e-01
  
  
  		Solution time: 0.083768 (sec.)
  		total iterations: 1
  
Field       Average         Maximum (@IP)   Minimum (@IP)  
UX          1.30386559e-01  1.12772083e+02  -7.72069956e+01
UY          2.04793202e+00  1.33745399e+02  -6.26069526e+01
PRESSURE    -7.39927394e+03 1.40415687e+04  -1.79048858e+04
TEMPERATURE 2.10879807e+00  6.92665121e+00  6.29901802e-03 

************************************************************************
-- Backtrack Line Search -- 
  1: step = 1.000e+00 old f = 2.079e+03 new f = 1.371e+02 (STEP ACCEPTED!)
************************************************************************

************************************************************************
-- Status Test Results --
**...........OR Combination -> 
  **...........AND Combination -> 
    **...........F-Norm = 1.656e+01 < 1.000e-04
                 (Unscaled Two-Norm, Absolute Tolerance)
    **...........WRMS-Norm = 8.709e+06 < 1
                 (Min Step Size:  1.000e+00 >= 0.1)
  **...........Number of Iterations = 2 < 200
  **...........Finite Number Check (Two-Norm F) = Finite
************************************************************************

************************************************************************
-- Nonlinear Solver Step 2 -- 
||F|| = 1.656e+01  step = 1.000e+00  dx = 6.221e+07
************************************************************************

       CALCULATING FORCING TERM
       Method: Type 2
       Forcing Term Norm: Using L-2 Norm.
       Residual Norm k-1 =             64.5
       Residual Norm k =               16.6
       Calculated eta_k (pre-bounds) = 0.117
       Forcing Term: 0.593
------------------------------------------------------------------------------
Re-computing the preconditioner...
Time to re-build the hierarchy = 0.0388169 (s)
Number of actual levels : 3

Smoother (level 0) : # global rows = 40804, # estim. global nnz = 1449616, # nnz per row = 35.53
Smoother (level 0) : IFPACK, type=`ILU',
Smoother (level 0) : both,overlap=1
Smoother (level 0) : level-of-fill=5,rel. threshold=1,abs. threshold=0
Smoother (level 0) : Setup time : 1.42694 (s)

WARNING **********************************************************************
You have requested to keep the finest level smoother from a previous
solve.  In order to reuse part or all of the incomplete factorization
from smoother "IFPACK", you must also specify the smoother options
"reuse numeric factorization" and/or "reuse symbolic factorization".
Not doing so  may result in memory leaks or crashes.

Smoother (level 1) : # global rows = 4624, # estim. global nnz = 130000, # nnz per row = 28.11
Smoother (level 1) : IFPACK, type=`ILU',
Smoother (level 1) : both,overlap=1
Smoother (level 1) : level-of-fill=5,rel. threshold=1,abs. threshold=0
Smoother (level 1) : Setup time : 0.144913 (s)

Amesos (level 2) : NumGlobalRows = 576
Amesos (level 2) : NumGlobalNonzeros = 15028
Amesos (level 2) : Fill-in = 4.52956 %
Amesos (level 2) : Building KLU
Amesos (level 2) : Time for factorization  = 0.0037992 (s)


Cumulative timing for construction so far: 
- for initial setup   = 0.00349712 (s)
- for hierarchy setup = 0.0767472 (s)
- for smoothers setup = 4.69852 (s)
- for coarse setup    = 0.0104353 (s)
- for final setup     = 0.000156879 (s)
------------------------------------------------------------------------------
  
  		*******************************************************
  		***** Problem: Epetra::CrsMatrix
  		***** Preconditioned GMRES solution
  		***** ML (L=3, IFPACK_pre0/IFPACK_post0, ~/Amesos_KLU_2)
  		***** No scaling
  		*******************************************************
  
                  iter:    0           residual = 1.000000e+00
                  iter:    1           residual = 4.200605e-01
  
  
  		Solution time: 0.083560 (sec.)
  		total iterations: 1
  
Field       Average         Maximum (@IP)   Minimum (@IP)  
UX          2.14494091e-03  9.18584268e+01  -5.51122811e+01
UY          1.84620480e+00  9.92003059e+01  -6.12056209e+01
PRESSURE    5.08171923e+03  2.67388278e+04  -8.39745394e+03
TEMPERATURE 2.66569394e+00  7.14286143e+00  7.38406419e-03 

************************************************************************
-- Backtrack Line Search -- 
  1: step = 1.000e+00 old f = 1.371e+02 new f = 3.730e+01 (STEP ACCEPTED!)
************************************************************************

************************************************************************
-- Status Test Results --
**...........OR Combination -> 
  **...........AND Combination -> 
    **...........F-Norm = 8.638e+00 < 1.000e-04
                 (Unscaled Two-Norm, Absolute Tolerance)
    **...........WRMS-Norm = 2.881e+07 < 1
                 (Min Step Size:  1.000e+00 >= 0.1)
  **...........Number of Iterations = 3 < 200
  **...........Finite Number Check (Two-Norm F) = Finite
************************************************************************

************************************************************************
-- Nonlinear Solver Step 3 -- 
||F|| = 8.638e+00  step = 1.000e+00  dx = 6.460e+07
************************************************************************

       CALCULATING FORCING TERM
       Method: Type 2
       Forcing Term Norm: Using L-2 Norm.
       Residual Norm k-1 =             16.6
       Residual Norm k =               8.64
       Calculated eta_k (pre-bounds) = 0.339
       Forcing Term: 0.411
------------------------------------------------------------------------------
Re-computing the preconditioner...
Time to re-build the hierarchy = 0.0369771 (s)
Number of actual levels : 3

Smoother (level 0) : # global rows = 40804, # estim. global nnz = 1449616, # nnz per row = 35.53
Smoother (level 0) : IFPACK, type=`ILU',
Smoother (level 0) : both,overlap=1
Smoother (level 0) : level-of-fill=5,rel. threshold=1,abs. threshold=0
Smoother (level 0) : Setup time : 1.42878 (s)

WARNING **********************************************************************
You have requested to keep the finest level smoother from a previous
solve.  In order to reuse part or all of the incomplete factorization
from smoother "IFPACK", you must also specify the smoother options
"reuse numeric factorization" and/or "reuse symbolic factorization".
Not doing so  may result in memory leaks or crashes.

Smoother (level 1) : # global rows = 4624, # estim. global nnz = 130000, # nnz per row = 28.11
Smoother (level 1) : IFPACK, type=`ILU',
Smoother (level 1) : both,overlap=1
Smoother (level 1) : level-of-fill=5,rel. threshold=1,abs. threshold=0
Smoother (level 1) : Setup time : 0.144393 (s)

Amesos (level 2) : NumGlobalRows = 576
Amesos (level 2) : NumGlobalNonzeros = 15028
Amesos (level 2) : Fill-in = 4.52956 %
Amesos (level 2) : Building KLU
Amesos (level 2) : Time for factorization  = 0.00382495 (s)


Cumulative timing for construction so far: 
- for initial setup   = 0.00349712 (s)
- for hierarchy setup = 0.0767543 (s)
- for smoothers setup = 6.27169 (s)
- for coarse setup    = 0.0144644 (s)
- for final setup     = 0.000161886 (s)
------------------------------------------------------------------------------
  
  		*******************************************************
  		***** Problem: Epetra::CrsMatrix
  		***** Preconditioned GMRES solution
  		***** ML (L=3, IFPACK_pre0/IFPACK_post0, ~/Amesos_KLU_2)
  		***** No scaling
  		*******************************************************
  
                  iter:    0           residual = 1.000000e+00
                  iter:    3           residual = 1.876532e-01
  
  
  		Solution time: 0.163005 (sec.)
  		total iterations: 3
  
Field       Average         Maximum (@IP)   Minimum (@IP)  
UX          -5.73093649e-02 4.44449922e+01  -4.59824915e+01
UY          8.29609620e-01  6.26943990e+01  -7.45548976e+01
PRESSURE    1.18415799e+04  3.38958258e+04  -4.19712220e+03
TEMPERATURE 3.42702814e+00  7.18327713e+00  1.05053873e-02 

************************************************************************
-- Backtrack Line Search -- 
  1: step = 1.000e+00 old f = 3.730e+01 new f = 3.297e+02
Field       Average         Maximum (@IP)   Minimum (@IP)  
UX          -2.75822120e-02 6.44606936e+01  -4.77933665e+01
UY          1.33790721e+00  8.00526333e+01  -6.72267971e+01
PRESSURE    8.46164957e+03  3.03173268e+04  -6.29193760e+03
TEMPERATURE 3.04636104e+00  7.16306928e+00  8.94472575e-03 
  2: step = 5.000e-01 old f = 3.730e+01 new f = 4.235e+01
Field       Average         Maximum (@IP)   Minimum (@IP)  
UX          -1.27186355e-02 7.71894154e+01  -5.04502533e+01
UY          1.59205600e+00  8.95116299e+01  -6.40289681e+01
PRESSURE    6.77168440e+03  2.85280773e+04  -7.34469577e+03
TEMPERATURE 2.85602749e+00  7.15296536e+00  8.16439497e-03 
  3: step = 2.500e-01 old f = 3.730e+01 new f = 2.710e+01 (STEP ACCEPTED!)
************************************************************************

************************************************************************
-- Status Test Results --
**...........OR Combination -> 
  **...........AND Combination -> 
    **...........F-Norm = 7.362e+00 < 1.000e-04
                 (Unscaled Two-Norm, Absolute Tolerance)
    **...........WRMS-Norm = 1.888e+06 < 1
                 (Min Step Size:  2.500e-01 >= 0.1)
  **...........Number of Iterations = 4 < 200
  **...........Finite Number Check (Two-Norm F) = Finite
************************************************************************

************************************************************************
-- Nonlinear Solver Step 4 -- 
||F|| = 7.362e+00  step = 2.500e-01  dx = 3.917e+07
************************************************************************

       CALCULATING FORCING TERM
       Method: Type 2
       Forcing Term Norm: Using L-2 Norm.
       Residual Norm k-1 =             8.64
       Residual Norm k =               7.36
       Calculated eta_k (pre-bounds) = 0.708
       Forcing Term: 0.709
------------------------------------------------------------------------------
Re-computing the preconditioner...
Time to re-build the hierarchy = 0.0371759 (s)
Number of actual levels : 3

Smoother (level 0) : # global rows = 40804, # estim. global nnz = 1449616, # nnz per row = 35.53
Smoother (level 0) : IFPACK, type=`ILU',
Smoother (level 0) : both,overlap=1
Smoother (level 0) : level-of-fill=5,rel. threshold=1,abs. threshold=0
Smoother (level 0) : Setup time : 1.42902 (s)

WARNING **********************************************************************
You have requested to keep the finest level smoother from a previous
solve.  In order to reuse part or all of the incomplete factorization
from smoother "IFPACK", you must also specify the smoother options
"reuse numeric factorization" and/or "reuse symbolic factorization".
Not doing so  may result in memory leaks or crashes.

Smoother (level 1) : # global rows = 4624, # estim. global nnz = 130000, # nnz per row = 28.11
Smoother (level 1) : IFPACK, type=`ILU',
Smoother (level 1) : both,overlap=1
Smoother (level 1) : level-of-fill=5,rel. threshold=1,abs. threshold=0
Smoother (level 1) : Setup time : 0.145538 (s)

Amesos (level 2) : NumGlobalRows = 576
Amesos (level 2) : NumGlobalNonzeros = 15028
Amesos (level 2) : Fill-in = 4.52956 %
Amesos (level 2) : Building KLU
Amesos (level 2) : Time for factorization  = 0.00380611 (s)


Cumulative timing for construction so far: 
- for initial setup   = 0.00349712 (s)
- for hierarchy setup = 0.0767622 (s)
- for smoothers setup = 7.84625 (s)
- for coarse setup    = 0.0184743 (s)
- for final setup     = 0.000166893 (s)
------------------------------------------------------------------------------
  
  		*******************************************************
  		***** Problem: Epetra::CrsMatrix
  		***** Preconditioned GMRES solution
  		***** ML (L=3, IFPACK_pre0/IFPACK_post0, ~/Amesos_KLU_2)
  		***** No scaling
  		*******************************************************
  
                  iter:    0           residual = 1.000000e+00
                  iter:    1           residual = 5.499905e-01
  
  
  		Solution time: 0.083379 (sec.)
  		total iterations: 1
  
Field       Average         Maximum (@IP)   Minimum (@IP)  
UX          -7.48030607e-02 6.49854196e+01  -4.53362754e+01
UY          1.33650784e+00  7.87033218e+01  -6.30350848e+01
PRESSURE    7.85194275e+03  3.05487547e+04  -6.62560383e+03
TEMPERATURE 3.05496111e+00  7.17565538e+00  8.69942259e-03 

************************************************************************
-- Backtrack Line Search -- 
  1: step = 1.000e+00 old f = 2.710e+01 new f = 8.282e+00 (STEP ACCEPTED!)
************************************************************************

************************************************************************
-- Status Test Results --
**...........OR Combination -> 
  **...........AND Combination -> 
    **...........F-Norm = 4.070e+00 < 1.000e-04
                 (Unscaled Two-Norm, Absolute Tolerance)
    **...........WRMS-Norm = 7.001e+06 < 1
                 (Min Step Size:  1.000e+00 >= 0.1)
  **...........Number of Iterations = 5 < 200
  **...........Finite Number Check (Two-Norm F) = Finite
************************************************************************

************************************************************************
-- Nonlinear Solver Step 5 -- 
||F|| = 4.070e+00  step = 1.000e+00  dx = 7.333e+06
************************************************************************

       CALCULATING FORCING TERM
       Method: Type 2
       Forcing Term Norm: Using L-2 Norm.
       Residual Norm k-1 =             7.36
       Residual Norm k =               4.07
       Calculated eta_k (pre-bounds) = 0.37
       Forcing Term: 0.537
------------------------------------------------------------------------------
Re-computing the preconditioner...
Time to re-build the hierarchy = 0.036968 (s)
Number of actual levels : 3

Smoother (level 0) : # global rows = 40804, # estim. global nnz = 1449616, # nnz per row = 35.53
Smoother (level 0) : IFPACK, type=`ILU',
Smoother (level 0) : both,overlap=1
Smoother (level 0) : level-of-fill=5,rel. threshold=1,abs. threshold=0
Smoother (level 0) : Setup time : 1.47223 (s)

WARNING **********************************************************************
You have requested to keep the finest level smoother from a previous
solve.  In order to reuse part or all of the incomplete factorization
from smoother "IFPACK", you must also specify the smoother options
"reuse numeric factorization" and/or "reuse symbolic factorization".
Not doing so  may result in memory leaks or crashes.

Smoother (level 1) : # global rows = 4624, # estim. global nnz = 130000, # nnz per row = 28.11
Smoother (level 1) : IFPACK, type=`ILU',
Smoother (level 1) : both,overlap=1
Smoother (level 1) : level-of-fill=5,rel. threshold=1,abs. threshold=0
Smoother (level 1) : Setup time : 0.145782 (s)

Amesos (level 2) : NumGlobalRows = 576
Amesos (level 2) : NumGlobalNonzeros = 15028
Amesos (level 2) : Fill-in = 4.52956 %
Amesos (level 2) : Building KLU
Amesos (level 2) : Time for factorization  = 0.00377798 (s)


Cumulative timing for construction so far: 
- for initial setup   = 0.00349712 (s)
- for hierarchy setup = 0.0767694 (s)
- for smoothers setup = 9.46426 (s)
- for coarse setup    = 0.0224524 (s)
- for final setup     = 0.000170946 (s)
------------------------------------------------------------------------------
  
  		*******************************************************
  		***** Problem: Epetra::CrsMatrix
  		***** Preconditioned GMRES solution
  		***** ML (L=3, IFPACK_pre0/IFPACK_post0, ~/Amesos_KLU_2)
  		***** No scaling
  		*******************************************************
  
                  iter:    0           residual = 1.000000e+00
                  iter:    1           residual = 4.531869e-01
  
  
  		Solution time: 0.083478 (sec.)
  		total iterations: 1
  
Field       Average         Maximum (@IP)   Minimum (@IP)  
UX          -6.70840795e-02 5.59119933e+01  -4.27367188e+01
UY          1.13216571e+00  7.40284746e+01  -6.40628974e+01
PRESSURE    1.06459778e+04  3.40596949e+04  -4.46800193e+03
TEMPERATURE 3.23212651e+00  7.18479142e+00  9.19462399e-03 

************************************************************************
-- Backtrack Line Search -- 
  1: step = 1.000e+00 old f = 8.282e+00 new f = 1.709e+00 (STEP ACCEPTED!)
************************************************************************

************************************************************************
-- Status Test Results --
**...........OR Combination -> 
  **...........AND Combination -> 
    **...........F-Norm = 1.849e+00 < 1.000e-04
                 (Unscaled Two-Norm, Absolute Tolerance)
    **...........WRMS-Norm = 7.721e+06 < 1
                 (Min Step Size:  1.000e+00 >= 0.1)
  **...........Number of Iterations = 6 < 200
  **...........Finite Number Check (Two-Norm F) = Finite
************************************************************************

************************************************************************
-- Nonlinear Solver Step 6 -- 
||F|| = 1.849e+00  step = 1.000e+00  dx = 1.473e+07
************************************************************************

       CALCULATING FORCING TERM
       Method: Type 2
       Forcing Term Norm: Using L-2 Norm.
       Residual Norm k-1 =             4.07
       Residual Norm k =               1.85
       Calculated eta_k (pre-bounds) = 0.276
       Forcing Term: 0.354
------------------------------------------------------------------------------
Re-computing the preconditioner...
Time to re-build the hierarchy = 0.037276 (s)
Number of actual levels : 3

Smoother (level 0) : # global rows = 40804, # estim. global nnz = 1449616, # nnz per row = 35.53
Smoother (level 0) : IFPACK, type=`ILU',
Smoother (level 0) : both,overlap=1
Smoother (level 0) : level-of-fill=5,rel. threshold=1,abs. threshold=0
Smoother (level 0) : Setup time : 1.42821 (s)

WARNING **********************************************************************
You have requested to keep the finest level smoother from a previous
solve.  In order to reuse part or all of the incomplete factorization
from smoother "IFPACK", you must also specify the smoother options
"reuse numeric factorization" and/or "reuse symbolic factorization".
Not doing so  may result in memory leaks or crashes.

Smoother (level 1) : # global rows = 4624, # estim. global nnz = 130000, # nnz per row = 28.11
Smoother (level 1) : IFPACK, type=`ILU',
Smoother (level 1) : both,overlap=1
Smoother (level 1) : level-of-fill=5,rel. threshold=1,abs. threshold=0
Smoother (level 1) : Setup time : 0.146199 (s)

Amesos (level 2) : NumGlobalRows = 576
Amesos (level 2) : NumGlobalNonzeros = 15028
Amesos (level 2) : Fill-in = 4.52956 %
Amesos (level 2) : Building KLU
Amesos (level 2) : Time for factorization  = 0.0038209 (s)


Cumulative timing for construction so far: 
- for initial setup   = 0.00349712 (s)
- for hierarchy setup = 0.0767763 (s)
- for smoothers setup = 11.0387 (s)
- for coarse setup    = 0.0264761 (s)
- for final setup     = 0.000175953 (s)
------------------------------------------------------------------------------
  
  		*******************************************************
  		***** Problem: Epetra::CrsMatrix
  		***** Preconditioned GMRES solution
  		***** ML (L=3, IFPACK_pre0/IFPACK_post0, ~/Amesos_KLU_2)
  		***** No scaling
  		*******************************************************
  
                  iter:    0           residual = 1.000000e+00
                  iter:    2           residual = 1.471685e-01
  
  
  		Solution time: 0.123686 (sec.)
  		total iterations: 2
  
Field       Average         Maximum (@IP)   Minimum (@IP)  
UX          -1.45631662e-03 4.95949508e+01  -4.14199018e+01
UY          8.78297565e-01  7.25564664e+01  -6.59856989e+01
PRESSURE    1.38387630e+04  3.80043629e+04  -1.63422843e+03
TEMPERATURE 3.38443089e+00  7.18640415e+00  9.85892719e-03 

************************************************************************
-- Backtrack Line Search -- 
  1: step = 1.000e+00 old f = 1.709e+00 new f = 3.814e-02 (STEP ACCEPTED!)
************************************************************************

************************************************************************
-- Status Test Results --
**...........OR Combination -> 
  **...........AND Combination -> 
    **...........F-Norm = 2.762e-01 < 1.000e-04
                 (Unscaled Two-Norm, Absolute Tolerance)
    **...........WRMS-Norm = 1.187e+06 < 1
                 (Min Step Size:  1.000e+00 >= 0.1)
  **...........Number of Iterations = 7 < 200
  **...........Finite Number Check (Two-Norm F) = Finite
************************************************************************

************************************************************************
-- Nonlinear Solver Step 7 -- 
||F|| = 2.762e-01  step = 1.000e+00  dx = 1.656e+07
************************************************************************

       CALCULATING FORCING TERM
       Method: Type 2
       Forcing Term Norm: Using L-2 Norm.
       Residual Norm k-1 =             1.85
       Residual Norm k =               0.276
       Calculated eta_k (pre-bounds) = 0.052
       Forcing Term: 0.19
------------------------------------------------------------------------------
Re-computing the preconditioner...
Time to re-build the hierarchy = 0.0370491 (s)
Number of actual levels : 3

Smoother (level 0) : # global rows = 40804, # estim. global nnz = 1449616, # nnz per row = 35.53
Smoother (level 0) : IFPACK, type=`ILU',
Smoother (level 0) : both,overlap=1
Smoother (level 0) : level-of-fill=5,rel. threshold=1,abs. threshold=0
Smoother (level 0) : Setup time : 1.42981 (s)

WARNING **********************************************************************
You have requested to keep the finest level smoother from a previous
solve.  In order to reuse part or all of the incomplete factorization
from smoother "IFPACK", you must also specify the smoother options
"reuse numeric factorization" and/or "reuse symbolic factorization".
Not doing so  may result in memory leaks or crashes.

Smoother (level 1) : # global rows = 4624, # estim. global nnz = 130000, # nnz per row = 28.11
Smoother (level 1) : IFPACK, type=`ILU',
Smoother (level 1) : both,overlap=1
Smoother (level 1) : level-of-fill=5,rel. threshold=1,abs. threshold=0
Smoother (level 1) : Setup time : 0.145292 (s)

Amesos (level 2) : NumGlobalRows = 576
Amesos (level 2) : NumGlobalNonzeros = 15028
Amesos (level 2) : Fill-in = 4.52956 %
Amesos (level 2) : Building KLU
Amesos (level 2) : Time for factorization  = 0.00379109 (s)


Cumulative timing for construction so far: 
- for initial setup   = 0.00349712 (s)
- for hierarchy setup = 0.0767832 (s)
- for smoothers setup = 12.6138 (s)
- for coarse setup    = 0.0304692 (s)
- for final setup     = 0.000180006 (s)
------------------------------------------------------------------------------
  
  		*******************************************************
  		***** Problem: Epetra::CrsMatrix
  		***** Preconditioned GMRES solution
  		***** ML (L=3, IFPACK_pre0/IFPACK_post0, ~/Amesos_KLU_2)
  		***** No scaling
  		*******************************************************
  
                  iter:    0           residual = 1.000000e+00
                  iter:    3           residual = 6.570045e-02
  
  
  		Solution time: 0.165304 (sec.)
  		total iterations: 3
  
Field       Average         Maximum (@IP)   Minimum (@IP)  
UX          -9.48778316e-04 4.81994273e+01  -4.22770304e+01
UY          8.32080036e-01  7.19474447e+01  -6.65603757e+01
PRESSURE    1.55220344e+04  3.98895894e+04  -2.43768426e+02
TEMPERATURE 3.43079318e+00  7.18680781e+00  1.01721636e-02 

************************************************************************
-- Backtrack Line Search -- 
  1: step = 1.000e+00 old f = 3.814e-02 new f = 1.557e-04 (STEP ACCEPTED!)
************************************************************************

************************************************************************
-- Status Test Results --
**...........OR Combination -> 
  **...........AND Combination -> 
    **...........F-Norm = 1.765e-02 < 1.000e-04
                 (Unscaled Two-Norm, Absolute Tolerance)
    **...........WRMS-Norm = 1.678e+05 < 1
                 (Min Step Size:  1.000e+00 >= 0.1)
  **...........Number of Iterations = 8 < 200
  **...........Finite Number Check (Two-Norm F) = Finite
************************************************************************

************************************************************************
-- Nonlinear Solver Step 8 -- 
||F|| = 1.765e-02  step = 1.000e+00  dx = 8.620e+06
************************************************************************

       CALCULATING FORCING TERM
       Method: Type 2
       Forcing Term Norm: Using L-2 Norm.
       Residual Norm k-1 =             0.276
       Residual Norm k =               0.0176
       Calculated eta_k (pre-bounds) = 0.0145
       Forcing Term: 0.0145
------------------------------------------------------------------------------
Re-computing the preconditioner...
Time to re-build the hierarchy = 0.0370851 (s)
Number of actual levels : 3

Smoother (level 0) : # global rows = 40804, # estim. global nnz = 1449616, # nnz per row = 35.53
Smoother (level 0) : IFPACK, type=`ILU',
Smoother (level 0) : both,overlap=1
Smoother (level 0) : level-of-fill=5,rel. threshold=1,abs. threshold=0
Smoother (level 0) : Setup time : 1.43068 (s)

WARNING **********************************************************************
You have requested to keep the finest level smoother from a previous
solve.  In order to reuse part or all of the incomplete factorization
from smoother "IFPACK", you must also specify the smoother options
"reuse numeric factorization" and/or "reuse symbolic factorization".
Not doing so  may result in memory leaks or crashes.

Smoother (level 1) : # global rows = 4624, # estim. global nnz = 130000, # nnz per row = 28.11
Smoother (level 1) : IFPACK, type=`ILU',
Smoother (level 1) : both,overlap=1
Smoother (level 1) : level-of-fill=5,rel. threshold=1,abs. threshold=0
Smoother (level 1) : Setup time : 0.151919 (s)

Amesos (level 2) : NumGlobalRows = 576
Amesos (level 2) : NumGlobalNonzeros = 15028
Amesos (level 2) : Fill-in = 4.52956 %
Amesos (level 2) : Building KLU
Amesos (level 2) : Time for factorization  = 0.00381088 (s)


Cumulative timing for construction so far: 
- for initial setup   = 0.00349712 (s)
- for hierarchy setup = 0.0767903 (s)
- for smoothers setup = 14.1964 (s)
- for coarse setup    = 0.034497 (s)
- for final setup     = 0.000185013 (s)
------------------------------------------------------------------------------
  
  		*******************************************************
  		***** Problem: Epetra::CrsMatrix
  		***** Preconditioned GMRES solution
  		***** ML (L=3, IFPACK_pre0/IFPACK_post0, ~/Amesos_KLU_2)
  		***** No scaling
  		*******************************************************
  
                  iter:    0           residual = 1.000000e+00
                  iter:    4           residual = 1.023871e-02
  
  
  		Solution time: 0.204086 (sec.)
  		total iterations: 4
  
Field       Average         Maximum (@IP)   Minimum (@IP)  
UX          -1.63852964e-03 4.82274500e+01  -4.22744353e+01
UY          8.32552895e-01  7.19631064e+01  -6.65364432e+01
PRESSURE    1.56077340e+04  3.99716306e+04  -1.58450218e+02
TEMPERATURE 3.42995460e+00  7.18680400e+00  1.01663217e-02 

************************************************************************
-- Backtrack Line Search -- 
  1: step = 1.000e+00 old f = 1.557e-04 new f = 1.642e-08 (STEP ACCEPTED!)
************************************************************************

************************************************************************
-- Status Test Results --
**...........OR Combination -> 
  **...........AND Combination -> 
    **...........F-Norm = 1.812e-04 < 1.000e-04
                 (Unscaled Two-Norm, Absolute Tolerance)
    **...........WRMS-Norm = 6.204e+03 < 1
                 (Min Step Size:  1.000e+00 >= 0.1)
  **...........Number of Iterations = 9 < 200
  **...........Finite Number Check (Two-Norm F) = Finite
************************************************************************

************************************************************************
-- Nonlinear Solver Step 9 -- 
||F|| = 1.812e-04  step = 1.000e+00  dx = 4.369e+05
************************************************************************

       CALCULATING FORCING TERM
       Method: Type 2
       Forcing Term Norm: Using L-2 Norm.
       Residual Norm k-1 =             0.0176
       Residual Norm k =               0.000181
       Calculated eta_k (pre-bounds) = 0.000937
       Forcing Term: 0.000937
------------------------------------------------------------------------------
Re-computing the preconditioner...
Time to re-build the hierarchy = 0.0371051 (s)
Number of actual levels : 3

Smoother (level 0) : # global rows = 40804, # estim. global nnz = 1449616, # nnz per row = 35.53
Smoother (level 0) : IFPACK, type=`ILU',
Smoother (level 0) : both,overlap=1
Smoother (level 0) : level-of-fill=5,rel. threshold=1,abs. threshold=0
Smoother (level 0) : Setup time : 1.43366 (s)

WARNING **********************************************************************
You have requested to keep the finest level smoother from a previous
solve.  In order to reuse part or all of the incomplete factorization
from smoother "IFPACK", you must also specify the smoother options
"reuse numeric factorization" and/or "reuse symbolic factorization".
Not doing so  may result in memory leaks or crashes.

Smoother (level 1) : # global rows = 4624, # estim. global nnz = 130000, # nnz per row = 28.11
Smoother (level 1) : IFPACK, type=`ILU',
Smoother (level 1) : both,overlap=1
Smoother (level 1) : level-of-fill=5,rel. threshold=1,abs. threshold=0
Smoother (level 1) : Setup time : 0.147821 (s)

Amesos (level 2) : NumGlobalRows = 576
Amesos (level 2) : NumGlobalNonzeros = 15028
Amesos (level 2) : Fill-in = 4.52956 %
Amesos (level 2) : Building KLU
Amesos (level 2) : Time for factorization  = 0.00376916 (s)


Cumulative timing for construction so far: 
- for initial setup   = 0.00349712 (s)
- for hierarchy setup = 0.0767975 (s)
- for smoothers setup = 15.7778 (s)
- for coarse setup    = 0.038466 (s)
- for final setup     = 0.000189066 (s)
------------------------------------------------------------------------------
  
  		*******************************************************
  		***** Problem: Epetra::CrsMatrix
  		***** Preconditioned GMRES solution
  		***** ML (L=3, IFPACK_pre0/IFPACK_post0, ~/Amesos_KLU_2)
  		***** No scaling
  		*******************************************************
  
                  iter:    0           residual = 1.000000e+00
                  iter:    7           residual = 3.805751e-04
  
  
  		Solution time: 0.333103 (sec.)
  		total iterations: 7
  
Field       Average         Maximum (@IP)   Minimum (@IP)  
UX          -1.62973963e-03 4.82279687e+01  -4.22736815e+01
UY          8.32576499e-01  7.19633854e+01  -6.65360614e+01
PRESSURE    1.56077302e+04  3.99715242e+04  -1.58338918e+02
TEMPERATURE 3.42992848e+00  7.18680384e+00  1.01661292e-02 

************************************************************************
-- Backtrack Line Search -- 
  1: step = 1.000e+00 old f = 1.642e-08 new f = 2.392e-15 (STEP ACCEPTED!)
************************************************************************

************************************************************************
-- Status Test Results --
**...........OR Combination -> 
  **...........AND Combination -> 
    Converged....F-Norm = 6.917e-08 < 1.000e-04
                 (Unscaled Two-Norm, Absolute Tolerance)
    **...........WRMS-Norm = 1.428e+02 < 1
                 (Min Step Size:  1.000e+00 >= 0.1)
  **...........Number of Iterations = 10 < 200
  **...........Finite Number Check (Two-Norm F) = Finite
************************************************************************

************************************************************************
-- Nonlinear Solver Step 10 -- 
||F|| = 6.917e-08  step = 1.000e+00  dx = 4.844e+02
************************************************************************

       CALCULATING FORCING TERM
       Method: Type 2
       Forcing Term Norm: Using L-2 Norm.
       Residual Norm k-1 =             0.000181
       Residual Norm k =               6.92e-08
       Calculated eta_k (pre-bounds) = 6.71e-06
       Forcing Term: 0.0001
------------------------------------------------------------------------------
Re-computing the preconditioner...
Time to re-build the hierarchy = 0.0373251 (s)
Number of actual levels : 3

Smoother (level 0) : # global rows = 40804, # estim. global nnz = 1449616, # nnz per row = 35.53
Smoother (level 0) : IFPACK, type=`ILU',
Smoother (level 0) : both,overlap=1
Smoother (level 0) : level-of-fill=5,rel. threshold=1,abs. threshold=0
Smoother (level 0) : Setup time : 1.4281 (s)

WARNING **********************************************************************
You have requested to keep the finest level smoother from a previous
solve.  In order to reuse part or all of the incomplete factorization
from smoother "IFPACK", you must also specify the smoother options
"reuse numeric factorization" and/or "reuse symbolic factorization".
Not doing so  may result in memory leaks or crashes.

Smoother (level 1) : # global rows = 4624, # estim. global nnz = 130000, # nnz per row = 28.11
Smoother (level 1) : IFPACK, type=`ILU',
Smoother (level 1) : both,overlap=1
Smoother (level 1) : level-of-fill=5,rel. threshold=1,abs. threshold=0
Smoother (level 1) : Setup time : 0.14429 (s)

Amesos (level 2) : NumGlobalRows = 576
Amesos (level 2) : NumGlobalNonzeros = 15028
Amesos (level 2) : Fill-in = 4.52956 %
Amesos (level 2) : Building KLU
Amesos (level 2) : Time for factorization  = 0.00378609 (s)


Cumulative timing for construction so far: 
- for initial setup   = 0.00349712 (s)
- for hierarchy setup = 0.0768046 (s)
- for smoothers setup = 17.3502 (s)
- for coarse setup    = 0.042459 (s)
- for final setup     = 0.000193834 (s)
------------------------------------------------------------------------------
  
  		*******************************************************
  		***** Problem: Epetra::CrsMatrix
  		***** Preconditioned GMRES solution
  		***** ML (L=3, IFPACK_pre0/IFPACK_post0, ~/Amesos_KLU_2)
  		***** No scaling
  		*******************************************************
  
                  iter:    0           residual = 1.000000e+00
                  iter:    8           residual = 7.635077e-05
  
  
  		Solution time: 0.368322 (sec.)
  		total iterations: 8
  
Field       Average         Maximum (@IP)   Minimum (@IP)  
UX          -1.62973138e-03 4.82279687e+01  -4.22736814e+01
UY          8.32576502e-01  7.19633854e+01  -6.65360614e+01
PRESSURE    1.56077297e+04  3.99715238e+04  -1.58339312e+02
TEMPERATURE 3.42992848e+00  7.18680384e+00  1.01661292e-02 

************************************************************************
-- Backtrack Line Search -- 
  1: step = 1.000e+00 old f = 2.392e-15 new f = 1.442e-23 (STEP ACCEPTED!)
************************************************************************


************************************************************************
-- Nonlinear Solver Step 11 -- 
||F|| = 5.371e-12  step = 1.000e+00  dx = 2.126e+00 (Converged!)
************************************************************************

************************************************************************
-- Final Status Test Results --
Converged....OR Combination -> 
  Converged....AND Combination -> 
    Converged....F-Norm = 5.371e-12 < 1.000e-04
                 (Unscaled Two-Norm, Absolute Tolerance)
    Converged....WRMS-Norm = 3.096e-02 < 1
                 (Min Step Size:  1.000e+00 >= 0.1)
  **...........Number of Iterations = 11 < 200
  **...........Finite Number Check (Two-Norm F) = Finite
************************************************************************
Field       Average         Maximum (@IP)   Minimum (@IP)  
UX          -1.62973138e-03 4.82279687e+01  -4.22736814e+01
UY          8.32576502e-01  7.19633854e+01  -6.65360614e+01
PRESSURE    1.56077297e+04  3.99715238e+04  -1.58339312e+02
TEMPERATURE 3.42992848e+00  7.18680384e+00  1.01661292e-02 
------------------------------------------------------------------------------
   ML time information (seconds)          total          avg

   1- Construction                  =     17.847     1.62246
   2- Preconditioner apply          =    1.73194
     a- first application(s) only   =   0.406216   0.0369287
     b- remaining applications      =    1.32573   0.0282069

   3- Total time required by ML so far is 19.579 seconds
      (constr + all applications)
------------------------------------------------------------------------------
========================================================================================

                          TimeMonitor results over 1 processor

Timer Name                                                   Global time (num calls)    
----------------------------------------------------------------------------------------
Drekar: Total Time                                           31.91 (1)                  
NOX Total Linear Solve                                       1.937 (11)                 
NOX Total Preconditioner Construction                        17.88 (11)                 
STK_Interface::setupTransientExodusFile(filename)            0.3081 (1)                 
STK_Interface::writeToExodus(timestep)                       0.05477 (1)                
Thyra::NOXNonlinearSolver::solve                             30.28 (1)                  
panzer::ModelEvaluator::evalModel(J)                         8.693 (11)                 
panzer::ModelEvaluator::evalModel(f)                         1.458 (16)                 
panzer::SquareQuadMeshFactory::buildUncomittedMesh()         0.0001249 (1)              
panzer::SquareQuadMeshFactory::completeMeshConstruction()    0.3952 (1)                 
========================================================================================
Drekar run completed.
