===============================
Denovo-Neutronics, CASL VERA-CS
(C) ORNL, Batelle, 2007-2012
-------------------------------
Release      :    denovo-3_0_0
Release date :      3-MAR-2011
Build date   :        20130523
===============================
WARNING: Dancoff Factors are disabled!!
>>> Building/partitioning mesh
>>> Setting up cross section builder
>>> Building the cross sections
************************************************************

Database for Neutronics_PL->INSILICO has:
        15 integer entries
         4 double entries
        11 bool entries
         8 string entries
         0 vector<int> entries
         2 vector<double> entries
         5 nested database entries

============================================================
Entries in                  Neutronics_PL->INSILICO database
============================================================
integer entries
------------------------------------------------------------
                           Pn_order                        1
                          SPN_order                        1
                cell_broadcast_size                      289
                          dimension                        3
                        first_group                        0
                         last_group                        1
                            max_itr                      100
                               mesh                        2
                     neutron_groups                        2
                       num_blocks_i                        1
                       num_blocks_j                        1
                         num_groups                        2
                           num_sets                        1
                       num_z_blocks                        1
                      photon_groups                        0

double entries
------------------------------------------------------------
                     axial_geom_eps                     0.01
                        max_delta_z                       30
                    radial_geom_eps                   0.0001
                          tolerance                    1e-06

bool entries
------------------------------------------------------------
                            adjoint                        0
                    cell_homogenize                        1
                 create_unique_pins                        0
                          do_output                        1
                       do_transport                        1
                        downscatter                        0
                iterate_downscatter                        0
                partition_upscatter                        0
                 spn_block_matrices                        0
               store_fulcrum_string                        1
                       use_symmetry                        1

string entries
------------------------------------------------------------
                           boundary                  reflect
                       eigen_solver                  arnoldi
                             eq_set                   spn_fv
                        mat_library            casl_comp.sh5
                          mg_solver                   krylov
                       problem_name               neutronics
                       problem_type               EIGENVALUE
                         xs_librarylib252_HetBondOneAbs-NoAbsSigP

vector<double> entries                (number of elements)
------------------------------------------------------------
                        neutron_bnd                        3
                     new_grp_bounds                        2

============================================================
Entries in                                 boundary database
============================================================
vector<int> entries                   (number of elements)
------------------------------------------------------------
                            reflect                        6

============================================================
Entries in                            eigenvalue_db database
============================================================
integer entries
------------------------------------------------------------
                         Block Size                        1
                   diagnostic_level                        2
                           subspace                       20

double entries
------------------------------------------------------------
              Convergence Tolerance                    1e-06
                       L2_tolerance                    1e-05

string entries
------------------------------------------------------------
                        eigensolver                  Arnoldi

============================================================
Entries in                               quadrature database
============================================================
integer entries
------------------------------------------------------------
                           Pn_order                        1
                  azimuthals_octant                        8
                      polars_octant                        6

bool entries
------------------------------------------------------------
                            adjoint                        0

string entries
------------------------------------------------------------
                          quad_type                       qr

============================================================
Entries in                                  silo_db database
============================================================
bool entries
------------------------------------------------------------
                       mixing_table                        0

string entries
------------------------------------------------------------
                        silo_output                       p3

============================================================
Entries in                             upscatter_db database
============================================================
integer entries
------------------------------------------------------------
                         aztec_diag                        0
                       aztec_output                        0

double entries
------------------------------------------------------------
                          tolerance                    1e-05

************************************************************
=================================
     GLOBAL MESH DESCRIPTION     
=================================
num cells I                    18
num cells J                    18
num cells K                    62
I-Partitions                    1
J-Partitions                    1
K-Blocks                        1
---------------------------------
Num blocks                      1
Num cells                   20088
=================================
      MATERIAL DESCRIPTION       
=================================
Clean materials                34
Mixed materials              3981
=================================
 MULTILEVEL ENERGY DECOMPOSITION 
=================================
num groups                      2
num solved groups               2
num upscatter groups            2
---------------------------------
num sets                        1
num replicated groups           0
num decomposed groups           2
---------------------------------
Domains (blocks X sets)         1
=================================
       MEMORY  ALLOCATIONS       
=================================
state                       40176
(GB)                   2.9933e-04
DoF                         40176
(GB)                   2.9933e-04
=================================
>>> Running the transport calculation
================================================================================

                         BlockKrylovSchur Solver Status

The solver is initialized.
The number of iterations performed is 0
The block size is         1
The number of blocks is   20
The current basis size is 0
The number of auxiliary vectors is 0
The number of operations Op*x   is 0

CURRENT RITZ VALUES             
   [ NONE COMPUTED ]

================================================================================

 
AztecOO solver converged on m = 1 RHSs using 17 cumulative iterations for an average of 17 iterations/RHS and total CPU time of 0.237946 sec.
================================================================================

                         BlockKrylovSchur Solver Status

The solver is initialized.
The number of iterations performed is 1
The block size is         1
The number of blocks is   20
The current basis size is 1
The number of auxiliary vectors is 0
The number of operations Op*x   is 1

CURRENT RITZ VALUES             
              Ritz Value                 Ritz Residual
--------------------------------------------------------------------------------
   3.545754e+00 + i   0.000000e+00        3.747155e+00

================================================================================

  
AztecOO solver converged on m = 1 RHSs using 17 cumulative iterations for an average of 17 iterations/RHS and total CPU time of 0.235545 sec.
================================================================================

                         BlockKrylovSchur Solver Status

The solver is initialized.
The number of iterations performed is 2
The block size is         1
The number of blocks is   20
The current basis size is 2
The number of auxiliary vectors is 0
The number of operations Op*x   is 2

CURRENT RITZ VALUES             
              Ritz Value                 Ritz Residual
--------------------------------------------------------------------------------
   1.101894e+00 + i   0.000000e+00        4.678722e-02

================================================================================

  
AztecOO solver converged on m = 1 RHSs using 18 cumulative iterations for an average of 18 iterations/RHS and total CPU time of 0.250567 sec.
================================================================================

                         BlockKrylovSchur Solver Status

The solver is initialized.
The number of iterations performed is 3
The block size is         1
The number of blocks is   20
The current basis size is 3
The number of auxiliary vectors is 0
The number of operations Op*x   is 3

CURRENT RITZ VALUES             
              Ritz Value                 Ritz Residual
--------------------------------------------------------------------------------
   1.153808e+00 + i   0.000000e+00        2.377374e-02

================================================================================

  
AztecOO solver converged on m = 1 RHSs using 18 cumulative iterations for an average of 18 iterations/RHS and total CPU time of 0.250283 sec.
================================================================================

                         BlockKrylovSchur Solver Status

The solver is initialized.
The number of iterations performed is 4
The block size is         1
The number of blocks is   20
The current basis size is 4
The number of auxiliary vectors is 0
The number of operations Op*x   is 4

CURRENT RITZ VALUES             
              Ritz Value                 Ritz Residual
--------------------------------------------------------------------------------
   1.154791e+00 + i   0.000000e+00        1.654478e-02

================================================================================

  
AztecOO solver converged on m = 1 RHSs using 18 cumulative iterations for an average of 18 iterations/RHS and total CPU time of 0.250443 sec.
================================================================================

                         BlockKrylovSchur Solver Status

The solver is initialized.
The number of iterations performed is 5
The block size is         1
The number of blocks is   20
The current basis size is 5
The number of auxiliary vectors is 0
The number of operations Op*x   is 5

CURRENT RITZ VALUES             
              Ritz Value                 Ritz Residual
--------------------------------------------------------------------------------
   1.151646e+00 + i   0.000000e+00        1.536017e-02

================================================================================

  
AztecOO solver converged on m = 1 RHSs using 18 cumulative iterations for an average of 18 iterations/RHS and total CPU time of 0.250622 sec.
================================================================================

                         BlockKrylovSchur Solver Status

The solver is initialized.
The number of iterations performed is 6
The block size is         1
The number of blocks is   20
The current basis size is 6
The number of auxiliary vectors is 0
The number of operations Op*x   is 6

CURRENT RITZ VALUES             
              Ritz Value                 Ritz Residual
--------------------------------------------------------------------------------
   1.153849e+00 + i   0.000000e+00        1.193566e-02

================================================================================

  
AztecOO solver converged on m = 1 RHSs using 18 cumulative iterations for an average of 18 iterations/RHS and total CPU time of 0.250381 sec.
================================================================================

                         BlockKrylovSchur Solver Status

The solver is initialized.
The number of iterations performed is 7
The block size is         1
The number of blocks is   20
The current basis size is 7
The number of auxiliary vectors is 0
The number of operations Op*x   is 7

CURRENT RITZ VALUES             
              Ritz Value                 Ritz Residual
--------------------------------------------------------------------------------
   1.154413e+00 + i   0.000000e+00        9.193507e-03

================================================================================

  
AztecOO solver converged on m = 1 RHSs using 18 cumulative iterations for an average of 18 iterations/RHS and total CPU time of 0.250467 sec.
================================================================================

                         BlockKrylovSchur Solver Status

The solver is initialized.
The number of iterations performed is 8
The block size is         1
The number of blocks is   20
The current basis size is 8
The number of auxiliary vectors is 0
The number of operations Op*x   is 8

CURRENT RITZ VALUES             
              Ritz Value                 Ritz Residual
--------------------------------------------------------------------------------
   1.155108e+00 + i   0.000000e+00        8.194691e-03

================================================================================

  
AztecOO solver converged on m = 1 RHSs using 18 cumulative iterations for an average of 18 iterations/RHS and total CPU time of 0.250413 sec.
================================================================================

                         BlockKrylovSchur Solver Status

The solver is initialized.
The number of iterations performed is 9
The block size is         1
The number of blocks is   20
The current basis size is 9
The number of auxiliary vectors is 0
The number of operations Op*x   is 9

CURRENT RITZ VALUES             
              Ritz Value                 Ritz Residual
--------------------------------------------------------------------------------
   1.154455e+00 + i   0.000000e+00        7.206747e-03

================================================================================

  
AztecOO solver converged on m = 1 RHSs using 18 cumulative iterations for an average of 18 iterations/RHS and total CPU time of 0.250607 sec.
================================================================================

                         BlockKrylovSchur Solver Status

The solver is initialized.
The number of iterations performed is 10
The block size is         1
The number of blocks is   20
The current basis size is 10
The number of auxiliary vectors is 0
The number of operations Op*x   is 10

CURRENT RITZ VALUES             
              Ritz Value                 Ritz Residual
--------------------------------------------------------------------------------
   1.154630e+00 + i   0.000000e+00        5.866514e-03

================================================================================

  
AztecOO solver converged on m = 1 RHSs using 18 cumulative iterations for an average of 18 iterations/RHS and total CPU time of 0.250672 sec.
================================================================================

                         BlockKrylovSchur Solver Status

The solver is initialized.
The number of iterations performed is 11
The block size is         1
The number of blocks is   20
The current basis size is 11
The number of auxiliary vectors is 0
The number of operations Op*x   is 11

CURRENT RITZ VALUES             
              Ritz Value                 Ritz Residual
--------------------------------------------------------------------------------
   1.155644e+00 + i   0.000000e+00        4.914499e-03

================================================================================

  
AztecOO solver converged on m = 1 RHSs using 18 cumulative iterations for an average of 18 iterations/RHS and total CPU time of 0.250508 sec.
================================================================================

                         BlockKrylovSchur Solver Status

The solver is initialized.
The number of iterations performed is 12
The block size is         1
The number of blocks is   20
The current basis size is 12
The number of auxiliary vectors is 0
The number of operations Op*x   is 12

CURRENT RITZ VALUES             
              Ritz Value                 Ritz Residual
--------------------------------------------------------------------------------
   1.154881e+00 + i   0.000000e+00        4.130165e-03

================================================================================

  
AztecOO solver converged on m = 1 RHSs using 18 cumulative iterations for an average of 18 iterations/RHS and total CPU time of 0.250544 sec.
================================================================================

                         BlockKrylovSchur Solver Status

The solver is initialized.
The number of iterations performed is 13
The block size is         1
The number of blocks is   20
The current basis size is 13
The number of auxiliary vectors is 0
The number of operations Op*x   is 13

CURRENT RITZ VALUES             
              Ritz Value                 Ritz Residual
--------------------------------------------------------------------------------
   1.154926e+00 + i   0.000000e+00        3.536458e-03

================================================================================

  
AztecOO solver converged on m = 1 RHSs using 18 cumulative iterations for an average of 18 iterations/RHS and total CPU time of 0.250619 sec.
================================================================================

                         BlockKrylovSchur Solver Status

The solver is initialized.
The number of iterations performed is 14
The block size is         1
The number of blocks is   20
The current basis size is 14
The number of auxiliary vectors is 0
The number of operations Op*x   is 14

CURRENT RITZ VALUES             
              Ritz Value                 Ritz Residual
--------------------------------------------------------------------------------
   1.155546e+00 + i   0.000000e+00        2.537776e-03

================================================================================

  
AztecOO solver converged on m = 1 RHSs using 18 cumulative iterations for an average of 18 iterations/RHS and total CPU time of 0.250451 sec.
================================================================================

                         BlockKrylovSchur Solver Status

The solver is initialized.
The number of iterations performed is 15
The block size is         1
The number of blocks is   20
The current basis size is 15
The number of auxiliary vectors is 0
The number of operations Op*x   is 15

CURRENT RITZ VALUES             
              Ritz Value                 Ritz Residual
--------------------------------------------------------------------------------
   1.155150e+00 + i   0.000000e+00        1.704971e-03

================================================================================

  
AztecOO solver converged on m = 1 RHSs using 18 cumulative iterations for an average of 18 iterations/RHS and total CPU time of 0.250278 sec.
================================================================================

                         BlockKrylovSchur Solver Status

The solver is initialized.
The number of iterations performed is 16
The block size is         1
The number of blocks is   20
The current basis size is 16
The number of auxiliary vectors is 0
The number of operations Op*x   is 16

CURRENT RITZ VALUES             
              Ritz Value                 Ritz Residual
--------------------------------------------------------------------------------
   1.155143e+00 + i   0.000000e+00        1.086035e-03

================================================================================

  
AztecOO solver converged on m = 1 RHSs using 18 cumulative iterations for an average of 18 iterations/RHS and total CPU time of 0.25038 sec.
================================================================================

                         BlockKrylovSchur Solver Status

The solver is initialized.
The number of iterations performed is 17
The block size is         1
The number of blocks is   20
The current basis size is 17
The number of auxiliary vectors is 0
The number of operations Op*x   is 17

CURRENT RITZ VALUES             
              Ritz Value                 Ritz Residual
--------------------------------------------------------------------------------
   1.155295e+00 + i   0.000000e+00        5.430476e-04

================================================================================

  
AztecOO solver converged on m = 1 RHSs using 18 cumulative iterations for an average of 18 iterations/RHS and total CPU time of 0.250654 sec.
================================================================================

                         BlockKrylovSchur Solver Status

The solver is initialized.
The number of iterations performed is 18
The block size is         1
The number of blocks is   20
The current basis size is 18
The number of auxiliary vectors is 0
The number of operations Op*x   is 18

CURRENT RITZ VALUES             
              Ritz Value                 Ritz Residual
--------------------------------------------------------------------------------
   1.155238e+00 + i   0.000000e+00        2.269339e-04

================================================================================

  
AztecOO solver converged on m = 1 RHSs using 18 cumulative iterations for an average of 18 iterations/RHS and total CPU time of 0.25209 sec.
================================================================================

                         BlockKrylovSchur Solver Status

The solver is initialized.
The number of iterations performed is 19
The block size is         1
The number of blocks is   20
The current basis size is 19
The number of auxiliary vectors is 0
The number of operations Op*x   is 19

CURRENT RITZ VALUES             
              Ritz Value                 Ritz Residual
--------------------------------------------------------------------------------
   1.155228e+00 + i   0.000000e+00        9.442435e-05

================================================================================

  
AztecOO solver converged on m = 1 RHSs using 18 cumulative iterations for an average of 18 iterations/RHS and total CPU time of 0.251792 sec.
================================================================================

                         BlockKrylovSchur Solver Status

The solver is initialized.
The number of iterations performed is 20
The block size is         1
The number of blocks is   20
The current basis size is 20
The number of auxiliary vectors is 0
The number of operations Op*x   is 20

CURRENT RITZ VALUES             
              Ritz Value                 Ritz Residual
--------------------------------------------------------------------------------
   1.155240e+00 + i   0.000000e+00        2.914366e-05

================================================================================

  
AztecOO solver converged on m = 1 RHSs using 18 cumulative iterations for an average of 18 iterations/RHS and total CPU time of 0.251895 sec.
================================================================================

                         BlockKrylovSchur Solver Status

The solver is initialized.
The number of iterations performed is 21
The block size is         1
The number of blocks is   20
The current basis size is 21
The number of auxiliary vectors is 0
The number of operations Op*x   is 21

CURRENT RITZ VALUES             
              Ritz Value                 Ritz Residual
--------------------------------------------------------------------------------
   1.155239e+00 + i   0.000000e+00        1.004173e-05

================================================================================

================================================================================

                         BlockKrylovSchur Solver Status

The solver is initialized.
The number of iterations performed is 21
The block size is         1
The number of blocks is   20
The current basis size is 1
The number of auxiliary vectors is 0
The number of operations Op*x   is 21

CURRENT RITZ VALUES             
              Ritz Value                 Ritz Residual
--------------------------------------------------------------------------------
   1.155239e+00 + i   0.000000e+00        1.004173e-05

================================================================================

  
AztecOO solver converged on m = 1 RHSs using 18 cumulative iterations for an average of 18 iterations/RHS and total CPU time of 0.25198 sec.
================================================================================

                         BlockKrylovSchur Solver Status

The solver is initialized.
The number of iterations performed is 22
The block size is         1
The number of blocks is   20
The current basis size is 2
The number of auxiliary vectors is 0
The number of operations Op*x   is 22

CURRENT RITZ VALUES             
              Ritz Value                 Ritz Residual
--------------------------------------------------------------------------------
   1.155238e+00 + i   0.000000e+00        5.217281e-06

================================================================================

  
AztecOO solver converged on m = 1 RHSs using 18 cumulative iterations for an average of 18 iterations/RHS and total CPU time of 0.250501 sec.
================================================================================

                         BlockKrylovSchur Solver Status

The solver is initialized.
The number of iterations performed is 23
The block size is         1
The number of blocks is   20
The current basis size is 3
The number of auxiliary vectors is 0
The number of operations Op*x   is 23

CURRENT RITZ VALUES             
              Ritz Value                 Ritz Residual
--------------------------------------------------------------------------------
   1.155240e+00 + i   0.000000e+00        4.231106e-06

================================================================================

  
AztecOO solver converged on m = 1 RHSs using 18 cumulative iterations for an average of 18 iterations/RHS and total CPU time of 0.250441 sec.
================================================================================

                         BlockKrylovSchur Solver Status

The solver is initialized.
The number of iterations performed is 24
The block size is         1
The number of blocks is   20
The current basis size is 4
The number of auxiliary vectors is 0
The number of operations Op*x   is 24

CURRENT RITZ VALUES             
              Ritz Value                 Ritz Residual
--------------------------------------------------------------------------------
   1.155237e+00 + i   0.000000e+00        4.489485e-06

================================================================================

  
AztecOO solver converged on m = 1 RHSs using 18 cumulative iterations for an average of 18 iterations/RHS and total CPU time of 0.250504 sec.
================================================================================

                         BlockKrylovSchur Solver Status

The solver is initialized.
The number of iterations performed is 25
The block size is         1
The number of blocks is   20
The current basis size is 5
The number of auxiliary vectors is 0
The number of operations Op*x   is 25

CURRENT RITZ VALUES             
              Ritz Value                 Ritz Residual
--------------------------------------------------------------------------------
   1.155239e+00 + i   0.000000e+00        3.205642e-06

================================================================================

  
AztecOO solver converged on m = 1 RHSs using 18 cumulative iterations for an average of 18 iterations/RHS and total CPU time of 0.2505 sec.
================================================================================

                         BlockKrylovSchur Solver Status

The solver is initialized.
The number of iterations performed is 26
The block size is         1
The number of blocks is   20
The current basis size is 6
The number of auxiliary vectors is 0
The number of operations Op*x   is 26

CURRENT RITZ VALUES             
              Ritz Value                 Ritz Residual
--------------------------------------------------------------------------------
   1.155238e+00 + i   0.000000e+00        4.160663e-06

================================================================================

  
AztecOO solver converged on m = 1 RHSs using 18 cumulative iterations for an average of 18 iterations/RHS and total CPU time of 0.250634 sec.
================================================================================

                         BlockKrylovSchur Solver Status

The solver is initialized.
The number of iterations performed is 27
The block size is         1
The number of blocks is   20
The current basis size is 7
The number of auxiliary vectors is 0
The number of operations Op*x   is 27

CURRENT RITZ VALUES             
              Ritz Value                 Ritz Residual
--------------------------------------------------------------------------------
   1.155239e+00 + i   0.000000e+00        3.887593e-06

================================================================================

  
AztecOO solver converged on m = 1 RHSs using 18 cumulative iterations for an average of 18 iterations/RHS and total CPU time of 0.250307 sec.
================================================================================

                         BlockKrylovSchur Solver Status

The solver is initialized.
The number of iterations performed is 28
The block size is         1
The number of blocks is   20
The current basis size is 8
The number of auxiliary vectors is 0
The number of operations Op*x   is 28

CURRENT RITZ VALUES             
              Ritz Value                 Ritz Residual
--------------------------------------------------------------------------------
   1.155238e+00 + i   0.000000e+00        2.428413e-06

================================================================================

  
AztecOO solver converged on m = 1 RHSs using 18 cumulative iterations for an average of 18 iterations/RHS and total CPU time of 0.250581 sec.
================================================================================

                         BlockKrylovSchur Solver Status

The solver is initialized.
The number of iterations performed is 29
The block size is         1
The number of blocks is   20
The current basis size is 9
The number of auxiliary vectors is 0
The number of operations Op*x   is 29

CURRENT RITZ VALUES             
              Ritz Value                 Ritz Residual
--------------------------------------------------------------------------------
   1.155239e+00 + i   0.000000e+00        2.403100e-06

================================================================================

  
AztecOO solver converged on m = 1 RHSs using 18 cumulative iterations for an average of 18 iterations/RHS and total CPU time of 0.250324 sec.
================================================================================

                         BlockKrylovSchur Solver Status

The solver is initialized.
The number of iterations performed is 30
The block size is         1
The number of blocks is   20
The current basis size is 10
The number of auxiliary vectors is 0
The number of operations Op*x   is 30

CURRENT RITZ VALUES             
              Ritz Value                 Ritz Residual
--------------------------------------------------------------------------------
   1.155238e+00 + i   0.000000e+00        2.342152e-06

================================================================================

  
AztecOO solver converged on m = 1 RHSs using 18 cumulative iterations for an average of 18 iterations/RHS and total CPU time of 0.250581 sec.
================================================================================

                         BlockKrylovSchur Solver Status

The solver is initialized.
The number of iterations performed is 31
The block size is         1
The number of blocks is   20
The current basis size is 11
The number of auxiliary vectors is 0
The number of operations Op*x   is 31

CURRENT RITZ VALUES             
              Ritz Value                 Ritz Residual
--------------------------------------------------------------------------------
   1.155239e+00 + i   0.000000e+00        3.044608e-06

================================================================================

  
AztecOO solver converged on m = 1 RHSs using 18 cumulative iterations for an average of 18 iterations/RHS and total CPU time of 0.250359 sec.
================================================================================

                         BlockKrylovSchur Solver Status

The solver is initialized.
The number of iterations performed is 32
The block size is         1
The number of blocks is   20
The current basis size is 12
The number of auxiliary vectors is 0
The number of operations Op*x   is 32

CURRENT RITZ VALUES             
              Ritz Value                 Ritz Residual
--------------------------------------------------------------------------------
   1.155238e+00 + i   0.000000e+00        2.918056e-06

================================================================================

  
AztecOO solver converged on m = 1 RHSs using 18 cumulative iterations for an average of 18 iterations/RHS and total CPU time of 0.250382 sec.
================================================================================

                         BlockKrylovSchur Solver Status

The solver is initialized.
The number of iterations performed is 33
The block size is         1
The number of blocks is   20
The current basis size is 13
The number of auxiliary vectors is 0
The number of operations Op*x   is 33

CURRENT RITZ VALUES             
              Ritz Value                 Ritz Residual
--------------------------------------------------------------------------------
   1.155239e+00 + i   0.000000e+00        1.987911e-06

================================================================================

  
AztecOO solver converged on m = 1 RHSs using 18 cumulative iterations for an average of 18 iterations/RHS and total CPU time of 0.25065 sec.
================================================================================

                         BlockKrylovSchur Solver Status

The solver is initialized.
The number of iterations performed is 34
The block size is         1
The number of blocks is   20
The current basis size is 14
The number of auxiliary vectors is 0
The number of operations Op*x   is 34

CURRENT RITZ VALUES             
              Ritz Value                 Ritz Residual
--------------------------------------------------------------------------------
   1.155238e+00 + i   0.000000e+00        1.195821e-06

================================================================================

  
AztecOO solver converged on m = 1 RHSs using 18 cumulative iterations for an average of 18 iterations/RHS and total CPU time of 0.250641 sec.
================================================================================

                         BlockKrylovSchur Solver Status

The solver is initialized.
The number of iterations performed is 35
The block size is         1
The number of blocks is   20
The current basis size is 15
The number of auxiliary vectors is 0
The number of operations Op*x   is 35

CURRENT RITZ VALUES             
              Ritz Value                 Ritz Residual
--------------------------------------------------------------------------------
   1.155239e+00 + i   0.000000e+00        8.719820e-07

================================================================================

>>> Preparing to do SILO output to 1 concurrent files.

===================
Final Timing Report
===================

                                 Routine   Max Fraction   Min Fraction
======================================================================
                         Mesh_generation     2.8458e-04     2.8458e-04
                                  Output     7.8936e-04     7.8936e-04
                                   Setup     8.5873e-01     8.5873e-01
                               Transport     1.4042e-01     1.4042e-01
                           XS_generation     6.4415e-01     6.4415e-01
======================================================================

Total execution time : 6.3233e+01 seconds.
