===============================
Denovo-Neutronics, CASL VERA-CS
(C) ORNL, Batelle, 2007-2012
-------------------------------
Release      :    denovo-3_0_0
Release date :      3-MAR-2011
Build date   :        20130523
===============================
WARNING: Dancoff Factors are disabled!!
>>> Building/partitioning mesh
>>> Setting up cross section builder
>>> Building the cross sections
MCLS ILUT: Generating ILUT Factorization
MCLS ILUT: Inverting ILUT Factorization
MCLS ILUT: Complete in 428.37 seconds.
************************************************************

Database for Neutronics_PL->INSILICO has:
        15 integer entries
         4 double entries
        11 bool entries
         8 string entries
         0 vector<int> entries
         2 vector<double> entries
         5 nested database entries

============================================================
Entries in                  Neutronics_PL->INSILICO database
============================================================
integer entries
------------------------------------------------------------
                           Pn_order                        1
                          SPN_order                        1
                cell_broadcast_size                      289
                          dimension                        3
                        first_group                        0
                         last_group                        1
                            max_itr                      100
                               mesh                        2
                     neutron_groups                        2
                       num_blocks_i                        1
                       num_blocks_j                        1
                         num_groups                        2
                           num_sets                        1
                       num_z_blocks                        1
                      photon_groups                        0

double entries
------------------------------------------------------------
                     axial_geom_eps                     0.01
                        max_delta_z                       30
                    radial_geom_eps                   0.0001
                          tolerance                    1e-06

bool entries
------------------------------------------------------------
                            adjoint                        0
                    cell_homogenize                        1
                 create_unique_pins                        0
                          do_output                        1
                       do_transport                        1
                        downscatter                        0
                iterate_downscatter                        0
                partition_upscatter                        0
                 spn_block_matrices                        0
               store_fulcrum_string                        1
                       use_symmetry                        1

string entries
------------------------------------------------------------
                           boundary                  reflect
                       eigen_solver                  arnoldi
                             eq_set                   spn_fv
                        mat_library            casl_comp.sh5
                          mg_solver                   krylov
                       problem_name               neutronics
                       problem_type               EIGENVALUE
                         xs_librarylib252_HetBondOneAbs-NoAbsSigP

vector<double> entries                (number of elements)
------------------------------------------------------------
                        neutron_bnd                        3
                     new_grp_bounds                        2

============================================================
Entries in                                 boundary database
============================================================
vector<int> entries                   (number of elements)
------------------------------------------------------------
                            reflect                        6

============================================================
Entries in                            eigenvalue_db database
============================================================
integer entries
------------------------------------------------------------
                         Block Size                        1
                   diagnostic_level                        2
                           subspace                       20

double entries
------------------------------------------------------------
              Convergence Tolerance                    1e-06
                       L2_tolerance                    1e-05

string entries
------------------------------------------------------------
                        eigensolver                  Arnoldi

============================================================
Entries in                               quadrature database
============================================================
integer entries
------------------------------------------------------------
                           Pn_order                        1
                  azimuthals_octant                        8
                      polars_octant                        6

bool entries
------------------------------------------------------------
                            adjoint                        0

string entries
------------------------------------------------------------
                          quad_type                       qr

============================================================
Entries in                                  silo_db database
============================================================
bool entries
------------------------------------------------------------
                       mixing_table                        0

string entries
------------------------------------------------------------
                        silo_output                       p3

============================================================
Entries in                             upscatter_db database
============================================================
integer entries
------------------------------------------------------------
                         aztec_diag                        0
                       aztec_output                        0

double entries
------------------------------------------------------------
                          tolerance                    1e-05

************************************************************
=================================
     GLOBAL MESH DESCRIPTION     
=================================
num cells I                    18
num cells J                    18
num cells K                    62
I-Partitions                    1
J-Partitions                    1
K-Blocks                        1
---------------------------------
Num blocks                      1
Num cells                   20088
=================================
      MATERIAL DESCRIPTION       
=================================
Clean materials                34
Mixed materials              3981
=================================
 MULTILEVEL ENERGY DECOMPOSITION 
=================================
num groups                      2
num solved groups               2
num upscatter groups            2
---------------------------------
num sets                        1
num replicated groups           0
num decomposed groups           2
---------------------------------
Domains (blocks X sets)         1
=================================
       MEMORY  ALLOCATIONS       
=================================
state                       40176
(GB)                   2.9933e-04
DoF                         40176
(GB)                   2.9933e-04
=================================
>>> Running the transport calculation
================================================================================

                         BlockKrylovSchur Solver Status

The solver is initialized.
The number of iterations performed is 0
The block size is         1
The number of blocks is   20
The current basis size is 0
The number of auxiliary vectors is 0
The number of operations Op*x   is 0

CURRENT RITZ VALUES             
   [ NONE COMPUTED ]

================================================================================

COMPOSITE SIZE 6303
MCSA / Minimal Residual Iteration 10: Residual = 2.709244e-05
MCSA / Minimal Residual Iteration 20: Residual = 9.450155e-08
MCSA / Minimal Residual Iteration 24: Residual = 6.264722e-09
MCLS solver "MCLS::MCSASolverManager<Epetra_Vector, Epetra_RowMatrix>" returned a solve status of "SOLVE_STATUS_CONVERGED" for 1RHSs using 24 cumulative iterations for an average of 24 iterations/RHS and with total CPU time of 311.828 sec.
================================================================================

                         BlockKrylovSchur Solver Status

The solver is initialized.
The number of iterations performed is 1
The block size is         1
The number of blocks is   20
The current basis size is 1
The number of auxiliary vectors is 0
The number of operations Op*x   is 1

CURRENT RITZ VALUES             
              Ritz Value                 Ritz Residual
--------------------------------------------------------------------------------
   3.545754e+00 + i   0.000000e+00        3.747155e+00

================================================================================

MCSA / Minimal Residual Iteration 10: Residual = 7.020774e-05
MCSA / Minimal Residual Iteration 20: Residual = 6.341312e-08
MCSA / Minimal Residual Iteration 24: Residual = 6.725900e-09
MCLS solver "MCLS::MCSASolverManager<Epetra_Vector, Epetra_RowMatrix>" returned a solve status of "SOLVE_STATUS_CONVERGED" for 1RHSs using 24 cumulative iterations for an average of 24 iterations/RHS and with total CPU time of 6.49796 sec.
================================================================================

                         BlockKrylovSchur Solver Status

The solver is initialized.
The number of iterations performed is 2
The block size is         1
The number of blocks is   20
The current basis size is 2
The number of auxiliary vectors is 0
The number of operations Op*x   is 2

CURRENT RITZ VALUES             
              Ritz Value                 Ritz Residual
--------------------------------------------------------------------------------
   1.101894e+00 + i   0.000000e+00        4.678722e-02

================================================================================

MCSA / Minimal Residual Iteration 10: Residual = 5.242929e-05
MCSA / Minimal Residual Iteration 20: Residual = 1.030782e-07
MCSA / Minimal Residual Iteration 24: Residual = 8.405815e-09
MCLS solver "MCLS::MCSASolverManager<Epetra_Vector, Epetra_RowMatrix>" returned a solve status of "SOLVE_STATUS_CONVERGED" for 1RHSs using 24 cumulative iterations for an average of 24 iterations/RHS and with total CPU time of 6.46439 sec.
================================================================================

                         BlockKrylovSchur Solver Status

The solver is initialized.
The number of iterations performed is 3
The block size is         1
The number of blocks is   20
The current basis size is 3
The number of auxiliary vectors is 0
The number of operations Op*x   is 3

CURRENT RITZ VALUES             
              Ritz Value                 Ritz Residual
--------------------------------------------------------------------------------
   1.153808e+00 + i   0.000000e+00        2.377374e-02

================================================================================

MCSA / Minimal Residual Iteration 10: Residual = 6.921739e-05
MCSA / Minimal Residual Iteration 20: Residual = 6.012567e-08
MCSA / Minimal Residual Iteration 24: Residual = 6.110680e-09
MCLS solver "MCLS::MCSASolverManager<Epetra_Vector, Epetra_RowMatrix>" returned a solve status of "SOLVE_STATUS_CONVERGED" for 1RHSs using 24 cumulative iterations for an average of 24 iterations/RHS and with total CPU time of 6.38818 sec.
================================================================================

                         BlockKrylovSchur Solver Status

The solver is initialized.
The number of iterations performed is 4
The block size is         1
The number of blocks is   20
The current basis size is 4
The number of auxiliary vectors is 0
The number of operations Op*x   is 4

CURRENT RITZ VALUES             
              Ritz Value                 Ritz Residual
--------------------------------------------------------------------------------
   1.154791e+00 + i   0.000000e+00        1.654478e-02

================================================================================

MCSA / Minimal Residual Iteration 10: Residual = 3.211049e-05
MCSA / Minimal Residual Iteration 20: Residual = 3.292320e-08
MCSA / Minimal Residual Iteration 22: Residual = 8.721754e-09
MCLS solver "MCLS::MCSASolverManager<Epetra_Vector, Epetra_RowMatrix>" returned a solve status of "SOLVE_STATUS_CONVERGED" for 1RHSs using 22 cumulative iterations for an average of 22 iterations/RHS and with total CPU time of 5.89833 sec.
================================================================================

                         BlockKrylovSchur Solver Status

The solver is initialized.
The number of iterations performed is 5
The block size is         1
The number of blocks is   20
The current basis size is 5
The number of auxiliary vectors is 0
The number of operations Op*x   is 5

CURRENT RITZ VALUES             
              Ritz Value                 Ritz Residual
--------------------------------------------------------------------------------
   1.151646e+00 + i   0.000000e+00        1.536017e-02

================================================================================

MCSA / Minimal Residual Iteration 10: Residual = 7.024564e-06
MCSA / Minimal Residual Iteration 20: Residual = 1.811839e-08
MCSA / Minimal Residual Iteration 21: Residual = 6.094761e-09
MCLS solver "MCLS::MCSASolverManager<Epetra_Vector, Epetra_RowMatrix>" returned a solve status of "SOLVE_STATUS_CONVERGED" for 1RHSs using 21 cumulative iterations for an average of 21 iterations/RHS and with total CPU time of 5.60673 sec.
================================================================================

                         BlockKrylovSchur Solver Status

The solver is initialized.
The number of iterations performed is 6
The block size is         1
The number of blocks is   20
The current basis size is 6
The number of auxiliary vectors is 0
The number of operations Op*x   is 6

CURRENT RITZ VALUES             
              Ritz Value                 Ritz Residual
--------------------------------------------------------------------------------
   1.153849e+00 + i   0.000000e+00        1.193566e-02

================================================================================

MCSA / Minimal Residual Iteration 10: Residual = 4.162844e-05
MCSA / Minimal Residual Iteration 20: Residual = 3.962804e-08
MCSA / Minimal Residual Iteration 22: Residual = 6.057376e-09
MCLS solver "MCLS::MCSASolverManager<Epetra_Vector, Epetra_RowMatrix>" returned a solve status of "SOLVE_STATUS_CONVERGED" for 1RHSs using 22 cumulative iterations for an average of 22 iterations/RHS and with total CPU time of 5.86772 sec.
================================================================================

                         BlockKrylovSchur Solver Status

The solver is initialized.
The number of iterations performed is 7
The block size is         1
The number of blocks is   20
The current basis size is 7
The number of auxiliary vectors is 0
The number of operations Op*x   is 7

CURRENT RITZ VALUES             
              Ritz Value                 Ritz Residual
--------------------------------------------------------------------------------
   1.154413e+00 + i   0.000000e+00        9.193507e-03

================================================================================

MCSA / Minimal Residual Iteration 10: Residual = 3.962930e-05
MCSA / Minimal Residual Iteration 20: Residual = 2.562465e-08
MCSA / Minimal Residual Iteration 22: Residual = 8.261287e-09
MCLS solver "MCLS::MCSASolverManager<Epetra_Vector, Epetra_RowMatrix>" returned a solve status of "SOLVE_STATUS_CONVERGED" for 1RHSs using 22 cumulative iterations for an average of 22 iterations/RHS and with total CPU time of 5.8736 sec.
================================================================================

                         BlockKrylovSchur Solver Status

The solver is initialized.
The number of iterations performed is 8
The block size is         1
The number of blocks is   20
The current basis size is 8
The number of auxiliary vectors is 0
The number of operations Op*x   is 8

CURRENT RITZ VALUES             
              Ritz Value                 Ritz Residual
--------------------------------------------------------------------------------
   1.155108e+00 + i   0.000000e+00        8.194693e-03

================================================================================

MCSA / Minimal Residual Iteration 10: Residual = 4.810075e-06
MCSA / Minimal Residual Iteration 19: Residual = 8.968926e-09
MCLS solver "MCLS::MCSASolverManager<Epetra_Vector, Epetra_RowMatrix>" returned a solve status of "SOLVE_STATUS_CONVERGED" for 1RHSs using 19 cumulative iterations for an average of 19 iterations/RHS and with total CPU time of 5.10623 sec.
================================================================================

                         BlockKrylovSchur Solver Status

The solver is initialized.
The number of iterations performed is 9
The block size is         1
The number of blocks is   20
The current basis size is 9
The number of auxiliary vectors is 0
The number of operations Op*x   is 9

CURRENT RITZ VALUES             
              Ritz Value                 Ritz Residual
--------------------------------------------------------------------------------
   1.154455e+00 + i   0.000000e+00        7.206746e-03

================================================================================

MCSA / Minimal Residual Iteration 10: Residual = 6.869610e-06
MCSA / Minimal Residual Iteration 20: Residual = 1.283614e-08
MCSA / Minimal Residual Iteration 21: Residual = 6.900327e-09
MCLS solver "MCLS::MCSASolverManager<Epetra_Vector, Epetra_RowMatrix>" returned a solve status of "SOLVE_STATUS_CONVERGED" for 1RHSs using 21 cumulative iterations for an average of 21 iterations/RHS and with total CPU time of 5.61475 sec.
================================================================================

                         BlockKrylovSchur Solver Status

The solver is initialized.
The number of iterations performed is 10
The block size is         1
The number of blocks is   20
The current basis size is 10
The number of auxiliary vectors is 0
The number of operations Op*x   is 10

CURRENT RITZ VALUES             
              Ritz Value                 Ritz Residual
--------------------------------------------------------------------------------
   1.154630e+00 + i   0.000000e+00        5.866516e-03

================================================================================

MCSA / Minimal Residual Iteration 10: Residual = 2.278788e-05
MCSA / Minimal Residual Iteration 20: Residual = 5.290113e-08
MCSA / Minimal Residual Iteration 24: Residual = 7.117190e-09
MCLS solver "MCLS::MCSASolverManager<Epetra_Vector, Epetra_RowMatrix>" returned a solve status of "SOLVE_STATUS_CONVERGED" for 1RHSs using 24 cumulative iterations for an average of 24 iterations/RHS and with total CPU time of 6.32945 sec.
================================================================================

                         BlockKrylovSchur Solver Status

The solver is initialized.
The number of iterations performed is 11
The block size is         1
The number of blocks is   20
The current basis size is 11
The number of auxiliary vectors is 0
The number of operations Op*x   is 11

CURRENT RITZ VALUES             
              Ritz Value                 Ritz Residual
--------------------------------------------------------------------------------
   1.155644e+00 + i   0.000000e+00        4.914498e-03

================================================================================

MCSA / Minimal Residual Iteration 10: Residual = 1.522440e-05
MCSA / Minimal Residual Iteration 20: Residual = 1.633776e-08
MCSA / Minimal Residual Iteration 22: Residual = 4.999382e-09
MCLS solver "MCLS::MCSASolverManager<Epetra_Vector, Epetra_RowMatrix>" returned a solve status of "SOLVE_STATUS_CONVERGED" for 1RHSs using 22 cumulative iterations for an average of 22 iterations/RHS and with total CPU time of 5.85661 sec.
================================================================================

                         BlockKrylovSchur Solver Status

The solver is initialized.
The number of iterations performed is 12
The block size is         1
The number of blocks is   20
The current basis size is 12
The number of auxiliary vectors is 0
The number of operations Op*x   is 12

CURRENT RITZ VALUES             
              Ritz Value                 Ritz Residual
--------------------------------------------------------------------------------
   1.154881e+00 + i   0.000000e+00        4.130167e-03

================================================================================

MCSA / Minimal Residual Iteration 10: Residual = 6.378218e-06
MCSA / Minimal Residual Iteration 20: Residual = 1.732251e-08
MCSA / Minimal Residual Iteration 22: Residual = 8.180649e-09
MCLS solver "MCLS::MCSASolverManager<Epetra_Vector, Epetra_RowMatrix>" returned a solve status of "SOLVE_STATUS_CONVERGED" for 1RHSs using 22 cumulative iterations for an average of 22 iterations/RHS and with total CPU time of 5.87213 sec.
================================================================================

                         BlockKrylovSchur Solver Status

The solver is initialized.
The number of iterations performed is 13
The block size is         1
The number of blocks is   20
The current basis size is 13
The number of auxiliary vectors is 0
The number of operations Op*x   is 13

CURRENT RITZ VALUES             
              Ritz Value                 Ritz Residual
--------------------------------------------------------------------------------
   1.154926e+00 + i   0.000000e+00        3.536456e-03

================================================================================

MCSA / Minimal Residual Iteration 10: Residual = 2.636070e-05
MCSA / Minimal Residual Iteration 20: Residual = 3.632352e-08
MCSA / Minimal Residual Iteration 22: Residual = 7.803144e-09
MCLS solver "MCLS::MCSASolverManager<Epetra_Vector, Epetra_RowMatrix>" returned a solve status of "SOLVE_STATUS_CONVERGED" for 1RHSs using 22 cumulative iterations for an average of 22 iterations/RHS and with total CPU time of 5.82445 sec.
================================================================================

                         BlockKrylovSchur Solver Status

The solver is initialized.
The number of iterations performed is 14
The block size is         1
The number of blocks is   20
The current basis size is 14
The number of auxiliary vectors is 0
The number of operations Op*x   is 14

CURRENT RITZ VALUES             
              Ritz Value                 Ritz Residual
--------------------------------------------------------------------------------
   1.155546e+00 + i   0.000000e+00        2.537777e-03

================================================================================

MCSA / Minimal Residual Iteration 10: Residual = 1.039786e-05
MCSA / Minimal Residual Iteration 20: Residual = 1.387702e-08
MCSA / Minimal Residual Iteration 21: Residual = 8.325999e-09
MCLS solver "MCLS::MCSASolverManager<Epetra_Vector, Epetra_RowMatrix>" returned a solve status of "SOLVE_STATUS_CONVERGED" for 1RHSs using 21 cumulative iterations for an average of 21 iterations/RHS and with total CPU time of 5.61299 sec.
================================================================================

                         BlockKrylovSchur Solver Status

The solver is initialized.
The number of iterations performed is 15
The block size is         1
The number of blocks is   20
The current basis size is 15
The number of auxiliary vectors is 0
The number of operations Op*x   is 15

CURRENT RITZ VALUES             
              Ritz Value                 Ritz Residual
--------------------------------------------------------------------------------
   1.155150e+00 + i   0.000000e+00        1.704971e-03

================================================================================

MCSA / Minimal Residual Iteration 10: Residual = 3.433704e-05
MCSA / Minimal Residual Iteration 20: Residual = 3.470349e-08
MCSA / Minimal Residual Iteration 22: Residual = 6.649124e-09
MCLS solver "MCLS::MCSASolverManager<Epetra_Vector, Epetra_RowMatrix>" returned a solve status of "SOLVE_STATUS_CONVERGED" for 1RHSs using 22 cumulative iterations for an average of 22 iterations/RHS and with total CPU time of 5.87004 sec.
================================================================================

                         BlockKrylovSchur Solver Status

The solver is initialized.
The number of iterations performed is 16
The block size is         1
The number of blocks is   20
The current basis size is 16
The number of auxiliary vectors is 0
The number of operations Op*x   is 16

CURRENT RITZ VALUES             
              Ritz Value                 Ritz Residual
--------------------------------------------------------------------------------
   1.155143e+00 + i   0.000000e+00        1.086035e-03

================================================================================

MCSA / Minimal Residual Iteration 10: Residual = 4.608812e-06
MCSA / Minimal Residual Iteration 20: Residual = 2.446071e-08
MCSA / Minimal Residual Iteration 21: Residual = 9.256091e-09
MCLS solver "MCLS::MCSASolverManager<Epetra_Vector, Epetra_RowMatrix>" returned a solve status of "SOLVE_STATUS_CONVERGED" for 1RHSs using 21 cumulative iterations for an average of 21 iterations/RHS and with total CPU time of 5.63572 sec.
================================================================================

                         BlockKrylovSchur Solver Status

The solver is initialized.
The number of iterations performed is 17
The block size is         1
The number of blocks is   20
The current basis size is 17
The number of auxiliary vectors is 0
The number of operations Op*x   is 17

CURRENT RITZ VALUES             
              Ritz Value                 Ritz Residual
--------------------------------------------------------------------------------
   1.155295e+00 + i   0.000000e+00        5.430474e-04

================================================================================

MCSA / Minimal Residual Iteration 10: Residual = 1.592691e-05
MCSA / Minimal Residual Iteration 20: Residual = 2.595551e-08
MCSA / Minimal Residual Iteration 22: Residual = 5.999926e-09
MCLS solver "MCLS::MCSASolverManager<Epetra_Vector, Epetra_RowMatrix>" returned a solve status of "SOLVE_STATUS_CONVERGED" for 1RHSs using 22 cumulative iterations for an average of 22 iterations/RHS and with total CPU time of 5.88723 sec.
================================================================================

                         BlockKrylovSchur Solver Status

The solver is initialized.
The number of iterations performed is 18
The block size is         1
The number of blocks is   20
The current basis size is 18
The number of auxiliary vectors is 0
The number of operations Op*x   is 18

CURRENT RITZ VALUES             
              Ritz Value                 Ritz Residual
--------------------------------------------------------------------------------
   1.155238e+00 + i   0.000000e+00        2.269339e-04

================================================================================

MCSA / Minimal Residual Iteration 10: Residual = 1.533320e-05
MCSA / Minimal Residual Iteration 20: Residual = 2.288370e-08
MCSA / Minimal Residual Iteration 23: Residual = 4.161503e-09
MCLS solver "MCLS::MCSASolverManager<Epetra_Vector, Epetra_RowMatrix>" returned a solve status of "SOLVE_STATUS_CONVERGED" for 1RHSs using 23 cumulative iterations for an average of 23 iterations/RHS and with total CPU time of 6.09046 sec.
================================================================================

                         BlockKrylovSchur Solver Status

The solver is initialized.
The number of iterations performed is 19
The block size is         1
The number of blocks is   20
The current basis size is 19
The number of auxiliary vectors is 0
The number of operations Op*x   is 19

CURRENT RITZ VALUES             
              Ritz Value                 Ritz Residual
--------------------------------------------------------------------------------
   1.155228e+00 + i   0.000000e+00        9.442435e-05

================================================================================

MCSA / Minimal Residual Iteration 10: Residual = 1.103866e-05
MCSA / Minimal Residual Iteration 20: Residual = 1.560083e-08
MCSA / Minimal Residual Iteration 21: Residual = 7.874545e-09
MCLS solver "MCLS::MCSASolverManager<Epetra_Vector, Epetra_RowMatrix>" returned a solve status of "SOLVE_STATUS_CONVERGED" for 1RHSs using 21 cumulative iterations for an average of 21 iterations/RHS and with total CPU time of 5.5345 sec.
================================================================================

                         BlockKrylovSchur Solver Status

The solver is initialized.
The number of iterations performed is 20
The block size is         1
The number of blocks is   20
The current basis size is 20
The number of auxiliary vectors is 0
The number of operations Op*x   is 20

CURRENT RITZ VALUES             
              Ritz Value                 Ritz Residual
--------------------------------------------------------------------------------
   1.155240e+00 + i   0.000000e+00        2.914371e-05

================================================================================

MCSA / Minimal Residual Iteration 10: Residual = 3.075882e-06
MCSA / Minimal Residual Iteration 18: Residual = 9.857708e-09
MCLS solver "MCLS::MCSASolverManager<Epetra_Vector, Epetra_RowMatrix>" returned a solve status of "SOLVE_STATUS_CONVERGED" for 1RHSs using 18 cumulative iterations for an average of 18 iterations/RHS and with total CPU time of 4.77069 sec.
================================================================================

                         BlockKrylovSchur Solver Status

The solver is initialized.
The number of iterations performed is 21
The block size is         1
The number of blocks is   20
The current basis size is 21
The number of auxiliary vectors is 0
The number of operations Op*x   is 21

CURRENT RITZ VALUES             
              Ritz Value                 Ritz Residual
--------------------------------------------------------------------------------
   1.155239e+00 + i   0.000000e+00        1.004184e-05

================================================================================

================================================================================

                         BlockKrylovSchur Solver Status

The solver is initialized.
The number of iterations performed is 21
The block size is         1
The number of blocks is   20
The current basis size is 1
The number of auxiliary vectors is 0
The number of operations Op*x   is 21

CURRENT RITZ VALUES             
              Ritz Value                 Ritz Residual
--------------------------------------------------------------------------------
   1.155239e+00 + i   0.000000e+00        1.004184e-05

================================================================================

MCSA / Minimal Residual Iteration 10: Residual = 1.224624e-05
MCSA / Minimal Residual Iteration 20: Residual = 2.325244e-08
MCSA / Minimal Residual Iteration 23: Residual = 3.310096e-09
MCLS solver "MCLS::MCSASolverManager<Epetra_Vector, Epetra_RowMatrix>" returned a solve status of "SOLVE_STATUS_CONVERGED" for 1RHSs using 23 cumulative iterations for an average of 23 iterations/RHS and with total CPU time of 6.05581 sec.
================================================================================

                         BlockKrylovSchur Solver Status

The solver is initialized.
The number of iterations performed is 22
The block size is         1
The number of blocks is   20
The current basis size is 2
The number of auxiliary vectors is 0
The number of operations Op*x   is 22

CURRENT RITZ VALUES             
              Ritz Value                 Ritz Residual
--------------------------------------------------------------------------------
   1.155238e+00 + i   0.000000e+00        5.217515e-06

================================================================================

MCSA / Minimal Residual Iteration 10: Residual = 6.749366e-05
MCSA / Minimal Residual Iteration 20: Residual = 1.050323e-07
MCSA / Minimal Residual Iteration 24: Residual = 3.247577e-09
MCLS solver "MCLS::MCSASolverManager<Epetra_Vector, Epetra_RowMatrix>" returned a solve status of "SOLVE_STATUS_CONVERGED" for 1RHSs using 24 cumulative iterations for an average of 24 iterations/RHS and with total CPU time of 6.29968 sec.
================================================================================

                         BlockKrylovSchur Solver Status

The solver is initialized.
The number of iterations performed is 23
The block size is         1
The number of blocks is   20
The current basis size is 3
The number of auxiliary vectors is 0
The number of operations Op*x   is 23

CURRENT RITZ VALUES             
              Ritz Value                 Ritz Residual
--------------------------------------------------------------------------------
   1.155240e+00 + i   0.000000e+00        4.231554e-06

================================================================================

MCSA / Minimal Residual Iteration 10: Residual = 1.228918e-04
MCSA / Minimal Residual Iteration 20: Residual = 3.038538e-07
MCSA / Minimal Residual Iteration 25: Residual = 7.237691e-09
MCLS solver "MCLS::MCSASolverManager<Epetra_Vector, Epetra_RowMatrix>" returned a solve status of "SOLVE_STATUS_CONVERGED" for 1RHSs using 25 cumulative iterations for an average of 25 iterations/RHS and with total CPU time of 6.56926 sec.
================================================================================

                         BlockKrylovSchur Solver Status

The solver is initialized.
The number of iterations performed is 24
The block size is         1
The number of blocks is   20
The current basis size is 4
The number of auxiliary vectors is 0
The number of operations Op*x   is 24

CURRENT RITZ VALUES             
              Ritz Value                 Ritz Residual
--------------------------------------------------------------------------------
   1.155237e+00 + i   0.000000e+00        4.490203e-06

================================================================================

MCSA / Minimal Residual Iteration 10: Residual = 1.864289e-05
MCSA / Minimal Residual Iteration 20: Residual = 5.963788e-08
MCSA / Minimal Residual Iteration 23: Residual = 4.843868e-09
MCLS solver "MCLS::MCSASolverManager<Epetra_Vector, Epetra_RowMatrix>" returned a solve status of "SOLVE_STATUS_CONVERGED" for 1RHSs using 23 cumulative iterations for an average of 23 iterations/RHS and with total CPU time of 6.04583 sec.
================================================================================

                         BlockKrylovSchur Solver Status

The solver is initialized.
The number of iterations performed is 25
The block size is         1
The number of blocks is   20
The current basis size is 5
The number of auxiliary vectors is 0
The number of operations Op*x   is 25

CURRENT RITZ VALUES             
              Ritz Value                 Ritz Residual
--------------------------------------------------------------------------------
   1.155239e+00 + i   0.000000e+00        3.206380e-06

================================================================================

MCSA / Minimal Residual Iteration 10: Residual = 4.157238e-05
MCSA / Minimal Residual Iteration 20: Residual = 6.416631e-08
MCSA / Minimal Residual Iteration 24: Residual = 7.810135e-09
MCLS solver "MCLS::MCSASolverManager<Epetra_Vector, Epetra_RowMatrix>" returned a solve status of "SOLVE_STATUS_CONVERGED" for 1RHSs using 24 cumulative iterations for an average of 24 iterations/RHS and with total CPU time of 6.32015 sec.
================================================================================

                         BlockKrylovSchur Solver Status

The solver is initialized.
The number of iterations performed is 26
The block size is         1
The number of blocks is   20
The current basis size is 6
The number of auxiliary vectors is 0
The number of operations Op*x   is 26

CURRENT RITZ VALUES             
              Ritz Value                 Ritz Residual
--------------------------------------------------------------------------------
   1.155238e+00 + i   0.000000e+00        4.161824e-06

================================================================================

MCSA / Minimal Residual Iteration 10: Residual = 5.570383e-05
MCSA / Minimal Residual Iteration 20: Residual = 8.545006e-08
MCSA / Minimal Residual Iteration 24: Residual = 6.880221e-09
MCLS solver "MCLS::MCSASolverManager<Epetra_Vector, Epetra_RowMatrix>" returned a solve status of "SOLVE_STATUS_CONVERGED" for 1RHSs using 24 cumulative iterations for an average of 24 iterations/RHS and with total CPU time of 6.31347 sec.
================================================================================

                         BlockKrylovSchur Solver Status

The solver is initialized.
The number of iterations performed is 27
The block size is         1
The number of blocks is   20
The current basis size is 7
The number of auxiliary vectors is 0
The number of operations Op*x   is 27

CURRENT RITZ VALUES             
              Ritz Value                 Ritz Residual
--------------------------------------------------------------------------------
   1.155239e+00 + i   0.000000e+00        3.888584e-06

================================================================================

MCSA / Minimal Residual Iteration 10: Residual = 4.227014e-05
MCSA / Minimal Residual Iteration 20: Residual = 9.337863e-08
MCSA / Minimal Residual Iteration 24: Residual = 5.517249e-09
MCLS solver "MCLS::MCSASolverManager<Epetra_Vector, Epetra_RowMatrix>" returned a solve status of "SOLVE_STATUS_CONVERGED" for 1RHSs using 24 cumulative iterations for an average of 24 iterations/RHS and with total CPU time of 6.36449 sec.
================================================================================

                         BlockKrylovSchur Solver Status

The solver is initialized.
The number of iterations performed is 28
The block size is         1
The number of blocks is   20
The current basis size is 8
The number of auxiliary vectors is 0
The number of operations Op*x   is 28

CURRENT RITZ VALUES             
              Ritz Value                 Ritz Residual
--------------------------------------------------------------------------------
   1.155238e+00 + i   0.000000e+00        2.429099e-06

================================================================================

MCSA / Minimal Residual Iteration 10: Residual = 7.946061e-05
MCSA / Minimal Residual Iteration 20: Residual = 9.753760e-08
MCSA / Minimal Residual Iteration 24: Residual = 5.035838e-09
MCLS solver "MCLS::MCSASolverManager<Epetra_Vector, Epetra_RowMatrix>" returned a solve status of "SOLVE_STATUS_CONVERGED" for 1RHSs using 24 cumulative iterations for an average of 24 iterations/RHS and with total CPU time of 6.35193 sec.
================================================================================

                         BlockKrylovSchur Solver Status

The solver is initialized.
The number of iterations performed is 29
The block size is         1
The number of blocks is   20
The current basis size is 9
The number of auxiliary vectors is 0
The number of operations Op*x   is 29

CURRENT RITZ VALUES             
              Ritz Value                 Ritz Residual
--------------------------------------------------------------------------------
   1.155239e+00 + i   0.000000e+00        2.403886e-06

================================================================================

MCSA / Minimal Residual Iteration 10: Residual = 2.108975e-05
MCSA / Minimal Residual Iteration 20: Residual = 1.639693e-08
MCSA / Minimal Residual Iteration 22: Residual = 3.175454e-09
MCLS solver "MCLS::MCSASolverManager<Epetra_Vector, Epetra_RowMatrix>" returned a solve status of "SOLVE_STATUS_CONVERGED" for 1RHSs using 22 cumulative iterations for an average of 22 iterations/RHS and with total CPU time of 5.87177 sec.
================================================================================

                         BlockKrylovSchur Solver Status

The solver is initialized.
The number of iterations performed is 30
The block size is         1
The number of blocks is   20
The current basis size is 10
The number of auxiliary vectors is 0
The number of operations Op*x   is 30

CURRENT RITZ VALUES             
              Ritz Value                 Ritz Residual
--------------------------------------------------------------------------------
   1.155238e+00 + i   0.000000e+00        2.342893e-06

================================================================================

MCSA / Minimal Residual Iteration 10: Residual = 6.481681e-06
MCSA / Minimal Residual Iteration 20: Residual = 1.315267e-08
MCSA / Minimal Residual Iteration 22: Residual = 5.718316e-09
MCLS solver "MCLS::MCSASolverManager<Epetra_Vector, Epetra_RowMatrix>" returned a solve status of "SOLVE_STATUS_CONVERGED" for 1RHSs using 22 cumulative iterations for an average of 22 iterations/RHS and with total CPU time of 5.85597 sec.
================================================================================

                         BlockKrylovSchur Solver Status

The solver is initialized.
The number of iterations performed is 31
The block size is         1
The number of blocks is   20
The current basis size is 11
The number of auxiliary vectors is 0
The number of operations Op*x   is 31

CURRENT RITZ VALUES             
              Ritz Value                 Ritz Residual
--------------------------------------------------------------------------------
   1.155239e+00 + i   0.000000e+00        3.045450e-06

================================================================================

MCSA / Minimal Residual Iteration 10: Residual = 9.227830e-06
MCSA / Minimal Residual Iteration 20: Residual = 7.556286e-09
MCLS solver "MCLS::MCSASolverManager<Epetra_Vector, Epetra_RowMatrix>" returned a solve status of "SOLVE_STATUS_CONVERGED" for 1RHSs using 20 cumulative iterations for an average of 20 iterations/RHS and with total CPU time of 5.36582 sec.
================================================================================

                         BlockKrylovSchur Solver Status

The solver is initialized.
The number of iterations performed is 32
The block size is         1
The number of blocks is   20
The current basis size is 12
The number of auxiliary vectors is 0
The number of operations Op*x   is 32

CURRENT RITZ VALUES             
              Ritz Value                 Ritz Residual
--------------------------------------------------------------------------------
   1.155238e+00 + i   0.000000e+00        2.918499e-06

================================================================================

MCSA / Minimal Residual Iteration 10: Residual = 1.505117e-05
MCSA / Minimal Residual Iteration 20: Residual = 1.846356e-08
MCSA / Minimal Residual Iteration 21: Residual = 8.442492e-09
MCLS solver "MCLS::MCSASolverManager<Epetra_Vector, Epetra_RowMatrix>" returned a solve status of "SOLVE_STATUS_CONVERGED" for 1RHSs using 21 cumulative iterations for an average of 21 iterations/RHS and with total CPU time of 5.70739 sec.
================================================================================

                         BlockKrylovSchur Solver Status

The solver is initialized.
The number of iterations performed is 33
The block size is         1
The number of blocks is   20
The current basis size is 13
The number of auxiliary vectors is 0
The number of operations Op*x   is 33

CURRENT RITZ VALUES             
              Ritz Value                 Ritz Residual
--------------------------------------------------------------------------------
   1.155239e+00 + i   0.000000e+00        1.988075e-06

================================================================================

MCSA / Minimal Residual Iteration 10: Residual = 1.185758e-05
MCSA / Minimal Residual Iteration 20: Residual = 3.792555e-08
MCSA / Minimal Residual Iteration 23: Residual = 4.264313e-09
MCLS solver "MCLS::MCSASolverManager<Epetra_Vector, Epetra_RowMatrix>" returned a solve status of "SOLVE_STATUS_CONVERGED" for 1RHSs using 23 cumulative iterations for an average of 23 iterations/RHS and with total CPU time of 6.14314 sec.
================================================================================

                         BlockKrylovSchur Solver Status

The solver is initialized.
The number of iterations performed is 34
The block size is         1
The number of blocks is   20
The current basis size is 14
The number of auxiliary vectors is 0
The number of operations Op*x   is 34

CURRENT RITZ VALUES             
              Ritz Value                 Ritz Residual
--------------------------------------------------------------------------------
   1.155238e+00 + i   0.000000e+00        1.195880e-06

================================================================================

MCSA / Minimal Residual Iteration 10: Residual = 7.859260e-05
MCSA / Minimal Residual Iteration 20: Residual = 1.268408e-07
MCSA / Minimal Residual Iteration 25: Residual = 5.161892e-09
MCLS solver "MCLS::MCSASolverManager<Epetra_Vector, Epetra_RowMatrix>" returned a solve status of "SOLVE_STATUS_CONVERGED" for 1RHSs using 25 cumulative iterations for an average of 25 iterations/RHS and with total CPU time of 6.72844 sec.
================================================================================

                         BlockKrylovSchur Solver Status

The solver is initialized.
The number of iterations performed is 35
The block size is         1
The number of blocks is   20
The current basis size is 15
The number of auxiliary vectors is 0
The number of operations Op*x   is 35

CURRENT RITZ VALUES             
              Ritz Value                 Ritz Residual
--------------------------------------------------------------------------------
   1.155239e+00 + i   0.000000e+00        8.720208e-07

================================================================================

>>> Preparing to do SILO output to 1 concurrent files.

===================
Final Timing Report
===================

                                 Routine   Max Fraction   Min Fraction
======================================================================
                         Mesh_generation     1.7511e-05     1.7511e-05
                                  Output     5.0607e-05     5.0607e-05
                                   Setup     4.8090e-01     4.8090e-01
                               Transport     5.1905e-01     5.1905e-01
                           XS_generation     4.1332e-02     4.1332e-02
======================================================================

Total execution time : 9.9136e+02 seconds.
