===============================
Denovo-Neutronics, CASL VERA-CS
(C) ORNL, Batelle, 2007-2012
-------------------------------
Release      :    denovo-3_0_0
Release date :      3-MAR-2011
Build date   :        20130523
===============================
WARNING: Dancoff Factors are disabled!!
>>> Building/partitioning mesh
>>> Setting up cross section builder
>>> Building the cross sections
MCLS PSILUT: Generating ILUT Factorization
MCLS PSILUT: Inverting ILUT Factorization
MCLS PSILUT: Building Composite Operator
MCLS PSILUT: Computing SPAINV Preconditioner
MCLS PSILUT: Building Composite Left Preconditioner
MCLS PSILUT: Complete in 585.549 seconds.
************************************************************

Database for Neutronics_PL->INSILICO has:
        15 integer entries
         4 double entries
        11 bool entries
         8 string entries
         0 vector<int> entries
         2 vector<double> entries
         5 nested database entries

============================================================
Entries in                  Neutronics_PL->INSILICO database
============================================================
integer entries
------------------------------------------------------------
                           Pn_order                        1
                          SPN_order                        1
                cell_broadcast_size                      289
                          dimension                        3
                        first_group                        0
                         last_group                        1
                            max_itr                      100
                               mesh                        2
                     neutron_groups                        2
                       num_blocks_i                        1
                       num_blocks_j                        1
                         num_groups                        2
                           num_sets                        1
                       num_z_blocks                        1
                      photon_groups                        0

double entries
------------------------------------------------------------
                     axial_geom_eps                     0.01
                        max_delta_z                       30
                    radial_geom_eps                   0.0001
                          tolerance                    1e-06

bool entries
------------------------------------------------------------
                            adjoint                        0
                    cell_homogenize                        1
                 create_unique_pins                        0
                          do_output                        1
                       do_transport                        1
                        downscatter                        0
                iterate_downscatter                        0
                partition_upscatter                        0
                 spn_block_matrices                        0
               store_fulcrum_string                        1
                       use_symmetry                        1

string entries
------------------------------------------------------------
                           boundary                  reflect
                       eigen_solver                  arnoldi
                             eq_set                   spn_fv
                        mat_library            casl_comp.sh5
                          mg_solver                   krylov
                       problem_name               neutronics
                       problem_type               EIGENVALUE
                         xs_librarylib252_HetBondOneAbs-NoAbsSigP

vector<double> entries                (number of elements)
------------------------------------------------------------
                        neutron_bnd                        3
                     new_grp_bounds                        2

============================================================
Entries in                                 boundary database
============================================================
vector<int> entries                   (number of elements)
------------------------------------------------------------
                            reflect                        6

============================================================
Entries in                            eigenvalue_db database
============================================================
integer entries
------------------------------------------------------------
                         Block Size                        1
                   diagnostic_level                        2
                           subspace                       20

double entries
------------------------------------------------------------
              Convergence Tolerance                    1e-06
                       L2_tolerance                    1e-05

string entries
------------------------------------------------------------
                        eigensolver                  Arnoldi

============================================================
Entries in                               quadrature database
============================================================
integer entries
------------------------------------------------------------
                           Pn_order                        1
                  azimuthals_octant                        8
                      polars_octant                        6

bool entries
------------------------------------------------------------
                            adjoint                        0

string entries
------------------------------------------------------------
                          quad_type                       qr

============================================================
Entries in                                  silo_db database
============================================================
bool entries
------------------------------------------------------------
                       mixing_table                        0

string entries
------------------------------------------------------------
                        silo_output                       p3

============================================================
Entries in                             upscatter_db database
============================================================
integer entries
------------------------------------------------------------
                         aztec_diag                        0
                       aztec_output                        0

double entries
------------------------------------------------------------
                          tolerance                    1e-05

************************************************************
=================================
     GLOBAL MESH DESCRIPTION     
=================================
num cells I                    18
num cells J                    18
num cells K                    62
I-Partitions                    1
J-Partitions                    1
K-Blocks                        1
---------------------------------
Num blocks                      1
Num cells                   20088
=================================
      MATERIAL DESCRIPTION       
=================================
Clean materials                34
Mixed materials              3981
=================================
 MULTILEVEL ENERGY DECOMPOSITION 
=================================
num groups                      2
num solved groups               2
num upscatter groups            2
---------------------------------
num sets                        1
num replicated groups           0
num decomposed groups           2
---------------------------------
Domains (blocks X sets)         1
=================================
       MEMORY  ALLOCATIONS       
=================================
state                       40176
(GB)                   2.9933e-04
DoF                         40176
(GB)                   2.9933e-04
=================================
>>> Running the transport calculation
================================================================================

                         BlockKrylovSchur Solver Status

The solver is initialized.
The number of iterations performed is 0
The block size is         1
The number of blocks is   20
The current basis size is 0
The number of auxiliary vectors is 0
The number of operations Op*x   is 0

CURRENT RITZ VALUES             
   [ NONE COMPUTED ]

================================================================================

COMPOSITE SIZE 5252
MCSA / Richardson Iteration 10: Residual = 3.626488e-03
MCSA / Richardson Iteration 20: Residual = 1.610330e-05
MCSA / Richardson Iteration 30: Residual = 4.334596e-08
MCSA / Richardson Iteration 33: Residual = 8.193303e-09
MCLS solver "MCLS::MCSASolverManager<Epetra_Vector, Epetra_RowMatrix>" returned a solve status of "SOLVE_STATUS_CONVERGED" for 1RHSs using 33 cumulative iterations for an average of 33 iterations/RHS and with total CPU time of 158.502 sec.
================================================================================

                         BlockKrylovSchur Solver Status

The solver is initialized.
The number of iterations performed is 1
The block size is         1
The number of blocks is   20
The current basis size is 1
The number of auxiliary vectors is 0
The number of operations Op*x   is 1

CURRENT RITZ VALUES             
              Ritz Value                 Ritz Residual
--------------------------------------------------------------------------------
   3.545754e+00 + i   0.000000e+00        3.747155e+00

================================================================================

MCSA / Richardson Iteration 10: Residual = 2.607912e-03
MCSA / Richardson Iteration 20: Residual = 6.448396e-06
MCSA / Richardson Iteration 30: Residual = 3.607986e-08
MCSA / Richardson Iteration 32: Residual = 9.947501e-09
MCLS solver "MCLS::MCSASolverManager<Epetra_Vector, Epetra_RowMatrix>" returned a solve status of "SOLVE_STATUS_CONVERGED" for 1RHSs using 32 cumulative iterations for an average of 32 iterations/RHS and with total CPU time of 7.30364 sec.
================================================================================

                         BlockKrylovSchur Solver Status

The solver is initialized.
The number of iterations performed is 2
The block size is         1
The number of blocks is   20
The current basis size is 2
The number of auxiliary vectors is 0
The number of operations Op*x   is 2

CURRENT RITZ VALUES             
              Ritz Value                 Ritz Residual
--------------------------------------------------------------------------------
   1.101894e+00 + i   0.000000e+00        4.678722e-02

================================================================================

MCSA / Richardson Iteration 10: Residual = 1.168606e-02
MCSA / Richardson Iteration 20: Residual = 3.504044e-05
MCSA / Richardson Iteration 30: Residual = 2.069066e-07
MCSA / Richardson Iteration 36: Residual = 6.548100e-09
MCLS solver "MCLS::MCSASolverManager<Epetra_Vector, Epetra_RowMatrix>" returned a solve status of "SOLVE_STATUS_CONVERGED" for 1RHSs using 36 cumulative iterations for an average of 36 iterations/RHS and with total CPU time of 8.1756 sec.
================================================================================

                         BlockKrylovSchur Solver Status

The solver is initialized.
The number of iterations performed is 3
The block size is         1
The number of blocks is   20
The current basis size is 3
The number of auxiliary vectors is 0
The number of operations Op*x   is 3

CURRENT RITZ VALUES             
              Ritz Value                 Ritz Residual
--------------------------------------------------------------------------------
   1.153808e+00 + i   0.000000e+00        2.377374e-02

================================================================================

MCSA / Richardson Iteration 10: Residual = 6.577980e-04
MCSA / Richardson Iteration 20: Residual = 4.286364e-06
MCSA / Richardson Iteration 30: Residual = 1.787835e-08
MCSA / Richardson Iteration 32: Residual = 5.742768e-09
MCLS solver "MCLS::MCSASolverManager<Epetra_Vector, Epetra_RowMatrix>" returned a solve status of "SOLVE_STATUS_CONVERGED" for 1RHSs using 32 cumulative iterations for an average of 32 iterations/RHS and with total CPU time of 7.14677 sec.
================================================================================

                         BlockKrylovSchur Solver Status

The solver is initialized.
The number of iterations performed is 4
The block size is         1
The number of blocks is   20
The current basis size is 4
The number of auxiliary vectors is 0
The number of operations Op*x   is 4

CURRENT RITZ VALUES             
              Ritz Value                 Ritz Residual
--------------------------------------------------------------------------------
   1.154791e+00 + i   0.000000e+00        1.654478e-02

================================================================================

MCSA / Richardson Iteration 10: Residual = 4.012994e-04
MCSA / Richardson Iteration 20: Residual = 1.876448e-06
MCSA / Richardson Iteration 29: Residual = 9.875696e-09
MCLS solver "MCLS::MCSASolverManager<Epetra_Vector, Epetra_RowMatrix>" returned a solve status of "SOLVE_STATUS_CONVERGED" for 1RHSs using 29 cumulative iterations for an average of 29 iterations/RHS and with total CPU time of 6.51964 sec.
================================================================================

                         BlockKrylovSchur Solver Status

The solver is initialized.
The number of iterations performed is 5
The block size is         1
The number of blocks is   20
The current basis size is 5
The number of auxiliary vectors is 0
The number of operations Op*x   is 5

CURRENT RITZ VALUES             
              Ritz Value                 Ritz Residual
--------------------------------------------------------------------------------
   1.151646e+00 + i   0.000000e+00        1.536017e-02

================================================================================

MCSA / Richardson Iteration 10: Residual = 3.386194e-04
MCSA / Richardson Iteration 20: Residual = 1.869005e-06
MCSA / Richardson Iteration 30: Residual = 7.999091e-09
MCLS solver "MCLS::MCSASolverManager<Epetra_Vector, Epetra_RowMatrix>" returned a solve status of "SOLVE_STATUS_CONVERGED" for 1RHSs using 30 cumulative iterations for an average of 30 iterations/RHS and with total CPU time of 6.77952 sec.
================================================================================

                         BlockKrylovSchur Solver Status

The solver is initialized.
The number of iterations performed is 6
The block size is         1
The number of blocks is   20
The current basis size is 6
The number of auxiliary vectors is 0
The number of operations Op*x   is 6

CURRENT RITZ VALUES             
              Ritz Value                 Ritz Residual
--------------------------------------------------------------------------------
   1.153849e+00 + i   0.000000e+00        1.193566e-02

================================================================================

MCSA / Richardson Iteration 10: Residual = 2.166109e-03
MCSA / Richardson Iteration 20: Residual = 1.067460e-05
MCSA / Richardson Iteration 30: Residual = 3.590125e-08
MCSA / Richardson Iteration 33: Residual = 7.184982e-09
MCLS solver "MCLS::MCSASolverManager<Epetra_Vector, Epetra_RowMatrix>" returned a solve status of "SOLVE_STATUS_CONVERGED" for 1RHSs using 33 cumulative iterations for an average of 33 iterations/RHS and with total CPU time of 7.52729 sec.
================================================================================

                         BlockKrylovSchur Solver Status

The solver is initialized.
The number of iterations performed is 7
The block size is         1
The number of blocks is   20
The current basis size is 7
The number of auxiliary vectors is 0
The number of operations Op*x   is 7

CURRENT RITZ VALUES             
              Ritz Value                 Ritz Residual
--------------------------------------------------------------------------------
   1.154413e+00 + i   0.000000e+00        9.193508e-03

================================================================================

MCSA / Richardson Iteration 10: Residual = 6.873374e-05
MCSA / Richardson Iteration 20: Residual = 2.051963e-07
MCSA / Richardson Iteration 26: Residual = 8.576853e-09
MCLS solver "MCLS::MCSASolverManager<Epetra_Vector, Epetra_RowMatrix>" returned a solve status of "SOLVE_STATUS_CONVERGED" for 1RHSs using 26 cumulative iterations for an average of 26 iterations/RHS and with total CPU time of 5.59776 sec.
================================================================================

                         BlockKrylovSchur Solver Status

The solver is initialized.
The number of iterations performed is 8
The block size is         1
The number of blocks is   20
The current basis size is 8
The number of auxiliary vectors is 0
The number of operations Op*x   is 8

CURRENT RITZ VALUES             
              Ritz Value                 Ritz Residual
--------------------------------------------------------------------------------
   1.155108e+00 + i   0.000000e+00        8.194692e-03

================================================================================

MCSA / Richardson Iteration 10: Residual = 5.925767e-04
MCSA / Richardson Iteration 20: Residual = 2.349405e-06
MCSA / Richardson Iteration 30: Residual = 8.310215e-09
MCLS solver "MCLS::MCSASolverManager<Epetra_Vector, Epetra_RowMatrix>" returned a solve status of "SOLVE_STATUS_CONVERGED" for 1RHSs using 30 cumulative iterations for an average of 30 iterations/RHS and with total CPU time of 6.77183 sec.
================================================================================

                         BlockKrylovSchur Solver Status

The solver is initialized.
The number of iterations performed is 9
The block size is         1
The number of blocks is   20
The current basis size is 9
The number of auxiliary vectors is 0
The number of operations Op*x   is 9

CURRENT RITZ VALUES             
              Ritz Value                 Ritz Residual
--------------------------------------------------------------------------------
   1.154455e+00 + i   0.000000e+00        7.206748e-03

================================================================================

MCSA / Richardson Iteration 10: Residual = 1.258095e-04
MCSA / Richardson Iteration 20: Residual = 2.263416e-08
MCSA / Richardson Iteration 21: Residual = 7.277033e-09
MCLS solver "MCLS::MCSASolverManager<Epetra_Vector, Epetra_RowMatrix>" returned a solve status of "SOLVE_STATUS_CONVERGED" for 1RHSs using 21 cumulative iterations for an average of 21 iterations/RHS and with total CPU time of 4.40918 sec.
================================================================================

                         BlockKrylovSchur Solver Status

The solver is initialized.
The number of iterations performed is 10
The block size is         1
The number of blocks is   20
The current basis size is 10
The number of auxiliary vectors is 0
The number of operations Op*x   is 10

CURRENT RITZ VALUES             
              Ritz Value                 Ritz Residual
--------------------------------------------------------------------------------
   1.154630e+00 + i   0.000000e+00        5.866514e-03

================================================================================

MCSA / Richardson Iteration 10: Residual = 1.973426e-03
MCSA / Richardson Iteration 20: Residual = 8.055343e-06
MCSA / Richardson Iteration 30: Residual = 3.433555e-08
MCSA / Richardson Iteration 33: Residual = 7.149944e-09
MCLS solver "MCLS::MCSASolverManager<Epetra_Vector, Epetra_RowMatrix>" returned a solve status of "SOLVE_STATUS_CONVERGED" for 1RHSs using 33 cumulative iterations for an average of 33 iterations/RHS and with total CPU time of 7.49279 sec.
================================================================================

                         BlockKrylovSchur Solver Status

The solver is initialized.
The number of iterations performed is 11
The block size is         1
The number of blocks is   20
The current basis size is 11
The number of auxiliary vectors is 0
The number of operations Op*x   is 11

CURRENT RITZ VALUES             
              Ritz Value                 Ritz Residual
--------------------------------------------------------------------------------
   1.155644e+00 + i   0.000000e+00        4.914499e-03

================================================================================

MCSA / Richardson Iteration 10: Residual = 1.676499e-04
MCSA / Richardson Iteration 20: Residual = 1.076995e-06
MCSA / Richardson Iteration 29: Residual = 6.193814e-09
MCLS solver "MCLS::MCSASolverManager<Epetra_Vector, Epetra_RowMatrix>" returned a solve status of "SOLVE_STATUS_CONVERGED" for 1RHSs using 29 cumulative iterations for an average of 29 iterations/RHS and with total CPU time of 6.42444 sec.
================================================================================

                         BlockKrylovSchur Solver Status

The solver is initialized.
The number of iterations performed is 12
The block size is         1
The number of blocks is   20
The current basis size is 12
The number of auxiliary vectors is 0
The number of operations Op*x   is 12

CURRENT RITZ VALUES             
              Ritz Value                 Ritz Residual
--------------------------------------------------------------------------------
   1.154881e+00 + i   0.000000e+00        4.130165e-03

================================================================================

MCSA / Richardson Iteration 10: Residual = 4.094380e-04
MCSA / Richardson Iteration 20: Residual = 3.425846e-07
MCSA / Richardson Iteration 27: Residual = 6.093224e-09
MCLS solver "MCLS::MCSASolverManager<Epetra_Vector, Epetra_RowMatrix>" returned a solve status of "SOLVE_STATUS_CONVERGED" for 1RHSs using 27 cumulative iterations for an average of 27 iterations/RHS and with total CPU time of 6.12495 sec.
================================================================================

                         BlockKrylovSchur Solver Status

The solver is initialized.
The number of iterations performed is 13
The block size is         1
The number of blocks is   20
The current basis size is 13
The number of auxiliary vectors is 0
The number of operations Op*x   is 13

CURRENT RITZ VALUES             
              Ritz Value                 Ritz Residual
--------------------------------------------------------------------------------
   1.154926e+00 + i   0.000000e+00        3.536458e-03

================================================================================

MCSA / Richardson Iteration 10: Residual = 6.044959e-03
MCSA / Richardson Iteration 20: Residual = 1.889127e-05
MCSA / Richardson Iteration 30: Residual = 5.409347e-08
MCSA / Richardson Iteration 33: Residual = 9.277236e-09
MCLS solver "MCLS::MCSASolverManager<Epetra_Vector, Epetra_RowMatrix>" returned a solve status of "SOLVE_STATUS_CONVERGED" for 1RHSs using 33 cumulative iterations for an average of 33 iterations/RHS and with total CPU time of 7.46136 sec.
================================================================================

                         BlockKrylovSchur Solver Status

The solver is initialized.
The number of iterations performed is 14
The block size is         1
The number of blocks is   20
The current basis size is 14
The number of auxiliary vectors is 0
The number of operations Op*x   is 14

CURRENT RITZ VALUES             
              Ritz Value                 Ritz Residual
--------------------------------------------------------------------------------
   1.155546e+00 + i   0.000000e+00        2.537776e-03

================================================================================

MCSA / Richardson Iteration 10: Residual = 8.353407e-04
MCSA / Richardson Iteration 20: Residual = 4.841066e-06
MCSA / Richardson Iteration 30: Residual = 1.652483e-08
MCSA / Richardson Iteration 31: Residual = 9.545562e-09
MCLS solver "MCLS::MCSASolverManager<Epetra_Vector, Epetra_RowMatrix>" returned a solve status of "SOLVE_STATUS_CONVERGED" for 1RHSs using 31 cumulative iterations for an average of 31 iterations/RHS and with total CPU time of 7.01209 sec.
================================================================================

                         BlockKrylovSchur Solver Status

The solver is initialized.
The number of iterations performed is 15
The block size is         1
The number of blocks is   20
The current basis size is 15
The number of auxiliary vectors is 0
The number of operations Op*x   is 15

CURRENT RITZ VALUES             
              Ritz Value                 Ritz Residual
--------------------------------------------------------------------------------
   1.155150e+00 + i   0.000000e+00        1.704971e-03

================================================================================

MCSA / Richardson Iteration 10: Residual = 4.249539e-04
MCSA / Richardson Iteration 20: Residual = 2.013695e-06
MCSA / Richardson Iteration 29: Residual = 8.937188e-09
MCLS solver "MCLS::MCSASolverManager<Epetra_Vector, Epetra_RowMatrix>" returned a solve status of "SOLVE_STATUS_CONVERGED" for 1RHSs using 29 cumulative iterations for an average of 29 iterations/RHS and with total CPU time of 6.61102 sec.
================================================================================

                         BlockKrylovSchur Solver Status

The solver is initialized.
The number of iterations performed is 16
The block size is         1
The number of blocks is   20
The current basis size is 16
The number of auxiliary vectors is 0
The number of operations Op*x   is 16

CURRENT RITZ VALUES             
              Ritz Value                 Ritz Residual
--------------------------------------------------------------------------------
   1.155143e+00 + i   0.000000e+00        1.086035e-03

================================================================================

MCSA / Richardson Iteration 10: Residual = 3.830610e-04
MCSA / Richardson Iteration 20: Residual = 4.325128e-07
MCSA / Richardson Iteration 28: Residual = 6.980649e-09
MCLS solver "MCLS::MCSASolverManager<Epetra_Vector, Epetra_RowMatrix>" returned a solve status of "SOLVE_STATUS_CONVERGED" for 1RHSs using 28 cumulative iterations for an average of 28 iterations/RHS and with total CPU time of 6.34129 sec.
================================================================================

                         BlockKrylovSchur Solver Status

The solver is initialized.
The number of iterations performed is 17
The block size is         1
The number of blocks is   20
The current basis size is 17
The number of auxiliary vectors is 0
The number of operations Op*x   is 17

CURRENT RITZ VALUES             
              Ritz Value                 Ritz Residual
--------------------------------------------------------------------------------
   1.155295e+00 + i   0.000000e+00        5.430475e-04

================================================================================

MCSA / Richardson Iteration 10: Residual = 5.045172e-04
MCSA / Richardson Iteration 20: Residual = 1.736360e-06
MCSA / Richardson Iteration 30: Residual = 8.663106e-09
MCLS solver "MCLS::MCSASolverManager<Epetra_Vector, Epetra_RowMatrix>" returned a solve status of "SOLVE_STATUS_CONVERGED" for 1RHSs using 30 cumulative iterations for an average of 30 iterations/RHS and with total CPU time of 6.75862 sec.
================================================================================

                         BlockKrylovSchur Solver Status

The solver is initialized.
The number of iterations performed is 18
The block size is         1
The number of blocks is   20
The current basis size is 18
The number of auxiliary vectors is 0
The number of operations Op*x   is 18

CURRENT RITZ VALUES             
              Ritz Value                 Ritz Residual
--------------------------------------------------------------------------------
   1.155238e+00 + i   0.000000e+00        2.269339e-04

================================================================================

MCSA / Richardson Iteration 10: Residual = 1.140810e-03
MCSA / Richardson Iteration 20: Residual = 2.788874e-06
MCSA / Richardson Iteration 30: Residual = 1.008531e-08
MCSA / Richardson Iteration 31: Residual = 5.425190e-09
MCLS solver "MCLS::MCSASolverManager<Epetra_Vector, Epetra_RowMatrix>" returned a solve status of "SOLVE_STATUS_CONVERGED" for 1RHSs using 31 cumulative iterations for an average of 31 iterations/RHS and with total CPU time of 7.08074 sec.
================================================================================

                         BlockKrylovSchur Solver Status

The solver is initialized.
The number of iterations performed is 19
The block size is         1
The number of blocks is   20
The current basis size is 19
The number of auxiliary vectors is 0
The number of operations Op*x   is 19

CURRENT RITZ VALUES             
              Ritz Value                 Ritz Residual
--------------------------------------------------------------------------------
   1.155228e+00 + i   0.000000e+00        9.442435e-05

================================================================================

MCSA / Richardson Iteration 10: Residual = 6.296127e-04
MCSA / Richardson Iteration 20: Residual = 2.965061e-06
MCSA / Richardson Iteration 30: Residual = 1.356852e-08
MCSA / Richardson Iteration 31: Residual = 7.184495e-09
MCLS solver "MCLS::MCSASolverManager<Epetra_Vector, Epetra_RowMatrix>" returned a solve status of "SOLVE_STATUS_CONVERGED" for 1RHSs using 31 cumulative iterations for an average of 31 iterations/RHS and with total CPU time of 7.06407 sec.
================================================================================

                         BlockKrylovSchur Solver Status

The solver is initialized.
The number of iterations performed is 20
The block size is         1
The number of blocks is   20
The current basis size is 20
The number of auxiliary vectors is 0
The number of operations Op*x   is 20

CURRENT RITZ VALUES             
              Ritz Value                 Ritz Residual
--------------------------------------------------------------------------------
   1.155240e+00 + i   0.000000e+00        2.914371e-05

================================================================================

MCSA / Richardson Iteration 10: Residual = 2.159381e-05
MCSA / Richardson Iteration 20: Residual = 1.694449e-08
MCSA / Richardson Iteration 21: Residual = 8.911231e-09
MCLS solver "MCLS::MCSASolverManager<Epetra_Vector, Epetra_RowMatrix>" returned a solve status of "SOLVE_STATUS_CONVERGED" for 1RHSs using 21 cumulative iterations for an average of 21 iterations/RHS and with total CPU time of 4.81026 sec.
================================================================================

                         BlockKrylovSchur Solver Status

The solver is initialized.
The number of iterations performed is 21
The block size is         1
The number of blocks is   20
The current basis size is 21
The number of auxiliary vectors is 0
The number of operations Op*x   is 21

CURRENT RITZ VALUES             
              Ritz Value                 Ritz Residual
--------------------------------------------------------------------------------
   1.155239e+00 + i   0.000000e+00        1.004185e-05

================================================================================

================================================================================

                         BlockKrylovSchur Solver Status

The solver is initialized.
The number of iterations performed is 21
The block size is         1
The number of blocks is   20
The current basis size is 1
The number of auxiliary vectors is 0
The number of operations Op*x   is 21

CURRENT RITZ VALUES             
              Ritz Value                 Ritz Residual
--------------------------------------------------------------------------------
   1.155239e+00 + i   0.000000e+00        1.004185e-05

================================================================================

MCSA / Richardson Iteration 10: Residual = 5.465588e-04
MCSA / Richardson Iteration 20: Residual = 2.647769e-06
MCSA / Richardson Iteration 30: Residual = 9.434499e-09
MCLS solver "MCLS::MCSASolverManager<Epetra_Vector, Epetra_RowMatrix>" returned a solve status of "SOLVE_STATUS_CONVERGED" for 1RHSs using 30 cumulative iterations for an average of 30 iterations/RHS and with total CPU time of 6.78124 sec.
================================================================================

                         BlockKrylovSchur Solver Status

The solver is initialized.
The number of iterations performed is 22
The block size is         1
The number of blocks is   20
The current basis size is 2
The number of auxiliary vectors is 0
The number of operations Op*x   is 22

CURRENT RITZ VALUES             
              Ritz Value                 Ritz Residual
--------------------------------------------------------------------------------
   1.155238e+00 + i   0.000000e+00        5.217517e-06

================================================================================

MCSA / Richardson Iteration 10: Residual = 1.073345e-03
MCSA / Richardson Iteration 20: Residual = 1.769154e-06
MCSA / Richardson Iteration 28: Residual = 6.675415e-09
MCLS solver "MCLS::MCSASolverManager<Epetra_Vector, Epetra_RowMatrix>" returned a solve status of "SOLVE_STATUS_CONVERGED" for 1RHSs using 28 cumulative iterations for an average of 28 iterations/RHS and with total CPU time of 6.82288 sec.
================================================================================

                         BlockKrylovSchur Solver Status

The solver is initialized.
The number of iterations performed is 23
The block size is         1
The number of blocks is   20
The current basis size is 3
The number of auxiliary vectors is 0
The number of operations Op*x   is 23

CURRENT RITZ VALUES             
              Ritz Value                 Ritz Residual
--------------------------------------------------------------------------------
   1.155240e+00 + i   0.000000e+00        4.231572e-06

================================================================================

MCSA / Richardson Iteration 10: Residual = 4.719740e-03
MCSA / Richardson Iteration 20: Residual = 1.519738e-05
MCSA / Richardson Iteration 30: Residual = 4.357944e-08
MCSA / Richardson Iteration 34: Residual = 6.414819e-09
MCLS solver "MCLS::MCSASolverManager<Epetra_Vector, Epetra_RowMatrix>" returned a solve status of "SOLVE_STATUS_CONVERGED" for 1RHSs using 34 cumulative iterations for an average of 34 iterations/RHS and with total CPU time of 7.7604 sec.
================================================================================

                         BlockKrylovSchur Solver Status

The solver is initialized.
The number of iterations performed is 24
The block size is         1
The number of blocks is   20
The current basis size is 4
The number of auxiliary vectors is 0
The number of operations Op*x   is 24

CURRENT RITZ VALUES             
              Ritz Value                 Ritz Residual
--------------------------------------------------------------------------------
   1.155237e+00 + i   0.000000e+00        4.490220e-06

================================================================================

MCSA / Richardson Iteration 10: Residual = 3.699478e-03
MCSA / Richardson Iteration 20: Residual = 1.118651e-05
MCSA / Richardson Iteration 30: Residual = 3.613612e-08
MCSA / Richardson Iteration 33: Residual = 7.191904e-09
MCLS solver "MCLS::MCSASolverManager<Epetra_Vector, Epetra_RowMatrix>" returned a solve status of "SOLVE_STATUS_CONVERGED" for 1RHSs using 33 cumulative iterations for an average of 33 iterations/RHS and with total CPU time of 7.48072 sec.
================================================================================

                         BlockKrylovSchur Solver Status

The solver is initialized.
The number of iterations performed is 25
The block size is         1
The number of blocks is   20
The current basis size is 5
The number of auxiliary vectors is 0
The number of operations Op*x   is 25

CURRENT RITZ VALUES             
              Ritz Value                 Ritz Residual
--------------------------------------------------------------------------------
   1.155239e+00 + i   0.000000e+00        3.206408e-06

================================================================================

MCSA / Richardson Iteration 10: Residual = 5.165807e-05
MCSA / Richardson Iteration 20: Residual = 3.075412e-07
MCSA / Richardson Iteration 27: Residual = 6.083963e-09
MCLS solver "MCLS::MCSASolverManager<Epetra_Vector, Epetra_RowMatrix>" returned a solve status of "SOLVE_STATUS_CONVERGED" for 1RHSs using 27 cumulative iterations for an average of 27 iterations/RHS and with total CPU time of 5.80076 sec.
================================================================================

                         BlockKrylovSchur Solver Status

The solver is initialized.
The number of iterations performed is 26
The block size is         1
The number of blocks is   20
The current basis size is 6
The number of auxiliary vectors is 0
The number of operations Op*x   is 26

CURRENT RITZ VALUES             
              Ritz Value                 Ritz Residual
--------------------------------------------------------------------------------
   1.155238e+00 + i   0.000000e+00        4.161857e-06

================================================================================

MCSA / Richardson Iteration 10: Residual = 8.117980e-03
MCSA / Richardson Iteration 20: Residual = 3.028915e-05
MCSA / Richardson Iteration 30: Residual = 6.960134e-08
MCSA / Richardson Iteration 34: Residual = 9.523301e-09
MCLS solver "MCLS::MCSASolverManager<Epetra_Vector, Epetra_RowMatrix>" returned a solve status of "SOLVE_STATUS_CONVERGED" for 1RHSs using 34 cumulative iterations for an average of 34 iterations/RHS and with total CPU time of 7.77132 sec.
================================================================================

                         BlockKrylovSchur Solver Status

The solver is initialized.
The number of iterations performed is 27
The block size is         1
The number of blocks is   20
The current basis size is 7
The number of auxiliary vectors is 0
The number of operations Op*x   is 27

CURRENT RITZ VALUES             
              Ritz Value                 Ritz Residual
--------------------------------------------------------------------------------
   1.155239e+00 + i   0.000000e+00        3.888622e-06

================================================================================

MCSA / Richardson Iteration 10: Residual = 3.197141e-03
MCSA / Richardson Iteration 20: Residual = 1.347115e-05
MCSA / Richardson Iteration 30: Residual = 4.588709e-08
MCSA / Richardson Iteration 34: Residual = 6.098825e-09
MCLS solver "MCLS::MCSASolverManager<Epetra_Vector, Epetra_RowMatrix>" returned a solve status of "SOLVE_STATUS_CONVERGED" for 1RHSs using 34 cumulative iterations for an average of 34 iterations/RHS and with total CPU time of 7.70913 sec.
================================================================================

                         BlockKrylovSchur Solver Status

The solver is initialized.
The number of iterations performed is 28
The block size is         1
The number of blocks is   20
The current basis size is 8
The number of auxiliary vectors is 0
The number of operations Op*x   is 28

CURRENT RITZ VALUES             
              Ritz Value                 Ritz Residual
--------------------------------------------------------------------------------
   1.155238e+00 + i   0.000000e+00        2.429117e-06

================================================================================

MCSA / Richardson Iteration 10: Residual = 4.426881e-03
MCSA / Richardson Iteration 20: Residual = 2.142854e-05
MCSA / Richardson Iteration 30: Residual = 8.864451e-08
MCSA / Richardson Iteration 35: Residual = 6.041983e-09
MCLS solver "MCLS::MCSASolverManager<Epetra_Vector, Epetra_RowMatrix>" returned a solve status of "SOLVE_STATUS_CONVERGED" for 1RHSs using 35 cumulative iterations for an average of 35 iterations/RHS and with total CPU time of 7.91185 sec.
================================================================================

                         BlockKrylovSchur Solver Status

The solver is initialized.
The number of iterations performed is 29
The block size is         1
The number of blocks is   20
The current basis size is 9
The number of auxiliary vectors is 0
The number of operations Op*x   is 29

CURRENT RITZ VALUES             
              Ritz Value                 Ritz Residual
--------------------------------------------------------------------------------
   1.155239e+00 + i   0.000000e+00        2.403914e-06

================================================================================

MCSA / Richardson Iteration 10: Residual = 1.654467e-03
MCSA / Richardson Iteration 20: Residual = 6.247400e-06
MCSA / Richardson Iteration 30: Residual = 1.833684e-08
MCSA / Richardson Iteration 31: Residual = 9.791143e-09
MCLS solver "MCLS::MCSASolverManager<Epetra_Vector, Epetra_RowMatrix>" returned a solve status of "SOLVE_STATUS_CONVERGED" for 1RHSs using 31 cumulative iterations for an average of 31 iterations/RHS and with total CPU time of 6.96068 sec.
================================================================================

                         BlockKrylovSchur Solver Status

The solver is initialized.
The number of iterations performed is 30
The block size is         1
The number of blocks is   20
The current basis size is 10
The number of auxiliary vectors is 0
The number of operations Op*x   is 30

CURRENT RITZ VALUES             
              Ritz Value                 Ritz Residual
--------------------------------------------------------------------------------
   1.155238e+00 + i   0.000000e+00        2.342919e-06

================================================================================

MCSA / Richardson Iteration 10: Residual = 1.299258e-03
MCSA / Richardson Iteration 20: Residual = 5.229679e-06
MCSA / Richardson Iteration 30: Residual = 2.497713e-08
MCSA / Richardson Iteration 32: Residual = 6.822358e-09
MCLS solver "MCLS::MCSASolverManager<Epetra_Vector, Epetra_RowMatrix>" returned a solve status of "SOLVE_STATUS_CONVERGED" for 1RHSs using 32 cumulative iterations for an average of 32 iterations/RHS and with total CPU time of 7.22 sec.
================================================================================

                         BlockKrylovSchur Solver Status

The solver is initialized.
The number of iterations performed is 31
The block size is         1
The number of blocks is   20
The current basis size is 11
The number of auxiliary vectors is 0
The number of operations Op*x   is 31

CURRENT RITZ VALUES             
              Ritz Value                 Ritz Residual
--------------------------------------------------------------------------------
   1.155239e+00 + i   0.000000e+00        3.045485e-06

================================================================================

MCSA / Richardson Iteration 10: Residual = 6.608887e-04
MCSA / Richardson Iteration 20: Residual = 3.185064e-06
MCSA / Richardson Iteration 30: Residual = 1.166107e-08
MCSA / Richardson Iteration 31: Residual = 6.223534e-09
MCLS solver "MCLS::MCSASolverManager<Epetra_Vector, Epetra_RowMatrix>" returned a solve status of "SOLVE_STATUS_CONVERGED" for 1RHSs using 31 cumulative iterations for an average of 31 iterations/RHS and with total CPU time of 6.963 sec.
================================================================================

                         BlockKrylovSchur Solver Status

The solver is initialized.
The number of iterations performed is 32
The block size is         1
The number of blocks is   20
The current basis size is 12
The number of auxiliary vectors is 0
The number of operations Op*x   is 32

CURRENT RITZ VALUES             
              Ritz Value                 Ritz Residual
--------------------------------------------------------------------------------
   1.155238e+00 + i   0.000000e+00        2.918519e-06

================================================================================

MCSA / Richardson Iteration 10: Residual = 7.720318e-03
MCSA / Richardson Iteration 20: Residual = 3.553705e-05
MCSA / Richardson Iteration 30: Residual = 2.451398e-07
MCSA / Richardson Iteration 37: Residual = 5.681029e-09
MCLS solver "MCLS::MCSASolverManager<Epetra_Vector, Epetra_RowMatrix>" returned a solve status of "SOLVE_STATUS_CONVERGED" for 1RHSs using 37 cumulative iterations for an average of 37 iterations/RHS and with total CPU time of 8.42215 sec.
================================================================================

                         BlockKrylovSchur Solver Status

The solver is initialized.
The number of iterations performed is 33
The block size is         1
The number of blocks is   20
The current basis size is 13
The number of auxiliary vectors is 0
The number of operations Op*x   is 33

CURRENT RITZ VALUES             
              Ritz Value                 Ritz Residual
--------------------------------------------------------------------------------
   1.155239e+00 + i   0.000000e+00        1.988078e-06

================================================================================

MCSA / Richardson Iteration 10: Residual = 6.374336e-04
MCSA / Richardson Iteration 20: Residual = 2.803186e-06
MCSA / Richardson Iteration 30: Residual = 1.599217e-08
MCSA / Richardson Iteration 31: Residual = 8.724246e-09
MCLS solver "MCLS::MCSASolverManager<Epetra_Vector, Epetra_RowMatrix>" returned a solve status of "SOLVE_STATUS_CONVERGED" for 1RHSs using 31 cumulative iterations for an average of 31 iterations/RHS and with total CPU time of 7.01191 sec.
================================================================================

                         BlockKrylovSchur Solver Status

The solver is initialized.
The number of iterations performed is 34
The block size is         1
The number of blocks is   20
The current basis size is 14
The number of auxiliary vectors is 0
The number of operations Op*x   is 34

CURRENT RITZ VALUES             
              Ritz Value                 Ritz Residual
--------------------------------------------------------------------------------
   1.155238e+00 + i   0.000000e+00        1.195879e-06

================================================================================

MCSA / Richardson Iteration 10: Residual = 3.378405e-03
MCSA / Richardson Iteration 20: Residual = 2.286810e-05
MCSA / Richardson Iteration 30: Residual = 1.361586e-07
MCSA / Richardson Iteration 35: Residual = 5.840165e-09
MCLS solver "MCLS::MCSASolverManager<Epetra_Vector, Epetra_RowMatrix>" returned a solve status of "SOLVE_STATUS_CONVERGED" for 1RHSs using 35 cumulative iterations for an average of 35 iterations/RHS and with total CPU time of 8.03538 sec.
================================================================================

                         BlockKrylovSchur Solver Status

The solver is initialized.
The number of iterations performed is 35
The block size is         1
The number of blocks is   20
The current basis size is 15
The number of auxiliary vectors is 0
The number of operations Op*x   is 35

CURRENT RITZ VALUES             
              Ritz Value                 Ritz Residual
--------------------------------------------------------------------------------
   1.155239e+00 + i   0.000000e+00        8.720170e-07

================================================================================

>>> Preparing to do SILO output to 1 concurrent files.

===================
Final Timing Report
===================

                                 Routine   Max Fraction   Min Fraction
======================================================================
                         Mesh_generation     1.7035e-05     1.7035e-05
                                  Output     4.8683e-05     4.8683e-05
                                   Setup     6.1630e-01     6.1630e-01
                               Transport     3.8365e-01     3.8365e-01
                           XS_generation     3.9957e-02     3.9957e-02
======================================================================

Total execution time : 1.0288e+03 seconds.
