===============================
Denovo-Neutronics, CASL VERA-CS
(C) ORNL, Batelle, 2007-2012
-------------------------------
Release      :    denovo-3_0_0
Release date :      3-MAR-2011
Build date   :        20130523
===============================
WARNING: Dancoff Factors are disabled!!
>>> Building/partitioning mesh
>>> Setting up cross section builder
>>> Building the cross sections
MCLS PSILUT: Generating ILUT Factorization
MCLS PSILUT: Inverting ILUT Factorization
MCLS PSILUT: Building Composite Operator
MCLS PSILUT: Computing SPAINV Preconditioner
MCLS PSILUT: Building Composite Left Preconditioner
MCLS PSILUT: Complete in 66.7506 seconds.
************************************************************

Database for Neutronics_PL->INSILICO has:
        15 integer entries
         4 double entries
        11 bool entries
         8 string entries
         0 vector<int> entries
         2 vector<double> entries
         5 nested database entries

============================================================
Entries in                  Neutronics_PL->INSILICO database
============================================================
integer entries
------------------------------------------------------------
                           Pn_order                        1
                          SPN_order                        1
                cell_broadcast_size                      289
                          dimension                        3
                        first_group                        0
                         last_group                        0
                            max_itr                      100
                               mesh                        2
                     neutron_groups                        1
                       num_blocks_i                        1
                       num_blocks_j                        1
                         num_groups                        1
                           num_sets                        1
                       num_z_blocks                        1
                      photon_groups                        0

double entries
------------------------------------------------------------
                     axial_geom_eps                     0.01
                        max_delta_z                       30
                    radial_geom_eps                   0.0001
                          tolerance                    1e-06

bool entries
------------------------------------------------------------
                            adjoint                        0
                    cell_homogenize                        1
                 create_unique_pins                        0
                          do_output                        1
                       do_transport                        1
                        downscatter                        0
                iterate_downscatter                        0
                partition_upscatter                        0
                 spn_block_matrices                        0
               store_fulcrum_string                        1
                       use_symmetry                        1

string entries
------------------------------------------------------------
                           boundary                  reflect
                       eigen_solver                  arnoldi
                             eq_set                   spn_fv
                        mat_library            casl_comp.sh5
                          mg_solver                   krylov
                       problem_name               neutronics
                       problem_type               EIGENVALUE
                         xs_librarylib252_HetBondOneAbs-NoAbsSigP

vector<double> entries                (number of elements)
------------------------------------------------------------
                        neutron_bnd                        2
                     new_grp_bounds                        1

============================================================
Entries in                                 boundary database
============================================================
vector<int> entries                   (number of elements)
------------------------------------------------------------
                            reflect                        6

============================================================
Entries in                            eigenvalue_db database
============================================================
integer entries
------------------------------------------------------------
                         Block Size                        1
                   diagnostic_level                        2
                           subspace                       20

double entries
------------------------------------------------------------
              Convergence Tolerance                    1e-06
                       L2_tolerance                    1e-05

string entries
------------------------------------------------------------
                        eigensolver                  Arnoldi

============================================================
Entries in                               quadrature database
============================================================
integer entries
------------------------------------------------------------
                           Pn_order                        1
                  azimuthals_octant                        8
                      polars_octant                        6

bool entries
------------------------------------------------------------
                            adjoint                        0

string entries
------------------------------------------------------------
                          quad_type                       qr

============================================================
Entries in                                  silo_db database
============================================================
bool entries
------------------------------------------------------------
                       mixing_table                        0

string entries
------------------------------------------------------------
                        silo_output                       p3

============================================================
Entries in                             upscatter_db database
============================================================
integer entries
------------------------------------------------------------
                         aztec_diag                        0
                       aztec_output                        0

double entries
------------------------------------------------------------
                          tolerance                    1e-05

************************************************************
=================================
     GLOBAL MESH DESCRIPTION     
=================================
num cells I                    18
num cells J                    18
num cells K                    62
I-Partitions                    1
J-Partitions                    1
K-Blocks                        1
---------------------------------
Num blocks                      1
Num cells                   20088
=================================
      MATERIAL DESCRIPTION       
=================================
Clean materials                34
Mixed materials              3981
=================================
 MULTILEVEL ENERGY DECOMPOSITION 
=================================
num groups                      1
num solved groups               1
num upscatter groups            0
---------------------------------
num sets                        1
num replicated groups           0
num decomposed groups           1
---------------------------------
Domains (blocks X sets)         1
=================================
       MEMORY  ALLOCATIONS       
=================================
state                       20088
(GB)                   1.4967e-04
DoF                         20088
(GB)                   1.4967e-04
=================================
>>> Running the transport calculation
================================================================================

                         BlockKrylovSchur Solver Status

The solver is initialized.
The number of iterations performed is 0
The block size is         1
The number of blocks is   20
The current basis size is 0
The number of auxiliary vectors is 0
The number of operations Op*x   is 0

CURRENT RITZ VALUES             
   [ NONE COMPUTED ]

================================================================================

COMPOSITE SIZE 2621
MCSA / Richardson Iteration 10: Residual = 3.399040e-06
MCSA / Richardson Iteration 16: Residual = 9.713841e-10
MCLS solver "MCLS::MCSASolverManager<Epetra_Vector, Epetra_RowMatrix>" returned a solve status of "SOLVE_STATUS_CONVERGED" for 1RHSs using 16 cumulative iterations for an average of 16 iterations/RHS and with total CPU time of 29.9732 sec.
================================================================================

                         BlockKrylovSchur Solver Status

The solver is initialized.
The number of iterations performed is 1
The block size is         1
The number of blocks is   20
The current basis size is 1
The number of auxiliary vectors is 0
The number of operations Op*x   is 1

CURRENT RITZ VALUES             
              Ritz Value                 Ritz Residual
--------------------------------------------------------------------------------
   8.617097e-01 + i   0.000000e+00        4.254152e-01

================================================================================

MCSA / Richardson Iteration 10: Residual = 4.919757e-07
MCSA / Richardson Iteration 13: Residual = 8.666080e-09
MCLS solver "MCLS::MCSASolverManager<Epetra_Vector, Epetra_RowMatrix>" returned a solve status of "SOLVE_STATUS_CONVERGED" for 1RHSs using 13 cumulative iterations for an average of 13 iterations/RHS and with total CPU time of 1.05895 sec.
================================================================================

                         BlockKrylovSchur Solver Status

The solver is initialized.
The number of iterations performed is 2
The block size is         1
The number of blocks is   20
The current basis size is 2
The number of auxiliary vectors is 0
The number of operations Op*x   is 2

CURRENT RITZ VALUES             
              Ritz Value                 Ritz Residual
--------------------------------------------------------------------------------
   1.097342e+00 + i   0.000000e+00        3.737523e-02

================================================================================

MCSA / Richardson Iteration 10: Residual = 2.094901e-06
MCSA / Richardson Iteration 13: Residual = 6.247816e-09
MCLS solver "MCLS::MCSASolverManager<Epetra_Vector, Epetra_RowMatrix>" returned a solve status of "SOLVE_STATUS_CONVERGED" for 1RHSs using 13 cumulative iterations for an average of 13 iterations/RHS and with total CPU time of 1.03366 sec.
================================================================================

                         BlockKrylovSchur Solver Status

The solver is initialized.
The number of iterations performed is 3
The block size is         1
The number of blocks is   20
The current basis size is 3
The number of auxiliary vectors is 0
The number of operations Op*x   is 3

CURRENT RITZ VALUES             
              Ritz Value                 Ritz Residual
--------------------------------------------------------------------------------
   1.102743e+00 + i   0.000000e+00        1.927841e-02

================================================================================

MCSA / Richardson Iteration 10: Residual = 3.274058e-06
MCSA / Richardson Iteration 16: Residual = 1.186497e-09
MCLS solver "MCLS::MCSASolverManager<Epetra_Vector, Epetra_RowMatrix>" returned a solve status of "SOLVE_STATUS_CONVERGED" for 1RHSs using 16 cumulative iterations for an average of 16 iterations/RHS and with total CPU time of 1.25493 sec.
================================================================================

                         BlockKrylovSchur Solver Status

The solver is initialized.
The number of iterations performed is 4
The block size is         1
The number of blocks is   20
The current basis size is 4
The number of auxiliary vectors is 0
The number of operations Op*x   is 4

CURRENT RITZ VALUES             
              Ritz Value                 Ritz Residual
--------------------------------------------------------------------------------
   1.103695e+00 + i   0.000000e+00        1.517648e-02

================================================================================

MCSA / Richardson Iteration 10: Residual = 6.401266e-07
MCSA / Richardson Iteration 14: Residual = 1.193581e-09
MCLS solver "MCLS::MCSASolverManager<Epetra_Vector, Epetra_RowMatrix>" returned a solve status of "SOLVE_STATUS_CONVERGED" for 1RHSs using 14 cumulative iterations for an average of 14 iterations/RHS and with total CPU time of 1.13636 sec.
================================================================================

                         BlockKrylovSchur Solver Status

The solver is initialized.
The number of iterations performed is 5
The block size is         1
The number of blocks is   20
The current basis size is 5
The number of auxiliary vectors is 0
The number of operations Op*x   is 5

CURRENT RITZ VALUES             
              Ritz Value                 Ritz Residual
--------------------------------------------------------------------------------
   1.104424e+00 + i   0.000000e+00        1.118359e-02

================================================================================

MCSA / Richardson Iteration 10: Residual = 2.192713e-06
MCSA / Richardson Iteration 15: Residual = 9.668684e-09
MCLS solver "MCLS::MCSASolverManager<Epetra_Vector, Epetra_RowMatrix>" returned a solve status of "SOLVE_STATUS_CONVERGED" for 1RHSs using 15 cumulative iterations for an average of 15 iterations/RHS and with total CPU time of 1.20231 sec.
================================================================================

                         BlockKrylovSchur Solver Status

The solver is initialized.
The number of iterations performed is 6
The block size is         1
The number of blocks is   20
The current basis size is 6
The number of auxiliary vectors is 0
The number of operations Op*x   is 6

CURRENT RITZ VALUES             
              Ritz Value                 Ritz Residual
--------------------------------------------------------------------------------
   1.104844e+00 + i   0.000000e+00        9.450330e-03

================================================================================

MCSA / Richardson Iteration 10: Residual = 5.175355e-07
MCSA / Richardson Iteration 14: Residual = 9.066889e-09
MCLS solver "MCLS::MCSASolverManager<Epetra_Vector, Epetra_RowMatrix>" returned a solve status of "SOLVE_STATUS_CONVERGED" for 1RHSs using 14 cumulative iterations for an average of 14 iterations/RHS and with total CPU time of 1.1361 sec.
================================================================================

                         BlockKrylovSchur Solver Status

The solver is initialized.
The number of iterations performed is 7
The block size is         1
The number of blocks is   20
The current basis size is 7
The number of auxiliary vectors is 0
The number of operations Op*x   is 7

CURRENT RITZ VALUES             
              Ritz Value                 Ritz Residual
--------------------------------------------------------------------------------
   1.105203e+00 + i   0.000000e+00        8.592360e-03

================================================================================

MCSA / Richardson Iteration 10: Residual = 3.108790e-07
MCSA / Richardson Iteration 14: Residual = 4.965458e-09
MCLS solver "MCLS::MCSASolverManager<Epetra_Vector, Epetra_RowMatrix>" returned a solve status of "SOLVE_STATUS_CONVERGED" for 1RHSs using 14 cumulative iterations for an average of 14 iterations/RHS and with total CPU time of 1.15083 sec.
================================================================================

                         BlockKrylovSchur Solver Status

The solver is initialized.
The number of iterations performed is 8
The block size is         1
The number of blocks is   20
The current basis size is 8
The number of auxiliary vectors is 0
The number of operations Op*x   is 8

CURRENT RITZ VALUES             
              Ritz Value                 Ritz Residual
--------------------------------------------------------------------------------
   1.105689e+00 + i   0.000000e+00        7.029117e-03

================================================================================

MCSA / Richardson Iteration 10: Residual = 2.324624e-07
MCSA / Richardson Iteration 14: Residual = 1.840471e-09
MCLS solver "MCLS::MCSASolverManager<Epetra_Vector, Epetra_RowMatrix>" returned a solve status of "SOLVE_STATUS_CONVERGED" for 1RHSs using 14 cumulative iterations for an average of 14 iterations/RHS and with total CPU time of 1.14402 sec.
================================================================================

                         BlockKrylovSchur Solver Status

The solver is initialized.
The number of iterations performed is 9
The block size is         1
The number of blocks is   20
The current basis size is 9
The number of auxiliary vectors is 0
The number of operations Op*x   is 9

CURRENT RITZ VALUES             
              Ritz Value                 Ritz Residual
--------------------------------------------------------------------------------
   1.105480e+00 + i   0.000000e+00        5.655309e-03

================================================================================

MCSA / Richardson Iteration 10: Residual = 3.084599e-05
MCSA / Richardson Iteration 14: Residual = 6.323038e-09
MCLS solver "MCLS::MCSASolverManager<Epetra_Vector, Epetra_RowMatrix>" returned a solve status of "SOLVE_STATUS_CONVERGED" for 1RHSs using 14 cumulative iterations for an average of 14 iterations/RHS and with total CPU time of 1.14474 sec.
================================================================================

                         BlockKrylovSchur Solver Status

The solver is initialized.
The number of iterations performed is 10
The block size is         1
The number of blocks is   20
The current basis size is 10
The number of auxiliary vectors is 0
The number of operations Op*x   is 10

CURRENT RITZ VALUES             
              Ritz Value                 Ritz Residual
--------------------------------------------------------------------------------
   1.105940e+00 + i   0.000000e+00        5.041822e-03

================================================================================

MCSA / Richardson Iteration 10: Residual = 3.412541e-07
MCSA / Richardson Iteration 14: Residual = 3.789569e-09
MCLS solver "MCLS::MCSASolverManager<Epetra_Vector, Epetra_RowMatrix>" returned a solve status of "SOLVE_STATUS_CONVERGED" for 1RHSs using 14 cumulative iterations for an average of 14 iterations/RHS and with total CPU time of 1.14417 sec.
================================================================================

                         BlockKrylovSchur Solver Status

The solver is initialized.
The number of iterations performed is 11
The block size is         1
The number of blocks is   20
The current basis size is 11
The number of auxiliary vectors is 0
The number of operations Op*x   is 11

CURRENT RITZ VALUES             
              Ritz Value                 Ritz Residual
--------------------------------------------------------------------------------
   1.105859e+00 + i   0.000000e+00        4.476655e-03

================================================================================

MCSA / Richardson Iteration 10: Residual = 3.343091e-07
MCSA / Richardson Iteration 14: Residual = 2.040670e-09
MCLS solver "MCLS::MCSASolverManager<Epetra_Vector, Epetra_RowMatrix>" returned a solve status of "SOLVE_STATUS_CONVERGED" for 1RHSs using 14 cumulative iterations for an average of 14 iterations/RHS and with total CPU time of 1.15411 sec.
================================================================================

                         BlockKrylovSchur Solver Status

The solver is initialized.
The number of iterations performed is 12
The block size is         1
The number of blocks is   20
The current basis size is 12
The number of auxiliary vectors is 0
The number of operations Op*x   is 12

CURRENT RITZ VALUES             
              Ritz Value                 Ritz Residual
--------------------------------------------------------------------------------
   1.105645e+00 + i   0.000000e+00        3.781062e-03

================================================================================

MCSA / Richardson Iteration 10: Residual = 8.969780e-08
MCSA / Richardson Iteration 13: Residual = 5.733286e-09
MCLS solver "MCLS::MCSASolverManager<Epetra_Vector, Epetra_RowMatrix>" returned a solve status of "SOLVE_STATUS_CONVERGED" for 1RHSs using 13 cumulative iterations for an average of 13 iterations/RHS and with total CPU time of 1.08769 sec.
================================================================================

                         BlockKrylovSchur Solver Status

The solver is initialized.
The number of iterations performed is 13
The block size is         1
The number of blocks is   20
The current basis size is 13
The number of auxiliary vectors is 0
The number of operations Op*x   is 13

CURRENT RITZ VALUES             
              Ritz Value                 Ritz Residual
--------------------------------------------------------------------------------
   1.106143e+00 + i   0.000000e+00        2.794702e-03

================================================================================

MCSA / Richardson Iteration 10: Residual = 1.435423e-06
MCSA / Richardson Iteration 13: Residual = 6.696618e-09
MCLS solver "MCLS::MCSASolverManager<Epetra_Vector, Epetra_RowMatrix>" returned a solve status of "SOLVE_STATUS_CONVERGED" for 1RHSs using 13 cumulative iterations for an average of 13 iterations/RHS and with total CPU time of 1.05442 sec.
================================================================================

                         BlockKrylovSchur Solver Status

The solver is initialized.
The number of iterations performed is 14
The block size is         1
The number of blocks is   20
The current basis size is 14
The number of auxiliary vectors is 0
The number of operations Op*x   is 14

CURRENT RITZ VALUES             
              Ritz Value                 Ritz Residual
--------------------------------------------------------------------------------
   1.105846e+00 + i   0.000000e+00        2.199641e-03

================================================================================

MCSA / Richardson Iteration 10: Residual = 5.574388e-07
MCSA / Richardson Iteration 14: Residual = 3.843637e-09
MCLS solver "MCLS::MCSASolverManager<Epetra_Vector, Epetra_RowMatrix>" returned a solve status of "SOLVE_STATUS_CONVERGED" for 1RHSs using 14 cumulative iterations for an average of 14 iterations/RHS and with total CPU time of 1.11941 sec.
================================================================================

                         BlockKrylovSchur Solver Status

The solver is initialized.
The number of iterations performed is 15
The block size is         1
The number of blocks is   20
The current basis size is 15
The number of auxiliary vectors is 0
The number of operations Op*x   is 15

CURRENT RITZ VALUES             
              Ritz Value                 Ritz Residual
--------------------------------------------------------------------------------
   1.106039e+00 + i   0.000000e+00        1.507929e-03

================================================================================

MCSA / Richardson Iteration 10: Residual = 3.034496e-06
MCSA / Richardson Iteration 13: Residual = 6.238389e-09
MCLS solver "MCLS::MCSASolverManager<Epetra_Vector, Epetra_RowMatrix>" returned a solve status of "SOLVE_STATUS_CONVERGED" for 1RHSs using 13 cumulative iterations for an average of 13 iterations/RHS and with total CPU time of 1.04914 sec.
================================================================================

                         BlockKrylovSchur Solver Status

The solver is initialized.
The number of iterations performed is 16
The block size is         1
The number of blocks is   20
The current basis size is 16
The number of auxiliary vectors is 0
The number of operations Op*x   is 16

CURRENT RITZ VALUES             
              Ritz Value                 Ritz Residual
--------------------------------------------------------------------------------
   1.105986e+00 + i   0.000000e+00        8.736433e-04

================================================================================

MCSA / Richardson Iteration 10: Residual = 3.368864e-07
MCSA / Richardson Iteration 13: Residual = 9.524800e-09
MCLS solver "MCLS::MCSASolverManager<Epetra_Vector, Epetra_RowMatrix>" returned a solve status of "SOLVE_STATUS_CONVERGED" for 1RHSs using 13 cumulative iterations for an average of 13 iterations/RHS and with total CPU time of 1.06338 sec.
================================================================================

                         BlockKrylovSchur Solver Status

The solver is initialized.
The number of iterations performed is 17
The block size is         1
The number of blocks is   20
The current basis size is 17
The number of auxiliary vectors is 0
The number of operations Op*x   is 17

CURRENT RITZ VALUES             
              Ritz Value                 Ritz Residual
--------------------------------------------------------------------------------
   1.105986e+00 + i   0.000000e+00        4.821272e-04

================================================================================

MCSA / Richardson Iteration 10: Residual = 2.587982e-07
MCSA / Richardson Iteration 14: Residual = 2.371970e-09
MCLS solver "MCLS::MCSASolverManager<Epetra_Vector, Epetra_RowMatrix>" returned a solve status of "SOLVE_STATUS_CONVERGED" for 1RHSs using 14 cumulative iterations for an average of 14 iterations/RHS and with total CPU time of 1.12949 sec.
================================================================================

                         BlockKrylovSchur Solver Status

The solver is initialized.
The number of iterations performed is 18
The block size is         1
The number of blocks is   20
The current basis size is 18
The number of auxiliary vectors is 0
The number of operations Op*x   is 18

CURRENT RITZ VALUES             
              Ritz Value                 Ritz Residual
--------------------------------------------------------------------------------
   1.105971e+00 + i   0.000000e+00        2.161431e-04

================================================================================

MCSA / Richardson Iteration 10: Residual = 2.687476e-07
MCSA / Richardson Iteration 13: Residual = 4.771254e-09
MCLS solver "MCLS::MCSASolverManager<Epetra_Vector, Epetra_RowMatrix>" returned a solve status of "SOLVE_STATUS_CONVERGED" for 1RHSs using 13 cumulative iterations for an average of 13 iterations/RHS and with total CPU time of 1.05662 sec.
================================================================================

                         BlockKrylovSchur Solver Status

The solver is initialized.
The number of iterations performed is 19
The block size is         1
The number of blocks is   20
The current basis size is 19
The number of auxiliary vectors is 0
The number of operations Op*x   is 19

CURRENT RITZ VALUES             
              Ritz Value                 Ritz Residual
--------------------------------------------------------------------------------
   1.105992e+00 + i   0.000000e+00        6.816747e-05

================================================================================

MCSA / Richardson Iteration 10: Residual = 3.945283e-07
MCSA / Richardson Iteration 14: Residual = 2.023635e-09
MCLS solver "MCLS::MCSASolverManager<Epetra_Vector, Epetra_RowMatrix>" returned a solve status of "SOLVE_STATUS_CONVERGED" for 1RHSs using 14 cumulative iterations for an average of 14 iterations/RHS and with total CPU time of 1.13927 sec.
================================================================================

                         BlockKrylovSchur Solver Status

The solver is initialized.
The number of iterations performed is 20
The block size is         1
The number of blocks is   20
The current basis size is 20
The number of auxiliary vectors is 0
The number of operations Op*x   is 20

CURRENT RITZ VALUES             
              Ritz Value                 Ritz Residual
--------------------------------------------------------------------------------
   1.105983e+00 + i   0.000000e+00        2.327029e-05

================================================================================

MCSA / Richardson Iteration 10: Residual = 2.132096e-05
MCSA / Richardson Iteration 15: Residual = 1.046259e-09
MCLS solver "MCLS::MCSASolverManager<Epetra_Vector, Epetra_RowMatrix>" returned a solve status of "SOLVE_STATUS_CONVERGED" for 1RHSs using 15 cumulative iterations for an average of 15 iterations/RHS and with total CPU time of 1.19243 sec.
================================================================================

                         BlockKrylovSchur Solver Status

The solver is initialized.
The number of iterations performed is 21
The block size is         1
The number of blocks is   20
The current basis size is 21
The number of auxiliary vectors is 0
The number of operations Op*x   is 21

CURRENT RITZ VALUES             
              Ritz Value                 Ritz Residual
--------------------------------------------------------------------------------
   1.105987e+00 + i   0.000000e+00        8.142016e-06

================================================================================

================================================================================

                         BlockKrylovSchur Solver Status

The solver is initialized.
The number of iterations performed is 21
The block size is         1
The number of blocks is   20
The current basis size is 1
The number of auxiliary vectors is 0
The number of operations Op*x   is 21

CURRENT RITZ VALUES             
              Ritz Value                 Ritz Residual
--------------------------------------------------------------------------------
   1.105987e+00 + i   0.000000e+00        8.142016e-06

================================================================================

MCSA / Richardson Iteration 10: Residual = 6.261167e-06
MCSA / Richardson Iteration 14: Residual = 9.217070e-09
MCLS solver "MCLS::MCSASolverManager<Epetra_Vector, Epetra_RowMatrix>" returned a solve status of "SOLVE_STATUS_CONVERGED" for 1RHSs using 14 cumulative iterations for an average of 14 iterations/RHS and with total CPU time of 1.11698 sec.
================================================================================

                         BlockKrylovSchur Solver Status

The solver is initialized.
The number of iterations performed is 22
The block size is         1
The number of blocks is   20
The current basis size is 2
The number of auxiliary vectors is 0
The number of operations Op*x   is 22

CURRENT RITZ VALUES             
              Ritz Value                 Ritz Residual
--------------------------------------------------------------------------------
   1.105986e+00 + i   0.000000e+00        4.570794e-06

================================================================================

MCSA / Richardson Iteration 10: Residual = 1.490236e-05
MCSA / Richardson Iteration 16: Residual = 7.863610e-09
MCLS solver "MCLS::MCSASolverManager<Epetra_Vector, Epetra_RowMatrix>" returned a solve status of "SOLVE_STATUS_CONVERGED" for 1RHSs using 16 cumulative iterations for an average of 16 iterations/RHS and with total CPU time of 1.25656 sec.
================================================================================

                         BlockKrylovSchur Solver Status

The solver is initialized.
The number of iterations performed is 23
The block size is         1
The number of blocks is   20
The current basis size is 3
The number of auxiliary vectors is 0
The number of operations Op*x   is 23

CURRENT RITZ VALUES             
              Ritz Value                 Ritz Residual
--------------------------------------------------------------------------------
   1.105987e+00 + i   0.000000e+00        3.192537e-06

================================================================================

MCSA / Richardson Iteration 10: Residual = 2.873158e-06
MCSA / Richardson Iteration 16: Residual = 1.971382e-09
MCLS solver "MCLS::MCSASolverManager<Epetra_Vector, Epetra_RowMatrix>" returned a solve status of "SOLVE_STATUS_CONVERGED" for 1RHSs using 16 cumulative iterations for an average of 16 iterations/RHS and with total CPU time of 1.25448 sec.
================================================================================

                         BlockKrylovSchur Solver Status

The solver is initialized.
The number of iterations performed is 24
The block size is         1
The number of blocks is   20
The current basis size is 4
The number of auxiliary vectors is 0
The number of operations Op*x   is 24

CURRENT RITZ VALUES             
              Ritz Value                 Ritz Residual
--------------------------------------------------------------------------------
   1.105986e+00 + i   0.000000e+00        1.874028e-06

================================================================================

MCSA / Richardson Iteration 10: Residual = 2.418747e-06
MCSA / Richardson Iteration 15: Residual = 3.641939e-09
MCLS solver "MCLS::MCSASolverManager<Epetra_Vector, Epetra_RowMatrix>" returned a solve status of "SOLVE_STATUS_CONVERGED" for 1RHSs using 15 cumulative iterations for an average of 15 iterations/RHS and with total CPU time of 1.19007 sec.
================================================================================

                         BlockKrylovSchur Solver Status

The solver is initialized.
The number of iterations performed is 25
The block size is         1
The number of blocks is   20
The current basis size is 5
The number of auxiliary vectors is 0
The number of operations Op*x   is 25

CURRENT RITZ VALUES             
              Ritz Value                 Ritz Residual
--------------------------------------------------------------------------------
   1.105987e+00 + i   0.000000e+00        9.215760e-07

================================================================================

>>> Preparing to do SILO output to 1 concurrent files.

===================
Final Timing Report
===================

                                 Routine   Max Fraction   Min Fraction
======================================================================
                         Mesh_generation     1.0192e-04     1.0192e-04
                                  Output     2.8040e-04     2.8040e-04
                                   Setup     6.6702e-01     6.6702e-01
                               Transport     3.3268e-01     3.3268e-01
                           XS_generation     2.3699e-01     2.3699e-01
======================================================================

Total execution time : 1.7223e+02 seconds.
