===============================
Denovo-Neutronics, CASL VERA-CS
(C) ORNL, Batelle, 2007-2012
-------------------------------
Release      :    denovo-3_0_0
Release date :      3-MAR-2011
Build date   :        20130523
===============================
WARNING: Dancoff Factors are disabled!!
>>> Building/partitioning mesh
>>> Setting up cross section builder
>>> Building the cross sections
MCLS ILUT: Generating ILUT Factorization
MCLS ILUT: Inverting ILUT Factorization
MCLS ILUT: Complete in 2352.41 seconds.
************************************************************

Database for Neutronics_PL->INSILICO has:
        15 integer entries
         4 double entries
        11 bool entries
         8 string entries
         0 vector<int> entries
         2 vector<double> entries
         5 nested database entries

============================================================
Entries in                  Neutronics_PL->INSILICO database
============================================================
integer entries
------------------------------------------------------------
                           Pn_order                        1
                          SPN_order                        1
                cell_broadcast_size                      289
                          dimension                        3
                        first_group                        0
                         last_group                        3
                            max_itr                      100
                               mesh                        2
                     neutron_groups                        4
                       num_blocks_i                        1
                       num_blocks_j                        1
                         num_groups                        4
                           num_sets                        1
                       num_z_blocks                        1
                      photon_groups                        0

double entries
------------------------------------------------------------
                     axial_geom_eps                     0.01
                        max_delta_z                       30
                    radial_geom_eps                   0.0001
                          tolerance                    1e-06

bool entries
------------------------------------------------------------
                            adjoint                        0
                    cell_homogenize                        1
                 create_unique_pins                        0
                          do_output                        1
                       do_transport                        1
                        downscatter                        0
                iterate_downscatter                        0
                partition_upscatter                        0
                 spn_block_matrices                        0
               store_fulcrum_string                        1
                       use_symmetry                        1

string entries
------------------------------------------------------------
                           boundary                  reflect
                       eigen_solver                  arnoldi
                             eq_set                   spn_fv
                        mat_library            casl_comp.sh5
                          mg_solver                   krylov
                       problem_name               neutronics
                       problem_type               EIGENVALUE
                         xs_librarylib252_HetBondOneAbs-NoAbsSigP

vector<double> entries                (number of elements)
------------------------------------------------------------
                        neutron_bnd                        5
                     new_grp_bounds                        4

============================================================
Entries in                                 boundary database
============================================================
vector<int> entries                   (number of elements)
------------------------------------------------------------
                            reflect                        6

============================================================
Entries in                            eigenvalue_db database
============================================================
integer entries
------------------------------------------------------------
                         Block Size                        1
                   diagnostic_level                        2
                           subspace                       20

double entries
------------------------------------------------------------
              Convergence Tolerance                    1e-06
                       L2_tolerance                    1e-05

string entries
------------------------------------------------------------
                        eigensolver                  Arnoldi

============================================================
Entries in                               quadrature database
============================================================
integer entries
------------------------------------------------------------
                           Pn_order                        1
                  azimuthals_octant                        8
                      polars_octant                        6

bool entries
------------------------------------------------------------
                            adjoint                        0

string entries
------------------------------------------------------------
                          quad_type                       qr

============================================================
Entries in                                  silo_db database
============================================================
bool entries
------------------------------------------------------------
                       mixing_table                        0

string entries
------------------------------------------------------------
                        silo_output                       p3

============================================================
Entries in                             upscatter_db database
============================================================
integer entries
------------------------------------------------------------
                         aztec_diag                        0
                       aztec_output                        0

double entries
------------------------------------------------------------
                          tolerance                    1e-05

************************************************************
=================================
     GLOBAL MESH DESCRIPTION     
=================================
num cells I                    18
num cells J                    18
num cells K                    62
I-Partitions                    1
J-Partitions                    1
K-Blocks                        1
---------------------------------
Num blocks                      1
Num cells                   20088
=================================
      MATERIAL DESCRIPTION       
=================================
Clean materials                34
Mixed materials              3981
=================================
 MULTILEVEL ENERGY DECOMPOSITION 
=================================
num groups                      4
num solved groups               4
num upscatter groups            3
---------------------------------
num sets                        1
num replicated groups           0
num decomposed groups           4
---------------------------------
Domains (blocks X sets)         1
=================================
       MEMORY  ALLOCATIONS       
=================================
state                       80352
(GB)                   5.9867e-04
DoF                         80352
(GB)                   5.9867e-04
=================================
>>> Running the transport calculation
================================================================================

                         BlockKrylovSchur Solver Status

The solver is initialized.
The number of iterations performed is 0
The block size is         1
The number of blocks is   20
The current basis size is 0
The number of auxiliary vectors is 0
The number of operations Op*x   is 0

CURRENT RITZ VALUES             
   [ NONE COMPUTED ]

================================================================================

COMPOSITE SIZE 12958
MCSA / Richardson Iteration 10: Residual = 6.345983e-06
MCSA / Richardson Iteration 19: Residual = 2.017040e-09
MCLS solver "MCLS::MCSASolverManager<Epetra_Vector, Epetra_RowMatrix>" returned a solve status of "SOLVE_STATUS_CONVERGED" for 1RHSs using 19 cumulative iterations for an average of 19 iterations/RHS and with total CPU time of 1208.73 sec.
================================================================================

                         BlockKrylovSchur Solver Status

The solver is initialized.
The number of iterations performed is 1
The block size is         1
The number of blocks is   20
The current basis size is 1
The number of auxiliary vectors is 0
The number of operations Op*x   is 1

CURRENT RITZ VALUES             
              Ritz Value                 Ritz Residual
--------------------------------------------------------------------------------
   2.621684e+00 + i   0.000000e+00        3.720019e+00

================================================================================

MCSA / Richardson Iteration 10: Residual = 3.199873e-06
MCSA / Richardson Iteration 18: Residual = 1.109301e-09
MCLS solver "MCLS::MCSASolverManager<Epetra_Vector, Epetra_RowMatrix>" returned a solve status of "SOLVE_STATUS_CONVERGED" for 1RHSs using 18 cumulative iterations for an average of 18 iterations/RHS and with total CPU time of 14.0768 sec.
================================================================================

                         BlockKrylovSchur Solver Status

The solver is initialized.
The number of iterations performed is 2
The block size is         1
The number of blocks is   20
The current basis size is 2
The number of auxiliary vectors is 0
The number of operations Op*x   is 2

CURRENT RITZ VALUES             
              Ritz Value                 Ritz Residual
--------------------------------------------------------------------------------
   1.133407e+00 + i   0.000000e+00        4.925368e-02

================================================================================

MCSA / Richardson Iteration 10: Residual = 5.463379e-06
MCSA / Richardson Iteration 19: Residual = 1.322574e-09
MCLS solver "MCLS::MCSASolverManager<Epetra_Vector, Epetra_RowMatrix>" returned a solve status of "SOLVE_STATUS_CONVERGED" for 1RHSs using 19 cumulative iterations for an average of 19 iterations/RHS and with total CPU time of 14.6151 sec.
================================================================================

                         BlockKrylovSchur Solver Status

The solver is initialized.
The number of iterations performed is 3
The block size is         1
The number of blocks is   20
The current basis size is 3
The number of auxiliary vectors is 0
The number of operations Op*x   is 3

CURRENT RITZ VALUES             
              Ritz Value                 Ritz Residual
--------------------------------------------------------------------------------
   1.176148e+00 + i   0.000000e+00        2.606270e-02

================================================================================

MCSA / Richardson Iteration 10: Residual = 4.426055e-06
MCSA / Richardson Iteration 17: Residual = 6.427599e-09
MCLS solver "MCLS::MCSASolverManager<Epetra_Vector, Epetra_RowMatrix>" returned a solve status of "SOLVE_STATUS_CONVERGED" for 1RHSs using 17 cumulative iterations for an average of 17 iterations/RHS and with total CPU time of 13.22 sec.
================================================================================

                         BlockKrylovSchur Solver Status

The solver is initialized.
The number of iterations performed is 4
The block size is         1
The number of blocks is   20
The current basis size is 4
The number of auxiliary vectors is 0
The number of operations Op*x   is 4

CURRENT RITZ VALUES             
              Ritz Value                 Ritz Residual
--------------------------------------------------------------------------------
   1.172938e+00 + i   0.000000e+00        1.888255e-02

================================================================================

MCSA / Richardson Iteration 10: Residual = 5.685308e-06
MCSA / Richardson Iteration 18: Residual = 2.868330e-09
MCLS solver "MCLS::MCSASolverManager<Epetra_Vector, Epetra_RowMatrix>" returned a solve status of "SOLVE_STATUS_CONVERGED" for 1RHSs using 18 cumulative iterations for an average of 18 iterations/RHS and with total CPU time of 13.9635 sec.
================================================================================

                         BlockKrylovSchur Solver Status

The solver is initialized.
The number of iterations performed is 5
The block size is         1
The number of blocks is   20
The current basis size is 5
The number of auxiliary vectors is 0
The number of operations Op*x   is 5

CURRENT RITZ VALUES             
              Ritz Value                 Ritz Residual
--------------------------------------------------------------------------------
   1.172961e+00 + i   0.000000e+00        1.538885e-02

================================================================================

MCSA / Richardson Iteration 10: Residual = 1.465734e-05
MCSA / Richardson Iteration 18: Residual = 4.852817e-09
MCLS solver "MCLS::MCSASolverManager<Epetra_Vector, Epetra_RowMatrix>" returned a solve status of "SOLVE_STATUS_CONVERGED" for 1RHSs using 18 cumulative iterations for an average of 18 iterations/RHS and with total CPU time of 13.9666 sec.
================================================================================

                         BlockKrylovSchur Solver Status

The solver is initialized.
The number of iterations performed is 6
The block size is         1
The number of blocks is   20
The current basis size is 6
The number of auxiliary vectors is 0
The number of operations Op*x   is 6

CURRENT RITZ VALUES             
              Ritz Value                 Ritz Residual
--------------------------------------------------------------------------------
   1.174774e+00 + i   0.000000e+00        1.291006e-02

================================================================================

MCSA / Richardson Iteration 10: Residual = 2.336965e-06
MCSA / Richardson Iteration 16: Residual = 3.381200e-09
MCLS solver "MCLS::MCSASolverManager<Epetra_Vector, Epetra_RowMatrix>" returned a solve status of "SOLVE_STATUS_CONVERGED" for 1RHSs using 16 cumulative iterations for an average of 16 iterations/RHS and with total CPU time of 12.5992 sec.
================================================================================

                         BlockKrylovSchur Solver Status

The solver is initialized.
The number of iterations performed is 7
The block size is         1
The number of blocks is   20
The current basis size is 7
The number of auxiliary vectors is 0
The number of operations Op*x   is 7

CURRENT RITZ VALUES             
              Ritz Value                 Ritz Residual
--------------------------------------------------------------------------------
   1.175111e+00 + i   0.000000e+00        1.048353e-02

================================================================================

MCSA / Richardson Iteration 10: Residual = 4.024164e-06
MCSA / Richardson Iteration 17: Residual = 4.229760e-09
MCLS solver "MCLS::MCSASolverManager<Epetra_Vector, Epetra_RowMatrix>" returned a solve status of "SOLVE_STATUS_CONVERGED" for 1RHSs using 17 cumulative iterations for an average of 17 iterations/RHS and with total CPU time of 13.1488 sec.
================================================================================

                         BlockKrylovSchur Solver Status

The solver is initialized.
The number of iterations performed is 8
The block size is         1
The number of blocks is   20
The current basis size is 8
The number of auxiliary vectors is 0
The number of operations Op*x   is 8

CURRENT RITZ VALUES             
              Ritz Value                 Ritz Residual
--------------------------------------------------------------------------------
   1.175088e+00 + i   0.000000e+00        8.351884e-03

================================================================================

MCSA / Richardson Iteration 10: Residual = 2.077170e-06
MCSA / Richardson Iteration 18: Residual = 2.512236e-09
MCLS solver "MCLS::MCSASolverManager<Epetra_Vector, Epetra_RowMatrix>" returned a solve status of "SOLVE_STATUS_CONVERGED" for 1RHSs using 18 cumulative iterations for an average of 18 iterations/RHS and with total CPU time of 14.0886 sec.
================================================================================

                         BlockKrylovSchur Solver Status

The solver is initialized.
The number of iterations performed is 9
The block size is         1
The number of blocks is   20
The current basis size is 9
The number of auxiliary vectors is 0
The number of operations Op*x   is 9

CURRENT RITZ VALUES             
              Ritz Value                 Ritz Residual
--------------------------------------------------------------------------------
   1.175404e+00 + i   0.000000e+00        7.014940e-03

================================================================================

MCSA / Richardson Iteration 10: Residual = 1.088649e-06
MCSA / Richardson Iteration 13: Residual = 5.900283e-09
MCLS solver "MCLS::MCSASolverManager<Epetra_Vector, Epetra_RowMatrix>" returned a solve status of "SOLVE_STATUS_CONVERGED" for 1RHSs using 13 cumulative iterations for an average of 13 iterations/RHS and with total CPU time of 10.491 sec.
================================================================================

                         BlockKrylovSchur Solver Status

The solver is initialized.
The number of iterations performed is 10
The block size is         1
The number of blocks is   20
The current basis size is 10
The number of auxiliary vectors is 0
The number of operations Op*x   is 10

CURRENT RITZ VALUES             
              Ritz Value                 Ritz Residual
--------------------------------------------------------------------------------
   1.175799e+00 + i   0.000000e+00        6.237204e-03

================================================================================

MCSA / Richardson Iteration 10: Residual = 3.813631e-05
MCSA / Richardson Iteration 16: Residual = 1.503106e-09
MCLS solver "MCLS::MCSASolverManager<Epetra_Vector, Epetra_RowMatrix>" returned a solve status of "SOLVE_STATUS_CONVERGED" for 1RHSs using 16 cumulative iterations for an average of 16 iterations/RHS and with total CPU time of 12.5868 sec.
================================================================================

                         BlockKrylovSchur Solver Status

The solver is initialized.
The number of iterations performed is 11
The block size is         1
The number of blocks is   20
The current basis size is 11
The number of auxiliary vectors is 0
The number of operations Op*x   is 11

CURRENT RITZ VALUES             
              Ritz Value                 Ritz Residual
--------------------------------------------------------------------------------
   1.175574e+00 + i   0.000000e+00        4.849410e-03

================================================================================

MCSA / Richardson Iteration 10: Residual = 2.870507e-06
MCSA / Richardson Iteration 17: Residual = 2.684022e-09
MCLS solver "MCLS::MCSASolverManager<Epetra_Vector, Epetra_RowMatrix>" returned a solve status of "SOLVE_STATUS_CONVERGED" for 1RHSs using 17 cumulative iterations for an average of 17 iterations/RHS and with total CPU time of 13.2433 sec.
================================================================================

                         BlockKrylovSchur Solver Status

The solver is initialized.
The number of iterations performed is 12
The block size is         1
The number of blocks is   20
The current basis size is 12
The number of auxiliary vectors is 0
The number of operations Op*x   is 12

CURRENT RITZ VALUES             
              Ritz Value                 Ritz Residual
--------------------------------------------------------------------------------
   1.175761e+00 + i   0.000000e+00        3.990782e-03

================================================================================

MCSA / Richardson Iteration 10: Residual = 7.452800e-06
MCSA / Richardson Iteration 18: Residual = 3.435190e-09
MCLS solver "MCLS::MCSASolverManager<Epetra_Vector, Epetra_RowMatrix>" returned a solve status of "SOLVE_STATUS_CONVERGED" for 1RHSs using 18 cumulative iterations for an average of 18 iterations/RHS and with total CPU time of 13.8526 sec.
================================================================================

                         BlockKrylovSchur Solver Status

The solver is initialized.
The number of iterations performed is 13
The block size is         1
The number of blocks is   20
The current basis size is 13
The number of auxiliary vectors is 0
The number of operations Op*x   is 13

CURRENT RITZ VALUES             
              Ritz Value                 Ritz Residual
--------------------------------------------------------------------------------
   1.175928e+00 + i   0.000000e+00        3.048545e-03

================================================================================

MCSA / Richardson Iteration 10: Residual = 2.873210e-05
MCSA / Richardson Iteration 15: Residual = 8.770872e-09
MCLS solver "MCLS::MCSASolverManager<Epetra_Vector, Epetra_RowMatrix>" returned a solve status of "SOLVE_STATUS_CONVERGED" for 1RHSs using 15 cumulative iterations for an average of 15 iterations/RHS and with total CPU time of 11.9046 sec.
================================================================================

                         BlockKrylovSchur Solver Status

The solver is initialized.
The number of iterations performed is 14
The block size is         1
The number of blocks is   20
The current basis size is 14
The number of auxiliary vectors is 0
The number of operations Op*x   is 14

CURRENT RITZ VALUES             
              Ritz Value                 Ritz Residual
--------------------------------------------------------------------------------
   1.175779e+00 + i   0.000000e+00        1.908062e-03

================================================================================

MCSA / Richardson Iteration 10: Residual = 4.003312e-05
MCSA / Richardson Iteration 19: Residual = 9.224624e-09
MCLS solver "MCLS::MCSASolverManager<Epetra_Vector, Epetra_RowMatrix>" returned a solve status of "SOLVE_STATUS_CONVERGED" for 1RHSs using 19 cumulative iterations for an average of 19 iterations/RHS and with total CPU time of 14.8382 sec.
================================================================================

                         BlockKrylovSchur Solver Status

The solver is initialized.
The number of iterations performed is 15
The block size is         1
The number of blocks is   20
The current basis size is 15
The number of auxiliary vectors is 0
The number of operations Op*x   is 15

CURRENT RITZ VALUES             
              Ritz Value                 Ritz Residual
--------------------------------------------------------------------------------
   1.175851e+00 + i   0.000000e+00        1.011723e-03

================================================================================

MCSA / Richardson Iteration 10: Residual = 1.336594e-05
MCSA / Richardson Iteration 15: Residual = 3.275749e-09
MCLS solver "MCLS::MCSASolverManager<Epetra_Vector, Epetra_RowMatrix>" returned a solve status of "SOLVE_STATUS_CONVERGED" for 1RHSs using 15 cumulative iterations for an average of 15 iterations/RHS and with total CPU time of 11.9413 sec.
================================================================================

                         BlockKrylovSchur Solver Status

The solver is initialized.
The number of iterations performed is 16
The block size is         1
The number of blocks is   20
The current basis size is 16
The number of auxiliary vectors is 0
The number of operations Op*x   is 16

CURRENT RITZ VALUES             
              Ritz Value                 Ritz Residual
--------------------------------------------------------------------------------
   1.175862e+00 + i   0.000000e+00        4.481873e-04

================================================================================

MCSA / Richardson Iteration 10: Residual = 2.542745e-06
MCSA / Richardson Iteration 17: Residual = 6.821435e-09
MCLS solver "MCLS::MCSASolverManager<Epetra_Vector, Epetra_RowMatrix>" returned a solve status of "SOLVE_STATUS_CONVERGED" for 1RHSs using 17 cumulative iterations for an average of 17 iterations/RHS and with total CPU time of 13.4123 sec.
================================================================================

                         BlockKrylovSchur Solver Status

The solver is initialized.
The number of iterations performed is 17
The block size is         1
The number of blocks is   20
The current basis size is 17
The number of auxiliary vectors is 0
The number of operations Op*x   is 17

CURRENT RITZ VALUES             
              Ritz Value                 Ritz Residual
--------------------------------------------------------------------------------
   1.175840e+00 + i   0.000000e+00        1.867982e-04

================================================================================

MCSA / Richardson Iteration 10: Residual = 9.933358e-06
MCSA / Richardson Iteration 18: Residual = 3.561352e-09
MCLS solver "MCLS::MCSASolverManager<Epetra_Vector, Epetra_RowMatrix>" returned a solve status of "SOLVE_STATUS_CONVERGED" for 1RHSs using 18 cumulative iterations for an average of 18 iterations/RHS and with total CPU time of 14.0853 sec.
================================================================================

                         BlockKrylovSchur Solver Status

The solver is initialized.
The number of iterations performed is 18
The block size is         1
The number of blocks is   20
The current basis size is 18
The number of auxiliary vectors is 0
The number of operations Op*x   is 18

CURRENT RITZ VALUES             
              Ritz Value                 Ritz Residual
--------------------------------------------------------------------------------
   1.175850e+00 + i   0.000000e+00        5.418705e-05

================================================================================

MCSA / Richardson Iteration 10: Residual = 3.218985e-06
MCSA / Richardson Iteration 16: Residual = 5.931507e-09
MCLS solver "MCLS::MCSASolverManager<Epetra_Vector, Epetra_RowMatrix>" returned a solve status of "SOLVE_STATUS_CONVERGED" for 1RHSs using 16 cumulative iterations for an average of 16 iterations/RHS and with total CPU time of 12.6756 sec.
================================================================================

                         BlockKrylovSchur Solver Status

The solver is initialized.
The number of iterations performed is 19
The block size is         1
The number of blocks is   20
The current basis size is 19
The number of auxiliary vectors is 0
The number of operations Op*x   is 19

CURRENT RITZ VALUES             
              Ritz Value                 Ritz Residual
--------------------------------------------------------------------------------
   1.175850e+00 + i   0.000000e+00        1.427410e-05

================================================================================

MCSA / Richardson Iteration 10: Residual = 8.247687e-06
MCSA / Richardson Iteration 17: Residual = 4.815336e-09
MCLS solver "MCLS::MCSASolverManager<Epetra_Vector, Epetra_RowMatrix>" returned a solve status of "SOLVE_STATUS_CONVERGED" for 1RHSs using 17 cumulative iterations for an average of 17 iterations/RHS and with total CPU time of 13.3196 sec.
================================================================================

                         BlockKrylovSchur Solver Status

The solver is initialized.
The number of iterations performed is 20
The block size is         1
The number of blocks is   20
The current basis size is 20
The number of auxiliary vectors is 0
The number of operations Op*x   is 20

CURRENT RITZ VALUES             
              Ritz Value                 Ritz Residual
--------------------------------------------------------------------------------
   1.175850e+00 + i   0.000000e+00        5.157528e-06

================================================================================

MCSA / Richardson Iteration 10: Residual = 2.310546e-04
MCSA / Richardson Iteration 19: Residual = 9.582336e-10
MCLS solver "MCLS::MCSASolverManager<Epetra_Vector, Epetra_RowMatrix>" returned a solve status of "SOLVE_STATUS_CONVERGED" for 1RHSs using 19 cumulative iterations for an average of 19 iterations/RHS and with total CPU time of 14.6956 sec.
================================================================================

                         BlockKrylovSchur Solver Status

The solver is initialized.
The number of iterations performed is 21
The block size is         1
The number of blocks is   20
The current basis size is 21
The number of auxiliary vectors is 0
The number of operations Op*x   is 21

CURRENT RITZ VALUES             
              Ritz Value                 Ritz Residual
--------------------------------------------------------------------------------
   1.175850e+00 + i   0.000000e+00        3.135557e-06

================================================================================

================================================================================

                         BlockKrylovSchur Solver Status

The solver is initialized.
The number of iterations performed is 21
The block size is         1
The number of blocks is   20
The current basis size is 1
The number of auxiliary vectors is 0
The number of operations Op*x   is 21

CURRENT RITZ VALUES             
              Ritz Value                 Ritz Residual
--------------------------------------------------------------------------------
   1.175850e+00 + i   0.000000e+00        3.135557e-06

================================================================================

MCSA / Richardson Iteration 10: Residual = 7.868239e-06
MCSA / Richardson Iteration 18: Residual = 5.396733e-09
MCLS solver "MCLS::MCSASolverManager<Epetra_Vector, Epetra_RowMatrix>" returned a solve status of "SOLVE_STATUS_CONVERGED" for 1RHSs using 18 cumulative iterations for an average of 18 iterations/RHS and with total CPU time of 14.1241 sec.
================================================================================

                         BlockKrylovSchur Solver Status

The solver is initialized.
The number of iterations performed is 22
The block size is         1
The number of blocks is   20
The current basis size is 2
The number of auxiliary vectors is 0
The number of operations Op*x   is 22

CURRENT RITZ VALUES             
              Ritz Value                 Ritz Residual
--------------------------------------------------------------------------------
   1.175850e+00 + i   0.000000e+00        2.620739e-06

================================================================================

MCSA / Richardson Iteration 10: Residual = 1.287826e-05
MCSA / Richardson Iteration 20: Residual = 1.060896e-08
MCSA / Richardson Iteration 21: Residual = 5.107708e-09
MCLS solver "MCLS::MCSASolverManager<Epetra_Vector, Epetra_RowMatrix>" returned a solve status of "SOLVE_STATUS_CONVERGED" for 1RHSs using 21 cumulative iterations for an average of 21 iterations/RHS and with total CPU time of 16.1291 sec.
================================================================================

                         BlockKrylovSchur Solver Status

The solver is initialized.
The number of iterations performed is 23
The block size is         1
The number of blocks is   20
The current basis size is 3
The number of auxiliary vectors is 0
The number of operations Op*x   is 23

CURRENT RITZ VALUES             
              Ritz Value                 Ritz Residual
--------------------------------------------------------------------------------
   1.175850e+00 + i   0.000000e+00        2.245047e-06

================================================================================

MCSA / Richardson Iteration 10: Residual = 1.646896e-06
MCSA / Richardson Iteration 16: Residual = 5.572159e-09
MCLS solver "MCLS::MCSASolverManager<Epetra_Vector, Epetra_RowMatrix>" returned a solve status of "SOLVE_STATUS_CONVERGED" for 1RHSs using 16 cumulative iterations for an average of 16 iterations/RHS and with total CPU time of 12.6436 sec.
================================================================================

                         BlockKrylovSchur Solver Status

The solver is initialized.
The number of iterations performed is 24
The block size is         1
The number of blocks is   20
The current basis size is 4
The number of auxiliary vectors is 0
The number of operations Op*x   is 24

CURRENT RITZ VALUES             
              Ritz Value                 Ritz Residual
--------------------------------------------------------------------------------
   1.175850e+00 + i   0.000000e+00        1.519966e-06

================================================================================

MCSA / Richardson Iteration 10: Residual = 2.713272e-05
MCSA / Richardson Iteration 19: Residual = 4.967223e-09
MCLS solver "MCLS::MCSASolverManager<Epetra_Vector, Epetra_RowMatrix>" returned a solve status of "SOLVE_STATUS_CONVERGED" for 1RHSs using 19 cumulative iterations for an average of 19 iterations/RHS and with total CPU time of 14.5552 sec.
================================================================================

                         BlockKrylovSchur Solver Status

The solver is initialized.
The number of iterations performed is 25
The block size is         1
The number of blocks is   20
The current basis size is 5
The number of auxiliary vectors is 0
The number of operations Op*x   is 25

CURRENT RITZ VALUES             
              Ritz Value                 Ritz Residual
--------------------------------------------------------------------------------
   1.175850e+00 + i   0.000000e+00        1.833478e-06

================================================================================

MCSA / Richardson Iteration 10: Residual = 1.965881e-06
MCSA / Richardson Iteration 19: Residual = 3.181530e-09
MCLS solver "MCLS::MCSASolverManager<Epetra_Vector, Epetra_RowMatrix>" returned a solve status of "SOLVE_STATUS_CONVERGED" for 1RHSs using 19 cumulative iterations for an average of 19 iterations/RHS and with total CPU time of 14.921 sec.
================================================================================

                         BlockKrylovSchur Solver Status

The solver is initialized.
The number of iterations performed is 26
The block size is         1
The number of blocks is   20
The current basis size is 6
The number of auxiliary vectors is 0
The number of operations Op*x   is 26

CURRENT RITZ VALUES             
              Ritz Value                 Ritz Residual
--------------------------------------------------------------------------------
   1.175850e+00 + i   0.000000e+00        2.367693e-06

================================================================================

MCSA / Richardson Iteration 10: Residual = 1.228211e-05
MCSA / Richardson Iteration 19: Residual = 4.014948e-09
MCLS solver "MCLS::MCSASolverManager<Epetra_Vector, Epetra_RowMatrix>" returned a solve status of "SOLVE_STATUS_CONVERGED" for 1RHSs using 19 cumulative iterations for an average of 19 iterations/RHS and with total CPU time of 14.607 sec.
================================================================================

                         BlockKrylovSchur Solver Status

The solver is initialized.
The number of iterations performed is 27
The block size is         1
The number of blocks is   20
The current basis size is 7
The number of auxiliary vectors is 0
The number of operations Op*x   is 27

CURRENT RITZ VALUES             
              Ritz Value                 Ritz Residual
--------------------------------------------------------------------------------
   1.175850e+00 + i   0.000000e+00        1.401884e-06

================================================================================

MCSA / Richardson Iteration 10: Residual = 2.730597e-05
MCSA / Richardson Iteration 19: Residual = 4.584821e-09
MCLS solver "MCLS::MCSASolverManager<Epetra_Vector, Epetra_RowMatrix>" returned a solve status of "SOLVE_STATUS_CONVERGED" for 1RHSs using 19 cumulative iterations for an average of 19 iterations/RHS and with total CPU time of 14.754 sec.
================================================================================

                         BlockKrylovSchur Solver Status

The solver is initialized.
The number of iterations performed is 28
The block size is         1
The number of blocks is   20
The current basis size is 8
The number of auxiliary vectors is 0
The number of operations Op*x   is 28

CURRENT RITZ VALUES             
              Ritz Value                 Ritz Residual
--------------------------------------------------------------------------------
   1.175850e+00 + i   0.000000e+00        1.248039e-06

================================================================================

MCSA / Richardson Iteration 10: Residual = 5.207276e-06
MCSA / Richardson Iteration 18: Residual = 2.507793e-09
MCLS solver "MCLS::MCSASolverManager<Epetra_Vector, Epetra_RowMatrix>" returned a solve status of "SOLVE_STATUS_CONVERGED" for 1RHSs using 18 cumulative iterations for an average of 18 iterations/RHS and with total CPU time of 14.0728 sec.
================================================================================

                         BlockKrylovSchur Solver Status

The solver is initialized.
The number of iterations performed is 29
The block size is         1
The number of blocks is   20
The current basis size is 9
The number of auxiliary vectors is 0
The number of operations Op*x   is 29

CURRENT RITZ VALUES             
              Ritz Value                 Ritz Residual
--------------------------------------------------------------------------------
   1.175850e+00 + i   0.000000e+00        1.590288e-06

================================================================================

MCSA / Richardson Iteration 10: Residual = 4.667438e-05
MCSA / Richardson Iteration 18: Residual = 8.677157e-09
MCLS solver "MCLS::MCSASolverManager<Epetra_Vector, Epetra_RowMatrix>" returned a solve status of "SOLVE_STATUS_CONVERGED" for 1RHSs using 18 cumulative iterations for an average of 18 iterations/RHS and with total CPU time of 14.2066 sec.
================================================================================

                         BlockKrylovSchur Solver Status

The solver is initialized.
The number of iterations performed is 30
The block size is         1
The number of blocks is   20
The current basis size is 10
The number of auxiliary vectors is 0
The number of operations Op*x   is 30

CURRENT RITZ VALUES             
              Ritz Value                 Ritz Residual
--------------------------------------------------------------------------------
   1.175850e+00 + i   0.000000e+00        1.369475e-06

================================================================================

MCSA / Richardson Iteration 10: Residual = 3.949187e-05
MCSA / Richardson Iteration 20: Residual = 1.490500e-08
MCSA / Richardson Iteration 21: Residual = 6.311926e-09
MCLS solver "MCLS::MCSASolverManager<Epetra_Vector, Epetra_RowMatrix>" returned a solve status of "SOLVE_STATUS_CONVERGED" for 1RHSs using 21 cumulative iterations for an average of 21 iterations/RHS and with total CPU time of 16.0168 sec.
================================================================================

                         BlockKrylovSchur Solver Status

The solver is initialized.
The number of iterations performed is 31
The block size is         1
The number of blocks is   20
The current basis size is 11
The number of auxiliary vectors is 0
The number of operations Op*x   is 31

CURRENT RITZ VALUES             
              Ritz Value                 Ritz Residual
--------------------------------------------------------------------------------
   1.175850e+00 + i   0.000000e+00        1.008458e-06

================================================================================

>>> Preparing to do SILO output to 1 concurrent files.

===================
Final Timing Report
===================

                                 Routine   Max Fraction   Min Fraction
======================================================================
                         Mesh_generation     4.4515e-06     4.4515e-06
                                  Output     1.0993e-04     1.0993e-04
                                   Setup     5.9669e-01     5.9669e-01
                               Transport     4.0320e-01     4.0320e-01
                           XS_generation     1.0050e-02     1.0050e-02
======================================================================

Total execution time : 4.0231e+03 seconds.
