===============================
Denovo-Neutronics, CASL VERA-CS
(C) ORNL, Batelle, 2007-2012
-------------------------------
Release      :    denovo-3_0_0
Release date :      3-MAR-2011
Build date   :        20130523
===============================
WARNING: Dancoff Factors are disabled!!
>>> Building/partitioning mesh
>>> Setting up cross section builder
>>> Building the cross sections
MCLS ILUT: Generating ILUT Factorization
MCLS ILUT: Inverting ILUT Factorization
MCLS ILUT: Complete in 424.507 seconds.
************************************************************

Database for Neutronics_PL->INSILICO has:
        15 integer entries
         4 double entries
        11 bool entries
         8 string entries
         0 vector<int> entries
         2 vector<double> entries
         5 nested database entries

============================================================
Entries in                  Neutronics_PL->INSILICO database
============================================================
integer entries
------------------------------------------------------------
                           Pn_order                        1
                          SPN_order                        1
                cell_broadcast_size                      289
                          dimension                        3
                        first_group                        0
                         last_group                        1
                            max_itr                      100
                               mesh                        2
                     neutron_groups                        2
                       num_blocks_i                        1
                       num_blocks_j                        1
                         num_groups                        2
                           num_sets                        1
                       num_z_blocks                        1
                      photon_groups                        0

double entries
------------------------------------------------------------
                     axial_geom_eps                     0.01
                        max_delta_z                       30
                    radial_geom_eps                   0.0001
                          tolerance                    1e-06

bool entries
------------------------------------------------------------
                            adjoint                        0
                    cell_homogenize                        1
                 create_unique_pins                        0
                          do_output                        1
                       do_transport                        1
                        downscatter                        0
                iterate_downscatter                        0
                partition_upscatter                        0
                 spn_block_matrices                        0
               store_fulcrum_string                        1
                       use_symmetry                        1

string entries
------------------------------------------------------------
                           boundary                  reflect
                       eigen_solver                  arnoldi
                             eq_set                   spn_fv
                        mat_library            casl_comp.sh5
                          mg_solver                   krylov
                       problem_name               neutronics
                       problem_type               EIGENVALUE
                         xs_librarylib252_HetBondOneAbs-NoAbsSigP

vector<double> entries                (number of elements)
------------------------------------------------------------
                        neutron_bnd                        3
                     new_grp_bounds                        2

============================================================
Entries in                                 boundary database
============================================================
vector<int> entries                   (number of elements)
------------------------------------------------------------
                            reflect                        6

============================================================
Entries in                            eigenvalue_db database
============================================================
integer entries
------------------------------------------------------------
                         Block Size                        1
                   diagnostic_level                        2
                           subspace                       20

double entries
------------------------------------------------------------
              Convergence Tolerance                    1e-06
                       L2_tolerance                    1e-05

string entries
------------------------------------------------------------
                        eigensolver                  Arnoldi

============================================================
Entries in                               quadrature database
============================================================
integer entries
------------------------------------------------------------
                           Pn_order                        1
                  azimuthals_octant                        8
                      polars_octant                        6

bool entries
------------------------------------------------------------
                            adjoint                        0

string entries
------------------------------------------------------------
                          quad_type                       qr

============================================================
Entries in                                  silo_db database
============================================================
bool entries
------------------------------------------------------------
                       mixing_table                        0

string entries
------------------------------------------------------------
                        silo_output                       p3

============================================================
Entries in                             upscatter_db database
============================================================
integer entries
------------------------------------------------------------
                         aztec_diag                        0
                       aztec_output                        0

double entries
------------------------------------------------------------
                          tolerance                    1e-05

************************************************************
=================================
     GLOBAL MESH DESCRIPTION     
=================================
num cells I                    18
num cells J                    18
num cells K                    62
I-Partitions                    1
J-Partitions                    1
K-Blocks                        1
---------------------------------
Num blocks                      1
Num cells                   20088
=================================
      MATERIAL DESCRIPTION       
=================================
Clean materials                34
Mixed materials              3981
=================================
 MULTILEVEL ENERGY DECOMPOSITION 
=================================
num groups                      2
num solved groups               2
num upscatter groups            2
---------------------------------
num sets                        1
num replicated groups           0
num decomposed groups           2
---------------------------------
Domains (blocks X sets)         1
=================================
       MEMORY  ALLOCATIONS       
=================================
state                       40176
(GB)                   2.9933e-04
DoF                         40176
(GB)                   2.9933e-04
=================================
>>> Running the transport calculation
================================================================================

                         BlockKrylovSchur Solver Status

The solver is initialized.
The number of iterations performed is 0
The block size is         1
The number of blocks is   20
The current basis size is 0
The number of auxiliary vectors is 0
The number of operations Op*x   is 0

CURRENT RITZ VALUES             
   [ NONE COMPUTED ]

================================================================================

COMPOSITE SIZE 6303
MCSA / Minimal Residual Iteration 10: Residual = 4.417900e-06
MCSA / Minimal Residual Iteration 17: Residual = 6.621031e-09
MCLS solver "MCLS::MCSASolverManager<Epetra_Vector, Epetra_RowMatrix>" returned a solve status of "SOLVE_STATUS_CONVERGED" for 1RHSs using 17 cumulative iterations for an average of 17 iterations/RHS and with total CPU time of 310.007 sec.
================================================================================

                         BlockKrylovSchur Solver Status

The solver is initialized.
The number of iterations performed is 1
The block size is         1
The number of blocks is   20
The current basis size is 1
The number of auxiliary vectors is 0
The number of operations Op*x   is 1

CURRENT RITZ VALUES             
              Ritz Value                 Ritz Residual
--------------------------------------------------------------------------------
   3.545754e+00 + i   0.000000e+00        3.747155e+00

================================================================================

MCSA / Minimal Residual Iteration 10: Residual = 6.200065e-06
MCSA / Minimal Residual Iteration 17: Residual = 9.591436e-09
MCLS solver "MCLS::MCSASolverManager<Epetra_Vector, Epetra_RowMatrix>" returned a solve status of "SOLVE_STATUS_CONVERGED" for 1RHSs using 17 cumulative iterations for an average of 17 iterations/RHS and with total CPU time of 5.59985 sec.
================================================================================

                         BlockKrylovSchur Solver Status

The solver is initialized.
The number of iterations performed is 2
The block size is         1
The number of blocks is   20
The current basis size is 2
The number of auxiliary vectors is 0
The number of operations Op*x   is 2

CURRENT RITZ VALUES             
              Ritz Value                 Ritz Residual
--------------------------------------------------------------------------------
   1.101894e+00 + i   0.000000e+00        4.678722e-02

================================================================================

MCSA / Minimal Residual Iteration 10: Residual = 4.880284e-06
MCSA / Minimal Residual Iteration 18: Residual = 5.973107e-09
MCLS solver "MCLS::MCSASolverManager<Epetra_Vector, Epetra_RowMatrix>" returned a solve status of "SOLVE_STATUS_CONVERGED" for 1RHSs using 18 cumulative iterations for an average of 18 iterations/RHS and with total CPU time of 5.92939 sec.
================================================================================

                         BlockKrylovSchur Solver Status

The solver is initialized.
The number of iterations performed is 3
The block size is         1
The number of blocks is   20
The current basis size is 3
The number of auxiliary vectors is 0
The number of operations Op*x   is 3

CURRENT RITZ VALUES             
              Ritz Value                 Ritz Residual
--------------------------------------------------------------------------------
   1.153808e+00 + i   0.000000e+00        2.377374e-02

================================================================================

MCSA / Minimal Residual Iteration 10: Residual = 4.427320e-05
MCSA / Minimal Residual Iteration 19: Residual = 3.716996e-09
MCLS solver "MCLS::MCSASolverManager<Epetra_Vector, Epetra_RowMatrix>" returned a solve status of "SOLVE_STATUS_CONVERGED" for 1RHSs using 19 cumulative iterations for an average of 19 iterations/RHS and with total CPU time of 6.14004 sec.
================================================================================

                         BlockKrylovSchur Solver Status

The solver is initialized.
The number of iterations performed is 4
The block size is         1
The number of blocks is   20
The current basis size is 4
The number of auxiliary vectors is 0
The number of operations Op*x   is 4

CURRENT RITZ VALUES             
              Ritz Value                 Ritz Residual
--------------------------------------------------------------------------------
   1.154791e+00 + i   0.000000e+00        1.654478e-02

================================================================================

MCSA / Minimal Residual Iteration 10: Residual = 3.685537e-06
MCSA / Minimal Residual Iteration 17: Residual = 8.596637e-09
MCLS solver "MCLS::MCSASolverManager<Epetra_Vector, Epetra_RowMatrix>" returned a solve status of "SOLVE_STATUS_CONVERGED" for 1RHSs using 17 cumulative iterations for an average of 17 iterations/RHS and with total CPU time of 5.58776 sec.
================================================================================

                         BlockKrylovSchur Solver Status

The solver is initialized.
The number of iterations performed is 5
The block size is         1
The number of blocks is   20
The current basis size is 5
The number of auxiliary vectors is 0
The number of operations Op*x   is 5

CURRENT RITZ VALUES             
              Ritz Value                 Ritz Residual
--------------------------------------------------------------------------------
   1.151646e+00 + i   0.000000e+00        1.536017e-02

================================================================================

MCSA / Minimal Residual Iteration 10: Residual = 1.097159e-06
MCSA / Minimal Residual Iteration 16: Residual = 4.551422e-09
MCLS solver "MCLS::MCSASolverManager<Epetra_Vector, Epetra_RowMatrix>" returned a solve status of "SOLVE_STATUS_CONVERGED" for 1RHSs using 16 cumulative iterations for an average of 16 iterations/RHS and with total CPU time of 5.26087 sec.
================================================================================

                         BlockKrylovSchur Solver Status

The solver is initialized.
The number of iterations performed is 6
The block size is         1
The number of blocks is   20
The current basis size is 6
The number of auxiliary vectors is 0
The number of operations Op*x   is 6

CURRENT RITZ VALUES             
              Ritz Value                 Ritz Residual
--------------------------------------------------------------------------------
   1.153849e+00 + i   0.000000e+00        1.193565e-02

================================================================================

MCSA / Minimal Residual Iteration 10: Residual = 3.901263e-06
MCSA / Minimal Residual Iteration 17: Residual = 9.008592e-09
MCLS solver "MCLS::MCSASolverManager<Epetra_Vector, Epetra_RowMatrix>" returned a solve status of "SOLVE_STATUS_CONVERGED" for 1RHSs using 17 cumulative iterations for an average of 17 iterations/RHS and with total CPU time of 5.60277 sec.
================================================================================

                         BlockKrylovSchur Solver Status

The solver is initialized.
The number of iterations performed is 7
The block size is         1
The number of blocks is   20
The current basis size is 7
The number of auxiliary vectors is 0
The number of operations Op*x   is 7

CURRENT RITZ VALUES             
              Ritz Value                 Ritz Residual
--------------------------------------------------------------------------------
   1.154413e+00 + i   0.000000e+00        9.193509e-03

================================================================================

MCSA / Minimal Residual Iteration 10: Residual = 2.391114e-06
MCSA / Minimal Residual Iteration 17: Residual = 7.194449e-09
MCLS solver "MCLS::MCSASolverManager<Epetra_Vector, Epetra_RowMatrix>" returned a solve status of "SOLVE_STATUS_CONVERGED" for 1RHSs using 17 cumulative iterations for an average of 17 iterations/RHS and with total CPU time of 5.52316 sec.
================================================================================

                         BlockKrylovSchur Solver Status

The solver is initialized.
The number of iterations performed is 8
The block size is         1
The number of blocks is   20
The current basis size is 8
The number of auxiliary vectors is 0
The number of operations Op*x   is 8

CURRENT RITZ VALUES             
              Ritz Value                 Ritz Residual
--------------------------------------------------------------------------------
   1.155108e+00 + i   0.000000e+00        8.194691e-03

================================================================================

MCSA / Minimal Residual Iteration 10: Residual = 3.413463e-07
MCSA / Minimal Residual Iteration 15: Residual = 3.780180e-09
MCLS solver "MCLS::MCSASolverManager<Epetra_Vector, Epetra_RowMatrix>" returned a solve status of "SOLVE_STATUS_CONVERGED" for 1RHSs using 15 cumulative iterations for an average of 15 iterations/RHS and with total CPU time of 4.88842 sec.
================================================================================

                         BlockKrylovSchur Solver Status

The solver is initialized.
The number of iterations performed is 9
The block size is         1
The number of blocks is   20
The current basis size is 9
The number of auxiliary vectors is 0
The number of operations Op*x   is 9

CURRENT RITZ VALUES             
              Ritz Value                 Ritz Residual
--------------------------------------------------------------------------------
   1.154455e+00 + i   0.000000e+00        7.206750e-03

================================================================================

MCSA / Minimal Residual Iteration 10: Residual = 1.050697e-06
MCSA / Minimal Residual Iteration 16: Residual = 5.274001e-09
MCLS solver "MCLS::MCSASolverManager<Epetra_Vector, Epetra_RowMatrix>" returned a solve status of "SOLVE_STATUS_CONVERGED" for 1RHSs using 16 cumulative iterations for an average of 16 iterations/RHS and with total CPU time of 5.19972 sec.
================================================================================

                         BlockKrylovSchur Solver Status

The solver is initialized.
The number of iterations performed is 10
The block size is         1
The number of blocks is   20
The current basis size is 10
The number of auxiliary vectors is 0
The number of operations Op*x   is 10

CURRENT RITZ VALUES             
              Ritz Value                 Ritz Residual
--------------------------------------------------------------------------------
   1.154630e+00 + i   0.000000e+00        5.866513e-03

================================================================================

MCSA / Minimal Residual Iteration 10: Residual = 2.496503e-06
MCSA / Minimal Residual Iteration 17: Residual = 9.327562e-09
MCLS solver "MCLS::MCSASolverManager<Epetra_Vector, Epetra_RowMatrix>" returned a solve status of "SOLVE_STATUS_CONVERGED" for 1RHSs using 17 cumulative iterations for an average of 17 iterations/RHS and with total CPU time of 5.48832 sec.
================================================================================

                         BlockKrylovSchur Solver Status

The solver is initialized.
The number of iterations performed is 11
The block size is         1
The number of blocks is   20
The current basis size is 11
The number of auxiliary vectors is 0
The number of operations Op*x   is 11

CURRENT RITZ VALUES             
              Ritz Value                 Ritz Residual
--------------------------------------------------------------------------------
   1.155644e+00 + i   0.000000e+00        4.914501e-03

================================================================================

MCSA / Minimal Residual Iteration 10: Residual = 1.917081e-06
MCSA / Minimal Residual Iteration 17: Residual = 5.245266e-09
MCLS solver "MCLS::MCSASolverManager<Epetra_Vector, Epetra_RowMatrix>" returned a solve status of "SOLVE_STATUS_CONVERGED" for 1RHSs using 17 cumulative iterations for an average of 17 iterations/RHS and with total CPU time of 5.49377 sec.
================================================================================

                         BlockKrylovSchur Solver Status

The solver is initialized.
The number of iterations performed is 12
The block size is         1
The number of blocks is   20
The current basis size is 12
The number of auxiliary vectors is 0
The number of operations Op*x   is 12

CURRENT RITZ VALUES             
              Ritz Value                 Ritz Residual
--------------------------------------------------------------------------------
   1.154881e+00 + i   0.000000e+00        4.130163e-03

================================================================================

MCSA / Minimal Residual Iteration 10: Residual = 6.964502e-07
MCSA / Minimal Residual Iteration 15: Residual = 3.150923e-09
MCLS solver "MCLS::MCSASolverManager<Epetra_Vector, Epetra_RowMatrix>" returned a solve status of "SOLVE_STATUS_CONVERGED" for 1RHSs using 15 cumulative iterations for an average of 15 iterations/RHS and with total CPU time of 4.89004 sec.
================================================================================

                         BlockKrylovSchur Solver Status

The solver is initialized.
The number of iterations performed is 13
The block size is         1
The number of blocks is   20
The current basis size is 13
The number of auxiliary vectors is 0
The number of operations Op*x   is 13

CURRENT RITZ VALUES             
              Ritz Value                 Ritz Residual
--------------------------------------------------------------------------------
   1.154926e+00 + i   0.000000e+00        3.536460e-03

================================================================================

MCSA / Minimal Residual Iteration 10: Residual = 3.104377e-06
MCSA / Minimal Residual Iteration 17: Residual = 7.458954e-09
MCLS solver "MCLS::MCSASolverManager<Epetra_Vector, Epetra_RowMatrix>" returned a solve status of "SOLVE_STATUS_CONVERGED" for 1RHSs using 17 cumulative iterations for an average of 17 iterations/RHS and with total CPU time of 5.49941 sec.
================================================================================

                         BlockKrylovSchur Solver Status

The solver is initialized.
The number of iterations performed is 14
The block size is         1
The number of blocks is   20
The current basis size is 14
The number of auxiliary vectors is 0
The number of operations Op*x   is 14

CURRENT RITZ VALUES             
              Ritz Value                 Ritz Residual
--------------------------------------------------------------------------------
   1.155546e+00 + i   0.000000e+00        2.537774e-03

================================================================================

MCSA / Minimal Residual Iteration 10: Residual = 1.279645e-06
MCSA / Minimal Residual Iteration 16: Residual = 6.943496e-09
MCLS solver "MCLS::MCSASolverManager<Epetra_Vector, Epetra_RowMatrix>" returned a solve status of "SOLVE_STATUS_CONVERGED" for 1RHSs using 16 cumulative iterations for an average of 16 iterations/RHS and with total CPU time of 5.17281 sec.
================================================================================

                         BlockKrylovSchur Solver Status

The solver is initialized.
The number of iterations performed is 15
The block size is         1
The number of blocks is   20
The current basis size is 15
The number of auxiliary vectors is 0
The number of operations Op*x   is 15

CURRENT RITZ VALUES             
              Ritz Value                 Ritz Residual
--------------------------------------------------------------------------------
   1.155150e+00 + i   0.000000e+00        1.704972e-03

================================================================================

MCSA / Minimal Residual Iteration 10: Residual = 3.285377e-06
MCSA / Minimal Residual Iteration 17: Residual = 7.381924e-09
MCLS solver "MCLS::MCSASolverManager<Epetra_Vector, Epetra_RowMatrix>" returned a solve status of "SOLVE_STATUS_CONVERGED" for 1RHSs using 17 cumulative iterations for an average of 17 iterations/RHS and with total CPU time of 5.45173 sec.
================================================================================

                         BlockKrylovSchur Solver Status

The solver is initialized.
The number of iterations performed is 16
The block size is         1
The number of blocks is   20
The current basis size is 16
The number of auxiliary vectors is 0
The number of operations Op*x   is 16

CURRENT RITZ VALUES             
              Ritz Value                 Ritz Residual
--------------------------------------------------------------------------------
   1.155143e+00 + i   0.000000e+00        1.086035e-03

================================================================================

MCSA / Minimal Residual Iteration 10: Residual = 3.516158e-06
MCSA / Minimal Residual Iteration 17: Residual = 8.217329e-09
MCLS solver "MCLS::MCSASolverManager<Epetra_Vector, Epetra_RowMatrix>" returned a solve status of "SOLVE_STATUS_CONVERGED" for 1RHSs using 17 cumulative iterations for an average of 17 iterations/RHS and with total CPU time of 5.50167 sec.
================================================================================

                         BlockKrylovSchur Solver Status

The solver is initialized.
The number of iterations performed is 17
The block size is         1
The number of blocks is   20
The current basis size is 17
The number of auxiliary vectors is 0
The number of operations Op*x   is 17

CURRENT RITZ VALUES             
              Ritz Value                 Ritz Residual
--------------------------------------------------------------------------------
   1.155295e+00 + i   0.000000e+00        5.430476e-04

================================================================================

MCSA / Minimal Residual Iteration 10: Residual = 1.387124e-06
MCSA / Minimal Residual Iteration 16: Residual = 7.113028e-09
MCLS solver "MCLS::MCSASolverManager<Epetra_Vector, Epetra_RowMatrix>" returned a solve status of "SOLVE_STATUS_CONVERGED" for 1RHSs using 16 cumulative iterations for an average of 16 iterations/RHS and with total CPU time of 5.20987 sec.
================================================================================

                         BlockKrylovSchur Solver Status

The solver is initialized.
The number of iterations performed is 18
The block size is         1
The number of blocks is   20
The current basis size is 18
The number of auxiliary vectors is 0
The number of operations Op*x   is 18

CURRENT RITZ VALUES             
              Ritz Value                 Ritz Residual
--------------------------------------------------------------------------------
   1.155238e+00 + i   0.000000e+00        2.269339e-04

================================================================================

MCSA / Minimal Residual Iteration 10: Residual = 2.188654e-06
MCSA / Minimal Residual Iteration 17: Residual = 8.013281e-09
MCLS solver "MCLS::MCSASolverManager<Epetra_Vector, Epetra_RowMatrix>" returned a solve status of "SOLVE_STATUS_CONVERGED" for 1RHSs using 17 cumulative iterations for an average of 17 iterations/RHS and with total CPU time of 5.45634 sec.
================================================================================

                         BlockKrylovSchur Solver Status

The solver is initialized.
The number of iterations performed is 19
The block size is         1
The number of blocks is   20
The current basis size is 19
The number of auxiliary vectors is 0
The number of operations Op*x   is 19

CURRENT RITZ VALUES             
              Ritz Value                 Ritz Residual
--------------------------------------------------------------------------------
   1.155228e+00 + i   0.000000e+00        9.442435e-05

================================================================================

MCSA / Minimal Residual Iteration 10: Residual = 2.857128e-06
MCSA / Minimal Residual Iteration 17: Residual = 7.626588e-09
MCLS solver "MCLS::MCSASolverManager<Epetra_Vector, Epetra_RowMatrix>" returned a solve status of "SOLVE_STATUS_CONVERGED" for 1RHSs using 17 cumulative iterations for an average of 17 iterations/RHS and with total CPU time of 5.47222 sec.
================================================================================

                         BlockKrylovSchur Solver Status

The solver is initialized.
The number of iterations performed is 20
The block size is         1
The number of blocks is   20
The current basis size is 20
The number of auxiliary vectors is 0
The number of operations Op*x   is 20

CURRENT RITZ VALUES             
              Ritz Value                 Ritz Residual
--------------------------------------------------------------------------------
   1.155240e+00 + i   0.000000e+00        2.914372e-05

================================================================================

MCSA / Minimal Residual Iteration 10: Residual = 5.640242e-07
MCSA / Minimal Residual Iteration 15: Residual = 9.320406e-09
MCLS solver "MCLS::MCSASolverManager<Epetra_Vector, Epetra_RowMatrix>" returned a solve status of "SOLVE_STATUS_CONVERGED" for 1RHSs using 15 cumulative iterations for an average of 15 iterations/RHS and with total CPU time of 4.86034 sec.
================================================================================

                         BlockKrylovSchur Solver Status

The solver is initialized.
The number of iterations performed is 21
The block size is         1
The number of blocks is   20
The current basis size is 21
The number of auxiliary vectors is 0
The number of operations Op*x   is 21

CURRENT RITZ VALUES             
              Ritz Value                 Ritz Residual
--------------------------------------------------------------------------------
   1.155239e+00 + i   0.000000e+00        1.004187e-05

================================================================================

================================================================================

                         BlockKrylovSchur Solver Status

The solver is initialized.
The number of iterations performed is 21
The block size is         1
The number of blocks is   20
The current basis size is 1
The number of auxiliary vectors is 0
The number of operations Op*x   is 21

CURRENT RITZ VALUES             
              Ritz Value                 Ritz Residual
--------------------------------------------------------------------------------
   1.155239e+00 + i   0.000000e+00        1.004187e-05

================================================================================

MCSA / Minimal Residual Iteration 10: Residual = 2.973420e-06
MCSA / Minimal Residual Iteration 17: Residual = 6.946844e-09
MCLS solver "MCLS::MCSASolverManager<Epetra_Vector, Epetra_RowMatrix>" returned a solve status of "SOLVE_STATUS_CONVERGED" for 1RHSs using 17 cumulative iterations for an average of 17 iterations/RHS and with total CPU time of 5.50192 sec.
================================================================================

                         BlockKrylovSchur Solver Status

The solver is initialized.
The number of iterations performed is 22
The block size is         1
The number of blocks is   20
The current basis size is 2
The number of auxiliary vectors is 0
The number of operations Op*x   is 22

CURRENT RITZ VALUES             
              Ritz Value                 Ritz Residual
--------------------------------------------------------------------------------
   1.155238e+00 + i   0.000000e+00        5.217566e-06

================================================================================

MCSA / Minimal Residual Iteration 10: Residual = 1.667822e-05
MCSA / Minimal Residual Iteration 19: Residual = 4.747971e-09
MCLS solver "MCLS::MCSASolverManager<Epetra_Vector, Epetra_RowMatrix>" returned a solve status of "SOLVE_STATUS_CONVERGED" for 1RHSs using 19 cumulative iterations for an average of 19 iterations/RHS and with total CPU time of 6.25324 sec.
================================================================================

                         BlockKrylovSchur Solver Status

The solver is initialized.
The number of iterations performed is 23
The block size is         1
The number of blocks is   20
The current basis size is 3
The number of auxiliary vectors is 0
The number of operations Op*x   is 23

CURRENT RITZ VALUES             
              Ritz Value                 Ritz Residual
--------------------------------------------------------------------------------
   1.155240e+00 + i   0.000000e+00        4.231673e-06

================================================================================

MCSA / Minimal Residual Iteration 10: Residual = 1.070980e-05
MCSA / Minimal Residual Iteration 19: Residual = 5.030516e-09
MCLS solver "MCLS::MCSASolverManager<Epetra_Vector, Epetra_RowMatrix>" returned a solve status of "SOLVE_STATUS_CONVERGED" for 1RHSs using 19 cumulative iterations for an average of 19 iterations/RHS and with total CPU time of 6.17148 sec.
================================================================================

                         BlockKrylovSchur Solver Status

The solver is initialized.
The number of iterations performed is 24
The block size is         1
The number of blocks is   20
The current basis size is 4
The number of auxiliary vectors is 0
The number of operations Op*x   is 24

CURRENT RITZ VALUES             
              Ritz Value                 Ritz Residual
--------------------------------------------------------------------------------
   1.155237e+00 + i   0.000000e+00        4.490382e-06

================================================================================

MCSA / Minimal Residual Iteration 10: Residual = 1.577917e-07
MCSA / Minimal Residual Iteration 14: Residual = 2.539157e-09
MCLS solver "MCLS::MCSASolverManager<Epetra_Vector, Epetra_RowMatrix>" returned a solve status of "SOLVE_STATUS_CONVERGED" for 1RHSs using 14 cumulative iterations for an average of 14 iterations/RHS and with total CPU time of 4.63631 sec.
================================================================================

                         BlockKrylovSchur Solver Status

The solver is initialized.
The number of iterations performed is 25
The block size is         1
The number of blocks is   20
The current basis size is 5
The number of auxiliary vectors is 0
The number of operations Op*x   is 25

CURRENT RITZ VALUES             
              Ritz Value                 Ritz Residual
--------------------------------------------------------------------------------
   1.155239e+00 + i   0.000000e+00        3.206597e-06

================================================================================

MCSA / Minimal Residual Iteration 10: Residual = 1.090282e-05
MCSA / Minimal Residual Iteration 19: Residual = 6.423781e-09
MCLS solver "MCLS::MCSASolverManager<Epetra_Vector, Epetra_RowMatrix>" returned a solve status of "SOLVE_STATUS_CONVERGED" for 1RHSs using 19 cumulative iterations for an average of 19 iterations/RHS and with total CPU time of 6.1499 sec.
================================================================================

                         BlockKrylovSchur Solver Status

The solver is initialized.
The number of iterations performed is 26
The block size is         1
The number of blocks is   20
The current basis size is 6
The number of auxiliary vectors is 0
The number of operations Op*x   is 26

CURRENT RITZ VALUES             
              Ritz Value                 Ritz Residual
--------------------------------------------------------------------------------
   1.155238e+00 + i   0.000000e+00        4.162160e-06

================================================================================

MCSA / Minimal Residual Iteration 10: Residual = 6.665837e-06
MCSA / Minimal Residual Iteration 18: Residual = 8.461523e-09
MCLS solver "MCLS::MCSASolverManager<Epetra_Vector, Epetra_RowMatrix>" returned a solve status of "SOLVE_STATUS_CONVERGED" for 1RHSs using 18 cumulative iterations for an average of 18 iterations/RHS and with total CPU time of 5.84799 sec.
================================================================================

                         BlockKrylovSchur Solver Status

The solver is initialized.
The number of iterations performed is 27
The block size is         1
The number of blocks is   20
The current basis size is 7
The number of auxiliary vectors is 0
The number of operations Op*x   is 27

CURRENT RITZ VALUES             
              Ritz Value                 Ritz Residual
--------------------------------------------------------------------------------
   1.155239e+00 + i   0.000000e+00        3.888921e-06

================================================================================

MCSA / Minimal Residual Iteration 10: Residual = 5.229042e-06
MCSA / Minimal Residual Iteration 18: Residual = 3.172042e-09
MCLS solver "MCLS::MCSASolverManager<Epetra_Vector, Epetra_RowMatrix>" returned a solve status of "SOLVE_STATUS_CONVERGED" for 1RHSs using 18 cumulative iterations for an average of 18 iterations/RHS and with total CPU time of 5.90621 sec.
================================================================================

                         BlockKrylovSchur Solver Status

The solver is initialized.
The number of iterations performed is 28
The block size is         1
The number of blocks is   20
The current basis size is 8
The number of auxiliary vectors is 0
The number of operations Op*x   is 28

CURRENT RITZ VALUES             
              Ritz Value                 Ritz Residual
--------------------------------------------------------------------------------
   1.155238e+00 + i   0.000000e+00        2.429318e-06

================================================================================

MCSA / Minimal Residual Iteration 10: Residual = 1.045971e-05
MCSA / Minimal Residual Iteration 18: Residual = 6.771570e-09
MCLS solver "MCLS::MCSASolverManager<Epetra_Vector, Epetra_RowMatrix>" returned a solve status of "SOLVE_STATUS_CONVERGED" for 1RHSs using 18 cumulative iterations for an average of 18 iterations/RHS and with total CPU time of 5.97348 sec.
================================================================================

                         BlockKrylovSchur Solver Status

The solver is initialized.
The number of iterations performed is 29
The block size is         1
The number of blocks is   20
The current basis size is 9
The number of auxiliary vectors is 0
The number of operations Op*x   is 29

CURRENT RITZ VALUES             
              Ritz Value                 Ritz Residual
--------------------------------------------------------------------------------
   1.155239e+00 + i   0.000000e+00        2.404143e-06

================================================================================

MCSA / Minimal Residual Iteration 10: Residual = 5.780342e-06
MCSA / Minimal Residual Iteration 18: Residual = 5.321440e-09
MCLS solver "MCLS::MCSASolverManager<Epetra_Vector, Epetra_RowMatrix>" returned a solve status of "SOLVE_STATUS_CONVERGED" for 1RHSs using 18 cumulative iterations for an average of 18 iterations/RHS and with total CPU time of 5.91761 sec.
================================================================================

                         BlockKrylovSchur Solver Status

The solver is initialized.
The number of iterations performed is 30
The block size is         1
The number of blocks is   20
The current basis size is 10
The number of auxiliary vectors is 0
The number of operations Op*x   is 30

CURRENT RITZ VALUES             
              Ritz Value                 Ritz Residual
--------------------------------------------------------------------------------
   1.155238e+00 + i   0.000000e+00        2.343119e-06

================================================================================

MCSA / Minimal Residual Iteration 10: Residual = 2.987812e-06
MCSA / Minimal Residual Iteration 17: Residual = 8.963030e-09
MCLS solver "MCLS::MCSASolverManager<Epetra_Vector, Epetra_RowMatrix>" returned a solve status of "SOLVE_STATUS_CONVERGED" for 1RHSs using 17 cumulative iterations for an average of 17 iterations/RHS and with total CPU time of 5.6164 sec.
================================================================================

                         BlockKrylovSchur Solver Status

The solver is initialized.
The number of iterations performed is 31
The block size is         1
The number of blocks is   20
The current basis size is 11
The number of auxiliary vectors is 0
The number of operations Op*x   is 31

CURRENT RITZ VALUES             
              Ritz Value                 Ritz Residual
--------------------------------------------------------------------------------
   1.155239e+00 + i   0.000000e+00        3.045715e-06

================================================================================

MCSA / Minimal Residual Iteration 10: Residual = 3.892872e-06
MCSA / Minimal Residual Iteration 19: Residual = 1.350643e-09
MCLS solver "MCLS::MCSASolverManager<Epetra_Vector, Epetra_RowMatrix>" returned a solve status of "SOLVE_STATUS_CONVERGED" for 1RHSs using 19 cumulative iterations for an average of 19 iterations/RHS and with total CPU time of 6.15707 sec.
================================================================================

                         BlockKrylovSchur Solver Status

The solver is initialized.
The number of iterations performed is 32
The block size is         1
The number of blocks is   20
The current basis size is 12
The number of auxiliary vectors is 0
The number of operations Op*x   is 32

CURRENT RITZ VALUES             
              Ritz Value                 Ritz Residual
--------------------------------------------------------------------------------
   1.155238e+00 + i   0.000000e+00        2.918624e-06

================================================================================

MCSA / Minimal Residual Iteration 10: Residual = 1.527805e-06
MCSA / Minimal Residual Iteration 16: Residual = 8.996062e-09
MCLS solver "MCLS::MCSASolverManager<Epetra_Vector, Epetra_RowMatrix>" returned a solve status of "SOLVE_STATUS_CONVERGED" for 1RHSs using 16 cumulative iterations for an average of 16 iterations/RHS and with total CPU time of 5.17595 sec.
================================================================================

                         BlockKrylovSchur Solver Status

The solver is initialized.
The number of iterations performed is 33
The block size is         1
The number of blocks is   20
The current basis size is 13
The number of auxiliary vectors is 0
The number of operations Op*x   is 33

CURRENT RITZ VALUES             
              Ritz Value                 Ritz Residual
--------------------------------------------------------------------------------
   1.155239e+00 + i   0.000000e+00        1.988119e-06

================================================================================

MCSA / Minimal Residual Iteration 10: Residual = 3.043263e-06
MCSA / Minimal Residual Iteration 17: Residual = 7.663804e-09
MCLS solver "MCLS::MCSASolverManager<Epetra_Vector, Epetra_RowMatrix>" returned a solve status of "SOLVE_STATUS_CONVERGED" for 1RHSs using 17 cumulative iterations for an average of 17 iterations/RHS and with total CPU time of 5.56745 sec.
================================================================================

                         BlockKrylovSchur Solver Status

The solver is initialized.
The number of iterations performed is 34
The block size is         1
The number of blocks is   20
The current basis size is 14
The number of auxiliary vectors is 0
The number of operations Op*x   is 34

CURRENT RITZ VALUES             
              Ritz Value                 Ritz Residual
--------------------------------------------------------------------------------
   1.155238e+00 + i   0.000000e+00        1.195892e-06

================================================================================

MCSA / Minimal Residual Iteration 10: Residual = 5.418595e-05
MCSA / Minimal Residual Iteration 19: Residual = 7.336570e-09
MCLS solver "MCLS::MCSASolverManager<Epetra_Vector, Epetra_RowMatrix>" returned a solve status of "SOLVE_STATUS_CONVERGED" for 1RHSs using 19 cumulative iterations for an average of 19 iterations/RHS and with total CPU time of 6.19548 sec.
================================================================================

                         BlockKrylovSchur Solver Status

The solver is initialized.
The number of iterations performed is 35
The block size is         1
The number of blocks is   20
The current basis size is 15
The number of auxiliary vectors is 0
The number of operations Op*x   is 35

CURRENT RITZ VALUES             
              Ritz Value                 Ritz Residual
--------------------------------------------------------------------------------
   1.155239e+00 + i   0.000000e+00        8.720254e-07

================================================================================

>>> Preparing to do SILO output to 1 concurrent files.

===================
Final Timing Report
===================

                                 Routine   Max Fraction   Min Fraction
======================================================================
                         Mesh_generation     1.8085e-05     1.8085e-05
                                  Output     5.1519e-05     5.1519e-05
                                   Setup     4.8623e-01     4.8623e-01
                               Transport     5.1372e-01     5.1372e-01
                           XS_generation     4.1972e-02     4.1972e-02
======================================================================

Total execution time : 9.7222e+02 seconds.
