Mesh -> 
 Source = Inline Mesh   [unused]
 Exodus File -> 
  File Name = drekar.exo   [unused]
 Inline Mesh -> 
  Mesh Dimension = 2   [unused]
  Mesh Factory Parameter List -> 
   X Blocks = 1   [unused]
   Y Blocks = 1   [unused]
   X Elements = 50   [unused]
   Y Elements = 50   [unused]
   X0 = 0   [unused]
   Y0 = 0   [unused]
   Xf = 1   [unused]
   Yf = 1   [unused]
   Periodic BCs -> 
    Count = 0   [unused]
Block ID to Physics ID Mapping -> 
 eblock-0_0 = fluid   [unused]
Assembly -> 
 Workset Size = 1   [unused]
Physics Blocks -> 
 fluid -> 
  child0 -> 
   Type = Continuity   [unused]
   Basis Type = HGrad   [unused]
   Basis Order = 1   [unused]
   Integration Order = 2   [unused]
   Model ID = fluid model   [unused]
   Prefix =    [unused]
   Options -> 
    TAU_C = NONE   [unused]
    PSPG STABILIZATION = ON   [unused]
  child1 -> 
   Type = Momentum   [unused]
   Basis Type = HGrad   [unused]
   Basis Order = 1   [unused]
   Integration Order = 2   [unused]
   Model ID = fluid model   [unused]
   Prefix =    [unused]
   Options -> 
    DCO_M = OFF   [unused]
    TAU_M = SHAKIB   [unused]
    SUPG STABILIZATION = ON   [unused]
    USE SOURCE TERM = ON   [unused]
  child2 -> 
   Type = Energy   [unused]
   Basis Type = HGrad   [unused]
   Basis Order = 1   [unused]
   Integration Order = 2   [unused]
   Model ID = fluid model   [unused]
   Prefix =    [unused]
   Options -> 
    TAU_E = SHAKIB   [unused]
    SUPG STABILIZATION = ON   [unused]
    DCO_E = OFF   [unused]
    USE SOURCE TERM = OFF   [unused]
Closure Models -> 
 fluid model -> 
  DENSITY -> 
   Value = 1   [unused]
  STRESS_TENSOR -> 
   Value = NEWTONIAN   [unused]
  VISCOSITY -> 
   Value = 1   [unused]
  SOURCE_MOMENTUM -> 
   Value = BOUSSINESQ   [unused]
   Reference Density = 1   [unused]
   Reference Temperature = 0   [unused]
   Volume Expansion Coefficient = 1000   [unused]
  GRAVITY_X -> 
   Value = 0   [unused]
  GRAVITY_Y -> 
   Value = -10   [unused]
  Global Statistics -> 
   Value = UX,UY,PRESSURE,TEMPERATURE   [unused]
  HEAT_CAPACITY -> 
   Value = 1   [unused]
  THERMAL_CONDUCTIVITY -> 
   Value = 1   [unused]
  ENERGY_FLUX -> 
   Value = FOURIER   [unused]
  SOURCE_TEMPERATURE -> 
   Value = 0   [unused]
User Data -> 
 [empty list]
Boundary Conditions -> 
 child0 -> 
  Type = Dirichlet   [unused]
  Sideset ID = top   [unused]
  Element Block ID = eblock-0_0   [unused]
  Equation Set Name = UX   [unused]
  Strategy = Constant   [unused]
  Data -> 
   Value = 500   [unused]
 child1 -> 
  Type = Dirichlet   [unused]
  Sideset ID = top   [unused]
  Element Block ID = eblock-0_0   [unused]
  Equation Set Name = UY   [unused]
  Strategy = Constant   [unused]
  Data -> 
   Value = 0   [unused]
 child2 -> 
  Type = Dirichlet   [unused]
  Sideset ID = bottom   [unused]
  Element Block ID = eblock-0_0   [unused]
  Equation Set Name = UX   [unused]
  Strategy = Constant   [unused]
  Data -> 
   Value = 0   [unused]
 child3 -> 
  Type = Dirichlet   [unused]
  Sideset ID = bottom   [unused]
  Element Block ID = eblock-0_0   [unused]
  Equation Set Name = UY   [unused]
  Strategy = Constant   [unused]
  Data -> 
   Value = 0   [unused]
 child4 -> 
  Type = Dirichlet   [unused]
  Sideset ID = left   [unused]
  Element Block ID = eblock-0_0   [unused]
  Equation Set Name = UX   [unused]
  Strategy = Constant   [unused]
  Data -> 
   Value = 0   [unused]
 child5 -> 
  Type = Dirichlet   [unused]
  Sideset ID = left   [unused]
  Element Block ID = eblock-0_0   [unused]
  Equation Set Name = UY   [unused]
  Strategy = Constant   [unused]
  Data -> 
   Value = 0   [unused]
 child6 -> 
  Type = Dirichlet   [unused]
  Sideset ID = right   [unused]
  Element Block ID = eblock-0_0   [unused]
  Equation Set Name = UX   [unused]
  Strategy = Constant   [unused]
  Data -> 
   Value = 0   [unused]
 child7 -> 
  Type = Dirichlet   [unused]
  Sideset ID = right   [unused]
  Element Block ID = eblock-0_0   [unused]
  Equation Set Name = UY   [unused]
  Strategy = Constant   [unused]
  Data -> 
   Value = 0   [unused]
Initial Conditions -> 
 eblock-0_0 -> 
  UX -> 
   Value = 0   [unused]
  UY -> 
   Value = 0   [unused]
  PRESSURE -> 
   Value = 0   [unused]
  TEMPERATURE -> 
   Value = 0   [unused]
Output -> 
 File Name = LidDriven.exo   [unused]
Options -> 
 Write Volume Assembly Graphs = 0   [unused]
 Volume Assembly Graph Prefix = LidDriven_   [unused]
Solution Control -> 
 Piro Solver = NOX   [unused]
 Compute Sensitivities = 0   [unused]
 Jacobian Operator = Have Jacobian   [unused]
 NOX -> 
  Nonlinear Solver = Line Search Based   [unused]
  Direction -> 
   Method = Newton   [unused]
   Newton -> 
    Forcing Term Method = Type 2   [unused]
    Forcing Term Initial Tolerance = 0.01   [unused]
    Forcing Term Alpha = 2   [unused]
    Forcing Term Gamma = 0.9   [unused]
    Rescue Bad Newton Solve = 1   [unused]
    Linear Solver -> 
     Tolerance = 0.1   [unused]
    Stratimikos Linear Solver -> 
     NOX Stratimikos Options -> 
      [empty list]
     Stratimikos -> 
      Linear Solver Type = AztecOO   [unused]
      Preconditioner Type = ML   [unused]
      Linear Solver Types -> 
       AztecOO -> 
        Forward Solve -> 
         Max Iterations = 600   [unused]
         Tolerance = 0.0001   [unused]
         AztecOO Settings -> 
          Aztec Solver = GMRES   [unused]
          Convergence Test = r0   [unused]
          Size of Krylov Subspace = 200   [unused]
          Output Frequency = 10   [unused]
       Belos -> 
        Solver Type = Block GMRES   [unused]
        Solver Types -> 
         Block GMRES -> 
          Convergence Tolerance = 1e-05   [unused]
          Output Frequency = 10   [unused]
          Output Style = 1   [unused]
          Verbosity = 33   [unused]
          Maximum Iterations = 100   [unused]
          Block Size = 1   [unused]
          Num Blocks = 200   [unused]
          Flexible Gmres = 0   [unused]
        VerboseObject -> 
         Output File = none   [unused]
         Verbosity Level = medium   [unused]
       MCLS -> 
        Solver Type = MCSA   [unused]
        Solver Types -> 
         MCSA -> 
          Fixed Point Type = Richardson   [unused]
          MC Type = Adjoint   [unused]
          Estimator Type = Collision   [unused]
          Transport Type = Global   [unused]
          Number of Sets = 1   [unused]
          Reproducible MC Mode = 0   [unused]
          Overlap Size = 0   [unused]
          Maximum Iterations = 100   [unused]
          Weight Cutoff = 0.01   [unused]
          Set Number of Histories = 500000   [unused]
          Iteration Print Frequency = 1   [unused]
          Richardson Relaxation = 1   [unused]
          Neumann Relaxation = 1   [unused]
          Absorption Probability = 0   [unused]
          Domain Filter Tolerance = 0   [unused]
          Domain Fill Value = 200   [unused]
          Domain Weight Recovery = 0   [unused]
         Fixed Point -> 
          Fixed Point Type = Richardson   [unused]
          Maximum Iterations = 10000   [unused]
          Iteration Print Frequency = 1   [unused]
          Richardson Relaxation = 1   [unused]
      Preconditioner Types -> 
       Ifpack -> 
        Overlap = 1   [unused]
        Prec Type = ILU   [unused]
        Ifpack Settings -> 
         fact: drop tolerance = 1e-05   [unused]
         fact: ilut level-of-fill = 15   [unused]
         fact: level-of-fill = 5   [unused]
       ML -> 
        Base Method Defaults = SA   [unused]
        ML Settings -> 
         ML output = 10   [unused]
         prec type = MGV   [unused]
         print unused = 0   [unused]
         PDE equations = 4   [unused]
         max levels = 10   [unused]
         cycle applications = 1   [unused]
         aggregation: threshold = 0   [unused]
         aggregation: type = Uncoupled   [unused]
         aggregation: damping factor = 0   [unused]
         aggregation: block scaling = 0   [unused]
         energy minimization: enable = 0   [unused]
         energy minimization: type = 3   [unused]
         smoother: type = IFPACK   [unused]
         smoother: ifpack type = ILU   [unused]
         smoother: ifpack overlap = 1   [unused]
         smoother: damping factor = 1   [unused]
         smoother: pre or post = both   [unused]
         smoother: sweeps = 1   [unused]
         coarse: max size = 2000   [unused]
         coarse: type = Amesos-KLU   [unused]
         smoother: ifpack list -> 
          fact: level-of-fill = 5   [unused]
          schwarz: reordering type = rcm   [unused]
          fact: drop tolerance = 1e-06   [unused]
          fact: maximum fill factor = 100   [unused]
       MCLS -> 
        Preconditioner Type = ML   [unused]
        Preconditioner Types -> 
         Block Jacobi -> 
          Jacobi Block Size = 4   [unused]
         ILUT -> 
          fact: ilut level-of-fill = 3   [unused]
          fact: drop tolerance = 0.0005   [unused]
         ParaSails -> 
          ParaSails: Threshold = 0.001   [unused]
          ParaSails: Number of Levels = 7   [unused]
          ParaSails: Filter = 0.001   [unused]
         PSILUT -> 
          fact: ilut level-of-fill = 3   [unused]
          fact: drop tolerance = 0.0001   [unused]
          ParaSails: Threshold = 0.1   [unused]
          ParaSails: Number of Levels = 1   [unused]
          ParaSails: Filter = 0   [unused]
         ML -> 
          Base Method Defaults = SA   [unused]
          ML Settings -> 
           ML output = 10   [unused]
           prec type = MGV   [unused]
           print unused = 0   [unused]
           PDE equations = 4   [unused]
           max levels = 10   [unused]
           cycle applications = 1   [unused]
           aggregation: threshold = 0   [unused]
           aggregation: type = Uncoupled   [unused]
           aggregation: damping factor = 0   [unused]
           aggregation: block scaling = 0   [unused]
           energy minimization: enable = 0   [unused]
           energy minimization: type = 3   [unused]
           smoother: type = IFPACK   [unused]
           smoother: ifpack type = ILU   [unused]
           smoother: ifpack overlap = 1   [unused]
           smoother: damping factor = 1   [unused]
           smoother: pre or post = both   [unused]
           smoother: sweeps = 1   [unused]
           coarse: max size = 2000   [unused]
           coarse: type = Amesos-KLU   [unused]
           smoother: ifpack list -> 
            fact: level-of-fill = 5   [unused]
            schwarz: reordering type = rcm   [unused]
            fact: drop tolerance = 1e-06   [unused]
            fact: maximum fill factor = 100   [unused]
  Line Search -> 
   Method = Polynomial   [unused]
   Full Step -> 
    Full Step = 1   [unused]
   Backtrack -> 
    Max Iters = 1000   [unused]
    Default Step = 1   [unused]
    Recovery Step = 0.01   [unused]
    Minimum Step = 0.0001   [unused]
    Reduction Factor = 0.1   [unused]
  Printing -> 
   Output Precision = 3   [unused]
   Output Processor = 0   [unused]
   Output Information -> 
    Error = 1   [unused]
    Warning = 1   [unused]
    Inner Iteration = 1   [unused]
    Outer Iteration = 1   [unused]
    Outer Iteration StatusTest = 1   [unused]
    Test Details = 1   [unused]
    Parameters = 1   [unused]
    Details = 1   [unused]
    Linear Solver Details = 1   [unused]
    Stepper Iteration = 1   [unused]
    Stepper Details = 1   [unused]
    Stepper Parameters = 1   [unused]
  Solver Options -> 
   Status Test Check Type = Complete   [unused]
  Thyra Group Options -> 
   Function Scaling = Row Sum   [unused]
  Status Tests -> 
   Test Type = Combo   [unused]
   Combo Type = OR   [unused]
   Number of Tests = 3   [unused]
   Test 0 -> 
    Test Type = Combo   [unused]
    Combo Type = AND   [unused]
    Number of Tests = 2   [unused]
    Test 0 -> 
     Test Type = NormF   [unused]
     Tolerance = 0.0001   [unused]
    Test 1 -> 
     Test Type = NormWRMS   [unused]
     Tolerance = 0.01   [unused]
     Relative Tolerance = 0.001   [unused]
     Absolute Tolerance = 1e-08   [unused]
     BDF Multiplier = 1   [unused]
     Alpha = 0.1   [unused]
     Beta = 0.5   [unused]
   Test 1 -> 
    Test Type = MaxIters   [unused]
    Maximum Iterations = 400   [unused]
   Test 2 -> 
    Test Type = FiniteValue   [unused]
 Rythmos -> 
  Nonlinear Solver Type = NOX   [unused]
  Final Time = 10   [unused]
  Stepper Type = BDF   [unused]
  Step Control Strategy Type = ImplicitBDFRamping   [unused]
  Rythmos Integration Control Strategy = Simple   [unused]
  Rythmos Stepper -> 
   VerboseObject -> 
    Verbosity Level = medium   [unused]
  Stratimikos -> 
   [empty list]
  Rythmos Integrator -> 
   VerboseObject -> 
    Verbosity Level = high   [unused]
  Rythmos Integration Control -> 
   [empty list]
  Rythmos Step Control Strategy -> 
   Number of Constant First Order Steps = 4   [unused]
   Initial Step Size = 0.01   [unused]
   Min Step Size = 0.001   [unused]
   Max Step Size = 0.1   [unused]
   Step Size Decrease Factor = 0.5   [unused]
   Step Size Increase Factor = 1.2   [unused]
   Max Order = 2   [unused]
   Absolute Error Tolerance = 1e-07   [unused]
   Relative Error Tolerance = 1e-05   [unused]

STK Mesh data:
   Spatial dim = 2
   Entity counts (Nodes, Edges, Cells) = ( 2601, 5100, 2500 )
   Element blocks = "eblock-0_0" 
   Sidesets = "bottom" "left" "right" "top" 
   Nodesets = "lower_left" "origin" 
Field       Average         Maximum (@IP)   Minimum (@IP)  
UX          0.00000000e+00  2.22507386e-308 0.00000000e+00 
UY          0.00000000e+00  2.22507386e-308 0.00000000e+00 
PRESSURE    0.00000000e+00  2.22507386e-308 0.00000000e+00 
TEMPERATURE 0.00000000e+00  2.22507386e-308 0.00000000e+00 

************************************************************************

-- Parameters Passed to Nonlinear Solver --

     Nonlinear Solver = Line Search Based
     Direction -> 
      Method = Newton
      Newton -> 
       Forcing Term Method = Type 2
       Forcing Term Initial Tolerance = 0.01
       Forcing Term Alpha = 2
       Forcing Term Gamma = 0.9
       Rescue Bad Newton Solve = 1
       Forcing Term Minimum Tolerance = 0.0001   [default]
       Forcing Term Maximum Tolerance = 0.9   [default]
       Linear Solver -> 
        Tolerance = 0.1   [unused]
       Stratimikos Linear Solver -> 
        NOX Stratimikos Options -> 
         [empty list]
        Stratimikos -> 
         Linear Solver Type = AztecOO   [unused]
         Preconditioner Type = ML   [unused]
         Linear Solver Types -> 
          AztecOO -> 
           Forward Solve -> 
            Max Iterations = 600   [unused]
            Tolerance = 0.0001   [unused]
            AztecOO Settings -> 
             Aztec Solver = GMRES   [unused]
             Convergence Test = r0   [unused]
             Size of Krylov Subspace = 200   [unused]
             Output Frequency = 10   [unused]
          Belos -> 
           Solver Type = Block GMRES   [unused]
           Solver Types -> 
            Block GMRES -> 
             Convergence Tolerance = 1e-05   [unused]
             Output Frequency = 10   [unused]
             Output Style = 1   [unused]
             Verbosity = 33   [unused]
             Maximum Iterations = 100   [unused]
             Block Size = 1   [unused]
             Num Blocks = 200   [unused]
             Flexible Gmres = 0   [unused]
           VerboseObject -> 
            Output File = none   [unused]
            Verbosity Level = medium   [unused]
          MCLS -> 
           Solver Type = MCSA   [unused]
           Solver Types -> 
            MCSA -> 
             Fixed Point Type = Richardson   [unused]
             MC Type = Adjoint   [unused]
             Estimator Type = Collision   [unused]
             Transport Type = Global   [unused]
             Number of Sets = 1   [unused]
             Reproducible MC Mode = 0   [unused]
             Overlap Size = 0   [unused]
             Maximum Iterations = 100   [unused]
             Weight Cutoff = 0.01   [unused]
             Set Number of Histories = 500000   [unused]
             Iteration Print Frequency = 1   [unused]
             Richardson Relaxation = 1   [unused]
             Neumann Relaxation = 1   [unused]
             Absorption Probability = 0   [unused]
             Domain Filter Tolerance = 0   [unused]
             Domain Fill Value = 200   [unused]
             Domain Weight Recovery = 0   [unused]
            Fixed Point -> 
             Fixed Point Type = Richardson   [unused]
             Maximum Iterations = 10000   [unused]
             Iteration Print Frequency = 1   [unused]
             Richardson Relaxation = 1   [unused]
         Preconditioner Types -> 
          Ifpack -> 
           Overlap = 1   [unused]
           Prec Type = ILU   [unused]
           Ifpack Settings -> 
            fact: drop tolerance = 1e-05   [unused]
            fact: ilut level-of-fill = 15   [unused]
            fact: level-of-fill = 5   [unused]
          ML -> 
           Base Method Defaults = SA   [unused]
           ML Settings -> 
            ML output = 10   [unused]
            prec type = MGV   [unused]
            print unused = 0   [unused]
            PDE equations = 4   [unused]
            max levels = 10   [unused]
            cycle applications = 1   [unused]
            aggregation: threshold = 0   [unused]
            aggregation: type = Uncoupled   [unused]
            aggregation: damping factor = 0   [unused]
            aggregation: block scaling = 0   [unused]
            energy minimization: enable = 0   [unused]
            energy minimization: type = 3   [unused]
            smoother: type = IFPACK   [unused]
            smoother: ifpack type = ILU   [unused]
            smoother: ifpack overlap = 1   [unused]
            smoother: damping factor = 1   [unused]
            smoother: pre or post = both   [unused]
            smoother: sweeps = 1   [unused]
            coarse: max size = 2000   [unused]
            coarse: type = Amesos-KLU   [unused]
            smoother: ifpack list -> 
             fact: level-of-fill = 5   [unused]
             schwarz: reordering type = rcm   [unused]
             fact: drop tolerance = 1e-06   [unused]
             fact: maximum fill factor = 100   [unused]
          MCLS -> 
           Preconditioner Type = ML   [unused]
           Preconditioner Types -> 
            Block Jacobi -> 
             Jacobi Block Size = 4   [unused]
            ILUT -> 
             fact: ilut level-of-fill = 3   [unused]
             fact: drop tolerance = 0.0005   [unused]
            ParaSails -> 
             ParaSails: Threshold = 0.001   [unused]
             ParaSails: Number of Levels = 7   [unused]
             ParaSails: Filter = 0.001   [unused]
            PSILUT -> 
             fact: ilut level-of-fill = 3   [unused]
             fact: drop tolerance = 0.0001   [unused]
             ParaSails: Threshold = 0.1   [unused]
             ParaSails: Number of Levels = 1   [unused]
             ParaSails: Filter = 0   [unused]
            ML -> 
             Base Method Defaults = SA   [unused]
             ML Settings -> 
              ML output = 10   [unused]
              prec type = MGV   [unused]
              print unused = 0   [unused]
              PDE equations = 4   [unused]
              max levels = 10   [unused]
              cycle applications = 1   [unused]
              aggregation: threshold = 0   [unused]
              aggregation: type = Uncoupled   [unused]
              aggregation: damping factor = 0   [unused]
              aggregation: block scaling = 0   [unused]
              energy minimization: enable = 0   [unused]
              energy minimization: type = 3   [unused]
              smoother: type = IFPACK   [unused]
              smoother: ifpack type = ILU   [unused]
              smoother: ifpack overlap = 1   [unused]
              smoother: damping factor = 1   [unused]
              smoother: pre or post = both   [unused]
              smoother: sweeps = 1   [unused]
              coarse: max size = 2000   [unused]
              coarse: type = Amesos-KLU   [unused]
              smoother: ifpack list -> 
               fact: level-of-fill = 5   [unused]
               schwarz: reordering type = rcm   [unused]
               fact: drop tolerance = 1e-06   [unused]
               fact: maximum fill factor = 100   [unused]
     Line Search -> 
      Method = Polynomial
      Full Step -> 
       Full Step = 1   [unused]
      Backtrack -> 
       Max Iters = 1000   [unused]
       Default Step = 1   [unused]
       Recovery Step = 0.01   [unused]
       Minimum Step = 0.0001   [unused]
       Reduction Factor = 0.1   [unused]
      Polynomial -> 
       Sufficient Decrease Condition = Armijo-Goldstein   [default]
       Interpolation Type = Cubic   [default]
       Recovery Step Type = Constant   [default]
       Minimum Step = 1e-12   [default]
       Default Step = 1   [default]
       Recovery Step = 1   [default]
       Max Iters = 100   [default]
       Alpha Factor = 0.0001   [default]
       Min Bounds Factor = 0.1   [default]
       Max Bounds Factor = 0.5   [default]
       Force Interpolation = 0   [default]
       Use Counters = 1   [default]
       Maximum Iteration for Increase = 0   [default]
       Allowed Relative Increase = 100   [default]
     Printing -> 
      Output Precision = 3
      Output Processor = 0
      Output Stream = Teuchos::RCP<std::ostream>{ptr=0x8310a70,node=0x82c5540,strong_count=24,weak_count=0}
      Error Stream = Teuchos::RCP<std::ostream>{ptr=0x8310a70,node=0x82c5540,strong_count=24,weak_count=0}
      MyPID = 0   [default]
      Output Information -> 
       Error = 1
       Warning = 1
       Inner Iteration = 1
       Outer Iteration = 1
       Outer Iteration StatusTest = 1
       Test Details = 1
       Parameters = 1
       Details = 1
       Linear Solver Details = 1
       Stepper Iteration = 1
       Stepper Details = 1
       Stepper Parameters = 1
       Debug = 0   [default]
     Solver Options -> 
      Status Test Check Type = Complete
      User Defined Pre/Post Operator = Teuchos::RCP<NOX::Abstract::PrePostOperator>{ptr=0x9d4a070,node=0x82bfe60,strong_count=2,weak_count=0}
      User Defined Merit Function = Teuchos::RCP<NOX::MeritFunction::Generic>{ptr=0x82129f0,node=0x9d3fde0,strong_count=3,weak_count=0}
     Thyra Group Options -> 
      Function Scaling = Row Sum
      Update Row Sum Scaling = Before Each Nonlinear Solve   [default]
      User Defined Scaling = Teuchos::RCP<Thyra::VectorBase<double> >{ptr=0,node=0,strong_count=0,weak_count=0}   [default]
     Status Tests -> 
      Test Type = Combo
      Combo Type = OR
      Number of Tests = 3
      Test 0 -> 
       Test Type = Combo
       Combo Type = AND
       Number of Tests = 2
       Test 0 -> 
        Test Type = NormF
        Tolerance = 0.0001
        Norm Type = Two Norm   [default]
        Scale Type = Unscaled   [default]
       Test 1 -> 
        Test Type = NormWRMS
        Tolerance = 0.01
        Relative Tolerance = 0.001
        Absolute Tolerance = 1e-08
        BDF Multiplier = 1
        Alpha = 0.1
        Beta = 0.5
        Disable Implicit Weighting = 1   [default]
      Test 1 -> 
       Test Type = MaxIters
       Maximum Iterations = 400
      Test 2 -> 
       Test Type = FiniteValue
       Vector Type = F Vector   [default]
       Norm Type = Two Norm   [default]
Field       Average         Maximum (@IP)   Minimum (@IP)  
UX          0.00000000e+00  2.22507386e-308 0.00000000e+00 
UY          0.00000000e+00  2.22507386e-308 0.00000000e+00 
PRESSURE    0.00000000e+00  2.22507386e-308 0.00000000e+00 
TEMPERATURE 0.00000000e+00  2.22507386e-308 0.00000000e+00 
************************************************************************
-- Status Test Results --
**...........OR Combination -> 
  **...........AND Combination -> 
    **...........F-Norm = 3.500e+03 < 1.000e-04
                 (Unscaled Two-Norm, Absolute Tolerance)
    **...........WRMS-Norm = 1.000e+12 < 0.01
  **...........Number of Iterations = 0 < 400
  **...........Finite Number Check (Two-Norm F) = Finite
************************************************************************

************************************************************************
-- Nonlinear Solver Step 0 -- 
||F|| = 3.500e+03  step = 0.000e+00  dx = 0.000e+00
************************************************************************

       CALCULATING FORCING TERM
       Method: Type 2
       Forcing Term: 0.01
------------------------------------------------------------------------------
Using `cg' for eigen-computations
*** 
*** ML_Epetra::MultiLevelPreconditioner
***
Matrix has 10404 rows and 364816 nonzeros, distributed over 1 process(es)
The linear system matrix is an Epetra_CrsMatrix
** Leaving column map of Main linear system matrix unchanged
Default values for `SA'
Maximum number of levels = 10
Using increasing levels. Finest level  = 0, coarsest level = 9
Number of applications of the ML cycle = 1
Number of PDE equations = 4
Aggregation threshold = 0
Max coarse size = 2000
R and P smoothing : P = (I-\omega A) P_t, R = P^T
R and P smoothing : \omega = 0/lambda_max
Null space type      = default (constants)
Null space dimension = 4
-----------------------------------------------------------------------
ML_Gen_MultiLevelHierarchy (level 0) : Gen Restriction and Prolongator
-----------------------------------------------------------------------
ML_Aggregate_Coarsen (level 0) begins
ML_Aggregate_CoarsenUncoupled : current level = 0
ML_Aggregate_CoarsenUncoupled : current eps = 0.000000e+00
Aggregation(UVB) : Total nonzeros = 364816 (Nrows=10404)
Aggregation(UVB) : Amalgamated matrix done 
Aggregation(UC) : Phase 0 - no. of bdry pts  = 0 
Aggregation(UC) : Phase 1 - nodes aggregated = 2548 (2601)
Aggregation(UC) : Phase 1 - total aggregates = 289 
Aggregation(UC_Phase2_3) : Phase 1 - nodes aggregated = 2548 
Aggregation(UC_Phase2_3) : Phase 1 - total aggregates = 289
Aggregation(UC_Phase2_3) : Phase 2a- additional aggregates = 0
Aggregation(UC_Phase2_3) : Phase 2 - total aggregates = 289
Aggregation(UC_Phase2_3) : Phase 2 - boundary nodes   = 0
Aggregation(UC_Phase2_3) : Phase 3 - leftovers = 0 and singletons = 0
Aggregation(UC) : QR factorization - too small aggregates = 0

Prolongator/Restriction smoother (level 0) : damping = 0.000e+00 , sweeps = 1
Gen_Prolongator (level 0) : not smoothing prolongator
Smoothed Aggregation : operator complexity = 1.071431e+00.
Time to build the hierarchy = 0.018173 (s)
Number of actual levels : 2

Smoother (level 0) : # global rows = 10404, # estim. global nnz = 364816, # nnz per row = 35.06
Smoother (level 0) : IFPACK, type=`ILU',
Smoother (level 0) : both,overlap=1
Smoother (level 0) : level-of-fill=5,rel. threshold=1,abs. threshold=0
Smoother (level 0) : Setup time : 0.347611 (s)

WARNING **********************************************************************
You have requested to keep the finest level smoother from a previous
solve.  In order to reuse part or all of the incomplete factorization
from smoother "IFPACK", you must also specify the smoother options
"reuse numeric factorization" and/or "reuse symbolic factorization".
Not doing so  may result in memory leaks or crashes.

Amesos (level 1) : NumGlobalRows = 1156
Amesos (level 1) : NumGlobalNonzeros = 25883
Amesos (level 1) : Fill-in = 1.93686 %
Amesos (level 1) : Building KLU
Amesos (level 1) : Time for factorization  = 0.00663614 (s)

WARNING: Parameter "energy minimization: type" 3   [unused] is unused
WARNING: Parameter "coarse: list"    [unused] is unused
WARNING: Parameter "aggregation: list (level 0)"    [unused] is unused
WARNING: Parameter "aggregation: list (level 1)"    [unused] is unused
WARNING: Parameter "aggregation: list (level 2)"    [unused] is unused
WARNING: Parameter "aggregation: list (level 3)"    [unused] is unused
WARNING: Parameter "aggregation: list (level 4)"    [unused] is unused
WARNING: Parameter "aggregation: list (level 5)"    [unused] is unused
WARNING: Parameter "aggregation: list (level 6)"    [unused] is unused
WARNING: Parameter "aggregation: list (level 7)"    [unused] is unused
WARNING: Parameter "aggregation: list (level 8)"    [unused] is unused
WARNING: Parameter "aggregation: list (level 9)"    [unused] is unused
WARNING: Parameter "smoother: list (level 0)"    [unused] is unused

Cumulative timing for construction so far: 
- for initial setup   = 0.00318193 (s)
- for hierarchy setup = 0.0182121 (s)
- for smoothers setup = 0.347611 (s)
- for coarse setup    = 0.00701785 (s)
- for final setup     = 0.000144005 (s)
------------------------------------------------------------------------------
 
 		*******************************************************
 		***** Problem: Epetra::CrsMatrix
 		***** Preconditioned GMRES solution
 		***** ML (L=2, IFPACK_pre0/IFPACK_post0, ~/Amesos_KLU_1)
 		***** No scaling
 		*******************************************************
 
                 iter:    0           residual = 1.000000e+00
                 iter:    1           residual = 2.122601e-03
 
 
 		Solution time: 0.024369 (sec.)
 		total iterations: 1
 

************************************************************************
-- Polynomial Line Search -- 
       Merit Function = WeightedMeritFunction
Field       Average         Maximum (@IP)   Minimum (@IP)  
UX          2.52300043e-13  4.85392938e-10  -8.27361179e-11
UY          1.28759081e-13  1.81489690e-10  -1.82365863e-10
PRESSURE    -4.58452670e-09 5.82565991e-08  -6.75412867e-08
TEMPERATURE 0.00000000e+00  2.22507386e-308 0.00000000e+00 
Field       Average         Maximum (@IP)   Minimum (@IP)  
UX          2.52300043e-01  4.85392938e+02  -8.27361179e+01
UY          1.28759081e-01  1.81489690e+02  -1.82365863e+02
PRESSURE    -4.58452670e+03 5.82565991e+04  -6.75412867e+04
TEMPERATURE 0.00000000e+00  2.22507386e-308 0.00000000e+00 
  1: step = 1.000e+00 old f = 3.500e+03 new f = 3.720e+02 (STEP ACCEPTED!)
************************************************************************
************************************************************************
-- Status Test Results --
**...........OR Combination -> 
  **...........AND Combination -> 
    **...........F-Norm = 3.720e+02 < 1.000e-04
                 (Unscaled Two-Norm, Absolute Tolerance)
    **...........WRMS-Norm = 3.001e+11 < 0.01
                 (Min Step Size:  1.000e+00 >= 0.1)
  **...........Number of Iterations = 1 < 400
  **...........Finite Number Check (Two-Norm F) = Finite
************************************************************************

************************************************************************
-- Nonlinear Solver Step 1 -- 
||F|| = 3.720e+02  step = 1.000e+00  dx = 9.260e+06
************************************************************************

       CALCULATING FORCING TERM
       Method: Type 2
       Forcing Term Norm: Using L-2 Norm.
       Residual Norm k-1 =             3.5e+03
       Residual Norm k =               372
       Calculated eta_k (pre-bounds) = 0.0102
       Forcing Term: 0.0102
------------------------------------------------------------------------------
Re-computing the preconditioner...
Time to re-build the hierarchy = 0.00755095 (s)
Number of actual levels : 2

Smoother (level 0) : # global rows = 10404, # estim. global nnz = 364816, # nnz per row = 35.06
Smoother (level 0) : IFPACK, type=`ILU',
Smoother (level 0) : both,overlap=1
Smoother (level 0) : level-of-fill=5,rel. threshold=1,abs. threshold=0
Smoother (level 0) : Setup time : 0.348682 (s)

WARNING **********************************************************************
You have requested to keep the finest level smoother from a previous
solve.  In order to reuse part or all of the incomplete factorization
from smoother "IFPACK", you must also specify the smoother options
"reuse numeric factorization" and/or "reuse symbolic factorization".
Not doing so  may result in memory leaks or crashes.

Amesos (level 1) : NumGlobalRows = 1156
Amesos (level 1) : NumGlobalNonzeros = 26059
Amesos (level 1) : Fill-in = 1.95003 %
Amesos (level 1) : Building KLU
Amesos (level 1) : Time for factorization  = 0.00580692 (s)


Cumulative timing for construction so far: 
- for initial setup   = 0.00318193 (s)
- for hierarchy setup = 0.018219 (s)
- for smoothers setup = 0.696293 (s)
- for coarse setup    = 0.0131059 (s)
- for final setup     = 0.000148058 (s)
------------------------------------------------------------------------------
  
  		*******************************************************
  		***** Problem: Epetra::CrsMatrix
  		***** Preconditioned GMRES solution
  		***** ML (L=2, IFPACK_pre0/IFPACK_post0, ~/Amesos_KLU_1)
  		***** No scaling
  		*******************************************************
  
                  iter:    0           residual = 1.000000e+00
                  iter:    4           residual = 3.051226e-03
  
  
  		Solution time: 0.048954 (sec.)
  		total iterations: 4
  

************************************************************************
-- Polynomial Line Search -- 
       Merit Function = WeightedMeritFunction
Field       Average         Maximum (@IP)   Minimum (@IP)  
UX          2.52300274e-01  4.85392925e+02  -8.27360022e+01
UY          1.28759100e-01  1.81489629e+02  -1.82365907e+02
PRESSURE    -4.58452589e+03 5.82566945e+04  -6.75412660e+04
TEMPERATURE 0.00000000e+00  2.22507386e-308 0.00000000e+00 
Field       Average         Maximum (@IP)   Minimum (@IP)  
UX          5.52502924e-01  4.81127490e+02  -1.16410699e+02
UY          1.54003832e-01  1.09761290e+02  -3.56646613e+02
PRESSURE    -3.53222904e+03 1.82297079e+05  -4.88448909e+04
TEMPERATURE 0.00000000e+00  2.22507386e-308 0.00000000e+00 
  1: step = 1.000e+00 old f = 3.720e+02 new f = 1.418e+02 (STEP ACCEPTED!)
************************************************************************
************************************************************************
-- Status Test Results --
**...........OR Combination -> 
  **...........AND Combination -> 
    **...........F-Norm = 1.418e+02 < 1.000e-04
                 (Unscaled Two-Norm, Absolute Tolerance)
    **...........WRMS-Norm = 9.822e+03 < 0.01
                 (Min Step Size:  1.000e+00 >= 0.1)
  **...........Number of Iterations = 2 < 400
  **...........Finite Number Check (Two-Norm F) = Finite
************************************************************************

************************************************************************
-- Nonlinear Solver Step 2 -- 
||F|| = 1.418e+02  step = 1.000e+00  dx = 1.204e+07
************************************************************************

       CALCULATING FORCING TERM
       Method: Type 2
       Forcing Term Norm: Using L-2 Norm.
       Residual Norm k-1 =             372
       Residual Norm k =               142
       Calculated eta_k (pre-bounds) = 0.131
       Forcing Term: 0.131
------------------------------------------------------------------------------
Re-computing the preconditioner...
Time to re-build the hierarchy = 0.00724316 (s)
Number of actual levels : 2

Smoother (level 0) : # global rows = 10404, # estim. global nnz = 364816, # nnz per row = 35.06
Smoother (level 0) : IFPACK, type=`ILU',
Smoother (level 0) : both,overlap=1
Smoother (level 0) : level-of-fill=5,rel. threshold=1,abs. threshold=0
Smoother (level 0) : Setup time : 0.342416 (s)

WARNING **********************************************************************
You have requested to keep the finest level smoother from a previous
solve.  In order to reuse part or all of the incomplete factorization
from smoother "IFPACK", you must also specify the smoother options
"reuse numeric factorization" and/or "reuse symbolic factorization".
Not doing so  may result in memory leaks or crashes.

Amesos (level 1) : NumGlobalRows = 1156
Amesos (level 1) : NumGlobalNonzeros = 26059
Amesos (level 1) : Fill-in = 1.95003 %
Amesos (level 1) : Building KLU
Amesos (level 1) : Time for factorization  = 0.00579715 (s)


Cumulative timing for construction so far: 
- for initial setup   = 0.00318193 (s)
- for hierarchy setup = 0.018225 (s)
- for smoothers setup = 1.03871 (s)
- for coarse setup    = 0.0191867 (s)
- for final setup     = 0.000152111 (s)
------------------------------------------------------------------------------
  
  		*******************************************************
  		***** Problem: Epetra::CrsMatrix
  		***** Preconditioned GMRES solution
  		***** ML (L=2, IFPACK_pre0/IFPACK_post0, ~/Amesos_KLU_1)
  		***** No scaling
  		*******************************************************
  
                  iter:    0           residual = 1.000000e+00
                  iter:    2           residual = 3.065499e-02
  
  
  		Solution time: 0.029679 (sec.)
  		total iterations: 2
  

************************************************************************
-- Polynomial Line Search -- 
       Merit Function = WeightedMeritFunction
Field       Average         Maximum (@IP)   Minimum (@IP)  
UX          5.52502208e-01  4.81127483e+02  -1.16410714e+02
UY          1.54004050e-01  1.09761278e+02  -3.56646530e+02
PRESSURE    -3.53223066e+03 1.82297121e+05  -4.88448710e+04
TEMPERATURE 0.00000000e+00  2.22507386e-308 0.00000000e+00 
Field       Average         Maximum (@IP)   Minimum (@IP)  
UX          2.26715555e-01  4.78296303e+02  -1.59898670e+02
UY          2.53172715e-01  1.48728172e+02  -3.22047454e+02
PRESSURE    -4.26751201e+03 2.01587586e+05  -3.97932122e+04
TEMPERATURE 0.00000000e+00  2.22507386e-308 0.00000000e+00 
  1: step = 1.000e+00 old f = 1.418e+02 new f = 5.945e+01 (STEP ACCEPTED!)
************************************************************************
************************************************************************
-- Status Test Results --
**...........OR Combination -> 
  **...........AND Combination -> 
    **...........F-Norm = 5.945e+01 < 1.000e-04
                 (Unscaled Two-Norm, Absolute Tolerance)
    **...........WRMS-Norm = 2.137e+04 < 0.01
                 (Min Step Size:  1.000e+00 >= 0.1)
  **...........Number of Iterations = 3 < 400
  **...........Finite Number Check (Two-Norm F) = Finite
************************************************************************

************************************************************************
-- Nonlinear Solver Step 3 -- 
||F|| = 5.945e+01  step = 1.000e+00  dx = 7.492e+06
************************************************************************

       CALCULATING FORCING TERM
       Method: Type 2
       Forcing Term Norm: Using L-2 Norm.
       Residual Norm k-1 =             142
       Residual Norm k =               59.4
       Calculated eta_k (pre-bounds) = 0.158
       Forcing Term: 0.158
------------------------------------------------------------------------------
Re-computing the preconditioner...
Time to re-build the hierarchy = 0.00726795 (s)
Number of actual levels : 2

Smoother (level 0) : # global rows = 10404, # estim. global nnz = 364816, # nnz per row = 35.06
Smoother (level 0) : IFPACK, type=`ILU',
Smoother (level 0) : both,overlap=1
Smoother (level 0) : level-of-fill=5,rel. threshold=1,abs. threshold=0
Smoother (level 0) : Setup time : 0.34101 (s)

WARNING **********************************************************************
You have requested to keep the finest level smoother from a previous
solve.  In order to reuse part or all of the incomplete factorization
from smoother "IFPACK", you must also specify the smoother options
"reuse numeric factorization" and/or "reuse symbolic factorization".
Not doing so  may result in memory leaks or crashes.

Amesos (level 1) : NumGlobalRows = 1156
Amesos (level 1) : NumGlobalNonzeros = 26059
Amesos (level 1) : Fill-in = 1.95003 %
Amesos (level 1) : Building KLU
Amesos (level 1) : Time for factorization  = 0.00578904 (s)


Cumulative timing for construction so far: 
- for initial setup   = 0.00318193 (s)
- for hierarchy setup = 0.0182321 (s)
- for smoothers setup = 1.37972 (s)
- for coarse setup    = 0.0252616 (s)
- for final setup     = 0.000156164 (s)
------------------------------------------------------------------------------
  
  		*******************************************************
  		***** Problem: Epetra::CrsMatrix
  		***** Preconditioned GMRES solution
  		***** ML (L=2, IFPACK_pre0/IFPACK_post0, ~/Amesos_KLU_1)
  		***** No scaling
  		*******************************************************
  
                  iter:    0           residual = 1.000000e+00
                  iter:    1           residual = 1.499146e-01
  
  
  		Solution time: 0.020226 (sec.)
  		total iterations: 1
  

************************************************************************
-- Polynomial Line Search -- 
       Merit Function = WeightedMeritFunction
Field       Average         Maximum (@IP)   Minimum (@IP)  
UX          2.26714195e-01  4.78296302e+02  -1.59898625e+02
UY          2.53169416e-01  1.48728142e+02  -3.22047438e+02
PRESSURE    -4.26750977e+03 2.01587618e+05  -3.97932068e+04
TEMPERATURE 0.00000000e+00  2.22507386e-308 0.00000000e+00 
Field       Average         Maximum (@IP)   Minimum (@IP)  
UX          -3.35788896e-02 4.78111132e+02  -1.56788506e+02
UY          -3.78226731e-01 1.43109473e+02  -3.19098635e+02
PRESSURE    -3.83843538e+03 2.07698200e+05  -3.87558449e+04
TEMPERATURE 0.00000000e+00  2.22507386e-308 0.00000000e+00 
  1: step = 1.000e+00 old f = 5.945e+01 new f = 3.660e+01 (STEP ACCEPTED!)
************************************************************************
************************************************************************
-- Status Test Results --
**...........OR Combination -> 
  **...........AND Combination -> 
    **...........F-Norm = 3.660e+01 < 1.000e-04
                 (Unscaled Two-Norm, Absolute Tolerance)
    **...........WRMS-Norm = 1.651e+04 < 0.01
                 (Min Step Size:  1.000e+00 >= 0.1)
  **...........Number of Iterations = 4 < 400
  **...........Finite Number Check (Two-Norm F) = Finite
************************************************************************

************************************************************************
-- Nonlinear Solver Step 4 -- 
||F|| = 3.660e+01  step = 1.000e+00  dx = 3.540e+06
************************************************************************

       CALCULATING FORCING TERM
       Method: Type 2
       Forcing Term Norm: Using L-2 Norm.
       Residual Norm k-1 =             59.4
       Residual Norm k =               36.6
       Calculated eta_k (pre-bounds) = 0.341
       Forcing Term: 0.341
------------------------------------------------------------------------------
Re-computing the preconditioner...
Time to re-build the hierarchy = 0.00732207 (s)
Number of actual levels : 2

Smoother (level 0) : # global rows = 10404, # estim. global nnz = 364816, # nnz per row = 35.06
Smoother (level 0) : IFPACK, type=`ILU',
Smoother (level 0) : both,overlap=1
Smoother (level 0) : level-of-fill=5,rel. threshold=1,abs. threshold=0
Smoother (level 0) : Setup time : 0.343213 (s)

WARNING **********************************************************************
You have requested to keep the finest level smoother from a previous
solve.  In order to reuse part or all of the incomplete factorization
from smoother "IFPACK", you must also specify the smoother options
"reuse numeric factorization" and/or "reuse symbolic factorization".
Not doing so  may result in memory leaks or crashes.

Amesos (level 1) : NumGlobalRows = 1156
Amesos (level 1) : NumGlobalNonzeros = 26058
Amesos (level 1) : Fill-in = 1.94996 %
Amesos (level 1) : Building KLU
Amesos (level 1) : Time for factorization  = 0.00585914 (s)


Cumulative timing for construction so far: 
- for initial setup   = 0.00318193 (s)
- for hierarchy setup = 0.0182393 (s)
- for smoothers setup = 1.72293 (s)
- for coarse setup    = 0.0314097 (s)
- for final setup     = 0.000159979 (s)
------------------------------------------------------------------------------
  
  		*******************************************************
  		***** Problem: Epetra::CrsMatrix
  		***** Preconditioned GMRES solution
  		***** ML (L=2, IFPACK_pre0/IFPACK_post0, ~/Amesos_KLU_1)
  		***** No scaling
  		*******************************************************
  
                  iter:    0           residual = 1.000000e+00
                  iter:    1           residual = 1.497272e-01
  
  
  		Solution time: 0.020671 (sec.)
  		total iterations: 1
  

************************************************************************
-- Polynomial Line Search -- 
       Merit Function = WeightedMeritFunction
Field       Average         Maximum (@IP)   Minimum (@IP)  
UX          -3.35729744e-02 4.78111131e+02  -1.56788495e+02
UY          -3.78222849e-01 1.43109501e+02  -3.19098608e+02
PRESSURE    -3.83842872e+03 2.07698203e+05  -3.87558305e+04
TEMPERATURE 0.00000000e+00  2.22507386e-308 0.00000000e+00 
Field       Average         Maximum (@IP)   Minimum (@IP)  
UX          7.94008309e-01  4.78027615e+02  -1.55428570e+02
UY          1.64920248e-01  1.47794482e+02  -3.15310757e+02
PRESSURE    -2.90696526e+03 2.08202042e+05  -3.67384317e+04
TEMPERATURE 0.00000000e+00  2.22507386e-308 0.00000000e+00 
  1: step = 1.000e+00 old f = 3.660e+01 new f = 8.126e+00 (STEP ACCEPTED!)
************************************************************************
************************************************************************
-- Status Test Results --
**...........OR Combination -> 
  **...........AND Combination -> 
    **...........F-Norm = 8.126e+00 < 1.000e-04
                 (Unscaled Two-Norm, Absolute Tolerance)
    **...........WRMS-Norm = 2.494e+04 < 0.01
                 (Min Step Size:  1.000e+00 >= 0.1)
  **...........Number of Iterations = 5 < 400
  **...........Finite Number Check (Two-Norm F) = Finite
************************************************************************

************************************************************************
-- Nonlinear Solver Step 5 -- 
||F|| = 8.126e+00  step = 1.000e+00  dx = 2.719e+06
************************************************************************

       CALCULATING FORCING TERM
       Method: Type 2
       Forcing Term Norm: Using L-2 Norm.
       Residual Norm k-1 =             36.6
       Residual Norm k =               8.13
       Calculated eta_k (pre-bounds) = 0.0444
       Forcing Term: 0.105
------------------------------------------------------------------------------
Re-computing the preconditioner...
Time to re-build the hierarchy = 0.00730705 (s)
Number of actual levels : 2

Smoother (level 0) : # global rows = 10404, # estim. global nnz = 364816, # nnz per row = 35.06
Smoother (level 0) : IFPACK, type=`ILU',
Smoother (level 0) : both,overlap=1
Smoother (level 0) : level-of-fill=5,rel. threshold=1,abs. threshold=0
Smoother (level 0) : Setup time : 0.34209 (s)

WARNING **********************************************************************
You have requested to keep the finest level smoother from a previous
solve.  In order to reuse part or all of the incomplete factorization
from smoother "IFPACK", you must also specify the smoother options
"reuse numeric factorization" and/or "reuse symbolic factorization".
Not doing so  may result in memory leaks or crashes.

Amesos (level 1) : NumGlobalRows = 1156
Amesos (level 1) : NumGlobalNonzeros = 26059
Amesos (level 1) : Fill-in = 1.95003 %
Amesos (level 1) : Building KLU
Amesos (level 1) : Time for factorization  = 0.00584102 (s)


Cumulative timing for construction so far: 
- for initial setup   = 0.00318193 (s)
- for hierarchy setup = 0.0182462 (s)
- for smoothers setup = 2.06502 (s)
- for coarse setup    = 0.0375907 (s)
- for final setup     = 0.000164032 (s)
------------------------------------------------------------------------------
  
  		*******************************************************
  		***** Problem: Epetra::CrsMatrix
  		***** Preconditioned GMRES solution
  		***** ML (L=2, IFPACK_pre0/IFPACK_post0, ~/Amesos_KLU_1)
  		***** No scaling
  		*******************************************************
  
                  iter:    0           residual = 1.000000e+00
                  iter:    2           residual = 9.522646e-02
  
  
  		Solution time: 0.030385 (sec.)
  		total iterations: 2
  

************************************************************************
-- Polynomial Line Search -- 
       Merit Function = WeightedMeritFunction
Field       Average         Maximum (@IP)   Minimum (@IP)  
UX          7.94006050e-01  4.78027619e+02  -1.55428650e+02
UY          1.64919459e-01  1.47794565e+02  -3.15310767e+02
PRESSURE    -2.90697700e+03 2.08202051e+05  -3.67384361e+04
TEMPERATURE 0.00000000e+00  2.22507386e-308 0.00000000e+00 
Field       Average         Maximum (@IP)   Minimum (@IP)  
UX          3.87906279e-01  4.78869380e+02  -1.71043043e+02
UY          2.30816381e-02  1.62765315e+02  -3.17127349e+02
PRESSURE    -5.01739327e+03 2.09714923e+05  -3.75290422e+04
TEMPERATURE 0.00000000e+00  2.22507386e-308 0.00000000e+00 
  1: step = 1.000e+00 old f = 8.126e+00 new f = 3.157e+00 (STEP ACCEPTED!)
************************************************************************
************************************************************************
-- Status Test Results --
**...........OR Combination -> 
  **...........AND Combination -> 
    **...........F-Norm = 3.157e+00 < 1.000e-04
                 (Unscaled Two-Norm, Absolute Tolerance)
    **...........WRMS-Norm = 4.394e+04 < 0.01
                 (Min Step Size:  1.000e+00 >= 0.1)
  **...........Number of Iterations = 6 < 400
  **...........Finite Number Check (Two-Norm F) = Finite
************************************************************************

************************************************************************
-- Nonlinear Solver Step 6 -- 
||F|| = 3.157e+00  step = 1.000e+00  dx = 3.537e+06
************************************************************************

       CALCULATING FORCING TERM
       Method: Type 2
       Forcing Term Norm: Using L-2 Norm.
       Residual Norm k-1 =             8.13
       Residual Norm k =               3.16
       Calculated eta_k (pre-bounds) = 0.136
       Forcing Term: 0.136
------------------------------------------------------------------------------
Re-computing the preconditioner...
Time to re-build the hierarchy = 0.0073781 (s)
Number of actual levels : 2

Smoother (level 0) : # global rows = 10404, # estim. global nnz = 364816, # nnz per row = 35.06
Smoother (level 0) : IFPACK, type=`ILU',
Smoother (level 0) : both,overlap=1
Smoother (level 0) : level-of-fill=5,rel. threshold=1,abs. threshold=0
Smoother (level 0) : Setup time : 0.344839 (s)

WARNING **********************************************************************
You have requested to keep the finest level smoother from a previous
solve.  In order to reuse part or all of the incomplete factorization
from smoother "IFPACK", you must also specify the smoother options
"reuse numeric factorization" and/or "reuse symbolic factorization".
Not doing so  may result in memory leaks or crashes.

Amesos (level 1) : NumGlobalRows = 1156
Amesos (level 1) : NumGlobalNonzeros = 26059
Amesos (level 1) : Fill-in = 1.95003 %
Amesos (level 1) : Building KLU
Amesos (level 1) : Time for factorization  = 0.00578403 (s)


Cumulative timing for construction so far: 
- for initial setup   = 0.00318193 (s)
- for hierarchy setup = 0.0182531 (s)
- for smoothers setup = 2.40986 (s)
- for coarse setup    = 0.0436687 (s)
- for final setup     = 0.000167847 (s)
------------------------------------------------------------------------------
  
  		*******************************************************
  		***** Problem: Epetra::CrsMatrix
  		***** Preconditioned GMRES solution
  		***** ML (L=2, IFPACK_pre0/IFPACK_post0, ~/Amesos_KLU_1)
  		***** No scaling
  		*******************************************************
  
                  iter:    0           residual = 1.000000e+00
                  iter:    2           residual = 1.099342e-01
  
  
  		Solution time: 0.030126 (sec.)
  		total iterations: 2
  

************************************************************************
-- Polynomial Line Search -- 
       Merit Function = WeightedMeritFunction
Field       Average         Maximum (@IP)   Minimum (@IP)  
UX          3.87907151e-01  4.78869380e+02  -1.71043058e+02
UY          2.30826559e-02  1.62765337e+02  -3.17127347e+02
PRESSURE    -5.01740961e+03 2.09714910e+05  -3.75290556e+04
TEMPERATURE 0.00000000e+00  2.22507386e-308 0.00000000e+00 
Field       Average         Maximum (@IP)   Minimum (@IP)  
UX          4.63552267e-01  4.78868650e+02  -1.72318649e+02
UY          1.11309123e-01  1.64623799e+02  -3.16965012e+02
PRESSURE    -6.43375466e+03 2.08593080e+05  -3.86896727e+04
TEMPERATURE 0.00000000e+00  2.22507386e-308 0.00000000e+00 
  1: step = 1.000e+00 old f = 3.157e+00 new f = 3.538e-01 (STEP ACCEPTED!)
************************************************************************
************************************************************************
-- Status Test Results --
**...........OR Combination -> 
  **...........AND Combination -> 
    **...........F-Norm = 3.538e-01 < 1.000e-04
                 (Unscaled Two-Norm, Absolute Tolerance)
    **...........WRMS-Norm = 1.040e+04 < 0.01
                 (Min Step Size:  1.000e+00 >= 0.1)
  **...........Number of Iterations = 7 < 400
  **...........Finite Number Check (Two-Norm F) = Finite
************************************************************************

************************************************************************
-- Nonlinear Solver Step 7 -- 
||F|| = 3.538e-01  step = 1.000e+00  dx = 1.869e+06
************************************************************************

       CALCULATING FORCING TERM
       Method: Type 2
       Forcing Term Norm: Using L-2 Norm.
       Residual Norm k-1 =             3.16
       Residual Norm k =               0.354
       Calculated eta_k (pre-bounds) = 0.0113
       Forcing Term: 0.0113
------------------------------------------------------------------------------
Re-computing the preconditioner...
Time to re-build the hierarchy = 0.00728917 (s)
Number of actual levels : 2

Smoother (level 0) : # global rows = 10404, # estim. global nnz = 364816, # nnz per row = 35.06
Smoother (level 0) : IFPACK, type=`ILU',
Smoother (level 0) : both,overlap=1
Smoother (level 0) : level-of-fill=5,rel. threshold=1,abs. threshold=0
Smoother (level 0) : Setup time : 0.341207 (s)

WARNING **********************************************************************
You have requested to keep the finest level smoother from a previous
solve.  In order to reuse part or all of the incomplete factorization
from smoother "IFPACK", you must also specify the smoother options
"reuse numeric factorization" and/or "reuse symbolic factorization".
Not doing so  may result in memory leaks or crashes.

Amesos (level 1) : NumGlobalRows = 1156
Amesos (level 1) : NumGlobalNonzeros = 26058
Amesos (level 1) : Fill-in = 1.94996 %
Amesos (level 1) : Building KLU
Amesos (level 1) : Time for factorization  = 0.00583792 (s)


Cumulative timing for construction so far: 
- for initial setup   = 0.00318193 (s)
- for hierarchy setup = 0.0182602 (s)
- for smoothers setup = 2.75107 (s)
- for coarse setup    = 0.0497978 (s)
- for final setup     = 0.0001719 (s)
------------------------------------------------------------------------------
  
  		*******************************************************
  		***** Problem: Epetra::CrsMatrix
  		***** Preconditioned GMRES solution
  		***** ML (L=2, IFPACK_pre0/IFPACK_post0, ~/Amesos_KLU_1)
  		***** No scaling
  		*******************************************************
  
                  iter:    0           residual = 1.000000e+00
                  iter:    5           residual = 8.492484e-03
  
  
  		Solution time: 0.056961 (sec.)
  		total iterations: 5
  

************************************************************************
-- Polynomial Line Search -- 
       Merit Function = WeightedMeritFunction
Field       Average         Maximum (@IP)   Minimum (@IP)  
UX          4.63552537e-01  4.78868650e+02  -1.72318654e+02
UY          1.11309271e-01  1.64623805e+02  -3.16965012e+02
PRESSURE    -6.43377181e+03 2.08593065e+05  -3.86896893e+04
TEMPERATURE 0.00000000e+00  2.22507386e-308 0.00000000e+00 
Field       Average         Maximum (@IP)   Minimum (@IP)  
UX          5.10126198e-01  4.78915009e+02  -1.73185015e+02
UY          1.36824631e-01  1.65540885e+02  -3.17092979e+02
PRESSURE    -9.38840402e+03 2.05863266e+05  -4.15626058e+04
TEMPERATURE 0.00000000e+00  2.22507386e-308 0.00000000e+00 
  1: step = 1.000e+00 old f = 3.538e-01 new f = 1.670e-02 (STEP ACCEPTED!)
************************************************************************
************************************************************************
-- Status Test Results --
**...........OR Combination -> 
  **...........AND Combination -> 
    **...........F-Norm = 1.670e-02 < 1.000e-04
                 (Unscaled Two-Norm, Absolute Tolerance)
    **...........WRMS-Norm = 4.138e+03 < 0.01
                 (Min Step Size:  1.000e+00 >= 0.1)
  **...........Number of Iterations = 8 < 400
  **...........Finite Number Check (Two-Norm F) = Finite
************************************************************************

************************************************************************
-- Nonlinear Solver Step 8 -- 
||F|| = 1.670e-02  step = 1.000e+00  dx = 3.840e+06
************************************************************************

       CALCULATING FORCING TERM
       Method: Type 2
       Forcing Term Norm: Using L-2 Norm.
       Residual Norm k-1 =             0.354
       Residual Norm k =               0.0167
       Calculated eta_k (pre-bounds) = 0.00201
       Forcing Term: 0.00201
------------------------------------------------------------------------------
Re-computing the preconditioner...
Time to re-build the hierarchy = 0.0073061 (s)
Number of actual levels : 2

Smoother (level 0) : # global rows = 10404, # estim. global nnz = 364816, # nnz per row = 35.06
Smoother (level 0) : IFPACK, type=`ILU',
Smoother (level 0) : both,overlap=1
Smoother (level 0) : level-of-fill=5,rel. threshold=1,abs. threshold=0
Smoother (level 0) : Setup time : 0.34093 (s)

WARNING **********************************************************************
You have requested to keep the finest level smoother from a previous
solve.  In order to reuse part or all of the incomplete factorization
from smoother "IFPACK", you must also specify the smoother options
"reuse numeric factorization" and/or "reuse symbolic factorization".
Not doing so  may result in memory leaks or crashes.

Amesos (level 1) : NumGlobalRows = 1156
Amesos (level 1) : NumGlobalNonzeros = 26058
Amesos (level 1) : Fill-in = 1.94996 %
Amesos (level 1) : Building KLU
Amesos (level 1) : Time for factorization  = 0.00583601 (s)


Cumulative timing for construction so far: 
- for initial setup   = 0.00318193 (s)
- for hierarchy setup = 0.0182664 (s)
- for smoothers setup = 3.092 (s)
- for coarse setup    = 0.0559208 (s)
- for final setup     = 0.000175953 (s)
------------------------------------------------------------------------------
  
  		*******************************************************
  		***** Problem: Epetra::CrsMatrix
  		***** Preconditioned GMRES solution
  		***** ML (L=2, IFPACK_pre0/IFPACK_post0, ~/Amesos_KLU_1)
  		***** No scaling
  		*******************************************************
  
                  iter:    0           residual = 1.000000e+00
                  iter:    6           residual = 1.293373e-03
  
  
  		Solution time: 0.066232 (sec.)
  		total iterations: 6
  

************************************************************************
-- Polynomial Line Search -- 
       Merit Function = WeightedMeritFunction
Field       Average         Maximum (@IP)   Minimum (@IP)  
UX          5.10125772e-01  4.78915009e+02  -1.73185017e+02
UY          1.36824132e-01  1.65540884e+02  -3.17092979e+02
PRESSURE    -9.38838582e+03 2.05863286e+05  -4.15625869e+04
TEMPERATURE 0.00000000e+00  2.22507386e-308 0.00000000e+00 
Field       Average         Maximum (@IP)   Minimum (@IP)  
UX          5.09891655e-01  4.78914607e+02  -1.73186213e+02
UY          1.36549909e-01  1.65540184e+02  -3.17093037e+02
PRESSURE    -9.37838612e+03 2.05874140e+05  -4.15522177e+04
TEMPERATURE 0.00000000e+00  2.22507386e-308 0.00000000e+00 
  1: step = 1.000e+00 old f = 1.670e-02 new f = 2.162e-05 (STEP ACCEPTED!)
************************************************************************
************************************************************************
-- Status Test Results --
**...........OR Combination -> 
  **...........AND Combination -> 
    Converged....F-Norm = 2.162e-05 < 1.000e-04
                 (Unscaled Two-Norm, Absolute Tolerance)
    **...........WRMS-Norm = 1.254e+02 < 0.01
                 (Min Step Size:  1.000e+00 >= 0.1)
  **...........Number of Iterations = 9 < 400
  **...........Finite Number Check (Two-Norm F) = Finite
************************************************************************

************************************************************************
-- Nonlinear Solver Step 9 -- 
||F|| = 2.162e-05  step = 1.000e+00  dx = 1.312e+04
************************************************************************

       CALCULATING FORCING TERM
       Method: Type 2
       Forcing Term Norm: Using L-2 Norm.
       Residual Norm k-1 =             0.0167
       Residual Norm k =               2.16e-05
       Calculated eta_k (pre-bounds) = 1.51e-06
       Forcing Term: 0.0001
------------------------------------------------------------------------------
Re-computing the preconditioner...
Time to re-build the hierarchy = 0.007303 (s)
Number of actual levels : 2

Smoother (level 0) : # global rows = 10404, # estim. global nnz = 364816, # nnz per row = 35.06
Smoother (level 0) : IFPACK, type=`ILU',
Smoother (level 0) : both,overlap=1
Smoother (level 0) : level-of-fill=5,rel. threshold=1,abs. threshold=0
Smoother (level 0) : Setup time : 0.345305 (s)

WARNING **********************************************************************
You have requested to keep the finest level smoother from a previous
solve.  In order to reuse part or all of the incomplete factorization
from smoother "IFPACK", you must also specify the smoother options
"reuse numeric factorization" and/or "reuse symbolic factorization".
Not doing so  may result in memory leaks or crashes.

Amesos (level 1) : NumGlobalRows = 1156
Amesos (level 1) : NumGlobalNonzeros = 26059
Amesos (level 1) : Fill-in = 1.95003 %
Amesos (level 1) : Building KLU
Amesos (level 1) : Time for factorization  = 0.00585699 (s)


Cumulative timing for construction so far: 
- for initial setup   = 0.00318193 (s)
- for hierarchy setup = 0.0182726 (s)
- for smoothers setup = 3.4373 (s)
- for coarse setup    = 0.062063 (s)
- for final setup     = 0.000180006 (s)
------------------------------------------------------------------------------
  
  		*******************************************************
  		***** Problem: Epetra::CrsMatrix
  		***** Preconditioned GMRES solution
  		***** ML (L=2, IFPACK_pre0/IFPACK_post0, ~/Amesos_KLU_1)
  		***** No scaling
  		*******************************************************
  
                  iter:    0           residual = 1.000000e+00
                  iter:    9           residual = 1.238731e-05
  
  
  		Solution time: 0.094661 (sec.)
  		total iterations: 9
  

************************************************************************
-- Polynomial Line Search -- 
       Merit Function = WeightedMeritFunction
Field       Average         Maximum (@IP)   Minimum (@IP)  
UX          5.09891782e-01  4.78914606e+02  -1.73186201e+02
UY          1.36549750e-01  1.65540174e+02  -3.17093037e+02
PRESSURE    -9.37836779e+03 2.05874156e+05  -4.15522003e+04
TEMPERATURE 0.00000000e+00  2.22507386e-308 0.00000000e+00 
Field       Average         Maximum (@IP)   Minimum (@IP)  
UX          5.09892132e-01  4.78914604e+02  -1.73186169e+02
UY          1.36549314e-01  1.65540144e+02  -3.17093036e+02
PRESSURE    -9.37831755e+03 2.05874201e+05  -4.15521528e+04
TEMPERATURE 0.00000000e+00  2.22507386e-308 0.00000000e+00 
  1: step = 1.000e+00 old f = 2.162e-05 new f = 2.673e-10 (STEP ACCEPTED!)
************************************************************************
************************************************************************
-- Status Test Results --
**...........OR Combination -> 
  **...........AND Combination -> 
    Converged....F-Norm = 2.673e-10 < 1.000e-04
                 (Unscaled Two-Norm, Absolute Tolerance)
    **...........WRMS-Norm = 4.477e+00 < 0.01
                 (Min Step Size:  1.000e+00 >= 0.1)
  **...........Number of Iterations = 10 < 400
  **...........Finite Number Check (Two-Norm F) = Finite
************************************************************************

************************************************************************
-- Nonlinear Solver Step 10 -- 
||F|| = 2.673e-10  step = 1.000e+00  dx = 8.912e+01
************************************************************************

       CALCULATING FORCING TERM
       Method: Type 2
       Forcing Term Norm: Using L-2 Norm.
       Residual Norm k-1 =             2.16e-05
       Residual Norm k =               2.67e-10
       Calculated eta_k (pre-bounds) = 1.38e-10
       Forcing Term: 0.0001
------------------------------------------------------------------------------
Re-computing the preconditioner...
Time to re-build the hierarchy = 0.00723195 (s)
Number of actual levels : 2

Smoother (level 0) : # global rows = 10404, # estim. global nnz = 364816, # nnz per row = 35.06
Smoother (level 0) : IFPACK, type=`ILU',
Smoother (level 0) : both,overlap=1
Smoother (level 0) : level-of-fill=5,rel. threshold=1,abs. threshold=0
Smoother (level 0) : Setup time : 0.34568 (s)

WARNING **********************************************************************
You have requested to keep the finest level smoother from a previous
solve.  In order to reuse part or all of the incomplete factorization
from smoother "IFPACK", you must also specify the smoother options
"reuse numeric factorization" and/or "reuse symbolic factorization".
Not doing so  may result in memory leaks or crashes.

Amesos (level 1) : NumGlobalRows = 1156
Amesos (level 1) : NumGlobalNonzeros = 26059
Amesos (level 1) : Fill-in = 1.95003 %
Amesos (level 1) : Building KLU
Amesos (level 1) : Time for factorization  = 0.00578403 (s)


Cumulative timing for construction so far: 
- for initial setup   = 0.00318193 (s)
- for hierarchy setup = 0.0182796 (s)
- for smoothers setup = 3.78298 (s)
- for coarse setup    = 0.0681639 (s)
- for final setup     = 0.000182867 (s)
------------------------------------------------------------------------------
  
  		*******************************************************
  		***** Problem: Epetra::CrsMatrix
  		***** Preconditioned GMRES solution
  		***** ML (L=2, IFPACK_pre0/IFPACK_post0, ~/Amesos_KLU_1)
  		***** No scaling
  		*******************************************************
  
                  iter:    0           residual = 1.000000e+00
                  iter:    8           residual = 6.044785e-05
  
  
  		Solution time: 0.085193 (sec.)
  		total iterations: 8
  

************************************************************************
-- Polynomial Line Search -- 
       Merit Function = WeightedMeritFunction
Field       Average         Maximum (@IP)   Minimum (@IP)  
UX          5.09891787e-01  4.78914603e+02  -1.73186168e+02
UY          1.36549594e-01  1.65540131e+02  -3.17093035e+02
PRESSURE    -9.37829928e+03 2.05874219e+05  -4.15521341e+04
TEMPERATURE 0.00000000e+00  2.22507386e-308 0.00000000e+00 
Field       Average         Maximum (@IP)   Minimum (@IP)  
UX          5.09892132e-01  4.78914604e+02  -1.73186169e+02
UY          1.36549314e-01  1.65540144e+02  -3.17093036e+02
PRESSURE    -9.37831755e+03 2.05874201e+05  -4.15521528e+04
TEMPERATURE 0.00000000e+00  2.22507386e-308 0.00000000e+00 
  1: step = 1.000e+00 old f = 2.673e-10 new f = 6.367e-13 (STEP ACCEPTED!)
************************************************************************

************************************************************************
-- Nonlinear Solver Step 11 -- 
||F|| = 6.367e-13  step = 1.000e+00  dx = 3.786e-04 (Converged!)
************************************************************************

************************************************************************
-- Final Status Test Results --
Converged....OR Combination -> 
  Converged....AND Combination -> 
    Converged....F-Norm = 6.367e-13 < 1.000e-04
                 (Unscaled Two-Norm, Absolute Tolerance)
    Converged....WRMS-Norm = 3.639e-05 < 0.01
                 (Min Step Size:  1.000e+00 >= 0.1)
  **...........Number of Iterations = 11 < 400
  **...........Finite Number Check (Two-Norm F) = Finite
************************************************************************
Field       Average         Maximum (@IP)   Minimum (@IP)  
UX          5.09892132e-01  4.78914604e+02  -1.73186169e+02
UY          1.36549314e-01  1.65540144e+02  -3.17093036e+02
PRESSURE    -9.37831755e+03 2.05874201e+05  -4.15521528e+04
TEMPERATURE 0.00000000e+00  2.22507386e-308 0.00000000e+00 
------------------------------------------------------------------------------
   ML time information (seconds)          total          avg

   1- Construction                  =    3.94652    0.358775
   2- Preconditioner apply          =   0.454971
     a- first application(s) only   =   0.103228  0.00938433
     b- remaining applications      =   0.351743   0.0067643

   3- Total time required by ML so far is 4.40149 seconds
      (constr + all applications)
------------------------------------------------------------------------------
========================================================================================

                          TimeMonitor results over 1 processor

Timer Name                                                   Global time (num calls)    
----------------------------------------------------------------------------------------
Drekar: Total Time                                           7.989 (1)                  
NOX Total Linear Solve                                       0.5095 (11)                
NOX Total Preconditioner Construction                        3.961 (11)                 
STK_Interface::setupTransientExodusFile(filename)            0.2945 (1)                 
STK_Interface::writeToExodus(timestep)                       0.05719 (1)                
Thyra::NOXNonlinearSolver::solve                             7.279 (1)                  
panzer::ModelEvaluator::evalModel(J)                         2.156 (11)                 
panzer::ModelEvaluator::evalModel(f)                         0.5315 (23)                
panzer::SquareQuadMeshFactory::buildUncomittedMesh()         0.000123 (1)               
panzer::SquareQuadMeshFactory::completeMeshConstruction()    0.09484 (1)                
========================================================================================
Drekar run completed.
