Mesh -> 
 Source = Inline Mesh   [unused]
 Exodus File -> 
  File Name = BackwardStep.exo   [unused]
 Inline Mesh -> 
  Mesh Dimension = 2   [unused]
  Mesh Factory Parameter List -> 
   X Blocks = 1   [unused]
   Y Blocks = 1   [unused]
   X Elements = 250   [unused]
   Y Elements = 20   [unused]
   X0 = 0   [unused]
   Y0 = 0   [unused]
   Xf = 25   [unused]
   Yf = 1   [unused]
Block ID to Physics ID Mapping -> 
 eblock-0_0 = fluid   [unused]
Assembly -> 
 Workset Size = 2   [unused]
Physics Blocks -> 
 fluid -> 
  child0 -> 
   Type = Continuity   [unused]
   Basis Type = HGrad   [unused]
   Basis Order = 1   [unused]
   Integration Order = 2   [unused]
   Model ID = fluid model   [unused]
   Prefix =    [unused]
   Options -> 
    TAU_C = SHAKIB   [unused]
    PSPG STABILIZATION = ON   [unused]
  child1 -> 
   Type = Momentum   [unused]
   Basis Type = HGrad   [unused]
   Basis Order = 1   [unused]
   Integration Order = 2   [unused]
   Model ID = fluid model   [unused]
   Prefix =    [unused]
   Options -> 
    TAU_M = SHAKIB   [unused]
    SUPG STABILIZATION = ON   [unused]
Closure Models -> 
 fluid model -> 
  DENSITY -> 
   Value = 1   [unused]
  STRESS_TENSOR -> 
   Value = NEWTONIAN   [unused]
  VISCOSITY -> 
   Value = 1   [unused]
  SOURCE_UX -> 
   Value = 0   [unused]
  SOURCE_UY -> 
   Value = 0   [unused]
  Global Statistics -> 
   Value = UX,UY,PRESSURE,L2Error_UX,L2Error_UY   [unused]
  Analytic Solution -> 
   Value = NS PARABOLIC INFLOW   [unused]
  Analytic Comparison: L2 Error -> 
   Value = UX,UY   [unused]
User Data -> 
 ParabolicInflow -> 
  Ustar = 534   [unused]
  L = 0.5   [unused]
  ramp_in_time = 0   [unused]
  timeConstant = 0.025   [unused]
Boundary Conditions -> 
 child0 -> 
  Type = Dirichlet   [unused]
  Sideset ID = top   [unused]
  Element Block ID = eblock-0_0   [unused]
  Equation Set Name = UX   [unused]
  Strategy = Constant   [unused]
  Data -> 
   Value = 0   [unused]
 child1 -> 
  Type = Dirichlet   [unused]
  Sideset ID = top   [unused]
  Element Block ID = eblock-0_0   [unused]
  Equation Set Name = UY   [unused]
  Strategy = Constant   [unused]
  Data -> 
   Value = 0   [unused]
 child2 -> 
  Type = Dirichlet   [unused]
  Sideset ID = bottom   [unused]
  Element Block ID = eblock-0_0   [unused]
  Equation Set Name = UX   [unused]
  Strategy = Constant   [unused]
  Data -> 
   Value = 0   [unused]
 child3 -> 
  Type = Dirichlet   [unused]
  Sideset ID = bottom   [unused]
  Element Block ID = eblock-0_0   [unused]
  Equation Set Name = UY   [unused]
  Strategy = Constant   [unused]
  Data -> 
   Value = 0   [unused]
 child4 -> 
  Type = Dirichlet   [unused]
  Sideset ID = left   [unused]
  Element Block ID = eblock-0_0   [unused]
  Equation Set Name = Whatever   [unused]
  Strategy = Parabolic Inflow   [unused]
  Data -> 
   [empty list]
 child5 -> 
  Type = Dirichlet   [unused]
  Sideset ID = right   [unused]
  Element Block ID = eblock-0_0   [unused]
  Equation Set Name = UY   [unused]
  Strategy = Constant   [unused]
  Data -> 
   Value = 0   [unused]
Initial Conditions -> 
 eblock-0_0 -> 
  UX -> 
   Value = 0   [unused]
  UY -> 
   Value = 0   [unused]
  PRESSURE -> 
   Value = 0   [unused]
Output -> 
 File Name = BackwardStep.exo   [unused]
Options -> 
 Write Volume Assembly Graphs = 0   [unused]
 Volume Assembly Graph Prefix = BackwardStep_   [unused]
Solution Control -> 
 Piro Solver = NOX   [unused]
 Compute Sensitivities = 0   [unused]
 Jacobian Operator = Have Jacobian   [unused]
 LOCA -> 
  Bifurcation -> 
   [empty list]
  Constraints -> 
   [empty list]
  Predictor -> 
   Method = Constant   [unused]
  Stepper -> 
   Continuation Method = Natural   [unused]
   Initial Value = 1   [unused]
   Continuation Parameter = Parameter 0   [unused]
   Max Steps = 6   [unused]
   Max Value = 12.25   [unused]
   Min Value = 0.5   [unused]
   Compute Eigenvalues = 1   [unused]
   Eigensolver -> 
    Method = Anasazi   [unused]
    Operator = Shift-Invert   [unused]
    Num Blocks = 3   [unused]
    Num Eigenvalues = 1   [unused]
    Block Size = 1   [unused]
    Maximum Restarts = 0   [unused]
    Shift = 1   [unused]
  Step Size -> 
   Initial Step Size = 0.5   [unused]
   Aggressiveness = 2   [unused]
 NOX -> 
  Nonlinear Solver = Line Search Based   [unused]
  Direction -> 
   Method = Newton   [unused]
   Newton -> 
    Forcing Term Method = Type 2   [unused]
    Forcing Term Initial Tolerance = 0.01   [unused]
    Forcing Term Alpha = 2   [unused]
    Forcing Term Gamma = 0.9   [unused]
    Rescue Bad Newton Solve = 1   [unused]
    Linear Solver -> 
     Tolerance = 0.1   [unused]
    Stratimikos Linear Solver -> 
     NOX Stratimikos Options -> 
      [empty list]
     Stratimikos -> 
      Linear Solver Type = AztecOO   [unused]
      Preconditioner Type = ML   [unused]
      Linear Solver Types -> 
       AztecOO -> 
        Forward Solve -> 
         Max Iterations = 600   [unused]
         Tolerance = 0.0001   [unused]
         AztecOO Settings -> 
          Aztec Solver = GMRES   [unused]
          Convergence Test = r0   [unused]
          Size of Krylov Subspace = 200   [unused]
          Output Frequency = 10   [unused]
       Belos -> 
        Solver Type = Block GMRES   [unused]
        Solver Types -> 
         Block GMRES -> 
          Convergence Tolerance = 1e-05   [unused]
          Output Frequency = 10   [unused]
          Output Style = 1   [unused]
          Verbosity = 33   [unused]
          Maximum Iterations = 100   [unused]
          Block Size = 1   [unused]
          Num Blocks = 20   [unused]
          Flexible Gmres = 0   [unused]
       MCLS -> 
        Solver Type = MCSA   [unused]
        Solver Types -> 
         MCSA -> 
          Fixed Point Type = Richardson   [unused]
          MC Type = Adjoint   [unused]
          Estimator Type = Collision   [unused]
          Transport Type = Global   [unused]
          Number of Sets = 1   [unused]
          Reproducible MC Mode = 0   [unused]
          Overlap Size = 0   [unused]
          Maximum Iterations = 100   [unused]
          Weight Cutoff = 0.01   [unused]
          Set Number of Histories = 500000   [unused]
          Iteration Print Frequency = 1   [unused]
          Richardson Relaxation = 1   [unused]
          Neumann Relaxation = 1   [unused]
          Absorption Probability = 0   [unused]
          Domain Filter Tolerance = 0   [unused]
          Domain Fill Value = 200   [unused]
          Domain Weight Recovery = 0   [unused]
         Fixed Point -> 
          Fixed Point Type = Richardson   [unused]
          Maximum Iterations = 10000   [unused]
          Iteration Print Frequency = 1   [unused]
          Richardson Relaxation = 1   [unused]
      Preconditioner Types -> 
       Ifpack -> 
        Overlap = 1   [unused]
        Prec Type = ILU   [unused]
        Ifpack Settings -> 
         fact: drop tolerance = 0.0001   [unused]
         fact: maximum fill factor = 25   [unused]
       ML -> 
        Base Method Defaults = SA   [unused]
        ML Settings -> 
         ML output = 10   [unused]
         prec type = MGW   [unused]
         print unused = 0   [unused]
         PDE equations = 3   [unused]
         max levels = 10   [unused]
         cycle applications = 3   [unused]
         aggregation: threshold = 0   [unused]
         aggregation: type = Uncoupled   [unused]
         aggregation: damping factor = 0   [unused]
         aggregation: block scaling = 1   [unused]
         energy minimization: enable = 1   [unused]
         energy minimization: type = 2   [unused]
         smoother: type = IFPACK   [unused]
         smoother: ifpack type = ILU   [unused]
         smoother: ifpack overlap = 5   [unused]
         smoother: damping factor = 1   [unused]
         smoother: pre or post = both   [unused]
         smoother: sweeps = 1   [unused]
         coarse: max size = 500   [unused]
         coarse: type = Amesos-KLU   [unused]
         smoother: ifpack list -> 
          fact: level-of-fill = 5   [unused]
          schwarz: reordering type = rcm   [unused]
       MCLS -> 
        Preconditioner Type = ML   [unused]
        Preconditioner Types -> 
         Block Jacobi -> 
          Jacobi Block Size = 4   [unused]
         ILUT -> 
          fact: ilut level-of-fill = 3   [unused]
          fact: drop tolerance = 0.0005   [unused]
         ParaSails -> 
          ParaSails: Threshold = 0.001   [unused]
          ParaSails: Number of Levels = 7   [unused]
          ParaSails: Filter = 0.001   [unused]
         PSILUT -> 
          fact: ilut level-of-fill = 3   [unused]
          fact: drop tolerance = 0.0001   [unused]
          ParaSails: Threshold = 0.1   [unused]
          ParaSails: Number of Levels = 1   [unused]
          ParaSails: Filter = 0   [unused]
         ML -> 
          Base Method Defaults = SA   [unused]
          ML Settings -> 
           ML output = 10   [unused]
           prec type = MGW   [unused]
           print unused = 0   [unused]
           PDE equations = 3   [unused]
           max levels = 10   [unused]
           cycle applications = 1   [unused]
           aggregation: threshold = 0   [unused]
           aggregation: type = Uncoupled   [unused]
           aggregation: damping factor = 0   [unused]
           aggregation: block scaling = 1   [unused]
           energy minimization: enable = 1   [unused]
           energy minimization: type = 2   [unused]
           smoother: type = IFPACK   [unused]
           smoother: ifpack type = ILU   [unused]
           smoother: ifpack overlap = 5   [unused]
           smoother: damping factor = 1   [unused]
           smoother: pre or post = both   [unused]
           smoother: sweeps = 1   [unused]
           coarse: max size = 500   [unused]
           coarse: type = Amesos-KLU   [unused]
           smoother: ifpack list -> 
            fact: level-of-fill = 5   [unused]
            schwarz: reordering type = rcm   [unused]
  Line Search -> 
   Method = Backtrack   [unused]
   Full Step -> 
    Full Step = 1   [unused]
  Printing -> 
   Output Precision = 3   [unused]
   Output Processor = 0   [unused]
   Output Information -> 
    Error = 1   [unused]
    Warning = 1   [unused]
    Inner Iteration = 1   [unused]
    Outer Iteration = 1   [unused]
    Outer Iteration StatusTest = 1   [unused]
    Test Details = 1   [unused]
    Parameters = 1   [unused]
    Details = 1   [unused]
    Linear Solver Details = 1   [unused]
    Stepper Iteration = 1   [unused]
    Stepper Details = 1   [unused]
    Stepper Parameters = 1   [unused]
  Solver Options -> 
   Status Test Check Type = Complete   [unused]
  Status Tests -> 
   Test Type = Combo   [unused]
   Combo Type = OR   [unused]
   Number of Tests = 3   [unused]
   Test 0 -> 
    Test Type = Combo   [unused]
    Combo Type = AND   [unused]
    Number of Tests = 2   [unused]
    Test 0 -> 
     Test Type = NormF   [unused]
     Tolerance = 0.0001   [unused]
    Test 1 -> 
     Test Type = NormWRMS   [unused]
     Tolerance = 0.01   [unused]
     Relative Tolerance = 0.001   [unused]
     Absolute Tolerance = 1e-08   [unused]
     BDF Multiplier = 1   [unused]
     alpha = 0.1   [unused]
     beta = 0.5   [unused]
   Test 1 -> 
    Test Type = MaxIters   [unused]
    Maximum Iterations = 400   [unused]
   Test 2 -> 
    Test Type = FiniteValue   [unused]
 Rythmos -> 
  Nonlinear Solver Type = NOX   [unused]
  Final Time = 6   [unused]
  Stepper Type = BDF   [unused]
  Rythmos Integration Control Strategy = Ramping   [unused]
  Rythmos Stepper -> 
   Step Control Settings -> 
    stopTime = 6   [unused]
    absErrTol = 1e+20   [unused]
    relErrTol = 1e+20   [unused]
    maxOrder = 2   [unused]
    minOrder = 2   [unused]
    failStepIfNonlinearSolveFails = 1   [unused]
    VerboseObject -> 
     Verbosity Level = medium   [unused]
    magicNumbers -> 
     maxTimeStep = 0.01   [unused]
     minTimeStep = 1e-07   [unused]
   VerboseObject -> 
    Verbosity Level = medium   [unused]
  Stratimikos -> 
   [empty list]
  Rythmos Integration Control -> 
   Number of Ramping Steps = 10   [unused]
   Initial dt = 0.0008   [unused]
   Max dt = 0.002   [unused]
   Ramping Factor = 1.1   [unused]
   VerboseObject -> 
    Verbosity Level = high   [unused]
  Rythmos Integrator -> 
   VerboseObject -> 
    Verbosity Level = high   [unused]

STK Mesh data:
   Spatial dim = 2
   Entity counts (Nodes, Edges, Cells) = ( 5271, 10270, 5000 )
   Element blocks = "eblock-0_0" 
   Sidesets = "bottom" "left" "right" "top" 
   Nodesets = "lower_left" "origin" 
L2 Error UX 1.37877058e+03 
L2 Error UY 0.00000000e+00 
Field      Average         Maximum (@IP)   Minimum (@IP)  
UX         0.00000000e+00  2.22507386e-308 0.00000000e+00 
UY         0.00000000e+00  2.22507386e-308 0.00000000e+00 
PRESSURE   0.00000000e+00  2.22507386e-308 0.00000000e+00 
L2Error_UX 7.60403326e+04  2.84138146e+05  0.00000000e+00 
L2Error_UY 0.00000000e+00  2.22507386e-308 0.00000000e+00 

************************************************************************

-- Parameters Passed to Nonlinear Solver --

     Nonlinear Solver = Line Search Based
     Direction -> 
      Method = Newton
      Newton -> 
       Forcing Term Method = Type 2
       Forcing Term Initial Tolerance = 0.01
       Forcing Term Alpha = 2
       Forcing Term Gamma = 0.9
       Rescue Bad Newton Solve = 1
       Forcing Term Minimum Tolerance = 0.0001   [default]
       Forcing Term Maximum Tolerance = 0.9   [default]
       Linear Solver -> 
        Tolerance = 0.1   [unused]
       Stratimikos Linear Solver -> 
        NOX Stratimikos Options -> 
         [empty list]
        Stratimikos -> 
         Linear Solver Type = AztecOO   [unused]
         Preconditioner Type = ML   [unused]
         Linear Solver Types -> 
          AztecOO -> 
           Forward Solve -> 
            Max Iterations = 600   [unused]
            Tolerance = 0.0001   [unused]
            AztecOO Settings -> 
             Aztec Solver = GMRES   [unused]
             Convergence Test = r0   [unused]
             Size of Krylov Subspace = 200   [unused]
             Output Frequency = 10   [unused]
          Belos -> 
           Solver Type = Block GMRES   [unused]
           Solver Types -> 
            Block GMRES -> 
             Convergence Tolerance = 1e-05   [unused]
             Output Frequency = 10   [unused]
             Output Style = 1   [unused]
             Verbosity = 33   [unused]
             Maximum Iterations = 100   [unused]
             Block Size = 1   [unused]
             Num Blocks = 20   [unused]
             Flexible Gmres = 0   [unused]
          MCLS -> 
           Solver Type = MCSA   [unused]
           Solver Types -> 
            MCSA -> 
             Fixed Point Type = Richardson   [unused]
             MC Type = Adjoint   [unused]
             Estimator Type = Collision   [unused]
             Transport Type = Global   [unused]
             Number of Sets = 1   [unused]
             Reproducible MC Mode = 0   [unused]
             Overlap Size = 0   [unused]
             Maximum Iterations = 100   [unused]
             Weight Cutoff = 0.01   [unused]
             Set Number of Histories = 500000   [unused]
             Iteration Print Frequency = 1   [unused]
             Richardson Relaxation = 1   [unused]
             Neumann Relaxation = 1   [unused]
             Absorption Probability = 0   [unused]
             Domain Filter Tolerance = 0   [unused]
             Domain Fill Value = 200   [unused]
             Domain Weight Recovery = 0   [unused]
            Fixed Point -> 
             Fixed Point Type = Richardson   [unused]
             Maximum Iterations = 10000   [unused]
             Iteration Print Frequency = 1   [unused]
             Richardson Relaxation = 1   [unused]
         Preconditioner Types -> 
          Ifpack -> 
           Overlap = 1   [unused]
           Prec Type = ILU   [unused]
           Ifpack Settings -> 
            fact: drop tolerance = 0.0001   [unused]
            fact: maximum fill factor = 25   [unused]
          ML -> 
           Base Method Defaults = SA   [unused]
           ML Settings -> 
            ML output = 10   [unused]
            prec type = MGW   [unused]
            print unused = 0   [unused]
            PDE equations = 3   [unused]
            max levels = 10   [unused]
            cycle applications = 3   [unused]
            aggregation: threshold = 0   [unused]
            aggregation: type = Uncoupled   [unused]
            aggregation: damping factor = 0   [unused]
            aggregation: block scaling = 1   [unused]
            energy minimization: enable = 1   [unused]
            energy minimization: type = 2   [unused]
            smoother: type = IFPACK   [unused]
            smoother: ifpack type = ILU   [unused]
            smoother: ifpack overlap = 5   [unused]
            smoother: damping factor = 1   [unused]
            smoother: pre or post = both   [unused]
            smoother: sweeps = 1   [unused]
            coarse: max size = 500   [unused]
            coarse: type = Amesos-KLU   [unused]
            smoother: ifpack list -> 
             fact: level-of-fill = 5   [unused]
             schwarz: reordering type = rcm   [unused]
          MCLS -> 
           Preconditioner Type = ML   [unused]
           Preconditioner Types -> 
            Block Jacobi -> 
             Jacobi Block Size = 4   [unused]
            ILUT -> 
             fact: ilut level-of-fill = 3   [unused]
             fact: drop tolerance = 0.0005   [unused]
            ParaSails -> 
             ParaSails: Threshold = 0.001   [unused]
             ParaSails: Number of Levels = 7   [unused]
             ParaSails: Filter = 0.001   [unused]
            PSILUT -> 
             fact: ilut level-of-fill = 3   [unused]
             fact: drop tolerance = 0.0001   [unused]
             ParaSails: Threshold = 0.1   [unused]
             ParaSails: Number of Levels = 1   [unused]
             ParaSails: Filter = 0   [unused]
            ML -> 
             Base Method Defaults = SA   [unused]
             ML Settings -> 
              ML output = 10   [unused]
              prec type = MGW   [unused]
              print unused = 0   [unused]
              PDE equations = 3   [unused]
              max levels = 10   [unused]
              cycle applications = 1   [unused]
              aggregation: threshold = 0   [unused]
              aggregation: type = Uncoupled   [unused]
              aggregation: damping factor = 0   [unused]
              aggregation: block scaling = 1   [unused]
              energy minimization: enable = 1   [unused]
              energy minimization: type = 2   [unused]
              smoother: type = IFPACK   [unused]
              smoother: ifpack type = ILU   [unused]
              smoother: ifpack overlap = 5   [unused]
              smoother: damping factor = 1   [unused]
              smoother: pre or post = both   [unused]
              smoother: sweeps = 1   [unused]
              coarse: max size = 500   [unused]
              coarse: type = Amesos-KLU   [unused]
              smoother: ifpack list -> 
               fact: level-of-fill = 5   [unused]
               schwarz: reordering type = rcm   [unused]
     Line Search -> 
      Method = Backtrack
      Full Step -> 
       Full Step = 1   [unused]
      Backtrack -> 
       Minimum Step = 1e-12   [default]
       Default Step = 1   [default]
       Recovery Step = 1   [default]
       Max Iters = 100   [default]
       Reduction Factor = 0.5   [default]
     Printing -> 
      Output Precision = 3
      Output Processor = 0
      Output Stream = Teuchos::RCP<std::ostream>{ptr=0x73a5b40,node=0x736e5e0,strong_count=18,weak_count=0}
      Error Stream = Teuchos::RCP<std::ostream>{ptr=0x73a5b40,node=0x736e5e0,strong_count=18,weak_count=0}
      MyPID = 0   [default]
      Output Information -> 
       Error = 1
       Warning = 1
       Inner Iteration = 1
       Outer Iteration = 1
       Outer Iteration StatusTest = 1
       Test Details = 1
       Parameters = 1
       Details = 1
       Linear Solver Details = 1
       Stepper Iteration = 1
       Stepper Details = 1
       Stepper Parameters = 1
       Debug = 0   [default]
     Solver Options -> 
      Status Test Check Type = Complete
      User Defined Pre/Post Operator = Teuchos::RCP<NOX::Abstract::PrePostOperator>{ptr=0x9637b60,node=0x9804260,strong_count=2,weak_count=0}
     Status Tests -> 
      Test Type = Combo
      Combo Type = OR
      Number of Tests = 3
      Test 0 -> 
       Test Type = Combo
       Combo Type = AND
       Number of Tests = 2
       Test 0 -> 
        Test Type = NormF
        Tolerance = 0.0001
        Norm Type = Two Norm   [default]
        Scale Type = Unscaled   [default]
       Test 1 -> 
        Test Type = NormWRMS
        Tolerance = 0.01
        Relative Tolerance = 0.001
        Absolute Tolerance = 1e-08
        BDF Multiplier = 1
        alpha = 0.1   [unused]
        beta = 0.5   [unused]
        Alpha = 1   [default]
        Beta = 0.5   [default]
        Disable Implicit Weighting = 1   [default]
      Test 1 -> 
       Test Type = MaxIters
       Maximum Iterations = 400
      Test 2 -> 
       Test Type = FiniteValue
       Vector Type = F Vector   [default]
       Norm Type = Two Norm   [default]
     Thyra Group Options -> 
      Function Scaling = None   [default]
      Update Row Sum Scaling = Before Each Nonlinear Solve   [default]
      User Defined Scaling = Teuchos::RCP<Thyra::VectorBase<double> >{ptr=0,node=0,strong_count=0,weak_count=0}   [default]
L2 Error UX 1.37877058e+03 
L2 Error UY 0.00000000e+00 
Field      Average         Maximum (@IP)   Minimum (@IP)  
UX         0.00000000e+00  2.22507386e-308 0.00000000e+00 
UY         0.00000000e+00  2.22507386e-308 0.00000000e+00 
PRESSURE   0.00000000e+00  2.22507386e-308 0.00000000e+00 
L2Error_UX 7.60403326e+04  2.84138146e+05  0.00000000e+00 
L2Error_UY 0.00000000e+00  2.22507386e-308 0.00000000e+00 
************************************************************************
-- Status Test Results --
**...........OR Combination -> 
  **...........AND Combination -> 
    **...........F-Norm = 1.233e+03 < 1.000e-04
                 (Unscaled Two-Norm, Absolute Tolerance)
    **...........WRMS-Norm = 1.000e+12 < 0.01
  **...........Number of Iterations = 0 < 400
  **...........Finite Number Check (Two-Norm F) = Finite
************************************************************************

************************************************************************
-- Nonlinear Solver Step 0 -- 
||F|| = 1.233e+03  step = 0.000e+00  dx = 0.000e+00
************************************************************************

       CALCULATING FORCING TERM
       Method: Type 2
       Forcing Term: 0.01
------------------------------------------------------------------------------
Using `cg' for eigen-computations
*** 
*** ML_Epetra::MultiLevelPreconditioner
***
Matrix has 15813 rows and 412299 nonzeros, distributed over 1 process(es)
The linear system matrix is an Epetra_CrsMatrix
** Leaving column map of Main linear system matrix unchanged
Default values for `SA'
Maximum number of levels = 10
Using increasing levels. Finest level  = 0, coarsest level = 9
Number of applications of the ML cycle = 3
Number of PDE equations = 3
Aggregation threshold = 0
Max coarse size = 500

Warning: `energy minimization' safer with
Warning: Uncoupled aggregation. Other 
Warning: schemes may crash the code.

Null space type      = default (constants)
Null space dimension = 3
-----------------------------------------------------------------------
ML_Gen_MultiLevelHierarchy (level 0) : Gen Restriction and Prolongator
-----------------------------------------------------------------------
ML_Aggregate_Coarsen (level 0) begins
ML_Aggregate_CoarsenUncoupled : current level = 0
ML_Aggregate_CoarsenUncoupled : current eps = 0.000000e+00
Aggregation(UVB) : Total nonzeros = 412299 (Nrows=15813)
Aggregation(UVB) : Amalgamated matrix done 
Aggregation(UC) : Phase 0 - no. of bdry pts  = 0 
Aggregation(UC) : Phase 1 - nodes aggregated = 5020 (5271)
Aggregation(UC) : Phase 1 - total aggregates = 588 
Aggregation(UC_Phase2_3) : Phase 1 - nodes aggregated = 5020 
Aggregation(UC_Phase2_3) : Phase 1 - total aggregates = 588
Aggregation(UC_Phase2_3) : Phase 2a- additional aggregates = 0
Aggregation(UC_Phase2_3) : Phase 2 - total aggregates = 588
Aggregation(UC_Phase2_3) : Phase 2 - boundary nodes   = 0
Aggregation(UC_Phase2_3) : Phase 3 - leftovers = 0 and singletons = 0
Aggregation(UC) : QR factorization - too small aggregates = 0

Prolongator Smoothing: Using energy minimization (scheme = 2)
Damping parameter: min = 0.292061, max = 1.09519 (0 zeros out of 1764)
Dropping tolerance for DinvAP_0 = 0

-----------------------------------------------------------------------
ML_Gen_MultiLevelHierarchy (level 1) : Gen Restriction and Prolongator
-----------------------------------------------------------------------
ML_Aggregate_Coarsen (level 1) begins
ML_Aggregate_CoarsenUncoupled : current level = 1
ML_Aggregate_CoarsenUncoupled : current eps = 0.000000e+00
Aggregation(UVB) : Total nonzeros = 44225 (Nrows=1764)
Aggregation(UVB) : Amalgamated matrix done 
Aggregation(UC) : Phase 0 - no. of bdry pts  = 0 
Aggregation(UC) : Phase 1 - nodes aggregated = 559 (588)
Aggregation(UC) : Phase 1 - total aggregates = 77 
Aggregation(UC_Phase2_3) : Phase 1 - nodes aggregated = 559 
Aggregation(UC_Phase2_3) : Phase 1 - total aggregates = 77
Aggregation(UC_Phase2_3) : Phase 2a- additional aggregates = 0
Aggregation(UC_Phase2_3) : Phase 2 - total aggregates = 77
Aggregation(UC_Phase2_3) : Phase 2 - boundary nodes   = 0
Aggregation(UC_Phase2_3) : Phase 3 - leftovers = 0 and singletons = 0
Aggregation(UC) : QR factorization - too small aggregates = 0

Prolongator Smoothing: Using energy minimization (scheme = 2)
Damping parameter: min = 0.321502, max = 0.818125 (0 zeros out of 231)
Dropping tolerance for DinvAP_0 = 0

Smoothed Aggregation : operator complexity = 1.120823e+00.
Time to build the hierarchy = 0.154001 (s)
Number of actual levels : 3

Smoother (level 0) : # global rows = 15813, # estim. global nnz = 412299, # nnz per row = 26.07
Smoother (level 0) : IFPACK, type=`ILU',
Smoother (level 0) : both,overlap=5
Smoother (level 0) : level-of-fill=5,rel. threshold=1,abs. threshold=0
Smoother (level 0) : Setup time : 0.350096 (s)

WARNING **********************************************************************
You have requested to keep the finest level smoother from a previous
solve.  In order to reuse part or all of the incomplete factorization
from smoother "IFPACK", you must also specify the smoother options
"reuse numeric factorization" and/or "reuse symbolic factorization".
Not doing so  may result in memory leaks or crashes.

Smoother (level 1) : # global rows = 1764, # estim. global nnz = 44226, # nnz per row = 25.07
Smoother (level 1) : IFPACK, type=`ILU',
Smoother (level 1) : both,overlap=5
Smoother (level 1) : level-of-fill=5,rel. threshold=1,abs. threshold=0
Smoother (level 1) : Setup time : 0.0385349 (s)

Amesos (level 2) : NumGlobalRows = 231
Amesos (level 2) : NumGlobalNonzeros = 5589
Amesos (level 2) : Fill-in = 10.4739 %
Amesos (level 2) : Building KLU
Amesos (level 2) : Time for factorization  = 0.000653028 (s)

WARNING: Parameter "aggregation: damping factor" 0   [unused] is unused
WARNING: Parameter "coarse: list"    [unused] is unused
WARNING: Parameter "aggregation: list (level 0)"    [unused] is unused
WARNING: Parameter "aggregation: list (level 1)"    [unused] is unused
WARNING: Parameter "aggregation: list (level 2)"    [unused] is unused
WARNING: Parameter "aggregation: list (level 3)"    [unused] is unused
WARNING: Parameter "aggregation: list (level 4)"    [unused] is unused
WARNING: Parameter "aggregation: list (level 5)"    [unused] is unused
WARNING: Parameter "aggregation: list (level 6)"    [unused] is unused
WARNING: Parameter "aggregation: list (level 7)"    [unused] is unused
WARNING: Parameter "aggregation: list (level 8)"    [unused] is unused
WARNING: Parameter "smoother: list (level 0)"    [unused] is unused
WARNING: Parameter "smoother: list (level 1)"    [unused] is unused

Cumulative timing for construction so far: 
- for initial setup   = 0.00313616 (s)
- for hierarchy setup = 0.15403 (s)
- for smoothers setup = 0.388631 (s)
- for coarse setup    = 0.000807047 (s)
- for final setup     = 0.000142813 (s)
------------------------------------------------------------------------------
 
 		*******************************************************
 		***** Problem: Epetra::CrsMatrix
 		***** Preconditioned GMRES solution
 		***** ML (L=3, IFPACK_pre0/IFPACK_post0, ~/Amesos_KLU_2)
 		***** No scaling
 		*******************************************************
 
                 iter:    0           residual = 1.000000e+00
                 iter:    1           residual = 8.037950e-04
 
 
 		Solution time: 0.079019 (sec.)
 		total iterations: 1
 
L2 Error UX 1.07869834e+03 
L2 Error UY 6.34379812e+01 
Field      Average         Maximum (@IP)   Minimum (@IP)  
UX         1.74985473e+02  5.19073636e+02  -2.42763448e-01
UY         -1.74192245e+00 4.72879689e-01  -1.86361639e+02
PRESSURE   2.63469311e+04  5.71407857e+04  8.83441519e+01 
L2Error_UX 4.65436046e+04  1.20372948e+05  3.03792050e-04 
L2Error_UY 1.60975098e+02  3.47306606e+04  7.76019360e-16 

************************************************************************
-- Backtrack Line Search -- 
  1: step = 1.000e+00 old f = 7.603e+05 new f = 4.176e+07
L2 Error UX 1.14041576e+03 
L2 Error UY 3.17189906e+01 
Field      Average         Maximum (@IP)   Minimum (@IP)  
UX         8.74927367e+01  2.59536818e+02  -1.21381724e-01
UY         -8.70961223e-01 2.36439844e-01  -9.31808197e+01
PRESSURE   1.31734656e+04  2.85703929e+04  4.41720760e+01 
L2Error_UX 5.20219240e+04  1.91662420e+05  7.59480124e-05 
L2Error_UY 4.02437746e+01  8.68266516e+03  1.94004840e-16 
  2: step = 5.000e-01 old f = 7.603e+05 new f = 2.750e+06
L2 Error UX 1.24211128e+03 
L2 Error UY 1.58594953e+01 
Field      Average         Maximum (@IP)   Minimum (@IP)  
UX         4.37463684e+01  1.29768409e+02  -6.06908620e-02
UY         -4.35480612e-01 1.18219922e-01  -4.65904099e+01
PRESSURE   6.58673278e+03  1.42851964e+04  2.20860380e+01 
L2Error_UX 6.17136172e+04  2.35631979e+05  1.89870031e-05 
L2Error_UY 1.00609436e+01  2.17066629e+03  4.85012100e-17 
  3: step = 2.500e-01 old f = 7.603e+05 new f = 5.792e+05 (STEP ACCEPTED!)
************************************************************************

************************************************************************
-- Status Test Results --
**...........OR Combination -> 
  **...........AND Combination -> 
    **...........F-Norm = 1.076e+03 < 1.000e-04
                 (Unscaled Two-Norm, Absolute Tolerance)
    **...........WRMS-Norm = 4.396e+11 < 0.01
                 (Min Step Size:  2.500e-01 >= 1)
  **...........Number of Iterations = 1 < 400
  **...........Finite Number Check (Two-Norm F) = Finite
************************************************************************

************************************************************************
-- Nonlinear Solver Step 1 -- 
||F|| = 1.076e+03  step = 2.500e-01  dx = 2.211e+06
************************************************************************

       CALCULATING FORCING TERM
       Method: Type 2
       Forcing Term Norm: Using L-2 Norm.
       Residual Norm k-1 =             1.23e+03
       Residual Norm k =               1.08e+03
       Calculated eta_k (pre-bounds) = 0.686
       Forcing Term: 0.686
------------------------------------------------------------------------------
Re-computing the preconditioner...

Prolongator Smoothing: Using energy minimization (scheme = 2)
Damping parameter: min = 0.285826, max = 0.803151 (0 zeros out of 1764)
Dropping tolerance for DinvAP_0 = 0


Prolongator Smoothing: Using energy minimization (scheme = 2)
Damping parameter: min = 0.363956, max = 0.788455 (0 zeros out of 231)
Dropping tolerance for DinvAP_0 = 0

Time to re-build the hierarchy = 0.135038 (s)
Number of actual levels : 3

Smoother (level 0) : # global rows = 15813, # estim. global nnz = 412299, # nnz per row = 26.07
Smoother (level 0) : IFPACK, type=`ILU',
Smoother (level 0) : both,overlap=5
Smoother (level 0) : level-of-fill=5,rel. threshold=1,abs. threshold=0
Smoother (level 0) : Setup time : 0.352116 (s)

WARNING **********************************************************************
You have requested to keep the finest level smoother from a previous
solve.  In order to reuse part or all of the incomplete factorization
from smoother "IFPACK", you must also specify the smoother options
"reuse numeric factorization" and/or "reuse symbolic factorization".
Not doing so  may result in memory leaks or crashes.

Smoother (level 1) : # global rows = 1764, # estim. global nnz = 44226, # nnz per row = 25.07
Smoother (level 1) : IFPACK, type=`ILU',
Smoother (level 1) : both,overlap=5
Smoother (level 1) : level-of-fill=5,rel. threshold=1,abs. threshold=0
Smoother (level 1) : Setup time : 0.038429 (s)

Amesos (level 2) : NumGlobalRows = 231
Amesos (level 2) : NumGlobalNonzeros = 5589
Amesos (level 2) : Fill-in = 10.4739 %
Amesos (level 2) : Building KLU
Amesos (level 2) : Time for factorization  = 0.000597954 (s)


Cumulative timing for construction so far: 
- for initial setup   = 0.00313616 (s)
- for hierarchy setup = 0.154036 (s)
- for smoothers setup = 0.779176 (s)
- for coarse setup    = 0.00153804 (s)
- for final setup     = 0.000146866 (s)
------------------------------------------------------------------------------
  
  		*******************************************************
  		***** Problem: Epetra::CrsMatrix
  		***** Preconditioned GMRES solution
  		***** ML (L=3, IFPACK_pre0/IFPACK_post0, ~/Amesos_KLU_2)
  		***** No scaling
  		*******************************************************
  
                  iter:    0           residual = 1.000000e+00
                  iter:    1           residual = 2.873685e-02
  
  
  		Solution time: 0.074204 (sec.)
  		total iterations: 1
  
L2 Error UX 1.07031038e+03 
L2 Error UY 8.67431433e+01 
Field      Average         Maximum (@IP)   Minimum (@IP)  
UX         1.80198921e+02  6.57347310e+02  -2.55240896e+02
UY         -1.70425268e+00 1.86084141e+02  -1.19175391e+02
PRESSURE   2.80471341e+04  5.28786959e+04  8.48001220e+01 
L2Error_UX 4.58225723e+04  1.45826544e+05  1.48152545e-05 
L2Error_UY 3.00974917e+02  3.46273075e+04  2.69824096e-14 

************************************************************************
-- Backtrack Line Search -- 
  1: step = 1.000e+00 old f = 5.792e+05 new f = 1.166e+08
L2 Error UX 1.08789128e+03 
L2 Error UY 4.19589830e+01 
Field      Average         Maximum (@IP)   Minimum (@IP)  
UX         1.11972645e+02  3.67090306e+02  -1.13067921e+02
UY         -1.06986664e+00 7.95528693e+01  -6.19456810e+01
PRESSURE   1.73169334e+04  3.26378924e+04  5.34706005e+01 
L2Error_UX 4.73402973e+04  1.70110700e+05  7.10264677e-03 
L2Error_UY 7.04222500e+01  6.32865901e+03  4.08639649e-13 
  2: step = 5.000e-01 old f = 5.792e+05 new f = 6.859e+06
L2 Error UX 1.15021746e+03 
L2 Error UY 2.17759482e+01 
Field      Average         Maximum (@IP)   Minimum (@IP)  
UX         7.78595065e+01  2.30876650e+02  -4.42165111e+01
UY         -7.52673628e-01 2.80346224e+01  -3.63318166e+01
PRESSURE   1.19518331e+04  2.25359250e+04  3.78058398e+01 
L2Error_UX 5.29200079e+04  2.01453821e+05  1.96402351e-03 
L2Error_UY 1.89676768e+01  1.32000090e+03  2.14917748e-12 
  3: step = 2.500e-01 old f = 5.792e+05 new f = 5.497e+05 (STEP ACCEPTED!)
************************************************************************

************************************************************************
-- Status Test Results --
**...........OR Combination -> 
  **...........AND Combination -> 
    **...........F-Norm = 1.048e+03 < 1.000e-04
                 (Unscaled Two-Norm, Absolute Tolerance)
    **...........WRMS-Norm = 1.652e+06 < 0.01
                 (Min Step Size:  2.500e-01 >= 1)
  **...........Number of Iterations = 2 < 400
  **...........Finite Number Check (Two-Norm F) = Finite
************************************************************************

************************************************************************
-- Nonlinear Solver Step 2 -- 
||F|| = 1.048e+03  step = 2.500e-01  dx = 1.777e+06
************************************************************************

       CALCULATING FORCING TERM
       Method: Type 2
       Forcing Term Norm: Using L-2 Norm.
       Residual Norm k-1 =             1.08e+03
       Residual Norm k =               1.05e+03
       Calculated eta_k (pre-bounds) = 0.854
       Forcing Term: 0.854
------------------------------------------------------------------------------
Re-computing the preconditioner...

Prolongator Smoothing: Using energy minimization (scheme = 2)
Damping parameter: min = 0.277683, max = 0.723541 (0 zeros out of 1764)
Dropping tolerance for DinvAP_0 = 0


Prolongator Smoothing: Using energy minimization (scheme = 2)
Damping parameter: min = 0.368791, max = 0.788731 (0 zeros out of 231)
Dropping tolerance for DinvAP_0 = 0

Time to re-build the hierarchy = 0.13455 (s)
Number of actual levels : 3

Smoother (level 0) : # global rows = 15813, # estim. global nnz = 412299, # nnz per row = 26.07
Smoother (level 0) : IFPACK, type=`ILU',
Smoother (level 0) : both,overlap=5
Smoother (level 0) : level-of-fill=5,rel. threshold=1,abs. threshold=0
Smoother (level 0) : Setup time : 0.350708 (s)

WARNING **********************************************************************
You have requested to keep the finest level smoother from a previous
solve.  In order to reuse part or all of the incomplete factorization
from smoother "IFPACK", you must also specify the smoother options
"reuse numeric factorization" and/or "reuse symbolic factorization".
Not doing so  may result in memory leaks or crashes.

Smoother (level 1) : # global rows = 1764, # estim. global nnz = 44226, # nnz per row = 25.07
Smoother (level 1) : IFPACK, type=`ILU',
Smoother (level 1) : both,overlap=5
Smoother (level 1) : level-of-fill=5,rel. threshold=1,abs. threshold=0
Smoother (level 1) : Setup time : 0.0396612 (s)

Amesos (level 2) : NumGlobalRows = 231
Amesos (level 2) : NumGlobalNonzeros = 5589
Amesos (level 2) : Fill-in = 10.4739 %
Amesos (level 2) : Building KLU
Amesos (level 2) : Time for factorization  = 0.00061202 (s)


Cumulative timing for construction so far: 
- for initial setup   = 0.00313616 (s)
- for hierarchy setup = 0.154042 (s)
- for smoothers setup = 1.16955 (s)
- for coarse setup    = 0.00228405 (s)
- for final setup     = 0.000151873 (s)
------------------------------------------------------------------------------
  
  		*******************************************************
  		***** Problem: Epetra::CrsMatrix
  		***** Preconditioned GMRES solution
  		***** ML (L=3, IFPACK_pre0/IFPACK_post0, ~/Amesos_KLU_2)
  		***** No scaling
  		*******************************************************
  
                  iter:    0           residual = 1.000000e+00
                  iter:    1           residual = 7.374908e-02
  
  
  		Solution time: 0.074821 (sec.)
  		total iterations: 1
  
L2 Error UX 1.06925711e+03 
L2 Error UY 6.40870575e+01 
Field      Average         Maximum (@IP)   Minimum (@IP)  
UX         1.82714051e+02  6.29815861e+02  -2.18901478e+02
UY         -1.42625990e+00 7.83868748e+01  -8.85093972e+01
PRESSURE   2.76137138e+04  4.93668172e+04  7.44724526e+01 
L2Error_UX 4.57324311e+04  1.90964235e+05  2.52532879e-04 
L2Error_UY 1.64286038e+02  7.83391339e+03  2.56388223e-11 

************************************************************************
-- Backtrack Line Search -- 
  1: step = 1.000e+00 old f = 5.497e+05 new f = 2.777e+07
L2 Error UX 1.06094068e+03 
L2 Error UY 3.40845340e+01 
Field      Average         Maximum (@IP)   Minimum (@IP)  
UX         1.30286779e+02  3.97131273e+02  -9.90899840e+01
UY         -1.08946677e+00 2.68762094e+01  -5.02989763e+01
PRESSURE   1.97827734e+04  3.51762031e+04  5.61391462e+01 
L2Error_UX 4.50238048e+04  1.60242366e+05  1.40943080e-03 
L2Error_UY 4.64702184e+01  2.52998701e+03  3.37578136e-14 
  2: step = 5.000e-01 old f = 5.497e+05 new f = 1.649e+06
L2 Error UX 1.09426120e+03 
L2 Error UY 2.31461594e+01 
Field      Average         Maximum (@IP)   Minimum (@IP)  
UX         1.04073143e+02  3.05096654e+02  -4.98362448e+01
UY         -9.21070197e-01 2.51223954e+01  -3.21495850e+01
PRESSURE   1.58673033e+04  2.82233093e+04  4.69724930e+01 
L2Error_UX 4.78963027e+04  1.78036039e+05  1.80842555e-04 
L2Error_UY 2.14297879e+01  1.03359582e+03  2.16934274e-14 
  3: step = 2.500e-01 old f = 5.497e+05 new f = 3.418e+05 (STEP ACCEPTED!)
************************************************************************

************************************************************************
-- Status Test Results --
**...........OR Combination -> 
  **...........AND Combination -> 
    **...........F-Norm = 8.268e+02 < 1.000e-04
                 (Unscaled Two-Norm, Absolute Tolerance)
    **...........WRMS-Norm = 6.712e+04 < 0.01
                 (Min Step Size:  2.500e-01 >= 1)
  **...........Number of Iterations = 3 < 400
  **...........Finite Number Check (Two-Norm F) = Finite
************************************************************************

************************************************************************
-- Nonlinear Solver Step 3 -- 
||F|| = 8.268e+02  step = 2.500e-01  dx = 1.309e+06
************************************************************************

       CALCULATING FORCING TERM
       Method: Type 2
       Forcing Term Norm: Using L-2 Norm.
       Residual Norm k-1 =             1.05e+03
       Residual Norm k =               827
       Calculated eta_k (pre-bounds) = 0.56
       Forcing Term: 0.836
------------------------------------------------------------------------------
Re-computing the preconditioner...

Prolongator Smoothing: Using energy minimization (scheme = 2)
Damping parameter: min = 0.279887, max = 0.725045 (0 zeros out of 1764)
Dropping tolerance for DinvAP_0 = 0


Prolongator Smoothing: Using energy minimization (scheme = 2)
Damping parameter: min = 0.370675, max = 0.775979 (0 zeros out of 231)
Dropping tolerance for DinvAP_0 = 0

Time to re-build the hierarchy = 0.134835 (s)
Number of actual levels : 3

Smoother (level 0) : # global rows = 15813, # estim. global nnz = 412299, # nnz per row = 26.07
Smoother (level 0) : IFPACK, type=`ILU',
Smoother (level 0) : both,overlap=5
Smoother (level 0) : level-of-fill=5,rel. threshold=1,abs. threshold=0
Smoother (level 0) : Setup time : 0.349327 (s)

WARNING **********************************************************************
You have requested to keep the finest level smoother from a previous
solve.  In order to reuse part or all of the incomplete factorization
from smoother "IFPACK", you must also specify the smoother options
"reuse numeric factorization" and/or "reuse symbolic factorization".
Not doing so  may result in memory leaks or crashes.

Smoother (level 1) : # global rows = 1764, # estim. global nnz = 44226, # nnz per row = 25.07
Smoother (level 1) : IFPACK, type=`ILU',
Smoother (level 1) : both,overlap=5
Smoother (level 1) : level-of-fill=5,rel. threshold=1,abs. threshold=0
Smoother (level 1) : Setup time : 0.0388861 (s)

Amesos (level 2) : NumGlobalRows = 231
Amesos (level 2) : NumGlobalNonzeros = 5589
Amesos (level 2) : Fill-in = 10.4739 %
Amesos (level 2) : Building KLU
Amesos (level 2) : Time for factorization  = 0.000616074 (s)


Cumulative timing for construction so far: 
- for initial setup   = 0.00313616 (s)
- for hierarchy setup = 0.154048 (s)
- for smoothers setup = 1.55776 (s)
- for coarse setup    = 0.00304198 (s)
- for final setup     = 0.000155926 (s)
------------------------------------------------------------------------------
  
  		*******************************************************
  		***** Problem: Epetra::CrsMatrix
  		***** Preconditioned GMRES solution
  		***** ML (L=3, IFPACK_pre0/IFPACK_post0, ~/Amesos_KLU_2)
  		***** No scaling
  		*******************************************************
  
                  iter:    0           residual = 1.000000e+00
                  iter:    1           residual = 1.475310e-01
  
  
  		Solution time: 0.074544 (sec.)
  		total iterations: 1
  
L2 Error UX 1.06433269e+03 
L2 Error UY 4.39178588e+01 
Field      Average         Maximum (@IP)   Minimum (@IP)  
UX         1.81770050e+02  5.27975686e+02  -1.20318909e+02
UY         -1.24587271e+00 2.40406127e+01  -6.58981700e+01
PRESSURE   2.62589717e+04  4.60626669e+04  6.57158191e+01 
L2Error_UX 4.53121628e+04  1.58986584e+05  7.48165937e-04 
L2Error_UY 7.71511328e+01  4.34256880e+03  8.32295506e-13 

************************************************************************
-- Backtrack Line Search -- 
  1: step = 1.000e+00 old f = 3.418e+05 new f = 2.661e+06
L2 Error UX 1.05223005e+03 
L2 Error UY 2.93205637e+01 
Field      Average         Maximum (@IP)   Minimum (@IP)  
UX         1.42921596e+02  4.14759195e+02  -6.28609838e+01
UY         -1.08347145e+00 2.02797134e+01  -4.03173769e+01
PRESSURE   2.10631375e+04  3.66191418e+04  5.64388719e+01 
L2Error_UX 4.42875234e+04  1.65244438e+05  9.24428735e-04 
L2Error_UY 3.43878182e+01  1.62549088e+03  2.12960944e-11 
  2: step = 5.000e-01 old f = 3.418e+05 new f = 2.275e+05 (STEP ACCEPTED!)
************************************************************************

************************************************************************
-- Status Test Results --
**...........OR Combination -> 
  **...........AND Combination -> 
    **...........F-Norm = 6.746e+02 < 1.000e-04
                 (Unscaled Two-Norm, Absolute Tolerance)
    **...........WRMS-Norm = 2.744e+04 < 0.01
                 (Min Step Size:  5.000e-01 >= 1)
  **...........Number of Iterations = 4 < 400
  **...........Finite Number Check (Two-Norm F) = Finite
************************************************************************

************************************************************************
-- Nonlinear Solver Step 4 -- 
||F|| = 6.746e+02  step = 5.000e-01  dx = 9.015e+05
************************************************************************

       CALCULATING FORCING TERM
       Method: Type 2
       Forcing Term Norm: Using L-2 Norm.
       Residual Norm k-1 =             827
       Residual Norm k =               675
       Calculated eta_k (pre-bounds) = 0.599
       Forcing Term: 0.758
------------------------------------------------------------------------------
Re-computing the preconditioner...

Prolongator Smoothing: Using energy minimization (scheme = 2)
Damping parameter: min = 0.272833, max = 0.728182 (0 zeros out of 1764)
Dropping tolerance for DinvAP_0 = 0


Prolongator Smoothing: Using energy minimization (scheme = 2)
Damping parameter: min = 0.370258, max = 0.781561 (0 zeros out of 231)
Dropping tolerance for DinvAP_0 = 0

Time to re-build the hierarchy = 0.135349 (s)
Number of actual levels : 3

Smoother (level 0) : # global rows = 15813, # estim. global nnz = 412299, # nnz per row = 26.07
Smoother (level 0) : IFPACK, type=`ILU',
Smoother (level 0) : both,overlap=5
Smoother (level 0) : level-of-fill=5,rel. threshold=1,abs. threshold=0
Smoother (level 0) : Setup time : 0.351814 (s)

WARNING **********************************************************************
You have requested to keep the finest level smoother from a previous
solve.  In order to reuse part or all of the incomplete factorization
from smoother "IFPACK", you must also specify the smoother options
"reuse numeric factorization" and/or "reuse symbolic factorization".
Not doing so  may result in memory leaks or crashes.

Smoother (level 1) : # global rows = 1764, # estim. global nnz = 44226, # nnz per row = 25.07
Smoother (level 1) : IFPACK, type=`ILU',
Smoother (level 1) : both,overlap=5
Smoother (level 1) : level-of-fill=5,rel. threshold=1,abs. threshold=0
Smoother (level 1) : Setup time : 0.0385978 (s)

Amesos (level 2) : NumGlobalRows = 231
Amesos (level 2) : NumGlobalNonzeros = 5589
Amesos (level 2) : Fill-in = 10.4739 %
Amesos (level 2) : Building KLU
Amesos (level 2) : Time for factorization  = 0.000626087 (s)


Cumulative timing for construction so far: 
- for initial setup   = 0.00313616 (s)
- for hierarchy setup = 0.154054 (s)
- for smoothers setup = 1.94817 (s)
- for coarse setup    = 0.00380588 (s)
- for final setup     = 0.000159979 (s)
------------------------------------------------------------------------------
  
  		*******************************************************
  		***** Problem: Epetra::CrsMatrix
  		***** Preconditioned GMRES solution
  		***** ML (L=3, IFPACK_pre0/IFPACK_post0, ~/Amesos_KLU_2)
  		***** No scaling
  		*******************************************************
  
                  iter:    0           residual = 1.000000e+00
                  iter:    1           residual = 2.884088e-01
  
  
  		Solution time: 0.074745 (sec.)
  		total iterations: 1
  
L2 Error UX 1.06254354e+03 
L2 Error UY 3.45705607e+01 
Field      Average         Maximum (@IP)   Minimum (@IP)  
UX         1.78158767e+02  5.19681600e+02  -6.11798763e+01
UY         -1.22953978e+00 1.96526712e+01  -4.50150984e+01
PRESSURE   2.35288114e+04  4.09171914e+04  5.76598689e+01 
L2Error_UX 4.51599510e+04  1.64684808e+05  1.25488867e-03 
L2Error_UY 4.78049466e+01  2.02635908e+03  2.90702311e-13 

************************************************************************
-- Backtrack Line Search -- 
  1: step = 1.000e+00 old f = 2.275e+05 new f = 1.361e+05 (STEP ACCEPTED!)
************************************************************************

************************************************************************
-- Status Test Results --
**...........OR Combination -> 
  **...........AND Combination -> 
    **...........F-Norm = 5.218e+02 < 1.000e-04
                 (Unscaled Two-Norm, Absolute Tolerance)
    **...........WRMS-Norm = 1.363e+04 < 0.01
                 (Min Step Size:  1.000e+00 >= 1)
  **...........Number of Iterations = 5 < 400
  **...........Finite Number Check (Two-Norm F) = Finite
************************************************************************

************************************************************************
-- Nonlinear Solver Step 5 -- 
||F|| = 5.218e+02  step = 1.000e+00  dx = 3.330e+05
************************************************************************

       CALCULATING FORCING TERM
       Method: Type 2
       Forcing Term Norm: Using L-2 Norm.
       Residual Norm k-1 =             675
       Residual Norm k =               522
       Calculated eta_k (pre-bounds) = 0.539
       Forcing Term: 0.539
------------------------------------------------------------------------------
Re-computing the preconditioner...

Prolongator Smoothing: Using energy minimization (scheme = 2)
Damping parameter: min = 0.264553, max = 0.730249 (0 zeros out of 1764)
Dropping tolerance for DinvAP_0 = 0


Prolongator Smoothing: Using energy minimization (scheme = 2)
Damping parameter: min = 0.362844, max = 0.796736 (0 zeros out of 231)
Dropping tolerance for DinvAP_0 = 0

Time to re-build the hierarchy = 0.134699 (s)
Number of actual levels : 3

Smoother (level 0) : # global rows = 15813, # estim. global nnz = 412299, # nnz per row = 26.07
Smoother (level 0) : IFPACK, type=`ILU',
Smoother (level 0) : both,overlap=5
Smoother (level 0) : level-of-fill=5,rel. threshold=1,abs. threshold=0
Smoother (level 0) : Setup time : 0.349786 (s)

WARNING **********************************************************************
You have requested to keep the finest level smoother from a previous
solve.  In order to reuse part or all of the incomplete factorization
from smoother "IFPACK", you must also specify the smoother options
"reuse numeric factorization" and/or "reuse symbolic factorization".
Not doing so  may result in memory leaks or crashes.

Smoother (level 1) : # global rows = 1764, # estim. global nnz = 44226, # nnz per row = 25.07
Smoother (level 1) : IFPACK, type=`ILU',
Smoother (level 1) : both,overlap=5
Smoother (level 1) : level-of-fill=5,rel. threshold=1,abs. threshold=0
Smoother (level 1) : Setup time : 0.0385642 (s)

Amesos (level 2) : NumGlobalRows = 231
Amesos (level 2) : NumGlobalNonzeros = 5589
Amesos (level 2) : Fill-in = 10.4739 %
Amesos (level 2) : Building KLU
Amesos (level 2) : Time for factorization  = 0.000616789 (s)


Cumulative timing for construction so far: 
- for initial setup   = 0.00313616 (s)
- for hierarchy setup = 0.154059 (s)
- for smoothers setup = 2.33652 (s)
- for coarse setup    = 0.0045619 (s)
- for final setup     = 0.000164986 (s)
------------------------------------------------------------------------------
  
  		*******************************************************
  		***** Problem: Epetra::CrsMatrix
  		***** Preconditioned GMRES solution
  		***** ML (L=3, IFPACK_pre0/IFPACK_post0, ~/Amesos_KLU_2)
  		***** No scaling
  		*******************************************************
  
                  iter:    0           residual = 1.000000e+00
                  iter:    1           residual = 2.211395e-01
  
  
  		Solution time: 0.074737 (sec.)
  		total iterations: 1
  
L2 Error UX 1.07790138e+03 
L2 Error UY 3.81384762e+01 
Field      Average         Maximum (@IP)   Minimum (@IP)  
UX         1.75998553e+02  5.28452859e+02  -5.98171182e+01
UY         -1.75693356e+00 1.97591566e+01  -4.56519040e+01
PRESSURE   1.93412117e+04  3.45486033e+04  5.31762596e+01 
L2Error_UX 4.64748556e+04  1.86757942e+05  1.06547764e-03 
L2Error_UY 5.81817347e+01  2.08409634e+03  1.96546615e-13 

************************************************************************
-- Backtrack Line Search -- 
  1: step = 1.000e+00 old f = 1.361e+05 new f = 8.939e+03 (STEP ACCEPTED!)
************************************************************************

************************************************************************
-- Status Test Results --
**...........OR Combination -> 
  **...........AND Combination -> 
    **...........F-Norm = 1.337e+02 < 1.000e-04
                 (Unscaled Two-Norm, Absolute Tolerance)
    **...........WRMS-Norm = 1.175e+04 < 0.01
                 (Min Step Size:  1.000e+00 >= 1)
  **...........Number of Iterations = 6 < 400
  **...........Finite Number Check (Two-Norm F) = Finite
************************************************************************

************************************************************************
-- Nonlinear Solver Step 6 -- 
||F|| = 1.337e+02  step = 1.000e+00  dx = 3.932e+05
************************************************************************

       CALCULATING FORCING TERM
       Method: Type 2
       Forcing Term Norm: Using L-2 Norm.
       Residual Norm k-1 =             522
       Residual Norm k =               134
       Calculated eta_k (pre-bounds) = 0.0591
       Forcing Term: 0.261
------------------------------------------------------------------------------
Re-computing the preconditioner...

Prolongator Smoothing: Using energy minimization (scheme = 2)
Damping parameter: min = 0.259664, max = 0.729289 (0 zeros out of 1764)
Dropping tolerance for DinvAP_0 = 0


Prolongator Smoothing: Using energy minimization (scheme = 2)
Damping parameter: min = 0.362436, max = 0.798987 (0 zeros out of 231)
Dropping tolerance for DinvAP_0 = 0

Time to re-build the hierarchy = 0.134955 (s)
Number of actual levels : 3

Smoother (level 0) : # global rows = 15813, # estim. global nnz = 412299, # nnz per row = 26.07
Smoother (level 0) : IFPACK, type=`ILU',
Smoother (level 0) : both,overlap=5
Smoother (level 0) : level-of-fill=5,rel. threshold=1,abs. threshold=0
Smoother (level 0) : Setup time : 0.348371 (s)

WARNING **********************************************************************
You have requested to keep the finest level smoother from a previous
solve.  In order to reuse part or all of the incomplete factorization
from smoother "IFPACK", you must also specify the smoother options
"reuse numeric factorization" and/or "reuse symbolic factorization".
Not doing so  may result in memory leaks or crashes.

Smoother (level 1) : # global rows = 1764, # estim. global nnz = 44226, # nnz per row = 25.07
Smoother (level 1) : IFPACK, type=`ILU',
Smoother (level 1) : both,overlap=5
Smoother (level 1) : level-of-fill=5,rel. threshold=1,abs. threshold=0
Smoother (level 1) : Setup time : 0.0387568 (s)

Amesos (level 2) : NumGlobalRows = 231
Amesos (level 2) : NumGlobalNonzeros = 5589
Amesos (level 2) : Fill-in = 10.4739 %
Amesos (level 2) : Building KLU
Amesos (level 2) : Time for factorization  = 0.000677824 (s)


Cumulative timing for construction so far: 
- for initial setup   = 0.00313616 (s)
- for hierarchy setup = 0.154065 (s)
- for smoothers setup = 2.72365 (s)
- for coarse setup    = 0.00537896 (s)
- for final setup     = 0.000169039 (s)
------------------------------------------------------------------------------
  
  		*******************************************************
  		***** Problem: Epetra::CrsMatrix
  		***** Preconditioned GMRES solution
  		***** ML (L=3, IFPACK_pre0/IFPACK_post0, ~/Amesos_KLU_2)
  		***** No scaling
  		*******************************************************
  
                  iter:    0           residual = 1.000000e+00
                  iter:    1           residual = 8.466268e-02
  
  
  		Solution time: 0.075251 (sec.)
  		total iterations: 1
  
L2 Error UX 1.07384336e+03 
L2 Error UY 3.80572886e+01 
Field      Average         Maximum (@IP)   Minimum (@IP)  
UX         1.75707037e+02  5.28698560e+02  -5.94507763e+01
UY         -1.80692524e+00 1.97326883e+01  -4.50268765e+01
PRESSURE   1.93768808e+04  3.43334553e+04  5.27748850e+01 
L2Error_UX 4.61255822e+04  1.79768144e+05  3.40525461e-04 
L2Error_UY 5.79342886e+01  2.02741961e+03  5.84509543e-13 

************************************************************************
-- Backtrack Line Search -- 
  1: step = 1.000e+00 old f = 8.939e+03 new f = 6.399e+01 (STEP ACCEPTED!)
************************************************************************

************************************************************************
-- Status Test Results --
**...........OR Combination -> 
  **...........AND Combination -> 
    **...........F-Norm = 1.131e+01 < 1.000e-04
                 (Unscaled Two-Norm, Absolute Tolerance)
    **...........WRMS-Norm = 1.608e+04 < 0.01
                 (Min Step Size:  1.000e+00 >= 1)
  **...........Number of Iterations = 7 < 400
  **...........Finite Number Check (Two-Norm F) = Finite
************************************************************************

************************************************************************
-- Nonlinear Solver Step 7 -- 
||F|| = 1.131e+01  step = 1.000e+00  dx = 2.255e+04
************************************************************************

       CALCULATING FORCING TERM
       Method: Type 2
       Forcing Term Norm: Using L-2 Norm.
       Residual Norm k-1 =             134
       Residual Norm k =               11.3
       Calculated eta_k (pre-bounds) = 0.00644
       Forcing Term: 0.00644
------------------------------------------------------------------------------
Re-computing the preconditioner...

Prolongator Smoothing: Using energy minimization (scheme = 2)
Damping parameter: min = 0.26066, max = 0.729521 (0 zeros out of 1764)
Dropping tolerance for DinvAP_0 = 0


Prolongator Smoothing: Using energy minimization (scheme = 2)
Damping parameter: min = 0.362603, max = 0.799993 (0 zeros out of 231)
Dropping tolerance for DinvAP_0 = 0

Time to re-build the hierarchy = 0.135157 (s)
Number of actual levels : 3

Smoother (level 0) : # global rows = 15813, # estim. global nnz = 412299, # nnz per row = 26.07
Smoother (level 0) : IFPACK, type=`ILU',
Smoother (level 0) : both,overlap=5
Smoother (level 0) : level-of-fill=5,rel. threshold=1,abs. threshold=0
Smoother (level 0) : Setup time : 0.349179 (s)

WARNING **********************************************************************
You have requested to keep the finest level smoother from a previous
solve.  In order to reuse part or all of the incomplete factorization
from smoother "IFPACK", you must also specify the smoother options
"reuse numeric factorization" and/or "reuse symbolic factorization".
Not doing so  may result in memory leaks or crashes.

Smoother (level 1) : # global rows = 1764, # estim. global nnz = 44226, # nnz per row = 25.07
Smoother (level 1) : IFPACK, type=`ILU',
Smoother (level 1) : both,overlap=5
Smoother (level 1) : level-of-fill=5,rel. threshold=1,abs. threshold=0
Smoother (level 1) : Setup time : 0.0387959 (s)

Amesos (level 2) : NumGlobalRows = 231
Amesos (level 2) : NumGlobalNonzeros = 5589
Amesos (level 2) : Fill-in = 10.4739 %
Amesos (level 2) : Building KLU
Amesos (level 2) : Time for factorization  = 0.000609875 (s)


Cumulative timing for construction so far: 
- for initial setup   = 0.00313616 (s)
- for hierarchy setup = 0.154071 (s)
- for smoothers setup = 3.11162 (s)
- for coarse setup    = 0.00613284 (s)
- for final setup     = 0.000174046 (s)
------------------------------------------------------------------------------
  
  		*******************************************************
  		***** Problem: Epetra::CrsMatrix
  		***** Preconditioned GMRES solution
  		***** ML (L=3, IFPACK_pre0/IFPACK_post0, ~/Amesos_KLU_2)
  		***** No scaling
  		*******************************************************
  
                  iter:    0           residual = 1.000000e+00
                  iter:    3           residual = 4.244340e-04
  
  
  		Solution time: 0.147729 (sec.)
  		total iterations: 3
  
L2 Error UX 1.07390430e+03 
L2 Error UY 3.80098106e+01 
Field      Average         Maximum (@IP)   Minimum (@IP)  
UX         1.75972028e+02  5.28714631e+02  -5.94173679e+01
UY         -1.77671053e+00 1.97337273e+01  -4.49736395e+01
PRESSURE   1.95435544e+04  3.45796903e+04  5.29422588e+01 
L2Error_UX 4.61308182e+04  1.79579451e+05  1.38043886e-03 
L2Error_UY 5.77898280e+01  2.02262825e+03  1.59368683e-12 

************************************************************************
-- Backtrack Line Search -- 
  1: step = 1.000e+00 old f = 6.399e+01 new f = 1.153e-04 (STEP ACCEPTED!)
************************************************************************

************************************************************************
-- Status Test Results --
**...........OR Combination -> 
  **...........AND Combination -> 
    **...........F-Norm = 1.518e-02 < 1.000e-04
                 (Unscaled Two-Norm, Absolute Tolerance)
    **...........WRMS-Norm = 8.280e+03 < 0.01
                 (Min Step Size:  1.000e+00 >= 1)
  **...........Number of Iterations = 8 < 400
  **...........Finite Number Check (Two-Norm F) = Finite
************************************************************************

************************************************************************
-- Nonlinear Solver Step 8 -- 
||F|| = 1.518e-02  step = 1.000e+00  dx = 1.428e+04
************************************************************************

       CALCULATING FORCING TERM
       Method: Type 2
       Forcing Term Norm: Using L-2 Norm.
       Residual Norm k-1 =             11.3
       Residual Norm k =               0.0152
       Calculated eta_k (pre-bounds) = 1.62e-06
       Forcing Term: 0.0001
------------------------------------------------------------------------------
Re-computing the preconditioner...

Prolongator Smoothing: Using energy minimization (scheme = 2)
Damping parameter: min = 0.260712, max = 0.729536 (0 zeros out of 1764)
Dropping tolerance for DinvAP_0 = 0


Prolongator Smoothing: Using energy minimization (scheme = 2)
Damping parameter: min = 0.362647, max = 0.798474 (0 zeros out of 231)
Dropping tolerance for DinvAP_0 = 0

Time to re-build the hierarchy = 0.134932 (s)
Number of actual levels : 3

Smoother (level 0) : # global rows = 15813, # estim. global nnz = 412299, # nnz per row = 26.07
Smoother (level 0) : IFPACK, type=`ILU',
Smoother (level 0) : both,overlap=5
Smoother (level 0) : level-of-fill=5,rel. threshold=1,abs. threshold=0
Smoother (level 0) : Setup time : 0.34916 (s)

WARNING **********************************************************************
You have requested to keep the finest level smoother from a previous
solve.  In order to reuse part or all of the incomplete factorization
from smoother "IFPACK", you must also specify the smoother options
"reuse numeric factorization" and/or "reuse symbolic factorization".
Not doing so  may result in memory leaks or crashes.

Smoother (level 1) : # global rows = 1764, # estim. global nnz = 44226, # nnz per row = 25.07
Smoother (level 1) : IFPACK, type=`ILU',
Smoother (level 1) : both,overlap=5
Smoother (level 1) : level-of-fill=5,rel. threshold=1,abs. threshold=0
Smoother (level 1) : Setup time : 0.0388901 (s)

Amesos (level 2) : NumGlobalRows = 231
Amesos (level 2) : NumGlobalNonzeros = 5589
Amesos (level 2) : Fill-in = 10.4739 %
Amesos (level 2) : Building KLU
Amesos (level 2) : Time for factorization  = 0.000617981 (s)


Cumulative timing for construction so far: 
- for initial setup   = 0.00313616 (s)
- for hierarchy setup = 0.154077 (s)
- for smoothers setup = 3.49967 (s)
- for coarse setup    = 0.00688982 (s)
- for final setup     = 0.000179052 (s)
------------------------------------------------------------------------------
  
  		*******************************************************
  		***** Problem: Epetra::CrsMatrix
  		***** Preconditioned GMRES solution
  		***** ML (L=3, IFPACK_pre0/IFPACK_post0, ~/Amesos_KLU_2)
  		***** No scaling
  		*******************************************************
  
                  iter:    0           residual = 1.000000e+00
                  iter:    4           residual = 7.941194e-06
  
  
  		Solution time: 0.186122 (sec.)
  		total iterations: 4
  
L2 Error UX 1.07390323e+03 
L2 Error UY 3.80098091e+01 
Field      Average         Maximum (@IP)   Minimum (@IP)  
UX         1.75972045e+02  5.28714629e+02  -5.94173126e+01
UY         -1.77670674e+00 1.97337284e+01  -4.49736267e+01
PRESSURE   1.95435294e+04  3.45796948e+04  5.29409508e+01 
L2Error_UX 4.61307255e+04  1.79579552e+05  1.38043641e-03 
L2Error_UY 5.77898235e+01  2.02262709e+03  2.40159273e-12 

************************************************************************
-- Backtrack Line Search -- 
  1: step = 1.000e+00 old f = 1.153e-04 new f = 9.592e-15 (STEP ACCEPTED!)
************************************************************************

************************************************************************
-- Status Test Results --
**...........OR Combination -> 
  **...........AND Combination -> 
    Converged....F-Norm = 1.385e-07 < 1.000e-04
                 (Unscaled Two-Norm, Absolute Tolerance)
    **...........WRMS-Norm = 2.493e+01 < 0.01
                 (Min Step Size:  1.000e+00 >= 1)
  **...........Number of Iterations = 9 < 400
  **...........Finite Number Check (Two-Norm F) = Finite
************************************************************************

************************************************************************
-- Nonlinear Solver Step 9 -- 
||F|| = 1.385e-07  step = 1.000e+00  dx = 7.190e+00
************************************************************************

       CALCULATING FORCING TERM
       Method: Type 2
       Forcing Term Norm: Using L-2 Norm.
       Residual Norm k-1 =             0.0152
       Residual Norm k =               1.39e-07
       Calculated eta_k (pre-bounds) = 7.49e-11
       Forcing Term: 0.0001
------------------------------------------------------------------------------
Re-computing the preconditioner...

Prolongator Smoothing: Using energy minimization (scheme = 2)
Damping parameter: min = 0.260712, max = 0.729536 (0 zeros out of 1764)
Dropping tolerance for DinvAP_0 = 0


Prolongator Smoothing: Using energy minimization (scheme = 2)
Damping parameter: min = 0.362647, max = 0.798694 (0 zeros out of 231)
Dropping tolerance for DinvAP_0 = 0

Time to re-build the hierarchy = 0.134839 (s)
Number of actual levels : 3

Smoother (level 0) : # global rows = 15813, # estim. global nnz = 412299, # nnz per row = 26.07
Smoother (level 0) : IFPACK, type=`ILU',
Smoother (level 0) : both,overlap=5
Smoother (level 0) : level-of-fill=5,rel. threshold=1,abs. threshold=0
Smoother (level 0) : Setup time : 0.349784 (s)

WARNING **********************************************************************
You have requested to keep the finest level smoother from a previous
solve.  In order to reuse part or all of the incomplete factorization
from smoother "IFPACK", you must also specify the smoother options
"reuse numeric factorization" and/or "reuse symbolic factorization".
Not doing so  may result in memory leaks or crashes.

Smoother (level 1) : # global rows = 1764, # estim. global nnz = 44226, # nnz per row = 25.07
Smoother (level 1) : IFPACK, type=`ILU',
Smoother (level 1) : both,overlap=5
Smoother (level 1) : level-of-fill=5,rel. threshold=1,abs. threshold=0
Smoother (level 1) : Setup time : 0.0384831 (s)

Amesos (level 2) : NumGlobalRows = 231
Amesos (level 2) : NumGlobalNonzeros = 5589
Amesos (level 2) : Fill-in = 10.4739 %
Amesos (level 2) : Building KLU
Amesos (level 2) : Time for factorization  = 0.000607014 (s)


Cumulative timing for construction so far: 
- for initial setup   = 0.00313616 (s)
- for hierarchy setup = 0.1541 (s)
- for smoothers setup = 3.88794 (s)
- for coarse setup    = 0.00763679 (s)
- for final setup     = 0.000183105 (s)
------------------------------------------------------------------------------
  
  		*******************************************************
  		***** Problem: Epetra::CrsMatrix
  		***** Preconditioned GMRES solution
  		***** ML (L=3, IFPACK_pre0/IFPACK_post0, ~/Amesos_KLU_2)
  		***** No scaling
  		*******************************************************
  
                  iter:    0           residual = 1.000000e+00
                  iter:    4           residual = 9.515873e-06
  
  
  		Solution time: 0.184294 (sec.)
  		total iterations: 4
  
L2 Error UX 1.07390323e+03 
L2 Error UY 3.80098091e+01 
Field      Average         Maximum (@IP)   Minimum (@IP)  
UX         1.75972045e+02  5.28714629e+02  -5.94173126e+01
UY         -1.77670674e+00 1.97337284e+01  -4.49736267e+01
PRESSURE   1.95435294e+04  3.45796948e+04  5.29409508e+01 
L2Error_UX 4.61307255e+04  1.79579552e+05  1.38043641e-03 
L2Error_UY 5.77898235e+01  2.02262709e+03  2.40157589e-12 

************************************************************************
-- Backtrack Line Search -- 
  1: step = 1.000e+00 old f = 9.592e-15 new f = 5.644e-22 (STEP ACCEPTED!)
************************************************************************


************************************************************************
-- Nonlinear Solver Step 10 -- 
||F|| = 3.360e-11  step = 1.000e+00  dx = 1.282e-04 (Converged!)
************************************************************************

************************************************************************
-- Final Status Test Results --
Converged....OR Combination -> 
  Converged....AND Combination -> 
    Converged....F-Norm = 3.360e-11 < 1.000e-04
                 (Unscaled Two-Norm, Absolute Tolerance)
    Converged....WRMS-Norm = 5.821e-04 < 0.01
                 (Min Step Size:  1.000e+00 >= 1)
  **...........Number of Iterations = 10 < 400
  **...........Finite Number Check (Two-Norm F) = Finite
************************************************************************
L2 Error UX 1.07390323e+03 
L2 Error UY 3.80098091e+01 
Field      Average         Maximum (@IP)   Minimum (@IP)  
UX         1.75972045e+02  5.28714629e+02  -5.94173126e+01
UY         -1.77670674e+00 1.97337284e+01  -4.49736267e+01
PRESSURE   1.95435294e+04  3.45796948e+04  5.29409508e+01 
L2Error_UX 4.61307255e+04  1.79579552e+05  1.38043641e-03 
L2Error_UY 5.77898235e+01  2.02262709e+03  2.40157589e-12 
------------------------------------------------------------------------------
   ML time information (seconds)          total          avg

   1- Construction                  =    5.26752    0.526752
   2- Preconditioner apply          =    1.00964
     a- first application(s) only   =   0.363418   0.0363418
     b- remaining applications      =   0.646224   0.0230794

   3- Total time required by ML so far is 6.27716 seconds
      (constr + all applications)
------------------------------------------------------------------------------
========================================================================================

                          TimeMonitor results over 1 processor

Timer Name                                                   Global time (num calls)    
----------------------------------------------------------------------------------------
Drekar: Total Time                                           9.86 (1)                   
NOX Total Linear Solve                                       1.047 (10)                 
NOX Total Preconditioner Construction                        5.282 (10)                 
STK_Interface::setupTransientExodusFile(filename)            0.295 (1)                  
STK_Interface::writeToExodus(timestep)                       0.04688 (1)                
Thyra::NOXNonlinearSolver::solve                             9.055 (1)                  
panzer::ModelEvaluator::evalModel(J)                         2.112 (10)                 
panzer::ModelEvaluator::evalModel(f)                         0.5272 (18)                
panzer::SquareQuadMeshFactory::buildUncomittedMesh()         0.000124 (1)               
panzer::SquareQuadMeshFactory::completeMeshConstruction()    0.1888 (1)                 
========================================================================================
Drekar run completed.
