Mesh -> 
 Source = Inline Mesh   [unused]
 Exodus File -> 
  File Name = BackwardStep.exo   [unused]
 Inline Mesh -> 
  Mesh Dimension = 2   [unused]
  Mesh Factory Parameter List -> 
   X Blocks = 1   [unused]
   Y Blocks = 1   [unused]
   X Elements = 250   [unused]
   Y Elements = 20   [unused]
   X0 = 0   [unused]
   Y0 = 0   [unused]
   Xf = 25   [unused]
   Yf = 1   [unused]
Block ID to Physics ID Mapping -> 
 eblock-0_0 = fluid   [unused]
Assembly -> 
 Workset Size = 2   [unused]
Physics Blocks -> 
 fluid -> 
  child0 -> 
   Type = Continuity   [unused]
   Basis Type = HGrad   [unused]
   Basis Order = 1   [unused]
   Integration Order = 2   [unused]
   Model ID = fluid model   [unused]
   Prefix =    [unused]
   Options -> 
    TAU_C = SHAKIB   [unused]
    PSPG STABILIZATION = ON   [unused]
  child1 -> 
   Type = Momentum   [unused]
   Basis Type = HGrad   [unused]
   Basis Order = 1   [unused]
   Integration Order = 2   [unused]
   Model ID = fluid model   [unused]
   Prefix =    [unused]
   Options -> 
    TAU_M = SHAKIB   [unused]
    SUPG STABILIZATION = ON   [unused]
Closure Models -> 
 fluid model -> 
  DENSITY -> 
   Value = 1   [unused]
  STRESS_TENSOR -> 
   Value = NEWTONIAN   [unused]
  VISCOSITY -> 
   Value = 1   [unused]
  SOURCE_UX -> 
   Value = 0   [unused]
  SOURCE_UY -> 
   Value = 0   [unused]
  Global Statistics -> 
   Value = UX,UY,PRESSURE,L2Error_UX,L2Error_UY   [unused]
  Analytic Solution -> 
   Value = NS PARABOLIC INFLOW   [unused]
  Analytic Comparison: L2 Error -> 
   Value = UX,UY   [unused]
User Data -> 
 ParabolicInflow -> 
  Ustar = 267   [unused]
  L = 0.5   [unused]
  ramp_in_time = 0   [unused]
  timeConstant = 0.025   [unused]
Boundary Conditions -> 
 child0 -> 
  Type = Dirichlet   [unused]
  Sideset ID = top   [unused]
  Element Block ID = eblock-0_0   [unused]
  Equation Set Name = UX   [unused]
  Strategy = Constant   [unused]
  Data -> 
   Value = 0   [unused]
 child1 -> 
  Type = Dirichlet   [unused]
  Sideset ID = top   [unused]
  Element Block ID = eblock-0_0   [unused]
  Equation Set Name = UY   [unused]
  Strategy = Constant   [unused]
  Data -> 
   Value = 0   [unused]
 child2 -> 
  Type = Dirichlet   [unused]
  Sideset ID = bottom   [unused]
  Element Block ID = eblock-0_0   [unused]
  Equation Set Name = UX   [unused]
  Strategy = Constant   [unused]
  Data -> 
   Value = 0   [unused]
 child3 -> 
  Type = Dirichlet   [unused]
  Sideset ID = bottom   [unused]
  Element Block ID = eblock-0_0   [unused]
  Equation Set Name = UY   [unused]
  Strategy = Constant   [unused]
  Data -> 
   Value = 0   [unused]
 child4 -> 
  Type = Dirichlet   [unused]
  Sideset ID = left   [unused]
  Element Block ID = eblock-0_0   [unused]
  Equation Set Name = Whatever   [unused]
  Strategy = Parabolic Inflow   [unused]
  Data -> 
   [empty list]
 child5 -> 
  Type = Dirichlet   [unused]
  Sideset ID = right   [unused]
  Element Block ID = eblock-0_0   [unused]
  Equation Set Name = UY   [unused]
  Strategy = Constant   [unused]
  Data -> 
   Value = 0   [unused]
Initial Conditions -> 
 eblock-0_0 -> 
  UX -> 
   Value = 0   [unused]
  UY -> 
   Value = 0   [unused]
  PRESSURE -> 
   Value = 0   [unused]
Output -> 
 File Name = BackwardStep.exo   [unused]
Options -> 
 Write Volume Assembly Graphs = 0   [unused]
 Volume Assembly Graph Prefix = BackwardStep_   [unused]
Solution Control -> 
 Piro Solver = NOX   [unused]
 Compute Sensitivities = 0   [unused]
 Jacobian Operator = Have Jacobian   [unused]
 LOCA -> 
  Bifurcation -> 
   [empty list]
  Constraints -> 
   [empty list]
  Predictor -> 
   Method = Constant   [unused]
  Stepper -> 
   Continuation Method = Natural   [unused]
   Initial Value = 1   [unused]
   Continuation Parameter = Parameter 0   [unused]
   Max Steps = 6   [unused]
   Max Value = 12.25   [unused]
   Min Value = 0.5   [unused]
   Compute Eigenvalues = 1   [unused]
   Eigensolver -> 
    Method = Anasazi   [unused]
    Operator = Shift-Invert   [unused]
    Num Blocks = 3   [unused]
    Num Eigenvalues = 1   [unused]
    Block Size = 1   [unused]
    Maximum Restarts = 0   [unused]
    Shift = 1   [unused]
  Step Size -> 
   Initial Step Size = 0.5   [unused]
   Aggressiveness = 2   [unused]
 NOX -> 
  Nonlinear Solver = Line Search Based   [unused]
  Direction -> 
   Method = Newton   [unused]
   Newton -> 
    Forcing Term Method = Type 2   [unused]
    Forcing Term Initial Tolerance = 0.01   [unused]
    Forcing Term Alpha = 2   [unused]
    Forcing Term Gamma = 0.9   [unused]
    Rescue Bad Newton Solve = 1   [unused]
    Linear Solver -> 
     Tolerance = 0.1   [unused]
    Stratimikos Linear Solver -> 
     NOX Stratimikos Options -> 
      [empty list]
     Stratimikos -> 
      Linear Solver Type = AztecOO   [unused]
      Preconditioner Type = ML   [unused]
      Linear Solver Types -> 
       AztecOO -> 
        Forward Solve -> 
         Max Iterations = 600   [unused]
         Tolerance = 0.0001   [unused]
         AztecOO Settings -> 
          Aztec Solver = GMRES   [unused]
          Convergence Test = r0   [unused]
          Size of Krylov Subspace = 200   [unused]
          Output Frequency = 10   [unused]
       Belos -> 
        Solver Type = Block GMRES   [unused]
        Solver Types -> 
         Block GMRES -> 
          Convergence Tolerance = 1e-05   [unused]
          Output Frequency = 10   [unused]
          Output Style = 1   [unused]
          Verbosity = 33   [unused]
          Maximum Iterations = 100   [unused]
          Block Size = 1   [unused]
          Num Blocks = 20   [unused]
          Flexible Gmres = 0   [unused]
       MCLS -> 
        Solver Type = MCSA   [unused]
        Solver Types -> 
         MCSA -> 
          Fixed Point Type = Richardson   [unused]
          MC Type = Adjoint   [unused]
          Estimator Type = Collision   [unused]
          Transport Type = Global   [unused]
          Number of Sets = 1   [unused]
          Reproducible MC Mode = 0   [unused]
          Overlap Size = 0   [unused]
          Maximum Iterations = 100   [unused]
          Weight Cutoff = 0.01   [unused]
          Set Number of Histories = 500000   [unused]
          Iteration Print Frequency = 1   [unused]
          Richardson Relaxation = 1   [unused]
          Neumann Relaxation = 1   [unused]
          Absorption Probability = 0   [unused]
          Domain Filter Tolerance = 0   [unused]
          Domain Fill Value = 200   [unused]
          Domain Weight Recovery = 0   [unused]
         Fixed Point -> 
          Fixed Point Type = Richardson   [unused]
          Maximum Iterations = 10000   [unused]
          Iteration Print Frequency = 1   [unused]
          Richardson Relaxation = 1   [unused]
      Preconditioner Types -> 
       Ifpack -> 
        Overlap = 1   [unused]
        Prec Type = ILU   [unused]
        Ifpack Settings -> 
         fact: drop tolerance = 0.0001   [unused]
         fact: maximum fill factor = 25   [unused]
       ML -> 
        Base Method Defaults = SA   [unused]
        ML Settings -> 
         ML output = 10   [unused]
         prec type = MGW   [unused]
         print unused = 0   [unused]
         PDE equations = 3   [unused]
         max levels = 10   [unused]
         cycle applications = 1   [unused]
         aggregation: threshold = 0   [unused]
         aggregation: type = Uncoupled   [unused]
         aggregation: damping factor = 0   [unused]
         aggregation: block scaling = 1   [unused]
         energy minimization: enable = 1   [unused]
         energy minimization: type = 2   [unused]
         smoother: type = IFPACK   [unused]
         smoother: ifpack type = ILU   [unused]
         smoother: ifpack overlap = 5   [unused]
         smoother: damping factor = 1   [unused]
         smoother: pre or post = both   [unused]
         smoother: sweeps = 1   [unused]
         coarse: max size = 500   [unused]
         coarse: type = Amesos-KLU   [unused]
         smoother: ifpack list -> 
          fact: level-of-fill = 5   [unused]
          schwarz: reordering type = rcm   [unused]
       MCLS -> 
        Preconditioner Type = ML   [unused]
        Preconditioner Types -> 
         Block Jacobi -> 
          Jacobi Block Size = 4   [unused]
         ILUT -> 
          fact: ilut level-of-fill = 3   [unused]
          fact: drop tolerance = 0.0005   [unused]
         ParaSails -> 
          ParaSails: Threshold = 0.001   [unused]
          ParaSails: Number of Levels = 7   [unused]
          ParaSails: Filter = 0.001   [unused]
         PSILUT -> 
          fact: ilut level-of-fill = 3   [unused]
          fact: drop tolerance = 0.0001   [unused]
          ParaSails: Threshold = 0.1   [unused]
          ParaSails: Number of Levels = 1   [unused]
          ParaSails: Filter = 0   [unused]
         ML -> 
          Base Method Defaults = SA   [unused]
          ML Settings -> 
           ML output = 10   [unused]
           prec type = MGW   [unused]
           print unused = 0   [unused]
           PDE equations = 3   [unused]
           max levels = 10   [unused]
           cycle applications = 1   [unused]
           aggregation: threshold = 0   [unused]
           aggregation: type = Uncoupled   [unused]
           aggregation: damping factor = 0   [unused]
           aggregation: block scaling = 1   [unused]
           energy minimization: enable = 1   [unused]
           energy minimization: type = 2   [unused]
           smoother: type = IFPACK   [unused]
           smoother: ifpack type = ILU   [unused]
           smoother: ifpack overlap = 5   [unused]
           smoother: damping factor = 1   [unused]
           smoother: pre or post = both   [unused]
           smoother: sweeps = 1   [unused]
           coarse: max size = 500   [unused]
           coarse: type = Amesos-KLU   [unused]
           smoother: ifpack list -> 
            fact: level-of-fill = 5   [unused]
            schwarz: reordering type = rcm   [unused]
  Line Search -> 
   Method = Backtrack   [unused]
   Full Step -> 
    Full Step = 1   [unused]
  Printing -> 
   Output Precision = 3   [unused]
   Output Processor = 0   [unused]
   Output Information -> 
    Error = 1   [unused]
    Warning = 1   [unused]
    Inner Iteration = 1   [unused]
    Outer Iteration = 1   [unused]
    Outer Iteration StatusTest = 1   [unused]
    Test Details = 1   [unused]
    Parameters = 1   [unused]
    Details = 1   [unused]
    Linear Solver Details = 1   [unused]
    Stepper Iteration = 1   [unused]
    Stepper Details = 1   [unused]
    Stepper Parameters = 1   [unused]
  Solver Options -> 
   Status Test Check Type = Complete   [unused]
  Status Tests -> 
   Test Type = Combo   [unused]
   Combo Type = OR   [unused]
   Number of Tests = 3   [unused]
   Test 0 -> 
    Test Type = Combo   [unused]
    Combo Type = AND   [unused]
    Number of Tests = 2   [unused]
    Test 0 -> 
     Test Type = NormF   [unused]
     Tolerance = 0.0001   [unused]
    Test 1 -> 
     Test Type = NormWRMS   [unused]
     Tolerance = 0.01   [unused]
     Relative Tolerance = 0.001   [unused]
     Absolute Tolerance = 1e-08   [unused]
     BDF Multiplier = 1   [unused]
     alpha = 0.1   [unused]
     beta = 0.5   [unused]
   Test 1 -> 
    Test Type = MaxIters   [unused]
    Maximum Iterations = 400   [unused]
   Test 2 -> 
    Test Type = FiniteValue   [unused]
 Rythmos -> 
  Nonlinear Solver Type = NOX   [unused]
  Final Time = 6   [unused]
  Stepper Type = BDF   [unused]
  Rythmos Integration Control Strategy = Ramping   [unused]
  Rythmos Stepper -> 
   Step Control Settings -> 
    stopTime = 6   [unused]
    absErrTol = 1e+20   [unused]
    relErrTol = 1e+20   [unused]
    maxOrder = 2   [unused]
    minOrder = 2   [unused]
    failStepIfNonlinearSolveFails = 1   [unused]
    VerboseObject -> 
     Verbosity Level = medium   [unused]
    magicNumbers -> 
     maxTimeStep = 0.01   [unused]
     minTimeStep = 1e-07   [unused]
   VerboseObject -> 
    Verbosity Level = medium   [unused]
  Stratimikos -> 
   [empty list]
  Rythmos Integration Control -> 
   Number of Ramping Steps = 10   [unused]
   Initial dt = 0.0008   [unused]
   Max dt = 0.002   [unused]
   Ramping Factor = 1.1   [unused]
   VerboseObject -> 
    Verbosity Level = high   [unused]
  Rythmos Integrator -> 
   VerboseObject -> 
    Verbosity Level = high   [unused]

STK Mesh data:
   Spatial dim = 2
   Entity counts (Nodes, Edges, Cells) = ( 5271, 10270, 5000 )
   Element blocks = "eblock-0_0" 
   Sidesets = "bottom" "left" "right" "top" 
   Nodesets = "lower_left" "origin" 
L2 Error UX 6.89385291e+02 
L2 Error UY 0.00000000e+00 
Field      Average         Maximum (@IP)   Minimum (@IP)  
UX         0.00000000e+00  2.22507386e-308 0.00000000e+00 
UY         0.00000000e+00  2.22507386e-308 0.00000000e+00 
PRESSURE   0.00000000e+00  2.22507386e-308 0.00000000e+00 
L2Error_UX 1.90100832e+04  7.10345364e+04  0.00000000e+00 
L2Error_UY 0.00000000e+00  2.22507386e-308 0.00000000e+00 

************************************************************************

-- Parameters Passed to Nonlinear Solver --

     Nonlinear Solver = Line Search Based
     Direction -> 
      Method = Newton
      Newton -> 
       Forcing Term Method = Type 2
       Forcing Term Initial Tolerance = 0.01
       Forcing Term Alpha = 2
       Forcing Term Gamma = 0.9
       Rescue Bad Newton Solve = 1
       Forcing Term Minimum Tolerance = 0.0001   [default]
       Forcing Term Maximum Tolerance = 0.9   [default]
       Linear Solver -> 
        Tolerance = 0.1   [unused]
       Stratimikos Linear Solver -> 
        NOX Stratimikos Options -> 
         [empty list]
        Stratimikos -> 
         Linear Solver Type = AztecOO   [unused]
         Preconditioner Type = ML   [unused]
         Linear Solver Types -> 
          AztecOO -> 
           Forward Solve -> 
            Max Iterations = 600   [unused]
            Tolerance = 0.0001   [unused]
            AztecOO Settings -> 
             Aztec Solver = GMRES   [unused]
             Convergence Test = r0   [unused]
             Size of Krylov Subspace = 200   [unused]
             Output Frequency = 10   [unused]
          Belos -> 
           Solver Type = Block GMRES   [unused]
           Solver Types -> 
            Block GMRES -> 
             Convergence Tolerance = 1e-05   [unused]
             Output Frequency = 10   [unused]
             Output Style = 1   [unused]
             Verbosity = 33   [unused]
             Maximum Iterations = 100   [unused]
             Block Size = 1   [unused]
             Num Blocks = 20   [unused]
             Flexible Gmres = 0   [unused]
          MCLS -> 
           Solver Type = MCSA   [unused]
           Solver Types -> 
            MCSA -> 
             Fixed Point Type = Richardson   [unused]
             MC Type = Adjoint   [unused]
             Estimator Type = Collision   [unused]
             Transport Type = Global   [unused]
             Number of Sets = 1   [unused]
             Reproducible MC Mode = 0   [unused]
             Overlap Size = 0   [unused]
             Maximum Iterations = 100   [unused]
             Weight Cutoff = 0.01   [unused]
             Set Number of Histories = 500000   [unused]
             Iteration Print Frequency = 1   [unused]
             Richardson Relaxation = 1   [unused]
             Neumann Relaxation = 1   [unused]
             Absorption Probability = 0   [unused]
             Domain Filter Tolerance = 0   [unused]
             Domain Fill Value = 200   [unused]
             Domain Weight Recovery = 0   [unused]
            Fixed Point -> 
             Fixed Point Type = Richardson   [unused]
             Maximum Iterations = 10000   [unused]
             Iteration Print Frequency = 1   [unused]
             Richardson Relaxation = 1   [unused]
         Preconditioner Types -> 
          Ifpack -> 
           Overlap = 1   [unused]
           Prec Type = ILU   [unused]
           Ifpack Settings -> 
            fact: drop tolerance = 0.0001   [unused]
            fact: maximum fill factor = 25   [unused]
          ML -> 
           Base Method Defaults = SA   [unused]
           ML Settings -> 
            ML output = 10   [unused]
            prec type = MGW   [unused]
            print unused = 0   [unused]
            PDE equations = 3   [unused]
            max levels = 10   [unused]
            cycle applications = 1   [unused]
            aggregation: threshold = 0   [unused]
            aggregation: type = Uncoupled   [unused]
            aggregation: damping factor = 0   [unused]
            aggregation: block scaling = 1   [unused]
            energy minimization: enable = 1   [unused]
            energy minimization: type = 2   [unused]
            smoother: type = IFPACK   [unused]
            smoother: ifpack type = ILU   [unused]
            smoother: ifpack overlap = 5   [unused]
            smoother: damping factor = 1   [unused]
            smoother: pre or post = both   [unused]
            smoother: sweeps = 1   [unused]
            coarse: max size = 500   [unused]
            coarse: type = Amesos-KLU   [unused]
            smoother: ifpack list -> 
             fact: level-of-fill = 5   [unused]
             schwarz: reordering type = rcm   [unused]
          MCLS -> 
           Preconditioner Type = ML   [unused]
           Preconditioner Types -> 
            Block Jacobi -> 
             Jacobi Block Size = 4   [unused]
            ILUT -> 
             fact: ilut level-of-fill = 3   [unused]
             fact: drop tolerance = 0.0005   [unused]
            ParaSails -> 
             ParaSails: Threshold = 0.001   [unused]
             ParaSails: Number of Levels = 7   [unused]
             ParaSails: Filter = 0.001   [unused]
            PSILUT -> 
             fact: ilut level-of-fill = 3   [unused]
             fact: drop tolerance = 0.0001   [unused]
             ParaSails: Threshold = 0.1   [unused]
             ParaSails: Number of Levels = 1   [unused]
             ParaSails: Filter = 0   [unused]
            ML -> 
             Base Method Defaults = SA   [unused]
             ML Settings -> 
              ML output = 10   [unused]
              prec type = MGW   [unused]
              print unused = 0   [unused]
              PDE equations = 3   [unused]
              max levels = 10   [unused]
              cycle applications = 1   [unused]
              aggregation: threshold = 0   [unused]
              aggregation: type = Uncoupled   [unused]
              aggregation: damping factor = 0   [unused]
              aggregation: block scaling = 1   [unused]
              energy minimization: enable = 1   [unused]
              energy minimization: type = 2   [unused]
              smoother: type = IFPACK   [unused]
              smoother: ifpack type = ILU   [unused]
              smoother: ifpack overlap = 5   [unused]
              smoother: damping factor = 1   [unused]
              smoother: pre or post = both   [unused]
              smoother: sweeps = 1   [unused]
              coarse: max size = 500   [unused]
              coarse: type = Amesos-KLU   [unused]
              smoother: ifpack list -> 
               fact: level-of-fill = 5   [unused]
               schwarz: reordering type = rcm   [unused]
     Line Search -> 
      Method = Backtrack
      Full Step -> 
       Full Step = 1   [unused]
      Backtrack -> 
       Minimum Step = 1e-12   [default]
       Default Step = 1   [default]
       Recovery Step = 1   [default]
       Max Iters = 100   [default]
       Reduction Factor = 0.5   [default]
     Printing -> 
      Output Precision = 3
      Output Processor = 0
      Output Stream = Teuchos::RCP<std::ostream>{ptr=0x7e80b40,node=0x7e495e0,strong_count=18,weak_count=0}
      Error Stream = Teuchos::RCP<std::ostream>{ptr=0x7e80b40,node=0x7e495e0,strong_count=18,weak_count=0}
      MyPID = 0   [default]
      Output Information -> 
       Error = 1
       Warning = 1
       Inner Iteration = 1
       Outer Iteration = 1
       Outer Iteration StatusTest = 1
       Test Details = 1
       Parameters = 1
       Details = 1
       Linear Solver Details = 1
       Stepper Iteration = 1
       Stepper Details = 1
       Stepper Parameters = 1
       Debug = 0   [default]
     Solver Options -> 
      Status Test Check Type = Complete
      User Defined Pre/Post Operator = Teuchos::RCP<NOX::Abstract::PrePostOperator>{ptr=0xa112b60,node=0xa2df260,strong_count=2,weak_count=0}
     Status Tests -> 
      Test Type = Combo
      Combo Type = OR
      Number of Tests = 3
      Test 0 -> 
       Test Type = Combo
       Combo Type = AND
       Number of Tests = 2
       Test 0 -> 
        Test Type = NormF
        Tolerance = 0.0001
        Norm Type = Two Norm   [default]
        Scale Type = Unscaled   [default]
       Test 1 -> 
        Test Type = NormWRMS
        Tolerance = 0.01
        Relative Tolerance = 0.001
        Absolute Tolerance = 1e-08
        BDF Multiplier = 1
        alpha = 0.1   [unused]
        beta = 0.5   [unused]
        Alpha = 1   [default]
        Beta = 0.5   [default]
        Disable Implicit Weighting = 1   [default]
      Test 1 -> 
       Test Type = MaxIters
       Maximum Iterations = 400
      Test 2 -> 
       Test Type = FiniteValue
       Vector Type = F Vector   [default]
       Norm Type = Two Norm   [default]
     Thyra Group Options -> 
      Function Scaling = None   [default]
      Update Row Sum Scaling = Before Each Nonlinear Solve   [default]
      User Defined Scaling = Teuchos::RCP<Thyra::VectorBase<double> >{ptr=0,node=0,strong_count=0,weak_count=0}   [default]
L2 Error UX 6.89385291e+02 
L2 Error UY 0.00000000e+00 
Field      Average         Maximum (@IP)   Minimum (@IP)  
UX         0.00000000e+00  2.22507386e-308 0.00000000e+00 
UY         0.00000000e+00  2.22507386e-308 0.00000000e+00 
PRESSURE   0.00000000e+00  2.22507386e-308 0.00000000e+00 
L2Error_UX 1.90100832e+04  7.10345364e+04  0.00000000e+00 
L2Error_UY 0.00000000e+00  2.22507386e-308 0.00000000e+00 
************************************************************************
-- Status Test Results --
**...........OR Combination -> 
  **...........AND Combination -> 
    **...........F-Norm = 6.166e+02 < 1.000e-04
                 (Unscaled Two-Norm, Absolute Tolerance)
    **...........WRMS-Norm = 1.000e+12 < 0.01
  **...........Number of Iterations = 0 < 400
  **...........Finite Number Check (Two-Norm F) = Finite
************************************************************************

************************************************************************
-- Nonlinear Solver Step 0 -- 
||F|| = 6.166e+02  step = 0.000e+00  dx = 0.000e+00
************************************************************************

       CALCULATING FORCING TERM
       Method: Type 2
       Forcing Term: 0.01
------------------------------------------------------------------------------
Using `cg' for eigen-computations
*** 
*** ML_Epetra::MultiLevelPreconditioner
***
Matrix has 15813 rows and 412299 nonzeros, distributed over 1 process(es)
The linear system matrix is an Epetra_CrsMatrix
** Leaving column map of Main linear system matrix unchanged
Default values for `SA'
Maximum number of levels = 10
Using increasing levels. Finest level  = 0, coarsest level = 9
Number of applications of the ML cycle = 1
Number of PDE equations = 3
Aggregation threshold = 0
Max coarse size = 500

Warning: `energy minimization' safer with
Warning: Uncoupled aggregation. Other 
Warning: schemes may crash the code.

Null space type      = default (constants)
Null space dimension = 3
-----------------------------------------------------------------------
ML_Gen_MultiLevelHierarchy (level 0) : Gen Restriction and Prolongator
-----------------------------------------------------------------------
ML_Aggregate_Coarsen (level 0) begins
ML_Aggregate_CoarsenUncoupled : current level = 0
ML_Aggregate_CoarsenUncoupled : current eps = 0.000000e+00
Aggregation(UVB) : Total nonzeros = 412299 (Nrows=15813)
Aggregation(UVB) : Amalgamated matrix done 
Aggregation(UC) : Phase 0 - no. of bdry pts  = 0 
Aggregation(UC) : Phase 1 - nodes aggregated = 5020 (5271)
Aggregation(UC) : Phase 1 - total aggregates = 588 
Aggregation(UC_Phase2_3) : Phase 1 - nodes aggregated = 5020 
Aggregation(UC_Phase2_3) : Phase 1 - total aggregates = 588
Aggregation(UC_Phase2_3) : Phase 2a- additional aggregates = 0
Aggregation(UC_Phase2_3) : Phase 2 - total aggregates = 588
Aggregation(UC_Phase2_3) : Phase 2 - boundary nodes   = 0
Aggregation(UC_Phase2_3) : Phase 3 - leftovers = 0 and singletons = 0
Aggregation(UC) : QR factorization - too small aggregates = 0

Prolongator Smoothing: Using energy minimization (scheme = 2)
Damping parameter: min = 0.292061, max = 1.09519 (0 zeros out of 1764)
Dropping tolerance for DinvAP_0 = 0

-----------------------------------------------------------------------
ML_Gen_MultiLevelHierarchy (level 1) : Gen Restriction and Prolongator
-----------------------------------------------------------------------
ML_Aggregate_Coarsen (level 1) begins
ML_Aggregate_CoarsenUncoupled : current level = 1
ML_Aggregate_CoarsenUncoupled : current eps = 0.000000e+00
Aggregation(UVB) : Total nonzeros = 44225 (Nrows=1764)
Aggregation(UVB) : Amalgamated matrix done 
Aggregation(UC) : Phase 0 - no. of bdry pts  = 0 
Aggregation(UC) : Phase 1 - nodes aggregated = 559 (588)
Aggregation(UC) : Phase 1 - total aggregates = 77 
Aggregation(UC_Phase2_3) : Phase 1 - nodes aggregated = 559 
Aggregation(UC_Phase2_3) : Phase 1 - total aggregates = 77
Aggregation(UC_Phase2_3) : Phase 2a- additional aggregates = 0
Aggregation(UC_Phase2_3) : Phase 2 - total aggregates = 77
Aggregation(UC_Phase2_3) : Phase 2 - boundary nodes   = 0
Aggregation(UC_Phase2_3) : Phase 3 - leftovers = 0 and singletons = 0
Aggregation(UC) : QR factorization - too small aggregates = 0

Prolongator Smoothing: Using energy minimization (scheme = 2)
Damping parameter: min = 0.321502, max = 0.818125 (0 zeros out of 231)
Dropping tolerance for DinvAP_0 = 0

Smoothed Aggregation : operator complexity = 1.120823e+00.
Time to build the hierarchy = 0.153139 (s)
Number of actual levels : 3

Smoother (level 0) : # global rows = 15813, # estim. global nnz = 412299, # nnz per row = 26.07
Smoother (level 0) : IFPACK, type=`ILU',
Smoother (level 0) : both,overlap=5
Smoother (level 0) : level-of-fill=5,rel. threshold=1,abs. threshold=0
Smoother (level 0) : Setup time : 0.35064 (s)

WARNING **********************************************************************
You have requested to keep the finest level smoother from a previous
solve.  In order to reuse part or all of the incomplete factorization
from smoother "IFPACK", you must also specify the smoother options
"reuse numeric factorization" and/or "reuse symbolic factorization".
Not doing so  may result in memory leaks or crashes.

Smoother (level 1) : # global rows = 1764, # estim. global nnz = 44226, # nnz per row = 25.07
Smoother (level 1) : IFPACK, type=`ILU',
Smoother (level 1) : both,overlap=5
Smoother (level 1) : level-of-fill=5,rel. threshold=1,abs. threshold=0
Smoother (level 1) : Setup time : 0.038507 (s)

Amesos (level 2) : NumGlobalRows = 231
Amesos (level 2) : NumGlobalNonzeros = 5589
Amesos (level 2) : Fill-in = 10.4739 %
Amesos (level 2) : Building KLU
Amesos (level 2) : Time for factorization  = 0.000650883 (s)

WARNING: Parameter "aggregation: damping factor" 0   [unused] is unused
WARNING: Parameter "coarse: list"    [unused] is unused
WARNING: Parameter "aggregation: list (level 0)"    [unused] is unused
WARNING: Parameter "aggregation: list (level 1)"    [unused] is unused
WARNING: Parameter "aggregation: list (level 2)"    [unused] is unused
WARNING: Parameter "aggregation: list (level 3)"    [unused] is unused
WARNING: Parameter "aggregation: list (level 4)"    [unused] is unused
WARNING: Parameter "aggregation: list (level 5)"    [unused] is unused
WARNING: Parameter "aggregation: list (level 6)"    [unused] is unused
WARNING: Parameter "aggregation: list (level 7)"    [unused] is unused
WARNING: Parameter "aggregation: list (level 8)"    [unused] is unused
WARNING: Parameter "smoother: list (level 0)"    [unused] is unused
WARNING: Parameter "smoother: list (level 1)"    [unused] is unused

Cumulative timing for construction so far: 
- for initial setup   = 0.00312901 (s)
- for hierarchy setup = 0.153167 (s)
- for smoothers setup = 0.389147 (s)
- for coarse setup    = 0.000803947 (s)
- for final setup     = 0.000141144 (s)
------------------------------------------------------------------------------
 
 		*******************************************************
 		***** Problem: Epetra::CrsMatrix
 		***** Preconditioned GMRES solution
 		***** ML (L=3, IFPACK_pre0/IFPACK_post0, ~/Amesos_KLU_2)
 		***** No scaling
 		*******************************************************
 
                 iter:    0           residual = 1.000000e+00
                 iter:    2           residual = 2.662470e-03
 
 
 		Solution time: 0.040444 (sec.)
 		total iterations: 2
 
L2 Error UX 5.39256815e+02 
L2 Error UY 3.16985901e+01 
Field      Average         Maximum (@IP)   Minimum (@IP)  
UX         8.75096242e+01  2.59537232e+02  -1.21695075e-01
UY         -8.68517794e-01 3.56550823e-01  -9.30538051e+01
PRESSURE   1.31643414e+04  2.85491580e+04  4.40334140e+01 
L2Error_UX 1.16319165e+04  3.00927638e+04  3.15451812e-06 
L2Error_UY 4.01920246e+01  8.65901065e+03  5.55785369e-17 

************************************************************************
-- Backtrack Line Search -- 
  1: step = 1.000e+00 old f = 1.901e+05 new f = 2.553e+06
L2 Error UX 5.70144907e+02 
L2 Error UY 1.58492951e+01 
Field      Average         Maximum (@IP)   Minimum (@IP)  
UX         4.37548121e+01  1.29768616e+02  -6.08475374e-02
UY         -4.34258897e-01 1.78275411e-01  -4.65269026e+01
PRESSURE   6.58217068e+03  1.42745790e+04  2.20167070e+01 
L2Error_UX 1.30026086e+04  4.79135711e+04  1.90851607e-05 
L2Error_UY 1.00480061e+01  2.16475266e+03  1.38946342e-17 
  2: step = 5.000e-01 old f = 1.901e+05 new f = 1.987e+05
L2 Error UX 6.21022304e+02 
L2 Error UY 7.92464753e+00 
Field      Average         Maximum (@IP)   Minimum (@IP)  
UX         2.18774061e+01  6.48843080e+01  -3.04237687e-02
UY         -2.17129449e-01 8.91377056e-02  -2.32634513e+01
PRESSURE   3.29108534e+03  7.13728951e+03  1.10083535e+01 
L2Error_UX 1.54267481e+04  5.89068671e+04  4.77129019e-06 
L2Error_UY 2.51200154e+00  5.41188166e+02  3.47365856e-18 
  3: step = 2.500e-01 old f = 1.901e+05 new f = 1.155e+05 (STEP ACCEPTED!)
************************************************************************

************************************************************************
-- Status Test Results --
**...........OR Combination -> 
  **...........AND Combination -> 
    **...........F-Norm = 4.806e+02 < 1.000e-04
                 (Unscaled Two-Norm, Absolute Tolerance)
    **...........WRMS-Norm = 2.197e+11 < 0.01
                 (Min Step Size:  2.500e-01 >= 1)
  **...........Number of Iterations = 1 < 400
  **...........Finite Number Check (Two-Norm F) = Finite
************************************************************************

************************************************************************
-- Nonlinear Solver Step 1 -- 
||F|| = 4.806e+02  step = 2.500e-01  dx = 1.105e+06
************************************************************************

       CALCULATING FORCING TERM
       Method: Type 2
       Forcing Term Norm: Using L-2 Norm.
       Residual Norm k-1 =             617
       Residual Norm k =               481
       Calculated eta_k (pre-bounds) = 0.547
       Forcing Term: 0.547
------------------------------------------------------------------------------
Re-computing the preconditioner...

Prolongator Smoothing: Using energy minimization (scheme = 2)
Damping parameter: min = 0.289059, max = 0.974328 (0 zeros out of 1764)
Dropping tolerance for DinvAP_0 = 0


Prolongator Smoothing: Using energy minimization (scheme = 2)
Damping parameter: min = 0.340029, max = 0.765513 (0 zeros out of 231)
Dropping tolerance for DinvAP_0 = 0

Time to re-build the hierarchy = 0.146246 (s)
Number of actual levels : 3

Smoother (level 0) : # global rows = 15813, # estim. global nnz = 412299, # nnz per row = 26.07
Smoother (level 0) : IFPACK, type=`ILU',
Smoother (level 0) : both,overlap=5
Smoother (level 0) : level-of-fill=5,rel. threshold=1,abs. threshold=0
Smoother (level 0) : Setup time : 0.352457 (s)

WARNING **********************************************************************
You have requested to keep the finest level smoother from a previous
solve.  In order to reuse part or all of the incomplete factorization
from smoother "IFPACK", you must also specify the smoother options
"reuse numeric factorization" and/or "reuse symbolic factorization".
Not doing so  may result in memory leaks or crashes.

Smoother (level 1) : # global rows = 1764, # estim. global nnz = 44226, # nnz per row = 25.07
Smoother (level 1) : IFPACK, type=`ILU',
Smoother (level 1) : both,overlap=5
Smoother (level 1) : level-of-fill=5,rel. threshold=1,abs. threshold=0
Smoother (level 1) : Setup time : 0.0384171 (s)

Amesos (level 2) : NumGlobalRows = 231
Amesos (level 2) : NumGlobalNonzeros = 5589
Amesos (level 2) : Fill-in = 10.4739 %
Amesos (level 2) : Building KLU
Amesos (level 2) : Time for factorization  = 0.000613928 (s)


Cumulative timing for construction so far: 
- for initial setup   = 0.00312901 (s)
- for hierarchy setup = 0.153173 (s)
- for smoothers setup = 0.780021 (s)
- for coarse setup    = 0.00155306 (s)
- for final setup     = 0.000145197 (s)
------------------------------------------------------------------------------
  
  		*******************************************************
  		***** Problem: Epetra::CrsMatrix
  		***** Preconditioned GMRES solution
  		***** ML (L=3, IFPACK_pre0/IFPACK_post0, ~/Amesos_KLU_2)
  		***** No scaling
  		*******************************************************
  
                  iter:    0           residual = 1.000000e+00
                  iter:    1           residual = 1.423888e-01
  
  
  		Solution time: 0.027853 (sec.)
  		total iterations: 1
  
L2 Error UX 5.45773996e+02 
L2 Error UY 3.54975906e+01 
Field      Average         Maximum (@IP)   Minimum (@IP)  
UX         9.76752713e+01  2.81515507e+02  -6.79926622e+01
UY         -1.00068535e+00 5.93164968e+01  -6.39198185e+01
PRESSURE   1.74094032e+04  3.30582246e+04  4.79363719e+01 
L2Error_UX 1.19147702e+04  3.09652008e+04  1.02879316e-02 
L2Error_UY 5.04031574e+01  4.08574319e+03  2.15288004e-11 

************************************************************************
-- Backtrack Line Search -- 
  1: step = 1.000e+00 old f = 1.155e+05 new f = 2.252e+06
L2 Error UX 5.44621062e+02 
L2 Error UY 1.86679349e+01 
Field      Average         Maximum (@IP)   Minimum (@IP)  
UX         5.97763387e+01  1.65768277e+02  -2.88084118e+01
UY         -6.08907398e-01 2.43798579e+01  -3.47399834e+01
PRESSURE   1.03502443e+04  1.96804543e+04  2.94895206e+01 
L2Error_UX 1.18644840e+04  4.32370165e+04  3.75476541e-04 
L2Error_UY 1.39396717e+01  1.20686644e+03  9.06200283e-13 
  2: step = 5.000e-01 old f = 1.155e+05 new f = 1.494e+05
L2 Error UX 5.74326721e+02 
L2 Error UY 1.12875592e+01 
Field      Average         Maximum (@IP)   Minimum (@IP)  
UX         4.08268724e+01  1.14061103e+02  -1.02534652e+01
UY         -4.13018423e-01 8.56214027e+00  -2.18624468e+01
PRESSURE   6.82066481e+03  1.33264564e+04  2.02660949e+01 
L2Error_UX 1.31940473e+04  5.07414453e+04  1.32037916e-03 
L2Error_UY 5.09635969e+00  4.77966581e+02  2.51795910e-12 
  3: step = 2.500e-01 old f = 1.155e+05 new f = 6.748e+04 (STEP ACCEPTED!)
************************************************************************

************************************************************************
-- Status Test Results --
**...........OR Combination -> 
  **...........AND Combination -> 
    **...........F-Norm = 3.674e+02 < 1.000e-04
                 (Unscaled Two-Norm, Absolute Tolerance)
    **...........WRMS-Norm = 2.348e+05 < 0.01
                 (Min Step Size:  2.500e-01 >= 1)
  **...........Number of Iterations = 2 < 400
  **...........Finite Number Check (Two-Norm F) = Finite
************************************************************************

************************************************************************
-- Nonlinear Solver Step 2 -- 
||F|| = 3.674e+02  step = 2.500e-01  dx = 1.175e+06
************************************************************************

       CALCULATING FORCING TERM
       Method: Type 2
       Forcing Term Norm: Using L-2 Norm.
       Residual Norm k-1 =             481
       Residual Norm k =               367
       Calculated eta_k (pre-bounds) = 0.526
       Forcing Term: 0.708
------------------------------------------------------------------------------
Re-computing the preconditioner...

Prolongator Smoothing: Using energy minimization (scheme = 2)
Damping parameter: min = 0.285291, max = 0.844815 (0 zeros out of 1764)
Dropping tolerance for DinvAP_0 = 0


Prolongator Smoothing: Using energy minimization (scheme = 2)
Damping parameter: min = 0.35343, max = 0.806638 (0 zeros out of 231)
Dropping tolerance for DinvAP_0 = 0

Time to re-build the hierarchy = 0.135403 (s)
Number of actual levels : 3

Smoother (level 0) : # global rows = 15813, # estim. global nnz = 412299, # nnz per row = 26.07
Smoother (level 0) : IFPACK, type=`ILU',
Smoother (level 0) : both,overlap=5
Smoother (level 0) : level-of-fill=5,rel. threshold=1,abs. threshold=0
Smoother (level 0) : Setup time : 0.353408 (s)

WARNING **********************************************************************
You have requested to keep the finest level smoother from a previous
solve.  In order to reuse part or all of the incomplete factorization
from smoother "IFPACK", you must also specify the smoother options
"reuse numeric factorization" and/or "reuse symbolic factorization".
Not doing so  may result in memory leaks or crashes.

Smoother (level 1) : # global rows = 1764, # estim. global nnz = 44226, # nnz per row = 25.07
Smoother (level 1) : IFPACK, type=`ILU',
Smoother (level 1) : both,overlap=5
Smoother (level 1) : level-of-fill=5,rel. threshold=1,abs. threshold=0
Smoother (level 1) : Setup time : 0.0409291 (s)

Amesos (level 2) : NumGlobalRows = 231
Amesos (level 2) : NumGlobalNonzeros = 5589
Amesos (level 2) : Fill-in = 10.4739 %
Amesos (level 2) : Building KLU
Amesos (level 2) : Time for factorization  = 0.000618935 (s)


Cumulative timing for construction so far: 
- for initial setup   = 0.00312901 (s)
- for hierarchy setup = 0.153179 (s)
- for smoothers setup = 1.17436 (s)
- for coarse setup    = 0.00231409 (s)
- for final setup     = 0.00014925 (s)
------------------------------------------------------------------------------
  
  		*******************************************************
  		***** Problem: Epetra::CrsMatrix
  		***** Preconditioned GMRES solution
  		***** ML (L=3, IFPACK_pre0/IFPACK_post0, ~/Amesos_KLU_2)
  		***** No scaling
  		*******************************************************
  
                  iter:    0           residual = 1.000000e+00
                  iter:    1           residual = 2.076297e-01
  
  
  		Solution time: 0.026695 (sec.)
  		total iterations: 1
  
L2 Error UX 5.43289758e+02 
L2 Error UY 2.65668622e+01 
Field      Average         Maximum (@IP)   Minimum (@IP)  
UX         9.52946183e+01  2.59821020e+02  -5.42652601e+01
UY         -7.72381670e-01 2.02330156e+01  -4.55584624e+01
PRESSURE   1.69917345e+04  3.16764190e+04  4.03106890e+01 
L2Error_UX 1.18065505e+04  3.23220374e+04  9.66761215e-04 
L2Error_UY 2.82319267e+01  2.07557350e+03  5.39181923e-13 

************************************************************************
-- Backtrack Line Search -- 
  1: step = 1.000e+00 old f = 6.748e+04 new f = 3.129e+05
L2 Error UX 5.37063884e+02 
L2 Error UY 1.71343288e+01 
Field      Average         Maximum (@IP)   Minimum (@IP)  
UX         6.80607453e+01  1.86534555e+02  -2.57304680e+01
UY         -5.92700047e-01 1.26346818e+01  -2.90631032e+01
PRESSURE   1.19061997e+04  2.21725531e+04  3.02883920e+01 
L2Error_UX 1.15375046e+04  4.04565181e+04  8.13195105e-04 
L2Error_UY 1.17434090e+01  8.44663966e+02  2.29587731e-12 
  2: step = 5.000e-01 old f = 6.748e+04 new f = 3.730e+04 (STEP ACCEPTED!)
************************************************************************

************************************************************************
-- Status Test Results --
**...........OR Combination -> 
  **...........AND Combination -> 
    **...........F-Norm = 2.731e+02 < 1.000e-04
                 (Unscaled Two-Norm, Absolute Tolerance)
    **...........WRMS-Norm = 3.410e+04 < 0.01
                 (Min Step Size:  5.000e-01 >= 1)
  **...........Number of Iterations = 3 < 400
  **...........Finite Number Check (Two-Norm F) = Finite
************************************************************************

************************************************************************
-- Nonlinear Solver Step 3 -- 
||F|| = 2.731e+02  step = 5.000e-01  dx = 8.434e+05
************************************************************************

       CALCULATING FORCING TERM
       Method: Type 2
       Forcing Term Norm: Using L-2 Norm.
       Residual Norm k-1 =             367
       Residual Norm k =               273
       Calculated eta_k (pre-bounds) = 0.497
       Forcing Term: 0.656
------------------------------------------------------------------------------
Re-computing the preconditioner...

Prolongator Smoothing: Using energy minimization (scheme = 2)
Damping parameter: min = 0.280726, max = 0.744458 (0 zeros out of 1764)
Dropping tolerance for DinvAP_0 = 0


Prolongator Smoothing: Using energy minimization (scheme = 2)
Damping parameter: min = 0.371006, max = 0.809719 (0 zeros out of 231)
Dropping tolerance for DinvAP_0 = 0

Time to re-build the hierarchy = 0.135038 (s)
Number of actual levels : 3

Smoother (level 0) : # global rows = 15813, # estim. global nnz = 412299, # nnz per row = 26.07
Smoother (level 0) : IFPACK, type=`ILU',
Smoother (level 0) : both,overlap=5
Smoother (level 0) : level-of-fill=5,rel. threshold=1,abs. threshold=0
Smoother (level 0) : Setup time : 0.349137 (s)

WARNING **********************************************************************
You have requested to keep the finest level smoother from a previous
solve.  In order to reuse part or all of the incomplete factorization
from smoother "IFPACK", you must also specify the smoother options
"reuse numeric factorization" and/or "reuse symbolic factorization".
Not doing so  may result in memory leaks or crashes.

Smoother (level 1) : # global rows = 1764, # estim. global nnz = 44226, # nnz per row = 25.07
Smoother (level 1) : IFPACK, type=`ILU',
Smoother (level 1) : both,overlap=5
Smoother (level 1) : level-of-fill=5,rel. threshold=1,abs. threshold=0
Smoother (level 1) : Setup time : 0.0394161 (s)

Amesos (level 2) : NumGlobalRows = 231
Amesos (level 2) : NumGlobalNonzeros = 5589
Amesos (level 2) : Fill-in = 10.4739 %
Amesos (level 2) : Building KLU
Amesos (level 2) : Time for factorization  = 0.000607967 (s)


Cumulative timing for construction so far: 
- for initial setup   = 0.00312901 (s)
- for hierarchy setup = 0.153185 (s)
- for smoothers setup = 1.56291 (s)
- for coarse setup    = 0.003057 (s)
- for final setup     = 0.000153303 (s)
------------------------------------------------------------------------------
  
  		*******************************************************
  		***** Problem: Epetra::CrsMatrix
  		***** Preconditioned GMRES solution
  		***** ML (L=3, IFPACK_pre0/IFPACK_post0, ~/Amesos_KLU_2)
  		***** No scaling
  		*******************************************************
  
                  iter:    0           residual = 1.000000e+00
                  iter:    1           residual = 2.703405e-01
  
  
  		Solution time: 0.026140 (sec.)
  		total iterations: 1
  
L2 Error UX 5.36055089e+02 
L2 Error UY 2.09623113e+01 
Field      Average         Maximum (@IP)   Minimum (@IP)  
UX         9.04806798e+01  2.60370024e+02  -3.69962162e+01
UY         -6.76274231e-01 1.30875652e+01  -3.31549008e+01
PRESSURE   1.46693543e+04  2.69004268e+04  3.29143258e+01 
L2Error_UX 1.14942023e+04  3.48779529e+04  1.04862855e-03 
L2Error_UY 1.75767398e+01  1.09924745e+03  1.61225596e-12 

************************************************************************
-- Backtrack Line Search -- 
  1: step = 1.000e+00 old f = 3.730e+04 new f = 4.839e+04
L2 Error UX 5.32137598e+02 
L2 Error UY 1.78280561e+01 
Field      Average         Maximum (@IP)   Minimum (@IP)  
UX         7.92707126e+01  2.23452289e+02  -2.62544709e+01
UY         -6.34487139e-01 1.28016452e+01  -2.61785807e+01
PRESSURE   1.32877770e+04  2.42844194e+04  3.18188271e+01 
L2Error_UX 1.13268169e+04  3.73756790e+04  3.46409003e-06 
L2Error_UY 1.27135833e+01  6.85318087e+02  3.86730856e-13 
  2: step = 5.000e-01 old f = 3.730e+04 new f = 1.283e+04 (STEP ACCEPTED!)
************************************************************************

************************************************************************
-- Status Test Results --
**...........OR Combination -> 
  **...........AND Combination -> 
    **...........F-Norm = 1.602e+02 < 1.000e-04
                 (Unscaled Two-Norm, Absolute Tolerance)
    **...........WRMS-Norm = 2.819e+04 < 0.01
                 (Min Step Size:  5.000e-01 >= 1)
  **...........Number of Iterations = 4 < 400
  **...........Finite Number Check (Two-Norm F) = Finite
************************************************************************

************************************************************************
-- Nonlinear Solver Step 4 -- 
||F|| = 1.602e+02  step = 5.000e-01  dx = 2.354e+05
************************************************************************

       CALCULATING FORCING TERM
       Method: Type 2
       Forcing Term Norm: Using L-2 Norm.
       Residual Norm k-1 =             273
       Residual Norm k =               160
       Calculated eta_k (pre-bounds) = 0.309
       Forcing Term: 0.617
------------------------------------------------------------------------------
Re-computing the preconditioner...

Prolongator Smoothing: Using energy minimization (scheme = 2)
Damping parameter: min = 0.281434, max = 0.748956 (0 zeros out of 1764)
Dropping tolerance for DinvAP_0 = 0


Prolongator Smoothing: Using energy minimization (scheme = 2)
Damping parameter: min = 0.366856, max = 0.810719 (0 zeros out of 231)
Dropping tolerance for DinvAP_0 = 0

Time to re-build the hierarchy = 0.134667 (s)
Number of actual levels : 3

Smoother (level 0) : # global rows = 15813, # estim. global nnz = 412299, # nnz per row = 26.07
Smoother (level 0) : IFPACK, type=`ILU',
Smoother (level 0) : both,overlap=5
Smoother (level 0) : level-of-fill=5,rel. threshold=1,abs. threshold=0
Smoother (level 0) : Setup time : 0.34927 (s)

WARNING **********************************************************************
You have requested to keep the finest level smoother from a previous
solve.  In order to reuse part or all of the incomplete factorization
from smoother "IFPACK", you must also specify the smoother options
"reuse numeric factorization" and/or "reuse symbolic factorization".
Not doing so  may result in memory leaks or crashes.

Smoother (level 1) : # global rows = 1764, # estim. global nnz = 44226, # nnz per row = 25.07
Smoother (level 1) : IFPACK, type=`ILU',
Smoother (level 1) : both,overlap=5
Smoother (level 1) : level-of-fill=5,rel. threshold=1,abs. threshold=0
Smoother (level 1) : Setup time : 0.0383549 (s)

Amesos (level 2) : NumGlobalRows = 231
Amesos (level 2) : NumGlobalNonzeros = 5589
Amesos (level 2) : Fill-in = 10.4739 %
Amesos (level 2) : Building KLU
Amesos (level 2) : Time for factorization  = 0.00061202 (s)


Cumulative timing for construction so far: 
- for initial setup   = 0.00312901 (s)
- for hierarchy setup = 0.153192 (s)
- for smoothers setup = 1.95054 (s)
- for coarse setup    = 0.00380516 (s)
- for final setup     = 0.000157356 (s)
------------------------------------------------------------------------------
  
  		*******************************************************
  		***** Problem: Epetra::CrsMatrix
  		***** Preconditioned GMRES solution
  		***** ML (L=3, IFPACK_pre0/IFPACK_post0, ~/Amesos_KLU_2)
  		***** No scaling
  		*******************************************************
  
                  iter:    0           residual = 1.000000e+00
                  iter:    1           residual = 3.252288e-01
  
  
  		Solution time: 0.025785 (sec.)
  		total iterations: 1
  
L2 Error UX 5.33468424e+02 
L2 Error UY 1.95973034e+01 
Field      Average         Maximum (@IP)   Minimum (@IP)  
UX         8.86671376e+01  2.63301297e+02  -2.76799480e+01
UY         -7.73670172e-01 1.32828349e+01  -2.68375561e+01
PRESSURE   1.31776330e+04  2.38720630e+04  3.03478966e+01 
L2Error_UX 1.13835424e+04  3.57725216e+04  4.27977971e-04 
L2Error_UY 1.53621720e+01  7.20254418e+02  7.07489022e-13 

************************************************************************
-- Backtrack Line Search -- 
  1: step = 1.000e+00 old f = 1.283e+04 new f = 3.183e+03 (STEP ACCEPTED!)
************************************************************************

************************************************************************
-- Status Test Results --
**...........OR Combination -> 
  **...........AND Combination -> 
    **...........F-Norm = 7.979e+01 < 1.000e-04
                 (Unscaled Two-Norm, Absolute Tolerance)
    **...........WRMS-Norm = 1.621e+04 < 0.01
                 (Min Step Size:  1.000e+00 >= 1)
  **...........Number of Iterations = 5 < 400
  **...........Finite Number Check (Two-Norm F) = Finite
************************************************************************

************************************************************************
-- Nonlinear Solver Step 5 -- 
||F|| = 7.979e+01  step = 1.000e+00  dx = 6.220e+04
************************************************************************

       CALCULATING FORCING TERM
       Method: Type 2
       Forcing Term Norm: Using L-2 Norm.
       Residual Norm k-1 =             160
       Residual Norm k =               79.8
       Calculated eta_k (pre-bounds) = 0.223
       Forcing Term: 0.343
------------------------------------------------------------------------------
Re-computing the preconditioner...

Prolongator Smoothing: Using energy minimization (scheme = 2)
Damping parameter: min = 0.280393, max = 0.748128 (0 zeros out of 1764)
Dropping tolerance for DinvAP_0 = 0


Prolongator Smoothing: Using energy minimization (scheme = 2)
Damping parameter: min = 0.372511, max = 0.809174 (0 zeros out of 231)
Dropping tolerance for DinvAP_0 = 0

Time to re-build the hierarchy = 0.134722 (s)
Number of actual levels : 3

Smoother (level 0) : # global rows = 15813, # estim. global nnz = 412299, # nnz per row = 26.07
Smoother (level 0) : IFPACK, type=`ILU',
Smoother (level 0) : both,overlap=5
Smoother (level 0) : level-of-fill=5,rel. threshold=1,abs. threshold=0
Smoother (level 0) : Setup time : 0.349957 (s)

WARNING **********************************************************************
You have requested to keep the finest level smoother from a previous
solve.  In order to reuse part or all of the incomplete factorization
from smoother "IFPACK", you must also specify the smoother options
"reuse numeric factorization" and/or "reuse symbolic factorization".
Not doing so  may result in memory leaks or crashes.

Smoother (level 1) : # global rows = 1764, # estim. global nnz = 44226, # nnz per row = 25.07
Smoother (level 1) : IFPACK, type=`ILU',
Smoother (level 1) : both,overlap=5
Smoother (level 1) : level-of-fill=5,rel. threshold=1,abs. threshold=0
Smoother (level 1) : Setup time : 0.0391948 (s)

Amesos (level 2) : NumGlobalRows = 231
Amesos (level 2) : NumGlobalNonzeros = 5589
Amesos (level 2) : Fill-in = 10.4739 %
Amesos (level 2) : Building KLU
Amesos (level 2) : Time for factorization  = 0.000625134 (s)


Cumulative timing for construction so far: 
- for initial setup   = 0.00312901 (s)
- for hierarchy setup = 0.153198 (s)
- for smoothers setup = 2.33969 (s)
- for coarse setup    = 0.00456595 (s)
- for final setup     = 0.000162363 (s)
------------------------------------------------------------------------------
  
  		*******************************************************
  		***** Problem: Epetra::CrsMatrix
  		***** Preconditioned GMRES solution
  		***** ML (L=3, IFPACK_pre0/IFPACK_post0, ~/Amesos_KLU_2)
  		***** No scaling
  		*******************************************************
  
                  iter:    0           residual = 1.000000e+00
                  iter:    1           residual = 2.403945e-01
  
  
  		Solution time: 0.026040 (sec.)
  		total iterations: 1
  
L2 Error UX 5.31961783e+02 
L2 Error UY 2.00112690e+01 
Field      Average         Maximum (@IP)   Minimum (@IP)  
UX         8.70815565e+01  2.63936078e+02  -2.77831621e+01
UY         -9.20140743e-01 1.33117843e+01  -2.63151030e+01
PRESSURE   1.19893484e+04  2.15258519e+04  2.90575913e+01 
L2Error_UX 1.13193335e+04  3.59315598e+04  1.00930338e-03 
L2Error_UY 1.60180355e+01  6.92484646e+02  1.07100719e-13 

************************************************************************
-- Backtrack Line Search -- 
  1: step = 1.000e+00 old f = 3.183e+03 new f = 1.888e+02 (STEP ACCEPTED!)
************************************************************************

************************************************************************
-- Status Test Results --
**...........OR Combination -> 
  **...........AND Combination -> 
    **...........F-Norm = 1.943e+01 < 1.000e-04
                 (Unscaled Two-Norm, Absolute Tolerance)
    **...........WRMS-Norm = 3.424e+03 < 0.01
                 (Min Step Size:  1.000e+00 >= 1)
  **...........Number of Iterations = 6 < 400
  **...........Finite Number Check (Two-Norm F) = Finite
************************************************************************

************************************************************************
-- Nonlinear Solver Step 6 -- 
||F|| = 1.943e+01  step = 1.000e+00  dx = 1.048e+05
************************************************************************

       CALCULATING FORCING TERM
       Method: Type 2
       Forcing Term Norm: Using L-2 Norm.
       Residual Norm k-1 =             79.8
       Residual Norm k =               19.4
       Calculated eta_k (pre-bounds) = 0.0534
       Forcing Term: 0.106
------------------------------------------------------------------------------
Re-computing the preconditioner...

Prolongator Smoothing: Using energy minimization (scheme = 2)
Damping parameter: min = 0.28081, max = 0.747844 (0 zeros out of 1764)
Dropping tolerance for DinvAP_0 = 0


Prolongator Smoothing: Using energy minimization (scheme = 2)
Damping parameter: min = 0.372068, max = 0.808373 (0 zeros out of 231)
Dropping tolerance for DinvAP_0 = 0

Time to re-build the hierarchy = 0.135502 (s)
Number of actual levels : 3

Smoother (level 0) : # global rows = 15813, # estim. global nnz = 412299, # nnz per row = 26.07
Smoother (level 0) : IFPACK, type=`ILU',
Smoother (level 0) : both,overlap=5
Smoother (level 0) : level-of-fill=5,rel. threshold=1,abs. threshold=0
Smoother (level 0) : Setup time : 0.351553 (s)

WARNING **********************************************************************
You have requested to keep the finest level smoother from a previous
solve.  In order to reuse part or all of the incomplete factorization
from smoother "IFPACK", you must also specify the smoother options
"reuse numeric factorization" and/or "reuse symbolic factorization".
Not doing so  may result in memory leaks or crashes.

Smoother (level 1) : # global rows = 1764, # estim. global nnz = 44226, # nnz per row = 25.07
Smoother (level 1) : IFPACK, type=`ILU',
Smoother (level 1) : both,overlap=5
Smoother (level 1) : level-of-fill=5,rel. threshold=1,abs. threshold=0
Smoother (level 1) : Setup time : 0.0392032 (s)

Amesos (level 2) : NumGlobalRows = 231
Amesos (level 2) : NumGlobalNonzeros = 5589
Amesos (level 2) : Fill-in = 10.4739 %
Amesos (level 2) : Building KLU
Amesos (level 2) : Time for factorization  = 0.000622988 (s)


Cumulative timing for construction so far: 
- for initial setup   = 0.00312901 (s)
- for hierarchy setup = 0.153203 (s)
- for smoothers setup = 2.73044 (s)
- for coarse setup    = 0.00532889 (s)
- for final setup     = 0.00016737 (s)
------------------------------------------------------------------------------
  
  		*******************************************************
  		***** Problem: Epetra::CrsMatrix
  		***** Preconditioned GMRES solution
  		***** ML (L=3, IFPACK_pre0/IFPACK_post0, ~/Amesos_KLU_2)
  		***** No scaling
  		*******************************************************
  
                  iter:    0           residual = 1.000000e+00
                  iter:    2           residual = 1.821354e-02
  
  
  		Solution time: 0.038772 (sec.)
  		total iterations: 2
  
L2 Error UX 5.33050331e+02 
L2 Error UY 2.01697121e+01 
Field      Average         Maximum (@IP)   Minimum (@IP)  
UX         8.77556443e+01  2.63999788e+02  -2.79767691e+01
UY         -8.87452740e-01 1.33036234e+01  -2.63730896e+01
PRESSURE   1.22684461e+04  2.20229903e+04  2.95394647e+01 
L2Error_UX 1.13657062e+04  3.64669100e+04  1.16950822e-03 
L2Error_UY 1.62726914e+01  6.95539853e+02  1.80195693e-18 

************************************************************************
-- Backtrack Line Search -- 
  1: step = 1.000e+00 old f = 1.888e+02 new f = 9.167e-02 (STEP ACCEPTED!)
************************************************************************

************************************************************************
-- Status Test Results --
**...........OR Combination -> 
  **...........AND Combination -> 
    **...........F-Norm = 4.282e-01 < 1.000e-04
                 (Unscaled Two-Norm, Absolute Tolerance)
    **...........WRMS-Norm = 1.458e+03 < 0.01
                 (Min Step Size:  1.000e+00 >= 1)
  **...........Number of Iterations = 7 < 400
  **...........Finite Number Check (Two-Norm F) = Finite
************************************************************************

************************************************************************
-- Nonlinear Solver Step 7 -- 
||F|| = 4.282e-01  step = 1.000e+00  dx = 2.325e+04
************************************************************************

       CALCULATING FORCING TERM
       Method: Type 2
       Forcing Term Norm: Using L-2 Norm.
       Residual Norm k-1 =             19.4
       Residual Norm k =               0.428
       Calculated eta_k (pre-bounds) = 0.000437
       Forcing Term: 0.000437
------------------------------------------------------------------------------
Re-computing the preconditioner...

Prolongator Smoothing: Using energy minimization (scheme = 2)
Damping parameter: min = 0.280603, max = 0.746362 (0 zeros out of 1764)
Dropping tolerance for DinvAP_0 = 0


Prolongator Smoothing: Using energy minimization (scheme = 2)
Damping parameter: min = 0.372192, max = 0.809512 (0 zeros out of 231)
Dropping tolerance for DinvAP_0 = 0

Time to re-build the hierarchy = 0.13508 (s)
Number of actual levels : 3

Smoother (level 0) : # global rows = 15813, # estim. global nnz = 412299, # nnz per row = 26.07
Smoother (level 0) : IFPACK, type=`ILU',
Smoother (level 0) : both,overlap=5
Smoother (level 0) : level-of-fill=5,rel. threshold=1,abs. threshold=0
Smoother (level 0) : Setup time : 0.350585 (s)

WARNING **********************************************************************
You have requested to keep the finest level smoother from a previous
solve.  In order to reuse part or all of the incomplete factorization
from smoother "IFPACK", you must also specify the smoother options
"reuse numeric factorization" and/or "reuse symbolic factorization".
Not doing so  may result in memory leaks or crashes.

Smoother (level 1) : # global rows = 1764, # estim. global nnz = 44226, # nnz per row = 25.07
Smoother (level 1) : IFPACK, type=`ILU',
Smoother (level 1) : both,overlap=5
Smoother (level 1) : level-of-fill=5,rel. threshold=1,abs. threshold=0
Smoother (level 1) : Setup time : 0.0383179 (s)

Amesos (level 2) : NumGlobalRows = 231
Amesos (level 2) : NumGlobalNonzeros = 5589
Amesos (level 2) : Fill-in = 10.4739 %
Amesos (level 2) : Building KLU
Amesos (level 2) : Time for factorization  = 0.000610113 (s)


Cumulative timing for construction so far: 
- for initial setup   = 0.00312901 (s)
- for hierarchy setup = 0.153209 (s)
- for smoothers setup = 3.11935 (s)
- for coarse setup    = 0.00607586 (s)
- for final setup     = 0.000171185 (s)
------------------------------------------------------------------------------
  
  		*******************************************************
  		***** Problem: Epetra::CrsMatrix
  		***** Preconditioned GMRES solution
  		***** ML (L=3, IFPACK_pre0/IFPACK_post0, ~/Amesos_KLU_2)
  		***** No scaling
  		*******************************************************
  
                  iter:    0           residual = 1.000000e+00
                  iter:    5           residual = 4.181285e-05
  
  
  		Solution time: 0.077088 (sec.)
  		total iterations: 5
  
L2 Error UX 5.33067876e+02 
L2 Error UY 2.01632356e+01 
Field      Average         Maximum (@IP)   Minimum (@IP)  
UX         8.77618773e+01  2.63999399e+02  -2.79682894e+01
UY         -8.87076618e-01 1.33034570e+01  -2.63635743e+01
PRESSURE   1.22696024e+04  2.20212125e+04  2.95380853e+01 
L2Error_UX 1.13664544e+04  3.64605381e+04  1.16897238e-03 
L2Error_UY 1.62622427e+01  6.95038048e+02  7.39129695e-20 

************************************************************************
-- Backtrack Line Search -- 
  1: step = 1.000e+00 old f = 9.167e-02 new f = 5.974e-09 (STEP ACCEPTED!)
************************************************************************

************************************************************************
-- Status Test Results --
**...........OR Combination -> 
  **...........AND Combination -> 
    **...........F-Norm = 1.093e-04 < 1.000e-04
                 (Unscaled Two-Norm, Absolute Tolerance)
    **...........WRMS-Norm = 1.113e+03 < 0.01
                 (Min Step Size:  1.000e+00 >= 1)
  **...........Number of Iterations = 8 < 400
  **...........Finite Number Check (Two-Norm F) = Finite
************************************************************************

************************************************************************
-- Nonlinear Solver Step 8 -- 
||F|| = 1.093e-04  step = 1.000e+00  dx = 1.228e+02
************************************************************************

       CALCULATING FORCING TERM
       Method: Type 2
       Forcing Term Norm: Using L-2 Norm.
       Residual Norm k-1 =             0.428
       Residual Norm k =               0.000109
       Calculated eta_k (pre-bounds) = 5.87e-08
       Forcing Term: 0.0001
------------------------------------------------------------------------------
Re-computing the preconditioner...

Prolongator Smoothing: Using energy minimization (scheme = 2)
Damping parameter: min = 0.280606, max = 0.746375 (0 zeros out of 1764)
Dropping tolerance for DinvAP_0 = 0


Prolongator Smoothing: Using energy minimization (scheme = 2)
Damping parameter: min = 0.372371, max = 0.809507 (0 zeros out of 231)
Dropping tolerance for DinvAP_0 = 0

Time to re-build the hierarchy = 0.135218 (s)
Number of actual levels : 3

Smoother (level 0) : # global rows = 15813, # estim. global nnz = 412299, # nnz per row = 26.07
Smoother (level 0) : IFPACK, type=`ILU',
Smoother (level 0) : both,overlap=5
Smoother (level 0) : level-of-fill=5,rel. threshold=1,abs. threshold=0
Smoother (level 0) : Setup time : 0.349908 (s)

WARNING **********************************************************************
You have requested to keep the finest level smoother from a previous
solve.  In order to reuse part or all of the incomplete factorization
from smoother "IFPACK", you must also specify the smoother options
"reuse numeric factorization" and/or "reuse symbolic factorization".
Not doing so  may result in memory leaks or crashes.

Smoother (level 1) : # global rows = 1764, # estim. global nnz = 44226, # nnz per row = 25.07
Smoother (level 1) : IFPACK, type=`ILU',
Smoother (level 1) : both,overlap=5
Smoother (level 1) : level-of-fill=5,rel. threshold=1,abs. threshold=0
Smoother (level 1) : Setup time : 0.038528 (s)

Amesos (level 2) : NumGlobalRows = 231
Amesos (level 2) : NumGlobalNonzeros = 5589
Amesos (level 2) : Fill-in = 10.4739 %
Amesos (level 2) : Building KLU
Amesos (level 2) : Time for factorization  = 0.000620842 (s)


Cumulative timing for construction so far: 
- for initial setup   = 0.00312901 (s)
- for hierarchy setup = 0.153215 (s)
- for smoothers setup = 3.50778 (s)
- for coarse setup    = 0.00683594 (s)
- for final setup     = 0.000176191 (s)
------------------------------------------------------------------------------
  
  		*******************************************************
  		***** Problem: Epetra::CrsMatrix
  		***** Preconditioned GMRES solution
  		***** ML (L=3, IFPACK_pre0/IFPACK_post0, ~/Amesos_KLU_2)
  		***** No scaling
  		*******************************************************
  
                  iter:    0           residual = 1.000000e+00
                  iter:    5           residual = 5.014062e-05
  
  
  		Solution time: 0.076285 (sec.)
  		total iterations: 5
  
L2 Error UX 5.33067876e+02 
L2 Error UY 2.01632348e+01 
Field      Average         Maximum (@IP)   Minimum (@IP)  
UX         8.77618772e+01  2.63999399e+02  -2.79682897e+01
UY         -8.87076618e-01 1.33034570e+01  -2.63635738e+01
PRESSURE   1.22696022e+04  2.20212119e+04  2.95380840e+01 
L2Error_UX 1.13664544e+04  3.64605349e+04  1.16897237e-03 
L2Error_UY 1.62622416e+01  6.95038024e+02  3.64753392e-21 

************************************************************************
-- Backtrack Line Search -- 
  1: step = 1.000e+00 old f = 5.974e-09 new f = 1.502e-17 (STEP ACCEPTED!)
************************************************************************

************************************************************************
-- Status Test Results --
**...........OR Combination -> 
  **...........AND Combination -> 
    Converged....F-Norm = 5.481e-09 < 1.000e-04
                 (Unscaled Two-Norm, Absolute Tolerance)
    **...........WRMS-Norm = 9.466e-01 < 0.01
                 (Min Step Size:  1.000e+00 >= 1)
  **...........Number of Iterations = 9 < 400
  **...........Finite Number Check (Two-Norm F) = Finite
************************************************************************

************************************************************************
-- Nonlinear Solver Step 9 -- 
||F|| = 5.481e-09  step = 1.000e+00  dx = 3.001e-02
************************************************************************

       CALCULATING FORCING TERM
       Method: Type 2
       Forcing Term Norm: Using L-2 Norm.
       Residual Norm k-1 =             0.000109
       Residual Norm k =               5.48e-09
       Calculated eta_k (pre-bounds) = 2.26e-09
       Forcing Term: 0.0001
------------------------------------------------------------------------------
Re-computing the preconditioner...

Prolongator Smoothing: Using energy minimization (scheme = 2)
Damping parameter: min = 0.280606, max = 0.746375 (0 zeros out of 1764)
Dropping tolerance for DinvAP_0 = 0


Prolongator Smoothing: Using energy minimization (scheme = 2)
Damping parameter: min = 0.372371, max = 0.809507 (0 zeros out of 231)
Dropping tolerance for DinvAP_0 = 0

Time to re-build the hierarchy = 0.135562 (s)
Number of actual levels : 3

Smoother (level 0) : # global rows = 15813, # estim. global nnz = 412299, # nnz per row = 26.07
Smoother (level 0) : IFPACK, type=`ILU',
Smoother (level 0) : both,overlap=5
Smoother (level 0) : level-of-fill=5,rel. threshold=1,abs. threshold=0
Smoother (level 0) : Setup time : 0.349968 (s)

WARNING **********************************************************************
You have requested to keep the finest level smoother from a previous
solve.  In order to reuse part or all of the incomplete factorization
from smoother "IFPACK", you must also specify the smoother options
"reuse numeric factorization" and/or "reuse symbolic factorization".
Not doing so  may result in memory leaks or crashes.

Smoother (level 1) : # global rows = 1764, # estim. global nnz = 44226, # nnz per row = 25.07
Smoother (level 1) : IFPACK, type=`ILU',
Smoother (level 1) : both,overlap=5
Smoother (level 1) : level-of-fill=5,rel. threshold=1,abs. threshold=0
Smoother (level 1) : Setup time : 0.0399001 (s)

Amesos (level 2) : NumGlobalRows = 231
Amesos (level 2) : NumGlobalNonzeros = 5589
Amesos (level 2) : Fill-in = 10.4739 %
Amesos (level 2) : Building KLU
Amesos (level 2) : Time for factorization  = 0.000612974 (s)


Cumulative timing for construction so far: 
- for initial setup   = 0.00312901 (s)
- for hierarchy setup = 0.153221 (s)
- for smoothers setup = 3.89765 (s)
- for coarse setup    = 0.00761485 (s)
- for final setup     = 0.000180244 (s)
------------------------------------------------------------------------------
  
  		*******************************************************
  		***** Problem: Epetra::CrsMatrix
  		***** Preconditioned GMRES solution
  		***** ML (L=3, IFPACK_pre0/IFPACK_post0, ~/Amesos_KLU_2)
  		***** No scaling
  		*******************************************************
  
                  iter:    0           residual = 1.000000e+00
                  iter:    5           residual = 2.819917e-05
  
  
  		Solution time: 0.076528 (sec.)
  		total iterations: 5
  
L2 Error UX 5.33067876e+02 
L2 Error UY 2.01632348e+01 
Field      Average         Maximum (@IP)   Minimum (@IP)  
UX         8.77618772e+01  2.63999399e+02  -2.79682897e+01
UY         -8.87076618e-01 1.33034570e+01  -2.63635738e+01
PRESSURE   1.22696022e+04  2.20212119e+04  2.95380840e+01 
L2Error_UX 1.13664544e+04  3.64605349e+04  1.16897237e-03 
L2Error_UY 1.62622416e+01  6.95038024e+02  3.62746672e-21 

************************************************************************
-- Backtrack Line Search -- 
  1: step = 1.000e+00 old f = 1.502e-17 new f = 1.879e-22 (STEP ACCEPTED!)
************************************************************************


************************************************************************
-- Nonlinear Solver Step 10 -- 
||F|| = 1.939e-11  step = 1.000e+00  dx = 4.920e-06 (Converged!)
************************************************************************

************************************************************************
-- Final Status Test Results --
Converged....OR Combination -> 
  Converged....AND Combination -> 
    Converged....F-Norm = 1.939e-11 < 1.000e-04
                 (Unscaled Two-Norm, Absolute Tolerance)
    Converged....WRMS-Norm = 5.258e-04 < 0.01
                 (Min Step Size:  1.000e+00 >= 1)
  **...........Number of Iterations = 10 < 400
  **...........Finite Number Check (Two-Norm F) = Finite
************************************************************************
L2 Error UX 5.33067876e+02 
L2 Error UY 2.01632348e+01 
Field      Average         Maximum (@IP)   Minimum (@IP)  
UX         8.77618772e+01  2.63999399e+02  -2.79682897e+01
UY         -8.87076618e-01 1.33034570e+01  -2.63635738e+01
PRESSURE   1.22696022e+04  2.20212119e+04  2.95380840e+01 
L2Error_UX 1.13664544e+04  3.64605349e+04  1.16897237e-03 
L2Error_UY 1.62622416e+01  6.95038024e+02  3.62746672e-21 
------------------------------------------------------------------------------
   ML time information (seconds)          total          avg

   1- Construction                  =    5.28945    0.528945
   2- Preconditioner apply          =   0.398623
     a- first application(s) only   =   0.119185   0.0119185
     b- remaining applications      =   0.279438  0.00821876

   3- Total time required by ML so far is 5.68807 seconds
      (constr + all applications)
------------------------------------------------------------------------------
========================================================================================

                          TimeMonitor results over 1 processor

Timer Name                                                   Global time (num calls)    
----------------------------------------------------------------------------------------
Drekar: Total Time                                           9.228 (1)                  
NOX Total Linear Solve                                       0.4436 (10)                
NOX Total Preconditioner Construction                        5.304 (10)                 
STK_Interface::setupTransientExodusFile(filename)            0.2824 (1)                 
STK_Interface::writeToExodus(timestep)                       0.03832 (1)                
Thyra::NOXNonlinearSolver::solve                             8.439 (1)                  
panzer::ModelEvaluator::evalModel(J)                         2.115 (10)                 
panzer::ModelEvaluator::evalModel(f)                         0.498 (17)                 
panzer::SquareQuadMeshFactory::buildUncomittedMesh()         0.0001402 (1)              
panzer::SquareQuadMeshFactory::completeMeshConstruction()    0.1884 (1)                 
========================================================================================
Drekar run completed.
