Mesh -> 
 Source = Inline Mesh   [unused]
 Exodus File -> 
  File Name = drekar.exo   [unused]
 Inline Mesh -> 
  Mesh Dimension = 2   [unused]
  Mesh Factory Parameter List -> 
   X Blocks = 1   [unused]
   Y Blocks = 1   [unused]
   X Elements = 50   [unused]
   Y Elements = 50   [unused]
   X0 = 0   [unused]
   Y0 = 0   [unused]
   Xf = 1   [unused]
   Yf = 1   [unused]
   Periodic BCs -> 
    Count = 0   [unused]
Block ID to Physics ID Mapping -> 
 eblock-0_0 = fluid   [unused]
Assembly -> 
 Workset Size = 1   [unused]
Physics Blocks -> 
 fluid -> 
  child0 -> 
   Type = Continuity   [unused]
   Basis Type = HGrad   [unused]
   Basis Order = 1   [unused]
   Integration Order = 2   [unused]
   Model ID = fluid model   [unused]
   Prefix =    [unused]
   Options -> 
    TAU_C = NONE   [unused]
    PSPG STABILIZATION = ON   [unused]
  child1 -> 
   Type = Momentum   [unused]
   Basis Type = HGrad   [unused]
   Basis Order = 1   [unused]
   Integration Order = 2   [unused]
   Model ID = fluid model   [unused]
   Prefix =    [unused]
   Options -> 
    DCO_M = OFF   [unused]
    TAU_M = SHAKIB   [unused]
    SUPG STABILIZATION = ON   [unused]
    USE SOURCE TERM = ON   [unused]
  child2 -> 
   Type = Energy   [unused]
   Basis Type = HGrad   [unused]
   Basis Order = 1   [unused]
   Integration Order = 2   [unused]
   Model ID = fluid model   [unused]
   Prefix =    [unused]
   Options -> 
    TAU_E = SHAKIB   [unused]
    SUPG STABILIZATION = ON   [unused]
    DCO_E = OFF   [unused]
    USE SOURCE TERM = OFF   [unused]
Closure Models -> 
 fluid model -> 
  DENSITY -> 
   Value = 1   [unused]
  STRESS_TENSOR -> 
   Value = NEWTONIAN   [unused]
  VISCOSITY -> 
   Value = 0.71   [unused]
  SOURCE_MOMENTUM -> 
   Value = BOUSSINESQ   [unused]
   Reference Density = 1   [unused]
   Reference Temperature = 0   [unused]
   Volume Expansion Coefficient = 1000   [unused]
  GRAVITY_X -> 
   Value = 0   [unused]
  GRAVITY_Y -> 
   Value = -10   [unused]
  Global Statistics -> 
   Value = UX,UY,PRESSURE,TEMPERATURE   [unused]
  HEAT_CAPACITY -> 
   Value = 1   [unused]
  THERMAL_CONDUCTIVITY -> 
   Value = 1   [unused]
  ENERGY_FLUX -> 
   Value = FOURIER   [unused]
  SOURCE_TEMPERATURE -> 
   Value = 0   [unused]
User Data -> 
 [empty list]
Boundary Conditions -> 
 child0 -> 
  Type = Dirichlet   [unused]
  Sideset ID = top   [unused]
  Element Block ID = eblock-0_0   [unused]
  Equation Set Name = UX   [unused]
  Strategy = Constant   [unused]
  Data -> 
   Value = 0   [unused]
 child1 -> 
  Type = Dirichlet   [unused]
  Sideset ID = top   [unused]
  Element Block ID = eblock-0_0   [unused]
  Equation Set Name = UY   [unused]
  Strategy = Constant   [unused]
  Data -> 
   Value = 0   [unused]
 child2 -> 
  Type = Dirichlet   [unused]
  Sideset ID = bottom   [unused]
  Element Block ID = eblock-0_0   [unused]
  Equation Set Name = UX   [unused]
  Strategy = Constant   [unused]
  Data -> 
   Value = 0   [unused]
 child3 -> 
  Type = Dirichlet   [unused]
  Sideset ID = bottom   [unused]
  Element Block ID = eblock-0_0   [unused]
  Equation Set Name = UY   [unused]
  Strategy = Constant   [unused]
  Data -> 
   Value = 0   [unused]
 child4 -> 
  Type = Dirichlet   [unused]
  Sideset ID = left   [unused]
  Element Block ID = eblock-0_0   [unused]
  Equation Set Name = UX   [unused]
  Strategy = Constant   [unused]
  Data -> 
   Value = 0   [unused]
 child5 -> 
  Type = Dirichlet   [unused]
  Sideset ID = left   [unused]
  Element Block ID = eblock-0_0   [unused]
  Equation Set Name = UY   [unused]
  Strategy = Constant   [unused]
  Data -> 
   Value = 0   [unused]
 child6 -> 
  Type = Dirichlet   [unused]
  Sideset ID = left   [unused]
  Element Block ID = eblock-0_0   [unused]
  Equation Set Name = TEMPERATURE   [unused]
  Strategy = Constant   [unused]
  Data -> 
   Value = 0.72   [unused]
 child7 -> 
  Type = Dirichlet   [unused]
  Sideset ID = right   [unused]
  Element Block ID = eblock-0_0   [unused]
  Equation Set Name = UX   [unused]
  Strategy = Constant   [unused]
  Data -> 
   Value = 0   [unused]
 child8 -> 
  Type = Dirichlet   [unused]
  Sideset ID = right   [unused]
  Element Block ID = eblock-0_0   [unused]
  Equation Set Name = UY   [unused]
  Strategy = Constant   [unused]
  Data -> 
   Value = 0   [unused]
 child9 -> 
  Type = Dirichlet   [unused]
  Sideset ID = right   [unused]
  Element Block ID = eblock-0_0   [unused]
  Equation Set Name = TEMPERATURE   [unused]
  Strategy = Constant   [unused]
  Data -> 
   Value = 0   [unused]
Initial Conditions -> 
 eblock-0_0 -> 
  UX -> 
   Value = 0   [unused]
  UY -> 
   Value = 0   [unused]
  PRESSURE -> 
   Value = 0   [unused]
  TEMPERATURE -> 
   Value = 0   [unused]
Output -> 
 File Name = ThermalConv.exo   [unused]
Options -> 
 Write Volume Assembly Graphs = 0   [unused]
 Volume Assembly Graph Prefix = Thermalconvection_   [unused]
Solution Control -> 
 Piro Solver = NOX   [unused]
 Compute Sensitivities = 0   [unused]
 Jacobian Operator = Have Jacobian   [unused]
 NOX -> 
  Nonlinear Solver = Line Search Based   [unused]
  Direction -> 
   Method = Newton   [unused]
   Newton -> 
    Forcing Term Method = Type 2   [unused]
    Rescue Bad Newton Solve = 1   [unused]
    Linear Solver -> 
     Tolerance = 0.001   [unused]
    Stratimikos Linear Solver -> 
     NOX Stratimikos Options -> 
      [empty list]
     Stratimikos -> 
      Linear Solver Type = AztecOO   [unused]
      Preconditioner Type = ML   [unused]
      Linear Solver Types -> 
       AztecOO -> 
        Forward Solve -> 
         Max Iterations = 600   [unused]
         Tolerance = 1e-05   [unused]
         AztecOO Settings -> 
          Aztec Solver = GMRES   [unused]
          Convergence Test = r0   [unused]
          Size of Krylov Subspace = 200   [unused]
          Output Frequency = 10   [unused]
       Belos -> 
        Solver Type = Block GMRES   [unused]
        Solver Types -> 
         Block GMRES -> 
          Convergence Tolerance = 1e-05   [unused]
          Output Frequency = 10   [unused]
          Output Style = 1   [unused]
          Verbosity = 33   [unused]
          Maximum Iterations = 100   [unused]
          Block Size = 1   [unused]
          Num Blocks = 200   [unused]
          Flexible Gmres = 0   [unused]
        VerboseObject -> 
         Output File = none   [unused]
         Verbosity Level = medium   [unused]
       MCLS -> 
        Solver Type = MCSA   [unused]
        Solver Types -> 
         MCSA -> 
          Fixed Point Type = Richardson   [unused]
          MC Type = Adjoint   [unused]
          Estimator Type = Collision   [unused]
          Transport Type = Global   [unused]
          Number of Sets = 1   [unused]
          Reproducible MC Mode = 0   [unused]
          Overlap Size = 0   [unused]
          Maximum Iterations = 100   [unused]
          Weight Cutoff = 0.01   [unused]
          Set Number of Histories = 500000   [unused]
          Iteration Print Frequency = 1   [unused]
          Richardson Relaxation = 1   [unused]
          Neumann Relaxation = 1   [unused]
          Absorption Probability = 0   [unused]
          Domain Filter Tolerance = 0   [unused]
          Domain Fill Value = 200   [unused]
          Domain Weight Recovery = 0   [unused]
         Fixed Point -> 
          Fixed Point Type = Richardson   [unused]
          Maximum Iterations = 10000   [unused]
          Iteration Print Frequency = 1   [unused]
          Richardson Relaxation = 1   [unused]
      Preconditioner Types -> 
       Ifpack -> 
        Overlap = 1   [unused]
        Prec Type = ILUT   [unused]
        Ifpack Settings -> 
         fact: drop tolerance = 0.0001   [unused]
         fact: ilut level-of-fill = 5   [unused]
         fact: level-of-fill = 1   [unused]
       ML -> 
        Base Method Defaults = SA   [unused]
        ML Settings -> 
         ML output = 10   [unused]
         prec type = MGV   [unused]
         print unused = 0   [unused]
         PDE equations = 4   [unused]
         max levels = 10   [unused]
         cycle applications = 1   [unused]
         aggregation: threshold = 0   [unused]
         aggregation: type = Uncoupled   [unused]
         aggregation: damping factor = 0   [unused]
         aggregation: block scaling = 0   [unused]
         energy minimization: enable = 0   [unused]
         energy minimization: type = 3   [unused]
         smoother: type = IFPACK   [unused]
         smoother: ifpack type = ILU   [unused]
         smoother: ifpack overlap = 1   [unused]
         smoother: damping factor = 1   [unused]
         smoother: pre or post = both   [unused]
         smoother: sweeps = 1   [unused]
         coarse: max size = 2000   [unused]
         coarse: type = Amesos-KLU   [unused]
         smoother: ifpack list -> 
          fact: level-of-fill = 5   [unused]
          schwarz: reordering type = rcm   [unused]
          fact: drop tolerance = 1e-06   [unused]
          fact: maximum fill factor = 100   [unused]
       MCLS -> 
        Preconditioner Type = ML   [unused]
        Preconditioner Types -> 
         Block Jacobi -> 
          Jacobi Block Size = 4   [unused]
         ILUT -> 
          fact: ilut level-of-fill = 3   [unused]
          fact: drop tolerance = 0.0005   [unused]
         ParaSails -> 
          ParaSails: Threshold = 0.001   [unused]
          ParaSails: Number of Levels = 7   [unused]
          ParaSails: Filter = 0.001   [unused]
         PSILUT -> 
          fact: ilut level-of-fill = 3   [unused]
          fact: drop tolerance = 0.0001   [unused]
          ParaSails: Threshold = 0.1   [unused]
          ParaSails: Number of Levels = 1   [unused]
          ParaSails: Filter = 0   [unused]
         ML -> 
          Base Method Defaults = SA   [unused]
          ML Settings -> 
           ML output = 10   [unused]
           prec type = MGV   [unused]
           print unused = 0   [unused]
           PDE equations = 4   [unused]
           max levels = 10   [unused]
           cycle applications = 1   [unused]
           aggregation: threshold = 0   [unused]
           aggregation: type = Uncoupled   [unused]
           aggregation: damping factor = 0   [unused]
           aggregation: block scaling = 0   [unused]
           energy minimization: enable = 0   [unused]
           energy minimization: type = 3   [unused]
           smoother: type = IFPACK   [unused]
           smoother: ifpack type = ILU   [unused]
           smoother: ifpack overlap = 1   [unused]
           smoother: damping factor = 1   [unused]
           smoother: pre or post = both   [unused]
           smoother: sweeps = 1   [unused]
           coarse: max size = 2000   [unused]
           coarse: type = Amesos-KLU   [unused]
           smoother: ifpack list -> 
            fact: level-of-fill = 5   [unused]
            schwarz: reordering type = rcm   [unused]
            fact: drop tolerance = 1e-06   [unused]
            fact: maximum fill factor = 100   [unused]
  Line Search -> 
   Method = Backtrack   [unused]
   Full Step -> 
    Full Step = 1   [unused]
   Polynomial -> 
    Max Iters = 4   [unused]
    Recovery Step Type = Constant   [unused]
    Recovery Step = 0.001   [unused]
    Allowed Relative Increase = 500   [unused]
    Maximum Iteration for Increase = 2   [unused]
  Printing -> 
   Output Precision = 3   [unused]
   Output Processor = 0   [unused]
   Output Information -> 
    Error = 1   [unused]
    Warning = 1   [unused]
    Inner Iteration = 1   [unused]
    Outer Iteration = 1   [unused]
    Outer Iteration StatusTest = 1   [unused]
    Test Details = 1   [unused]
    Parameters = 1   [unused]
    Details = 1   [unused]
    Linear Solver Details = 1   [unused]
    Stepper Iteration = 1   [unused]
    Stepper Details = 1   [unused]
    Stepper Parameters = 1   [unused]
  Solver Options -> 
   Status Test Check Type = Complete   [unused]
  Thyra Group Options -> 
   Function Scaling = Row Sum   [unused]
  Status Tests -> 
   Test Type = Combo   [unused]
   Combo Type = OR   [unused]
   Number of Tests = 3   [unused]
   Test 0 -> 
    Test Type = Combo   [unused]
    Combo Type = AND   [unused]
    Number of Tests = 2   [unused]
    Test 0 -> 
     Test Type = NormF   [unused]
     Tolerance = 0.0001   [unused]
    Test 1 -> 
     Test Type = NormWRMS   [unused]
     Tolerance = 1   [unused]
     Relative Tolerance = 1e-05   [unused]
     Absolute Tolerance = 1e-08   [unused]
     BDF Multiplier = 1   [unused]
     Alpha = 0.1   [unused]
     Beta = 0.5   [unused]
   Test 1 -> 
    Test Type = MaxIters   [unused]
    Maximum Iterations = 200   [unused]
   Test 2 -> 
    Test Type = FiniteValue   [unused]
 Rythmos -> 
  Nonlinear Solver Type = NOX   [unused]
  Final Time = 10   [unused]
  Stepper Type = BDF   [unused]
  Step Control Strategy Type = ImplicitBDFRamping   [unused]
  Rythmos Integration Control Strategy = Simple   [unused]
  Rythmos Stepper -> 
   VerboseObject -> 
    Verbosity Level = medium   [unused]
  Stratimikos -> 
   [empty list]
  Rythmos Integrator -> 
   VerboseObject -> 
    Verbosity Level = high   [unused]
  Rythmos Integration Control -> 
   [empty list]
  Rythmos Step Control Strategy -> 
   Number of Constant First Order Steps = 4   [unused]
   Initial Step Size = 0.01   [unused]
   Min Step Size = 0.001   [unused]
   Max Step Size = 0.1   [unused]
   Step Size Decrease Factor = 0.5   [unused]
   Step Size Increase Factor = 1.2   [unused]
   Max Order = 2   [unused]
   Absolute Error Tolerance = 1e-07   [unused]
   Relative Error Tolerance = 1e-05   [unused]

STK Mesh data:
   Spatial dim = 2
   Entity counts (Nodes, Edges, Cells) = ( 2601, 5100, 2500 )
   Element blocks = "eblock-0_0" 
   Sidesets = "bottom" "left" "right" "top" 
   Nodesets = "lower_left" "origin" 
Field       Average         Maximum (@IP)   Minimum (@IP)  
UX          0.00000000e+00  2.22507386e-308 0.00000000e+00 
UY          0.00000000e+00  2.22507386e-308 0.00000000e+00 
PRESSURE    0.00000000e+00  2.22507386e-308 0.00000000e+00 
TEMPERATURE 0.00000000e+00  2.22507386e-308 0.00000000e+00 

************************************************************************

-- Parameters Passed to Nonlinear Solver --

     Nonlinear Solver = Line Search Based
     Direction -> 
      Method = Newton
      Newton -> 
       Forcing Term Method = Type 2
       Rescue Bad Newton Solve = 1
       Forcing Term Minimum Tolerance = 0.0001   [default]
       Forcing Term Maximum Tolerance = 0.9   [default]
       Forcing Term Initial Tolerance = 0.01   [default]
       Forcing Term Alpha = 1.5   [default]
       Forcing Term Gamma = 0.9   [default]
       Linear Solver -> 
        Tolerance = 0.001   [unused]
       Stratimikos Linear Solver -> 
        NOX Stratimikos Options -> 
         [empty list]
        Stratimikos -> 
         Linear Solver Type = AztecOO   [unused]
         Preconditioner Type = ML   [unused]
         Linear Solver Types -> 
          AztecOO -> 
           Forward Solve -> 
            Max Iterations = 600   [unused]
            Tolerance = 1e-05   [unused]
            AztecOO Settings -> 
             Aztec Solver = GMRES   [unused]
             Convergence Test = r0   [unused]
             Size of Krylov Subspace = 200   [unused]
             Output Frequency = 10   [unused]
          Belos -> 
           Solver Type = Block GMRES   [unused]
           Solver Types -> 
            Block GMRES -> 
             Convergence Tolerance = 1e-05   [unused]
             Output Frequency = 10   [unused]
             Output Style = 1   [unused]
             Verbosity = 33   [unused]
             Maximum Iterations = 100   [unused]
             Block Size = 1   [unused]
             Num Blocks = 200   [unused]
             Flexible Gmres = 0   [unused]
           VerboseObject -> 
            Output File = none   [unused]
            Verbosity Level = medium   [unused]
          MCLS -> 
           Solver Type = MCSA   [unused]
           Solver Types -> 
            MCSA -> 
             Fixed Point Type = Richardson   [unused]
             MC Type = Adjoint   [unused]
             Estimator Type = Collision   [unused]
             Transport Type = Global   [unused]
             Number of Sets = 1   [unused]
             Reproducible MC Mode = 0   [unused]
             Overlap Size = 0   [unused]
             Maximum Iterations = 100   [unused]
             Weight Cutoff = 0.01   [unused]
             Set Number of Histories = 500000   [unused]
             Iteration Print Frequency = 1   [unused]
             Richardson Relaxation = 1   [unused]
             Neumann Relaxation = 1   [unused]
             Absorption Probability = 0   [unused]
             Domain Filter Tolerance = 0   [unused]
             Domain Fill Value = 200   [unused]
             Domain Weight Recovery = 0   [unused]
            Fixed Point -> 
             Fixed Point Type = Richardson   [unused]
             Maximum Iterations = 10000   [unused]
             Iteration Print Frequency = 1   [unused]
             Richardson Relaxation = 1   [unused]
         Preconditioner Types -> 
          Ifpack -> 
           Overlap = 1   [unused]
           Prec Type = ILUT   [unused]
           Ifpack Settings -> 
            fact: drop tolerance = 0.0001   [unused]
            fact: ilut level-of-fill = 5   [unused]
            fact: level-of-fill = 1   [unused]
          ML -> 
           Base Method Defaults = SA   [unused]
           ML Settings -> 
            ML output = 10   [unused]
            prec type = MGV   [unused]
            print unused = 0   [unused]
            PDE equations = 4   [unused]
            max levels = 10   [unused]
            cycle applications = 1   [unused]
            aggregation: threshold = 0   [unused]
            aggregation: type = Uncoupled   [unused]
            aggregation: damping factor = 0   [unused]
            aggregation: block scaling = 0   [unused]
            energy minimization: enable = 0   [unused]
            energy minimization: type = 3   [unused]
            smoother: type = IFPACK   [unused]
            smoother: ifpack type = ILU   [unused]
            smoother: ifpack overlap = 1   [unused]
            smoother: damping factor = 1   [unused]
            smoother: pre or post = both   [unused]
            smoother: sweeps = 1   [unused]
            coarse: max size = 2000   [unused]
            coarse: type = Amesos-KLU   [unused]
            smoother: ifpack list -> 
             fact: level-of-fill = 5   [unused]
             schwarz: reordering type = rcm   [unused]
             fact: drop tolerance = 1e-06   [unused]
             fact: maximum fill factor = 100   [unused]
          MCLS -> 
           Preconditioner Type = ML   [unused]
           Preconditioner Types -> 
            Block Jacobi -> 
             Jacobi Block Size = 4   [unused]
            ILUT -> 
             fact: ilut level-of-fill = 3   [unused]
             fact: drop tolerance = 0.0005   [unused]
            ParaSails -> 
             ParaSails: Threshold = 0.001   [unused]
             ParaSails: Number of Levels = 7   [unused]
             ParaSails: Filter = 0.001   [unused]
            PSILUT -> 
             fact: ilut level-of-fill = 3   [unused]
             fact: drop tolerance = 0.0001   [unused]
             ParaSails: Threshold = 0.1   [unused]
             ParaSails: Number of Levels = 1   [unused]
             ParaSails: Filter = 0   [unused]
            ML -> 
             Base Method Defaults = SA   [unused]
             ML Settings -> 
              ML output = 10   [unused]
              prec type = MGV   [unused]
              print unused = 0   [unused]
              PDE equations = 4   [unused]
              max levels = 10   [unused]
              cycle applications = 1   [unused]
              aggregation: threshold = 0   [unused]
              aggregation: type = Uncoupled   [unused]
              aggregation: damping factor = 0   [unused]
              aggregation: block scaling = 0   [unused]
              energy minimization: enable = 0   [unused]
              energy minimization: type = 3   [unused]
              smoother: type = IFPACK   [unused]
              smoother: ifpack type = ILU   [unused]
              smoother: ifpack overlap = 1   [unused]
              smoother: damping factor = 1   [unused]
              smoother: pre or post = both   [unused]
              smoother: sweeps = 1   [unused]
              coarse: max size = 2000   [unused]
              coarse: type = Amesos-KLU   [unused]
              smoother: ifpack list -> 
               fact: level-of-fill = 5   [unused]
               schwarz: reordering type = rcm   [unused]
               fact: drop tolerance = 1e-06   [unused]
               fact: maximum fill factor = 100   [unused]
     Line Search -> 
      Method = Backtrack
      Full Step -> 
       Full Step = 1   [unused]
      Polynomial -> 
       Max Iters = 4   [unused]
       Recovery Step Type = Constant   [unused]
       Recovery Step = 0.001   [unused]
       Allowed Relative Increase = 500   [unused]
       Maximum Iteration for Increase = 2   [unused]
      Backtrack -> 
       Minimum Step = 1e-12   [default]
       Default Step = 1   [default]
       Recovery Step = 1   [default]
       Max Iters = 100   [default]
       Reduction Factor = 0.5   [default]
     Printing -> 
      Output Precision = 3
      Output Processor = 0
      Output Stream = Teuchos::RCP<std::ostream>{ptr=0x82666a0,node=0x8218b10,strong_count=18,weak_count=0}
      Error Stream = Teuchos::RCP<std::ostream>{ptr=0x82666a0,node=0x8218b10,strong_count=18,weak_count=0}
      MyPID = 0   [default]
      Output Information -> 
       Error = 1
       Warning = 1
       Inner Iteration = 1
       Outer Iteration = 1
       Outer Iteration StatusTest = 1
       Test Details = 1
       Parameters = 1
       Details = 1
       Linear Solver Details = 1
       Stepper Iteration = 1
       Stepper Details = 1
       Stepper Parameters = 1
       Debug = 0   [default]
     Solver Options -> 
      Status Test Check Type = Complete
      User Defined Pre/Post Operator = Teuchos::RCP<NOX::Abstract::PrePostOperator>{ptr=0x8218390,node=0x8222be0,strong_count=2,weak_count=0}
      User Defined Merit Function = Teuchos::RCP<NOX::MeritFunction::Generic>{ptr=0x820a930,node=0x9ceb890,strong_count=3,weak_count=0}
     Thyra Group Options -> 
      Function Scaling = Row Sum
      Update Row Sum Scaling = Before Each Nonlinear Solve   [default]
      User Defined Scaling = Teuchos::RCP<Thyra::VectorBase<double> >{ptr=0,node=0,strong_count=0,weak_count=0}   [default]
     Status Tests -> 
      Test Type = Combo
      Combo Type = OR
      Number of Tests = 3
      Test 0 -> 
       Test Type = Combo
       Combo Type = AND
       Number of Tests = 2
       Test 0 -> 
        Test Type = NormF
        Tolerance = 0.0001
        Norm Type = Two Norm   [default]
        Scale Type = Unscaled   [default]
       Test 1 -> 
        Test Type = NormWRMS
        Tolerance = 1
        Relative Tolerance = 1e-05
        Absolute Tolerance = 1e-08
        BDF Multiplier = 1
        Alpha = 0.1
        Beta = 0.5
        Disable Implicit Weighting = 1   [default]
      Test 1 -> 
       Test Type = MaxIters
       Maximum Iterations = 200
      Test 2 -> 
       Test Type = FiniteValue
       Vector Type = F Vector   [default]
       Norm Type = Two Norm   [default]
Field       Average         Maximum (@IP)   Minimum (@IP)  
UX          0.00000000e+00  2.22507386e-308 0.00000000e+00 
UY          0.00000000e+00  2.22507386e-308 0.00000000e+00 
PRESSURE    0.00000000e+00  2.22507386e-308 0.00000000e+00 
TEMPERATURE 0.00000000e+00  2.22507386e-308 0.00000000e+00 
************************************************************************
-- Status Test Results --
**...........OR Combination -> 
  **...........AND Combination -> 
    **...........F-Norm = 5.142e+00 < 1.000e-04
                 (Unscaled Two-Norm, Absolute Tolerance)
    **...........WRMS-Norm = 1.000e+12 < 1
  **...........Number of Iterations = 0 < 200
  **...........Finite Number Check (Two-Norm F) = Finite
************************************************************************

************************************************************************
-- Nonlinear Solver Step 0 -- 
||F|| = 5.142e+00  step = 0.000e+00  dx = 0.000e+00
************************************************************************

       CALCULATING FORCING TERM
       Method: Type 2
       Forcing Term: 0.01
------------------------------------------------------------------------------
Using `cg' for eigen-computations
*** 
*** ML_Epetra::MultiLevelPreconditioner
***
Matrix has 10404 rows and 364816 nonzeros, distributed over 1 process(es)
The linear system matrix is an Epetra_CrsMatrix
** Leaving column map of Main linear system matrix unchanged
Default values for `SA'
Maximum number of levels = 10
Using increasing levels. Finest level  = 0, coarsest level = 9
Number of applications of the ML cycle = 1
Number of PDE equations = 4
Aggregation threshold = 0
Max coarse size = 2000
R and P smoothing : P = (I-\omega A) P_t, R = P^T
R and P smoothing : \omega = 0/lambda_max
Null space type      = default (constants)
Null space dimension = 4
-----------------------------------------------------------------------
ML_Gen_MultiLevelHierarchy (level 0) : Gen Restriction and Prolongator
-----------------------------------------------------------------------
ML_Aggregate_Coarsen (level 0) begins
ML_Aggregate_CoarsenUncoupled : current level = 0
ML_Aggregate_CoarsenUncoupled : current eps = 0.000000e+00
Aggregation(UVB) : Total nonzeros = 364816 (Nrows=10404)
Aggregation(UVB) : Amalgamated matrix done 
Aggregation(UC) : Phase 0 - no. of bdry pts  = 1 
Aggregation(UC) : Phase 1 - nodes aggregated = 2549 (2601)
Aggregation(UC) : Phase 1 - total aggregates = 289 
Aggregation(UC_Phase2_3) : Phase 1 - nodes aggregated = 2549 
Aggregation(UC_Phase2_3) : Phase 1 - total aggregates = 289
Aggregation(UC_Phase2_3) : Phase 2a- additional aggregates = 0
Aggregation(UC_Phase2_3) : Phase 2 - total aggregates = 289
Aggregation(UC_Phase2_3) : Phase 2 - boundary nodes   = 1
Aggregation(UC_Phase2_3) : Phase 3 - leftovers = 0 and singletons = 0
Aggregation(UC) : QR factorization - too small aggregates = 0

Prolongator/Restriction smoother (level 0) : damping = 0.000e+00 , sweeps = 1
Gen_Prolongator (level 0) : not smoothing prolongator
Smoothed Aggregation : operator complexity = 1.072395e+00.
Time to build the hierarchy = 0.0182519 (s)
Number of actual levels : 2

Smoother (level 0) : # global rows = 10404, # estim. global nnz = 364816, # nnz per row = 35.06
Smoother (level 0) : IFPACK, type=`ILU',
Smoother (level 0) : both,overlap=1
Smoother (level 0) : level-of-fill=5,rel. threshold=1,abs. threshold=0
Smoother (level 0) : Setup time : 0.342942 (s)

WARNING **********************************************************************
You have requested to keep the finest level smoother from a previous
solve.  In order to reuse part or all of the incomplete factorization
from smoother "IFPACK", you must also specify the smoother options
"reuse numeric factorization" and/or "reuse symbolic factorization".
Not doing so  may result in memory leaks or crashes.

Amesos (level 1) : NumGlobalRows = 1156
Amesos (level 1) : NumGlobalNonzeros = 26237
Amesos (level 1) : Fill-in = 1.96335 %
Amesos (level 1) : Building KLU
Amesos (level 1) : Time for factorization  = 0.0059588 (s)

WARNING: Parameter "energy minimization: type" 3   [unused] is unused
WARNING: Parameter "coarse: list"    [unused] is unused
WARNING: Parameter "aggregation: list (level 0)"    [unused] is unused
WARNING: Parameter "aggregation: list (level 1)"    [unused] is unused
WARNING: Parameter "aggregation: list (level 2)"    [unused] is unused
WARNING: Parameter "aggregation: list (level 3)"    [unused] is unused
WARNING: Parameter "aggregation: list (level 4)"    [unused] is unused
WARNING: Parameter "aggregation: list (level 5)"    [unused] is unused
WARNING: Parameter "aggregation: list (level 6)"    [unused] is unused
WARNING: Parameter "aggregation: list (level 7)"    [unused] is unused
WARNING: Parameter "aggregation: list (level 8)"    [unused] is unused
WARNING: Parameter "aggregation: list (level 9)"    [unused] is unused
WARNING: Parameter "smoother: list (level 0)"    [unused] is unused

Cumulative timing for construction so far: 
- for initial setup   = 0.00314999 (s)
- for hierarchy setup = 0.0182922 (s)
- for smoothers setup = 0.342942 (s)
- for coarse setup    = 0.00631809 (s)
- for final setup     = 0.000144005 (s)
------------------------------------------------------------------------------
 
 		*******************************************************
 		***** Problem: Epetra::CrsMatrix
 		***** Preconditioned GMRES solution
 		***** ML (L=2, IFPACK_pre0/IFPACK_post0, ~/Amesos_KLU_1)
 		***** No scaling
 		*******************************************************
 
                 iter:    0           residual = 1.000000e+00
                 iter:    4           residual = 6.092710e-03
 
 
 		Solution time: 0.048965 (sec.)
 		total iterations: 4
 
Field       Average         Maximum (@IP)   Minimum (@IP)  
UX          -3.43663066e-03 3.96488013e+01  -3.96713996e+01
UY          3.57766903e-01  4.04511379e+01  -3.94416616e+01
PRESSURE    2.47997157e+03  5.07766274e+03  -1.18743773e+02
TEMPERATURE 3.57214108e-01  7.16857621e-01  2.99346084e-03 

************************************************************************
-- Backtrack Line Search -- 
  1: step = 1.000e+00 old f = 1.322e+01 new f = 5.314e+01
Field       Average         Maximum (@IP)   Minimum (@IP)  
UX          -1.71831533e-03 1.98244007e+01  -1.98356998e+01
UY          1.78883451e-01  2.02255690e+01  -1.97208308e+01
PRESSURE    1.23998578e+03  2.53883137e+03  -5.93718863e+01
TEMPERATURE 1.78607054e-01  3.58428811e-01  1.49673042e-03 
  2: step = 5.000e-01 old f = 1.322e+01 new f = 6.626e+00 (STEP ACCEPTED!)
************************************************************************

************************************************************************
-- Status Test Results --
**...........OR Combination -> 
  **...........AND Combination -> 
    **...........F-Norm = 3.640e+00 < 1.000e-04
                 (Unscaled Two-Norm, Absolute Tolerance)
    **...........WRMS-Norm = 6.774e+10 < 1
                 (Min Step Size:  5.000e-01 >= 0.1)
  **...........Number of Iterations = 1 < 200
  **...........Finite Number Check (Two-Norm F) = Finite
************************************************************************

************************************************************************
-- Nonlinear Solver Step 1 -- 
||F|| = 3.640e+00  step = 5.000e-01  dx = 3.535e+06
************************************************************************

       CALCULATING FORCING TERM
       Method: Type 2
       Forcing Term Norm: Using L-2 Norm.
       Residual Norm k-1 =             5.14
       Residual Norm k =               3.64
       Calculated eta_k (pre-bounds) = 0.536
       Forcing Term: 0.536
------------------------------------------------------------------------------
Re-computing the preconditioner...
Time to re-build the hierarchy = 0.00778008 (s)
Number of actual levels : 2

Smoother (level 0) : # global rows = 10404, # estim. global nnz = 364816, # nnz per row = 35.06
Smoother (level 0) : IFPACK, type=`ILU',
Smoother (level 0) : both,overlap=1
Smoother (level 0) : level-of-fill=5,rel. threshold=1,abs. threshold=0
Smoother (level 0) : Setup time : 0.370956 (s)

WARNING **********************************************************************
You have requested to keep the finest level smoother from a previous
solve.  In order to reuse part or all of the incomplete factorization
from smoother "IFPACK", you must also specify the smoother options
"reuse numeric factorization" and/or "reuse symbolic factorization".
Not doing so  may result in memory leaks or crashes.

Amesos (level 1) : NumGlobalRows = 1156
Amesos (level 1) : NumGlobalNonzeros = 31213
Amesos (level 1) : Fill-in = 2.33571 %
Amesos (level 1) : Building KLU
Amesos (level 1) : Time for factorization  = 0.0102029 (s)


Cumulative timing for construction so far: 
- for initial setup   = 0.00314999 (s)
- for hierarchy setup = 0.0182991 (s)
- for smoothers setup = 0.713898 (s)
- for coarse setup    = 0.0168152 (s)
- for final setup     = 0.000149012 (s)
------------------------------------------------------------------------------
  
  		*******************************************************
  		***** Problem: Epetra::CrsMatrix
  		***** Preconditioned GMRES solution
  		***** ML (L=2, IFPACK_pre0/IFPACK_post0, ~/Amesos_KLU_1)
  		***** No scaling
  		*******************************************************
  
                  iter:    0           residual = 1.000000e+00
                  iter:    1           residual = 3.867998e-01
  
  
  		Solution time: 0.020041 (sec.)
  		total iterations: 1
  
Field       Average         Maximum (@IP)   Minimum (@IP)  
UX          -1.40164633e-01 2.14101600e+01  -1.92095403e+01
UY          5.33494267e-01  2.56654247e+01  -1.78442209e+01
PRESSURE    7.58375957e+02  2.97509369e+03  -7.35223611e+02
TEMPERATURE 2.79177041e-01  6.61609896e-01  1.32792217e-03 

************************************************************************
-- Backtrack Line Search -- 
  1: step = 1.000e+00 old f = 6.626e+00 new f = 1.025e+00 (STEP ACCEPTED!)
************************************************************************

************************************************************************
-- Status Test Results --
**...........OR Combination -> 
  **...........AND Combination -> 
    **...........F-Norm = 1.432e+00 < 1.000e-04
                 (Unscaled Two-Norm, Absolute Tolerance)
    **...........WRMS-Norm = 5.045e+06 < 1
                 (Min Step Size:  1.000e+00 >= 0.1)
  **...........Number of Iterations = 2 < 200
  **...........Finite Number Check (Two-Norm F) = Finite
************************************************************************

************************************************************************
-- Nonlinear Solver Step 2 -- 
||F|| = 1.432e+00  step = 1.000e+00  dx = 7.324e+05
************************************************************************

       CALCULATING FORCING TERM
       Method: Type 2
       Forcing Term Norm: Using L-2 Norm.
       Residual Norm k-1 =             3.64
       Residual Norm k =               1.43
       Calculated eta_k (pre-bounds) = 0.222
       Forcing Term: 0.353
------------------------------------------------------------------------------
Re-computing the preconditioner...
Time to re-build the hierarchy = 0.00780201 (s)
Number of actual levels : 2

Smoother (level 0) : # global rows = 10404, # estim. global nnz = 364816, # nnz per row = 35.06
Smoother (level 0) : IFPACK, type=`ILU',
Smoother (level 0) : both,overlap=1
Smoother (level 0) : level-of-fill=5,rel. threshold=1,abs. threshold=0
Smoother (level 0) : Setup time : 0.342353 (s)

WARNING **********************************************************************
You have requested to keep the finest level smoother from a previous
solve.  In order to reuse part or all of the incomplete factorization
from smoother "IFPACK", you must also specify the smoother options
"reuse numeric factorization" and/or "reuse symbolic factorization".
Not doing so  may result in memory leaks or crashes.

Amesos (level 1) : NumGlobalRows = 1156
Amesos (level 1) : NumGlobalNonzeros = 31213
Amesos (level 1) : Fill-in = 2.33571 %
Amesos (level 1) : Building KLU
Amesos (level 1) : Time for factorization  = 0.0100932 (s)


Cumulative timing for construction so far: 
- for initial setup   = 0.00314999 (s)
- for hierarchy setup = 0.0183051 (s)
- for smoothers setup = 1.05625 (s)
- for coarse setup    = 0.0272021 (s)
- for final setup     = 0.000153065 (s)
------------------------------------------------------------------------------
  
  		*******************************************************
  		***** Problem: Epetra::CrsMatrix
  		***** Preconditioned GMRES solution
  		***** ML (L=2, IFPACK_pre0/IFPACK_post0, ~/Amesos_KLU_1)
  		***** No scaling
  		*******************************************************
  
                  iter:    0           residual = 1.000000e+00
                  iter:    2           residual = 7.160433e-02
  
  
  		Solution time: 0.029492 (sec.)
  		total iterations: 2
  
Field       Average         Maximum (@IP)   Minimum (@IP)  
UX          3.95428346e-04  1.68573844e+01  -1.60744088e+01
UY          3.49907819e-01  2.03981719e+01  -1.91542730e+01
PRESSURE    1.69807062e+03  4.24491630e+03  -1.78639609e+02
TEMPERATURE 3.44920507e-01  7.17449390e-01  1.63128078e-03 

************************************************************************
-- Backtrack Line Search -- 
  1: step = 1.000e+00 old f = 1.025e+00 new f = 1.949e-02 (STEP ACCEPTED!)
************************************************************************

************************************************************************
-- Status Test Results --
**...........OR Combination -> 
  **...........AND Combination -> 
    **...........F-Norm = 1.974e-01 < 1.000e-04
                 (Unscaled Two-Norm, Absolute Tolerance)
    **...........WRMS-Norm = 1.841e+06 < 1
                 (Min Step Size:  1.000e+00 >= 0.1)
  **...........Number of Iterations = 3 < 200
  **...........Finite Number Check (Two-Norm F) = Finite
************************************************************************

************************************************************************
-- Nonlinear Solver Step 3 -- 
||F|| = 1.974e-01  step = 1.000e+00  dx = 1.266e+06
************************************************************************

       CALCULATING FORCING TERM
       Method: Type 2
       Forcing Term Norm: Using L-2 Norm.
       Residual Norm k-1 =             1.43
       Residual Norm k =               0.197
       Calculated eta_k (pre-bounds) = 0.0461
       Forcing Term: 0.189
------------------------------------------------------------------------------
Re-computing the preconditioner...
Time to re-build the hierarchy = 0.00772309 (s)
Number of actual levels : 2

Smoother (level 0) : # global rows = 10404, # estim. global nnz = 364816, # nnz per row = 35.06
Smoother (level 0) : IFPACK, type=`ILU',
Smoother (level 0) : both,overlap=1
Smoother (level 0) : level-of-fill=5,rel. threshold=1,abs. threshold=0
Smoother (level 0) : Setup time : 0.340638 (s)

WARNING **********************************************************************
You have requested to keep the finest level smoother from a previous
solve.  In order to reuse part or all of the incomplete factorization
from smoother "IFPACK", you must also specify the smoother options
"reuse numeric factorization" and/or "reuse symbolic factorization".
Not doing so  may result in memory leaks or crashes.

Amesos (level 1) : NumGlobalRows = 1156
Amesos (level 1) : NumGlobalNonzeros = 31213
Amesos (level 1) : Fill-in = 2.33571 %
Amesos (level 1) : Building KLU
Amesos (level 1) : Time for factorization  = 0.0100601 (s)


Cumulative timing for construction so far: 
- for initial setup   = 0.00314999 (s)
- for hierarchy setup = 0.018311 (s)
- for smoothers setup = 1.39689 (s)
- for coarse setup    = 0.0375581 (s)
- for final setup     = 0.000157118 (s)
------------------------------------------------------------------------------
  
  		*******************************************************
  		***** Problem: Epetra::CrsMatrix
  		***** Preconditioned GMRES solution
  		***** ML (L=2, IFPACK_pre0/IFPACK_post0, ~/Amesos_KLU_1)
  		***** No scaling
  		*******************************************************
  
                  iter:    0           residual = 1.000000e+00
                  iter:    2           residual = 7.962013e-02
  
  
  		Solution time: 0.029626 (sec.)
  		total iterations: 2
  
Field       Average         Maximum (@IP)   Minimum (@IP)  
UX          -3.51896417e-03 1.67101553e+01  -1.60510678e+01
UY          3.39396326e-01  2.04975757e+01  -1.93015209e+01
PRESSURE    1.83653665e+03  4.41163582e+03  -5.40253926e+01
TEMPERATURE 3.50451206e-01  7.18013505e-01  1.68877391e-03 

************************************************************************
-- Backtrack Line Search -- 
  1: step = 1.000e+00 old f = 1.949e-02 new f = 1.233e-04 (STEP ACCEPTED!)
************************************************************************

************************************************************************
-- Status Test Results --
**...........OR Combination -> 
  **...........AND Combination -> 
    **...........F-Norm = 1.570e-02 < 1.000e-04
                 (Unscaled Two-Norm, Absolute Tolerance)
    **...........WRMS-Norm = 1.205e+06 < 1
                 (Min Step Size:  1.000e+00 >= 0.1)
  **...........Number of Iterations = 4 < 200
  **...........Finite Number Check (Two-Norm F) = Finite
************************************************************************

************************************************************************
-- Nonlinear Solver Step 4 -- 
||F|| = 1.570e-02  step = 1.000e+00  dx = 1.831e+05
************************************************************************

       CALCULATING FORCING TERM
       Method: Type 2
       Forcing Term Norm: Using L-2 Norm.
       Residual Norm k-1 =             0.197
       Residual Norm k =               0.0157
       Calculated eta_k (pre-bounds) = 0.0202
       Forcing Term: 0.0202
------------------------------------------------------------------------------
Re-computing the preconditioner...
Time to re-build the hierarchy = 0.0077548 (s)
Number of actual levels : 2

Smoother (level 0) : # global rows = 10404, # estim. global nnz = 364816, # nnz per row = 35.06
Smoother (level 0) : IFPACK, type=`ILU',
Smoother (level 0) : both,overlap=1
Smoother (level 0) : level-of-fill=5,rel. threshold=1,abs. threshold=0
Smoother (level 0) : Setup time : 0.339765 (s)

WARNING **********************************************************************
You have requested to keep the finest level smoother from a previous
solve.  In order to reuse part or all of the incomplete factorization
from smoother "IFPACK", you must also specify the smoother options
"reuse numeric factorization" and/or "reuse symbolic factorization".
Not doing so  may result in memory leaks or crashes.

Amesos (level 1) : NumGlobalRows = 1156
Amesos (level 1) : NumGlobalNonzeros = 31213
Amesos (level 1) : Fill-in = 2.33571 %
Amesos (level 1) : Building KLU
Amesos (level 1) : Time for factorization  = 0.010072 (s)


Cumulative timing for construction so far: 
- for initial setup   = 0.00314999 (s)
- for hierarchy setup = 0.0183179 (s)
- for smoothers setup = 1.73665 (s)
- for coarse setup    = 0.0479281 (s)
- for final setup     = 0.000160933 (s)
------------------------------------------------------------------------------
  
  		*******************************************************
  		***** Problem: Epetra::CrsMatrix
  		***** Preconditioned GMRES solution
  		***** ML (L=2, IFPACK_pre0/IFPACK_post0, ~/Amesos_KLU_1)
  		***** No scaling
  		*******************************************************
  
                  iter:    0           residual = 1.000000e+00
                  iter:    3           residual = 5.345197e-03
  
  
  		Solution time: 0.039066 (sec.)
  		total iterations: 3
  
Field       Average         Maximum (@IP)   Minimum (@IP)  
UX          -7.37973106e-04 1.66907919e+01  -1.60730384e+01
UY          3.37750736e-01  2.04731762e+01  -1.93217795e+01
PRESSURE    1.86167297e+03  4.44042869e+03  -3.37593075e+01
TEMPERATURE 3.51058892e-01  7.18028869e-01  1.69456381e-03 

************************************************************************
-- Backtrack Line Search -- 
  1: step = 1.000e+00 old f = 1.233e-04 new f = 3.509e-09 (STEP ACCEPTED!)
************************************************************************

************************************************************************
-- Status Test Results --
**...........OR Combination -> 
  **...........AND Combination -> 
    Converged....F-Norm = 8.377e-05 < 1.000e-04
                 (Unscaled Two-Norm, Absolute Tolerance)
    **...........WRMS-Norm = 1.997e+04 < 1
                 (Min Step Size:  1.000e+00 >= 0.1)
  **...........Number of Iterations = 5 < 200
  **...........Finite Number Check (Two-Norm F) = Finite
************************************************************************

************************************************************************
-- Nonlinear Solver Step 5 -- 
||F|| = 8.377e-05  step = 1.000e+00  dx = 3.279e+04
************************************************************************

       CALCULATING FORCING TERM
       Method: Type 2
       Forcing Term Norm: Using L-2 Norm.
       Residual Norm k-1 =             0.0157
       Residual Norm k =               8.38e-05
       Calculated eta_k (pre-bounds) = 0.000351
       Forcing Term: 0.000351
------------------------------------------------------------------------------
Re-computing the preconditioner...
Time to re-build the hierarchy = 0.00823116 (s)
Number of actual levels : 2

Smoother (level 0) : # global rows = 10404, # estim. global nnz = 364816, # nnz per row = 35.06
Smoother (level 0) : IFPACK, type=`ILU',
Smoother (level 0) : both,overlap=1
Smoother (level 0) : level-of-fill=5,rel. threshold=1,abs. threshold=0
Smoother (level 0) : Setup time : 0.341105 (s)

WARNING **********************************************************************
You have requested to keep the finest level smoother from a previous
solve.  In order to reuse part or all of the incomplete factorization
from smoother "IFPACK", you must also specify the smoother options
"reuse numeric factorization" and/or "reuse symbolic factorization".
Not doing so  may result in memory leaks or crashes.

Amesos (level 1) : NumGlobalRows = 1156
Amesos (level 1) : NumGlobalNonzeros = 31213
Amesos (level 1) : Fill-in = 2.33571 %
Amesos (level 1) : Building KLU
Amesos (level 1) : Time for factorization  = 0.010066 (s)


Cumulative timing for construction so far: 
- for initial setup   = 0.00314999 (s)
- for hierarchy setup = 0.0183251 (s)
- for smoothers setup = 2.07776 (s)
- for coarse setup    = 0.0582871 (s)
- for final setup     = 0.000165939 (s)
------------------------------------------------------------------------------
  
  		*******************************************************
  		***** Problem: Epetra::CrsMatrix
  		***** Preconditioned GMRES solution
  		***** ML (L=2, IFPACK_pre0/IFPACK_post0, ~/Amesos_KLU_1)
  		***** No scaling
  		*******************************************************
  
                  iter:    0           residual = 1.000000e+00
                  iter:    5           residual = 1.922944e-04
  
  
  		Solution time: 0.057975 (sec.)
  		total iterations: 5
  
Field       Average         Maximum (@IP)   Minimum (@IP)  
UX          -7.48917845e-04 1.66909827e+01  -1.60731800e+01
UY          3.37762442e-01  2.04732682e+01  -1.93217480e+01
PRESSURE    1.86189493e+03  4.44064280e+03  -3.35341831e+01
TEMPERATURE 3.51056844e-01  7.18028814e-01  1.69454507e-03 

************************************************************************
-- Backtrack Line Search -- 
  1: step = 1.000e+00 old f = 3.509e-09 new f = 1.297e-16 (STEP ACCEPTED!)
************************************************************************

************************************************************************
-- Status Test Results --
**...........OR Combination -> 
  **...........AND Combination -> 
    Converged....F-Norm = 1.610e-08 < 1.000e-04
                 (Unscaled Two-Norm, Absolute Tolerance)
    **...........WRMS-Norm = 1.215e+02 < 1
                 (Min Step Size:  1.000e+00 >= 0.1)
  **...........Number of Iterations = 6 < 200
  **...........Finite Number Check (Two-Norm F) = Finite
************************************************************************

************************************************************************
-- Nonlinear Solver Step 6 -- 
||F|| = 1.610e-08  step = 1.000e+00  dx = 2.880e+02
************************************************************************

       CALCULATING FORCING TERM
       Method: Type 2
       Forcing Term Norm: Using L-2 Norm.
       Residual Norm k-1 =             8.38e-05
       Residual Norm k =               1.61e-08
       Calculated eta_k (pre-bounds) = 2.4e-06
       Forcing Term: 0.0001
------------------------------------------------------------------------------
Re-computing the preconditioner...
Time to re-build the hierarchy = 0.00786304 (s)
Number of actual levels : 2

Smoother (level 0) : # global rows = 10404, # estim. global nnz = 364816, # nnz per row = 35.06
Smoother (level 0) : IFPACK, type=`ILU',
Smoother (level 0) : both,overlap=1
Smoother (level 0) : level-of-fill=5,rel. threshold=1,abs. threshold=0
Smoother (level 0) : Setup time : 0.342478 (s)

WARNING **********************************************************************
You have requested to keep the finest level smoother from a previous
solve.  In order to reuse part or all of the incomplete factorization
from smoother "IFPACK", you must also specify the smoother options
"reuse numeric factorization" and/or "reuse symbolic factorization".
Not doing so  may result in memory leaks or crashes.

Amesos (level 1) : NumGlobalRows = 1156
Amesos (level 1) : NumGlobalNonzeros = 31213
Amesos (level 1) : Fill-in = 2.33571 %
Amesos (level 1) : Building KLU
Amesos (level 1) : Time for factorization  = 0.010148 (s)


Cumulative timing for construction so far: 
- for initial setup   = 0.00314999 (s)
- for hierarchy setup = 0.018332 (s)
- for smoothers setup = 2.42024 (s)
- for coarse setup    = 0.0687282 (s)
- for final setup     = 0.000169992 (s)
------------------------------------------------------------------------------
  
  		*******************************************************
  		***** Problem: Epetra::CrsMatrix
  		***** Preconditioned GMRES solution
  		***** ML (L=2, IFPACK_pre0/IFPACK_post0, ~/Amesos_KLU_1)
  		***** No scaling
  		*******************************************************
  
                  iter:    0           residual = 1.000000e+00
                  iter:    6           residual = 6.462197e-05
  
  
  		Solution time: 0.068095 (sec.)
  		total iterations: 6
  
Field       Average         Maximum (@IP)   Minimum (@IP)  
UX          -7.48920124e-04 1.66909827e+01  -1.60731800e+01
UY          3.37762442e-01  2.04732682e+01  -1.93217480e+01
PRESSURE    1.86189495e+03  4.44064281e+03  -3.35341624e+01
TEMPERATURE 3.51056844e-01  7.18028814e-01  1.69454506e-03 

************************************************************************
-- Backtrack Line Search -- 
  1: step = 1.000e+00 old f = 1.297e-16 new f = 5.460e-25 (STEP ACCEPTED!)
************************************************************************


************************************************************************
-- Nonlinear Solver Step 7 -- 
||F|| = 1.045e-12  step = 1.000e+00  dx = 2.217e-02 (Converged!)
************************************************************************

************************************************************************
-- Final Status Test Results --
Converged....OR Combination -> 
  Converged....AND Combination -> 
    Converged....F-Norm = 1.045e-12 < 1.000e-04
                 (Unscaled Two-Norm, Absolute Tolerance)
    Converged....WRMS-Norm = 1.274e-02 < 1
                 (Min Step Size:  1.000e+00 >= 0.1)
  **...........Number of Iterations = 7 < 200
  **...........Finite Number Check (Two-Norm F) = Finite
************************************************************************
Field       Average         Maximum (@IP)   Minimum (@IP)  
UX          -7.48920124e-04 1.66909827e+01  -1.60731800e+01
UY          3.37762442e-01  2.04732682e+01  -1.93217480e+01
PRESSURE    1.86189495e+03  4.44064281e+03  -3.35341624e+01
TEMPERATURE 3.51056844e-01  7.18028814e-01  1.69454506e-03 
------------------------------------------------------------------------------
   ML time information (seconds)          total          avg

   1- Construction                  =    2.55697    0.365281
   2- Preconditioner apply          =   0.262984
     a- first application(s) only   =  0.0641143  0.00915919
     b- remaining applications      =   0.198869  0.00662897

   3- Total time required by ML so far is 2.81995 seconds
      (constr + all applications)
------------------------------------------------------------------------------
========================================================================================

                          TimeMonitor results over 1 processor

Timer Name                                                   Global time (num calls)    
----------------------------------------------------------------------------------------
Drekar: Total Time                                           5.34 (1)                   
NOX Total Linear Solve                                       0.2945 (7)                 
NOX Total Preconditioner Construction                        2.567 (7)                  
STK_Interface::setupTransientExodusFile(filename)            0.3613 (1)                 
STK_Interface::writeToExodus(timestep)                       0.04823 (1)                
Thyra::NOXNonlinearSolver::solve                             4.557 (1)                  
panzer::ModelEvaluator::evalModel(J)                         1.393 (7)                  
panzer::ModelEvaluator::evalModel(f)                         0.2093 (9)                 
panzer::SquareQuadMeshFactory::buildUncomittedMesh()         0.000124 (1)               
panzer::SquareQuadMeshFactory::completeMeshConstruction()    0.09269 (1)                
========================================================================================
Drekar run completed.
