Mesh -> 
 Source = Inline Mesh   [unused]
 Exodus File -> 
  File Name = drekar.exo   [unused]
 Inline Mesh -> 
  Mesh Dimension = 2   [unused]
  Mesh Factory Parameter List -> 
   X Blocks = 1   [unused]
   Y Blocks = 1   [unused]
   X Elements = 50   [unused]
   Y Elements = 50   [unused]
   X0 = 0   [unused]
   Y0 = 0   [unused]
   Xf = 1   [unused]
   Yf = 1   [unused]
   Periodic BCs -> 
    Count = 0   [unused]
Block ID to Physics ID Mapping -> 
 eblock-0_0 = fluid   [unused]
Assembly -> 
 Workset Size = 1   [unused]
Physics Blocks -> 
 fluid -> 
  child0 -> 
   Type = Continuity   [unused]
   Basis Type = HGrad   [unused]
   Basis Order = 1   [unused]
   Integration Order = 2   [unused]
   Model ID = fluid model   [unused]
   Prefix =    [unused]
   Options -> 
    TAU_C = NONE   [unused]
    PSPG STABILIZATION = ON   [unused]
  child1 -> 
   Type = Momentum   [unused]
   Basis Type = HGrad   [unused]
   Basis Order = 1   [unused]
   Integration Order = 2   [unused]
   Model ID = fluid model   [unused]
   Prefix =    [unused]
   Options -> 
    DCO_M = OFF   [unused]
    TAU_M = SHAKIB   [unused]
    SUPG STABILIZATION = ON   [unused]
    USE SOURCE TERM = ON   [unused]
  child2 -> 
   Type = Energy   [unused]
   Basis Type = HGrad   [unused]
   Basis Order = 1   [unused]
   Integration Order = 2   [unused]
   Model ID = fluid model   [unused]
   Prefix =    [unused]
   Options -> 
    TAU_E = SHAKIB   [unused]
    SUPG STABILIZATION = ON   [unused]
    DCO_E = OFF   [unused]
    USE SOURCE TERM = OFF   [unused]
Closure Models -> 
 fluid model -> 
  DENSITY -> 
   Value = 1   [unused]
  STRESS_TENSOR -> 
   Value = NEWTONIAN   [unused]
  VISCOSITY -> 
   Value = 0.71   [unused]
  SOURCE_MOMENTUM -> 
   Value = BOUSSINESQ   [unused]
   Reference Density = 1   [unused]
   Reference Temperature = 0   [unused]
   Volume Expansion Coefficient = 1000   [unused]
  GRAVITY_X -> 
   Value = 0   [unused]
  GRAVITY_Y -> 
   Value = -10   [unused]
  Global Statistics -> 
   Value = UX,UY,PRESSURE,TEMPERATURE   [unused]
  HEAT_CAPACITY -> 
   Value = 1   [unused]
  THERMAL_CONDUCTIVITY -> 
   Value = 1   [unused]
  ENERGY_FLUX -> 
   Value = FOURIER   [unused]
  SOURCE_TEMPERATURE -> 
   Value = 0   [unused]
User Data -> 
 [empty list]
Boundary Conditions -> 
 child0 -> 
  Type = Dirichlet   [unused]
  Sideset ID = top   [unused]
  Element Block ID = eblock-0_0   [unused]
  Equation Set Name = UX   [unused]
  Strategy = Constant   [unused]
  Data -> 
   Value = 0   [unused]
 child1 -> 
  Type = Dirichlet   [unused]
  Sideset ID = top   [unused]
  Element Block ID = eblock-0_0   [unused]
  Equation Set Name = UY   [unused]
  Strategy = Constant   [unused]
  Data -> 
   Value = 0   [unused]
 child2 -> 
  Type = Dirichlet   [unused]
  Sideset ID = bottom   [unused]
  Element Block ID = eblock-0_0   [unused]
  Equation Set Name = UX   [unused]
  Strategy = Constant   [unused]
  Data -> 
   Value = 0   [unused]
 child3 -> 
  Type = Dirichlet   [unused]
  Sideset ID = bottom   [unused]
  Element Block ID = eblock-0_0   [unused]
  Equation Set Name = UY   [unused]
  Strategy = Constant   [unused]
  Data -> 
   Value = 0   [unused]
 child4 -> 
  Type = Dirichlet   [unused]
  Sideset ID = left   [unused]
  Element Block ID = eblock-0_0   [unused]
  Equation Set Name = UX   [unused]
  Strategy = Constant   [unused]
  Data -> 
   Value = 0   [unused]
 child5 -> 
  Type = Dirichlet   [unused]
  Sideset ID = left   [unused]
  Element Block ID = eblock-0_0   [unused]
  Equation Set Name = UY   [unused]
  Strategy = Constant   [unused]
  Data -> 
   Value = 0   [unused]
 child6 -> 
  Type = Dirichlet   [unused]
  Sideset ID = left   [unused]
  Element Block ID = eblock-0_0   [unused]
  Equation Set Name = TEMPERATURE   [unused]
  Strategy = Constant   [unused]
  Data -> 
   Value = 0.72   [unused]
 child7 -> 
  Type = Dirichlet   [unused]
  Sideset ID = right   [unused]
  Element Block ID = eblock-0_0   [unused]
  Equation Set Name = UX   [unused]
  Strategy = Constant   [unused]
  Data -> 
   Value = 0   [unused]
 child8 -> 
  Type = Dirichlet   [unused]
  Sideset ID = right   [unused]
  Element Block ID = eblock-0_0   [unused]
  Equation Set Name = UY   [unused]
  Strategy = Constant   [unused]
  Data -> 
   Value = 0   [unused]
 child9 -> 
  Type = Dirichlet   [unused]
  Sideset ID = right   [unused]
  Element Block ID = eblock-0_0   [unused]
  Equation Set Name = TEMPERATURE   [unused]
  Strategy = Constant   [unused]
  Data -> 
   Value = 0   [unused]
Initial Conditions -> 
 eblock-0_0 -> 
  UX -> 
   Value = 0   [unused]
  UY -> 
   Value = 0   [unused]
  PRESSURE -> 
   Value = 0   [unused]
  TEMPERATURE -> 
   Value = 0   [unused]
Output -> 
 File Name = ThermalConv.exo   [unused]
Options -> 
 Write Volume Assembly Graphs = 0   [unused]
 Volume Assembly Graph Prefix = Thermalconvection_   [unused]
Solution Control -> 
 Piro Solver = NOX   [unused]
 Compute Sensitivities = 0   [unused]
 Jacobian Operator = Have Jacobian   [unused]
 NOX -> 
  Nonlinear Solver = Line Search Based   [unused]
  Direction -> 
   Method = Newton   [unused]
   Newton -> 
    Forcing Term Method = Type 2   [unused]
    Rescue Bad Newton Solve = 1   [unused]
    Linear Solver -> 
     Tolerance = 0.001   [unused]
    Stratimikos Linear Solver -> 
     NOX Stratimikos Options -> 
      [empty list]
     Stratimikos -> 
      Linear Solver Type = MCLS   [unused]
      Preconditioner Type = MCLS   [unused]
      Linear Solver Types -> 
       AztecOO -> 
        Forward Solve -> 
         Max Iterations = 600   [unused]
         Tolerance = 1e-05   [unused]
         AztecOO Settings -> 
          Aztec Solver = GMRES   [unused]
          Convergence Test = r0   [unused]
          Size of Krylov Subspace = 200   [unused]
          Output Frequency = 10   [unused]
       Belos -> 
        Solver Type = Block GMRES   [unused]
        Solver Types -> 
         Block GMRES -> 
          Convergence Tolerance = 1e-05   [unused]
          Output Frequency = 10   [unused]
          Output Style = 1   [unused]
          Verbosity = 33   [unused]
          Maximum Iterations = 100   [unused]
          Block Size = 1   [unused]
          Num Blocks = 200   [unused]
          Flexible Gmres = 0   [unused]
        VerboseObject -> 
         Output File = none   [unused]
         Verbosity Level = medium   [unused]
       MCLS -> 
        Solver Type = Fixed Point   [unused]
        Solver Types -> 
         MCSA -> 
          Fixed Point Type = Richardson   [unused]
          MC Type = Adjoint   [unused]
          Estimator Type = Collision   [unused]
          Transport Type = Global   [unused]
          Number of Sets = 1   [unused]
          Reproducible MC Mode = 0   [unused]
          Overlap Size = 0   [unused]
          Maximum Iterations = 100   [unused]
          Weight Cutoff = 0.01   [unused]
          Set Number of Histories = 500000   [unused]
          Iteration Print Frequency = 1   [unused]
          Richardson Relaxation = 1   [unused]
          Neumann Relaxation = 1   [unused]
          Absorption Probability = 0   [unused]
          Domain Filter Tolerance = 0   [unused]
          Domain Fill Value = 200   [unused]
          Domain Weight Recovery = 0   [unused]
         Fixed Point -> 
          Fixed Point Type = Richardson   [unused]
          Maximum Iterations = 10000   [unused]
          Iteration Print Frequency = 1   [unused]
          Richardson Relaxation = 1   [unused]
      Preconditioner Types -> 
       Ifpack -> 
        Overlap = 1   [unused]
        Prec Type = ILUT   [unused]
        Ifpack Settings -> 
         fact: drop tolerance = 0.0001   [unused]
         fact: ilut level-of-fill = 5   [unused]
         fact: level-of-fill = 1   [unused]
       ML -> 
        Base Method Defaults = SA   [unused]
        ML Settings -> 
         ML output = 10   [unused]
         prec type = MGV   [unused]
         print unused = 0   [unused]
         PDE equations = 4   [unused]
         max levels = 10   [unused]
         cycle applications = 1   [unused]
         aggregation: threshold = 0   [unused]
         aggregation: type = Uncoupled   [unused]
         aggregation: damping factor = 0   [unused]
         aggregation: block scaling = 0   [unused]
         energy minimization: enable = 0   [unused]
         energy minimization: type = 3   [unused]
         smoother: type = IFPACK   [unused]
         smoother: ifpack type = ILU   [unused]
         smoother: ifpack overlap = 1   [unused]
         smoother: damping factor = 1   [unused]
         smoother: pre or post = both   [unused]
         smoother: sweeps = 1   [unused]
         coarse: max size = 2000   [unused]
         coarse: type = Amesos-KLU   [unused]
         smoother: ifpack list -> 
          fact: level-of-fill = 5   [unused]
          schwarz: reordering type = rcm   [unused]
          fact: drop tolerance = 1e-06   [unused]
          fact: maximum fill factor = 100   [unused]
       MCLS -> 
        Preconditioner Type = ML   [unused]
        Preconditioner Types -> 
         Block Jacobi -> 
          Jacobi Block Size = 4   [unused]
         ILUT -> 
          fact: ilut level-of-fill = 3   [unused]
          fact: drop tolerance = 0.0005   [unused]
         ParaSails -> 
          ParaSails: Threshold = 0.001   [unused]
          ParaSails: Number of Levels = 7   [unused]
          ParaSails: Filter = 0.001   [unused]
         PSILUT -> 
          fact: ilut level-of-fill = 3   [unused]
          fact: drop tolerance = 0.0001   [unused]
          ParaSails: Threshold = 0.1   [unused]
          ParaSails: Number of Levels = 1   [unused]
          ParaSails: Filter = 0   [unused]
         ML -> 
          Base Method Defaults = SA   [unused]
          ML Settings -> 
           ML output = 10   [unused]
           prec type = MGV   [unused]
           print unused = 0   [unused]
           PDE equations = 4   [unused]
           max levels = 10   [unused]
           cycle applications = 1   [unused]
           aggregation: threshold = 0   [unused]
           aggregation: type = Uncoupled   [unused]
           aggregation: damping factor = 0   [unused]
           aggregation: block scaling = 0   [unused]
           energy minimization: enable = 0   [unused]
           energy minimization: type = 3   [unused]
           smoother: type = IFPACK   [unused]
           smoother: ifpack type = ILU   [unused]
           smoother: ifpack overlap = 1   [unused]
           smoother: damping factor = 1   [unused]
           smoother: pre or post = both   [unused]
           smoother: sweeps = 1   [unused]
           coarse: max size = 2000   [unused]
           coarse: type = Amesos-KLU   [unused]
           smoother: ifpack list -> 
            fact: level-of-fill = 5   [unused]
            schwarz: reordering type = rcm   [unused]
            fact: drop tolerance = 1e-06   [unused]
            fact: maximum fill factor = 100   [unused]
  Line Search -> 
   Method = Backtrack   [unused]
   Full Step -> 
    Full Step = 1   [unused]
   Polynomial -> 
    Max Iters = 4   [unused]
    Recovery Step Type = Constant   [unused]
    Recovery Step = 0.001   [unused]
    Allowed Relative Increase = 500   [unused]
    Maximum Iteration for Increase = 2   [unused]
  Printing -> 
   Output Precision = 3   [unused]
   Output Processor = 0   [unused]
   Output Information -> 
    Error = 1   [unused]
    Warning = 1   [unused]
    Inner Iteration = 1   [unused]
    Outer Iteration = 1   [unused]
    Outer Iteration StatusTest = 1   [unused]
    Test Details = 1   [unused]
    Parameters = 1   [unused]
    Details = 1   [unused]
    Linear Solver Details = 1   [unused]
    Stepper Iteration = 1   [unused]
    Stepper Details = 1   [unused]
    Stepper Parameters = 1   [unused]
  Solver Options -> 
   Status Test Check Type = Complete   [unused]
  Thyra Group Options -> 
   Function Scaling = Row Sum   [unused]
  Status Tests -> 
   Test Type = Combo   [unused]
   Combo Type = OR   [unused]
   Number of Tests = 3   [unused]
   Test 0 -> 
    Test Type = Combo   [unused]
    Combo Type = AND   [unused]
    Number of Tests = 2   [unused]
    Test 0 -> 
     Test Type = NormF   [unused]
     Tolerance = 0.0001   [unused]
    Test 1 -> 
     Test Type = NormWRMS   [unused]
     Tolerance = 1   [unused]
     Relative Tolerance = 1e-05   [unused]
     Absolute Tolerance = 1e-08   [unused]
     BDF Multiplier = 1   [unused]
     Alpha = 0.1   [unused]
     Beta = 0.5   [unused]
   Test 1 -> 
    Test Type = MaxIters   [unused]
    Maximum Iterations = 200   [unused]
   Test 2 -> 
    Test Type = FiniteValue   [unused]
 Rythmos -> 
  Nonlinear Solver Type = NOX   [unused]
  Final Time = 10   [unused]
  Stepper Type = BDF   [unused]
  Step Control Strategy Type = ImplicitBDFRamping   [unused]
  Rythmos Integration Control Strategy = Simple   [unused]
  Rythmos Stepper -> 
   VerboseObject -> 
    Verbosity Level = medium   [unused]
  Stratimikos -> 
   [empty list]
  Rythmos Integrator -> 
   VerboseObject -> 
    Verbosity Level = high   [unused]
  Rythmos Integration Control -> 
   [empty list]
  Rythmos Step Control Strategy -> 
   Number of Constant First Order Steps = 4   [unused]
   Initial Step Size = 0.01   [unused]
   Min Step Size = 0.001   [unused]
   Max Step Size = 0.1   [unused]
   Step Size Decrease Factor = 0.5   [unused]
   Step Size Increase Factor = 1.2   [unused]
   Max Order = 2   [unused]
   Absolute Error Tolerance = 1e-07   [unused]
   Relative Error Tolerance = 1e-05   [unused]

STK Mesh data:
   Spatial dim = 2
   Entity counts (Nodes, Edges, Cells) = ( 2601, 5100, 2500 )
   Element blocks = "eblock-0_0" 
   Sidesets = "bottom" "left" "right" "top" 
   Nodesets = "lower_left" "origin" 
Field       Average         Maximum (@IP)   Minimum (@IP)  
UX          0.00000000e+00  2.22507386e-308 0.00000000e+00 
UY          0.00000000e+00  2.22507386e-308 0.00000000e+00 
PRESSURE    0.00000000e+00  2.22507386e-308 0.00000000e+00 
TEMPERATURE 0.00000000e+00  2.22507386e-308 0.00000000e+00 

************************************************************************

-- Parameters Passed to Nonlinear Solver --

     Nonlinear Solver = Line Search Based
     Direction -> 
      Method = Newton
      Newton -> 
       Forcing Term Method = Type 2
       Rescue Bad Newton Solve = 1
       Forcing Term Minimum Tolerance = 0.0001   [default]
       Forcing Term Maximum Tolerance = 0.9   [default]
       Forcing Term Initial Tolerance = 0.01   [default]
       Forcing Term Alpha = 1.5   [default]
       Forcing Term Gamma = 0.9   [default]
       Linear Solver -> 
        Tolerance = 0.001   [unused]
       Stratimikos Linear Solver -> 
        NOX Stratimikos Options -> 
         [empty list]
        Stratimikos -> 
         Linear Solver Type = MCLS   [unused]
         Preconditioner Type = MCLS   [unused]
         Linear Solver Types -> 
          AztecOO -> 
           Forward Solve -> 
            Max Iterations = 600   [unused]
            Tolerance = 1e-05   [unused]
            AztecOO Settings -> 
             Aztec Solver = GMRES   [unused]
             Convergence Test = r0   [unused]
             Size of Krylov Subspace = 200   [unused]
             Output Frequency = 10   [unused]
          Belos -> 
           Solver Type = Block GMRES   [unused]
           Solver Types -> 
            Block GMRES -> 
             Convergence Tolerance = 1e-05   [unused]
             Output Frequency = 10   [unused]
             Output Style = 1   [unused]
             Verbosity = 33   [unused]
             Maximum Iterations = 100   [unused]
             Block Size = 1   [unused]
             Num Blocks = 200   [unused]
             Flexible Gmres = 0   [unused]
           VerboseObject -> 
            Output File = none   [unused]
            Verbosity Level = medium   [unused]
          MCLS -> 
           Solver Type = Fixed Point   [unused]
           Solver Types -> 
            MCSA -> 
             Fixed Point Type = Richardson   [unused]
             MC Type = Adjoint   [unused]
             Estimator Type = Collision   [unused]
             Transport Type = Global   [unused]
             Number of Sets = 1   [unused]
             Reproducible MC Mode = 0   [unused]
             Overlap Size = 0   [unused]
             Maximum Iterations = 100   [unused]
             Weight Cutoff = 0.01   [unused]
             Set Number of Histories = 500000   [unused]
             Iteration Print Frequency = 1   [unused]
             Richardson Relaxation = 1   [unused]
             Neumann Relaxation = 1   [unused]
             Absorption Probability = 0   [unused]
             Domain Filter Tolerance = 0   [unused]
             Domain Fill Value = 200   [unused]
             Domain Weight Recovery = 0   [unused]
            Fixed Point -> 
             Fixed Point Type = Richardson   [unused]
             Maximum Iterations = 10000   [unused]
             Iteration Print Frequency = 1   [unused]
             Richardson Relaxation = 1   [unused]
         Preconditioner Types -> 
          Ifpack -> 
           Overlap = 1   [unused]
           Prec Type = ILUT   [unused]
           Ifpack Settings -> 
            fact: drop tolerance = 0.0001   [unused]
            fact: ilut level-of-fill = 5   [unused]
            fact: level-of-fill = 1   [unused]
          ML -> 
           Base Method Defaults = SA   [unused]
           ML Settings -> 
            ML output = 10   [unused]
            prec type = MGV   [unused]
            print unused = 0   [unused]
            PDE equations = 4   [unused]
            max levels = 10   [unused]
            cycle applications = 1   [unused]
            aggregation: threshold = 0   [unused]
            aggregation: type = Uncoupled   [unused]
            aggregation: damping factor = 0   [unused]
            aggregation: block scaling = 0   [unused]
            energy minimization: enable = 0   [unused]
            energy minimization: type = 3   [unused]
            smoother: type = IFPACK   [unused]
            smoother: ifpack type = ILU   [unused]
            smoother: ifpack overlap = 1   [unused]
            smoother: damping factor = 1   [unused]
            smoother: pre or post = both   [unused]
            smoother: sweeps = 1   [unused]
            coarse: max size = 2000   [unused]
            coarse: type = Amesos-KLU   [unused]
            smoother: ifpack list -> 
             fact: level-of-fill = 5   [unused]
             schwarz: reordering type = rcm   [unused]
             fact: drop tolerance = 1e-06   [unused]
             fact: maximum fill factor = 100   [unused]
          MCLS -> 
           Preconditioner Type = ML   [unused]
           Preconditioner Types -> 
            Block Jacobi -> 
             Jacobi Block Size = 4   [unused]
            ILUT -> 
             fact: ilut level-of-fill = 3   [unused]
             fact: drop tolerance = 0.0005   [unused]
            ParaSails -> 
             ParaSails: Threshold = 0.001   [unused]
             ParaSails: Number of Levels = 7   [unused]
             ParaSails: Filter = 0.001   [unused]
            PSILUT -> 
             fact: ilut level-of-fill = 3   [unused]
             fact: drop tolerance = 0.0001   [unused]
             ParaSails: Threshold = 0.1   [unused]
             ParaSails: Number of Levels = 1   [unused]
             ParaSails: Filter = 0   [unused]
            ML -> 
             Base Method Defaults = SA   [unused]
             ML Settings -> 
              ML output = 10   [unused]
              prec type = MGV   [unused]
              print unused = 0   [unused]
              PDE equations = 4   [unused]
              max levels = 10   [unused]
              cycle applications = 1   [unused]
              aggregation: threshold = 0   [unused]
              aggregation: type = Uncoupled   [unused]
              aggregation: damping factor = 0   [unused]
              aggregation: block scaling = 0   [unused]
              energy minimization: enable = 0   [unused]
              energy minimization: type = 3   [unused]
              smoother: type = IFPACK   [unused]
              smoother: ifpack type = ILU   [unused]
              smoother: ifpack overlap = 1   [unused]
              smoother: damping factor = 1   [unused]
              smoother: pre or post = both   [unused]
              smoother: sweeps = 1   [unused]
              coarse: max size = 2000   [unused]
              coarse: type = Amesos-KLU   [unused]
              smoother: ifpack list -> 
               fact: level-of-fill = 5   [unused]
               schwarz: reordering type = rcm   [unused]
               fact: drop tolerance = 1e-06   [unused]
               fact: maximum fill factor = 100   [unused]
     Line Search -> 
      Method = Backtrack
      Full Step -> 
       Full Step = 1   [unused]
      Polynomial -> 
       Max Iters = 4   [unused]
       Recovery Step Type = Constant   [unused]
       Recovery Step = 0.001   [unused]
       Allowed Relative Increase = 500   [unused]
       Maximum Iteration for Increase = 2   [unused]
      Backtrack -> 
       Minimum Step = 1e-12   [default]
       Default Step = 1   [default]
       Recovery Step = 1   [default]
       Max Iters = 100   [default]
       Reduction Factor = 0.5   [default]
     Printing -> 
      Output Precision = 3
      Output Processor = 0
      Output Stream = Teuchos::RCP<std::ostream>{ptr=0x6d7a6f0,node=0x6d2caf0,strong_count=18,weak_count=0}
      Error Stream = Teuchos::RCP<std::ostream>{ptr=0x6d7a6f0,node=0x6d2caf0,strong_count=18,weak_count=0}
      MyPID = 0   [default]
      Output Information -> 
       Error = 1
       Warning = 1
       Inner Iteration = 1
       Outer Iteration = 1
       Outer Iteration StatusTest = 1
       Test Details = 1
       Parameters = 1
       Details = 1
       Linear Solver Details = 1
       Stepper Iteration = 1
       Stepper Details = 1
       Stepper Parameters = 1
       Debug = 0   [default]
     Solver Options -> 
      Status Test Check Type = Complete
      User Defined Pre/Post Operator = Teuchos::RCP<NOX::Abstract::PrePostOperator>{ptr=0x6d2c930,node=0x6d35970,strong_count=2,weak_count=0}
      User Defined Merit Function = Teuchos::RCP<NOX::MeritFunction::Generic>{ptr=0x6d1e910,node=0x6d2c160,strong_count=3,weak_count=0}
     Thyra Group Options -> 
      Function Scaling = Row Sum
      Update Row Sum Scaling = Before Each Nonlinear Solve   [default]
      User Defined Scaling = Teuchos::RCP<Thyra::VectorBase<double> >{ptr=0,node=0,strong_count=0,weak_count=0}   [default]
     Status Tests -> 
      Test Type = Combo
      Combo Type = OR
      Number of Tests = 3
      Test 0 -> 
       Test Type = Combo
       Combo Type = AND
       Number of Tests = 2
       Test 0 -> 
        Test Type = NormF
        Tolerance = 0.0001
        Norm Type = Two Norm   [default]
        Scale Type = Unscaled   [default]
       Test 1 -> 
        Test Type = NormWRMS
        Tolerance = 1
        Relative Tolerance = 1e-05
        Absolute Tolerance = 1e-08
        BDF Multiplier = 1
        Alpha = 0.1
        Beta = 0.5
        Disable Implicit Weighting = 1   [default]
      Test 1 -> 
       Test Type = MaxIters
       Maximum Iterations = 200
      Test 2 -> 
       Test Type = FiniteValue
       Vector Type = F Vector   [default]
       Norm Type = Two Norm   [default]
Field       Average         Maximum (@IP)   Minimum (@IP)  
UX          0.00000000e+00  2.22507386e-308 0.00000000e+00 
UY          0.00000000e+00  2.22507386e-308 0.00000000e+00 
PRESSURE    0.00000000e+00  2.22507386e-308 0.00000000e+00 
TEMPERATURE 0.00000000e+00  2.22507386e-308 0.00000000e+00 
************************************************************************
-- Status Test Results --
**...........OR Combination -> 
  **...........AND Combination -> 
    **...........F-Norm = 5.142e+00 < 1.000e-04
                 (Unscaled Two-Norm, Absolute Tolerance)
    **...........WRMS-Norm = 1.000e+12 < 1
  **...........Number of Iterations = 0 < 200
  **...........Finite Number Check (Two-Norm F) = Finite
************************************************************************

************************************************************************
-- Nonlinear Solver Step 0 -- 
||F|| = 5.142e+00  step = 0.000e+00  dx = 0.000e+00
************************************************************************

       CALCULATING FORCING TERM
       Method: Type 2
       Forcing Term: 0.01
MCLS ML: Building ML Preconditioner
------------------------------------------------------------------------------
Using `power-method' for eigen-computations
*** 
*** ML_Epetra::MultiLevelPreconditioner
***
Matrix has 10404 rows and 364816 nonzeros, distributed over 1 process(es)
The linear system matrix is an Epetra_CrsMatrix
** Leaving column map of Main linear system matrix unchanged
Maximum number of levels = 10
Using increasing levels. Finest level  = 0, coarsest level = 9
Number of applications of the ML cycle = 1
Number of PDE equations = 4
Aggregation threshold = 0
Max coarse size = 2000
R and P smoothing : P = (I-\omega A) P_t, R = P^T
R and P smoothing : \omega = 0/lambda_max
Null space type      = default (constants)
Null space dimension = 4
-----------------------------------------------------------------------
ML_Gen_MultiLevelHierarchy (level 0) : Gen Restriction and Prolongator
-----------------------------------------------------------------------
ML_Aggregate_Coarsen (level 0) begins
ML_Aggregate_CoarsenUncoupled : current level = 0
ML_Aggregate_CoarsenUncoupled : current eps = 0.000000e+00
Aggregation(UVB) : Total nonzeros = 364816 (Nrows=10404)
Aggregation(UVB) : Amalgamated matrix done 
Aggregation(UC) : Phase 0 - no. of bdry pts  = 1 
Aggregation(UC) : Phase 1 - nodes aggregated = 2549 (2601)
Aggregation(UC) : Phase 1 - total aggregates = 289 
Aggregation(UC_Phase2_3) : Phase 1 - nodes aggregated = 2549 
Aggregation(UC_Phase2_3) : Phase 1 - total aggregates = 289
Aggregation(UC_Phase2_3) : Phase 2a- additional aggregates = 0
Aggregation(UC_Phase2_3) : Phase 2 - total aggregates = 289
Aggregation(UC_Phase2_3) : Phase 2 - boundary nodes   = 1
Aggregation(UC_Phase2_3) : Phase 3 - leftovers = 0 and singletons = 0
Aggregation(UC) : QR factorization - too small aggregates = 0

Prolongator/Restriction smoother (level 0) : damping = 0.000e+00 , sweeps = 1
Gen_Prolongator (level 0) : not smoothing prolongator
Smoothed Aggregation : operator complexity = 1.072395e+00.
Time to build the hierarchy = 0.0176709 (s)
Number of actual levels : 2

Smoother (level 0) : # global rows = 10404, # estim. global nnz = 364816, # nnz per row = 35.06
Smoother (level 0) : IFPACK, type=`ILU',
Smoother (level 0) : both,overlap=1
Smoother (level 0) : level-of-fill=5,rel. threshold=1,abs. threshold=0
Smoother (level 0) : Setup time : 0.344559 (s)

WARNING **********************************************************************
You have requested to keep the finest level smoother from a previous
solve.  In order to reuse part or all of the incomplete factorization
from smoother "IFPACK", you must also specify the smoother options
"reuse numeric factorization" and/or "reuse symbolic factorization".
Not doing so  may result in memory leaks or crashes.

Amesos (level 1) : NumGlobalRows = 1156
Amesos (level 1) : NumGlobalNonzeros = 26237
Amesos (level 1) : Fill-in = 1.96335 %
Amesos (level 1) : Building KLU
Amesos (level 1) : Time for factorization  = 0.00590515 (s)

WARNING: Parameter "energy minimization: type" 3   [unused] is unused
WARNING: Parameter "coarse: list"    [unused] is unused
WARNING: Parameter "aggregation: list (level 0)"    [unused] is unused
WARNING: Parameter "aggregation: list (level 1)"    [unused] is unused
WARNING: Parameter "aggregation: list (level 2)"    [unused] is unused
WARNING: Parameter "aggregation: list (level 3)"    [unused] is unused
WARNING: Parameter "aggregation: list (level 4)"    [unused] is unused
WARNING: Parameter "aggregation: list (level 5)"    [unused] is unused
WARNING: Parameter "aggregation: list (level 6)"    [unused] is unused
WARNING: Parameter "aggregation: list (level 7)"    [unused] is unused
WARNING: Parameter "aggregation: list (level 8)"    [unused] is unused
WARNING: Parameter "aggregation: list (level 9)"    [unused] is unused
WARNING: Parameter "smoother: list (level 0)"    [unused] is unused

Cumulative timing for construction so far: 
- for initial setup   = 0.00303507 (s)
- for hierarchy setup = 0.017709 (s)
- for smoothers setup = 0.344559 (s)
- for coarse setup    = 0.00626206 (s)
- for final setup     = 0.000140905 (s)
------------------------------------------------------------------------------
MCLS ML: Extracting ML Preconditioner
MCLS ML: Transposing ML Preconditioner
MCLS ML: Complete in 121.281 seconds.
------------------------------------------------------------------------------
   ML time information (seconds)          total          avg

   1- Construction                  =   0.368978    0.368978
   2- Preconditioner apply          =    87.6301
     a- first application(s) only   = 0.00922704  0.00922704
     b- remaining applications      =    87.6209  0.00842185

   3- Total time required by ML so far is 87.9991 seconds
      (constr + all applications)
------------------------------------------------------------------------------
Richardson Iteration 1: Residual = 0.254479
Richardson Iteration 2: Residual = 0.161592
Richardson Iteration 3: Residual = 0.0775991
Richardson Iteration 4: Residual = 0.0326783
Richardson Iteration 5: Residual = 0.0132559
Richardson Iteration 6: Residual = 0.00543164
Field       Average         Maximum (@IP)   Minimum (@IP)  
UX          1.37840505e-02  3.96966605e+01  -3.96398180e+01
UY          3.57515030e-01  4.04817194e+01  -3.94451047e+01
PRESSURE    2.50477300e+03  5.10676823e+03  -1.00435670e+02
TEMPERATURE 3.57460486e-01  7.16903511e-01  2.98546146e-03 

************************************************************************
-- Backtrack Line Search -- 
  1: step = 1.000e+00 old f = 1.322e+01 new f = 5.310e+01
Field       Average         Maximum (@IP)   Minimum (@IP)  
UX          6.89202526e-03  1.98483302e+01  -1.98199090e+01
UY          1.78757515e-01  2.02408597e+01  -1.97225523e+01
PRESSURE    1.25238650e+03  2.55338411e+03  -5.02178350e+01
TEMPERATURE 1.78730243e-01  3.58451755e-01  1.49273073e-03 
  2: step = 5.000e-01 old f = 1.322e+01 new f = 6.618e+00 (STEP ACCEPTED!)
************************************************************************

************************************************************************
-- Status Test Results --
**...........OR Combination -> 
  **...........AND Combination -> 
    **...........F-Norm = 3.638e+00 < 1.000e-04
                 (Unscaled Two-Norm, Absolute Tolerance)
    **...........WRMS-Norm = 6.832e+10 < 1
                 (Min Step Size:  5.000e-01 >= 0.1)
  **...........Number of Iterations = 1 < 200
  **...........Finite Number Check (Two-Norm F) = Finite
************************************************************************

************************************************************************
-- Nonlinear Solver Step 1 -- 
||F|| = 3.638e+00  step = 5.000e-01  dx = 3.565e+06
************************************************************************

       CALCULATING FORCING TERM
       Method: Type 2
       Forcing Term Norm: Using L-2 Norm.
       Residual Norm k-1 =             5.14
       Residual Norm k =               3.64
       Calculated eta_k (pre-bounds) = 0.536
       Forcing Term: 0.536
MCLS ML: Building ML Preconditioner
------------------------------------------------------------------------------
Using `power-method' for eigen-computations
*** 
*** ML_Epetra::MultiLevelPreconditioner
***
Matrix has 10404 rows and 364816 nonzeros, distributed over 1 process(es)
The linear system matrix is an Epetra_CrsMatrix
** Leaving column map of Main linear system matrix unchanged
Maximum number of levels = 10
Using increasing levels. Finest level  = 0, coarsest level = 9
Number of applications of the ML cycle = 1
Number of PDE equations = 4
Aggregation threshold = 0
Max coarse size = 2000
R and P smoothing : P = (I-\omega A) P_t, R = P^T
R and P smoothing : \omega = 0/lambda_max
Null space type      = default (constants)
Null space dimension = 4
-----------------------------------------------------------------------
ML_Gen_MultiLevelHierarchy (level 0) : Gen Restriction and Prolongator
-----------------------------------------------------------------------
ML_Aggregate_Coarsen (level 0) begins
ML_Aggregate_CoarsenUncoupled : current level = 0
ML_Aggregate_CoarsenUncoupled : current eps = 0.000000e+00
Aggregation(UVB) : Total nonzeros = 364816 (Nrows=10404)
Aggregation(UVB) : Amalgamated matrix done 
Aggregation(UC) : Phase 0 - no. of bdry pts  = 1 
Aggregation(UC) : Phase 1 - nodes aggregated = 2549 (2601)
Aggregation(UC) : Phase 1 - total aggregates = 289 
Aggregation(UC_Phase2_3) : Phase 1 - nodes aggregated = 2549 
Aggregation(UC_Phase2_3) : Phase 1 - total aggregates = 289
Aggregation(UC_Phase2_3) : Phase 2a- additional aggregates = 0
Aggregation(UC_Phase2_3) : Phase 2 - total aggregates = 289
Aggregation(UC_Phase2_3) : Phase 2 - boundary nodes   = 1
Aggregation(UC_Phase2_3) : Phase 3 - leftovers = 0 and singletons = 0
Aggregation(UC) : QR factorization - too small aggregates = 0

Prolongator/Restriction smoother (level 0) : damping = 0.000e+00 , sweeps = 1
Gen_Prolongator (level 0) : not smoothing prolongator
Smoothed Aggregation : operator complexity = 1.085558e+00.
Time to build the hierarchy = 0.0166221 (s)
Number of actual levels : 2

Smoother (level 0) : # global rows = 10404, # estim. global nnz = 364816, # nnz per row = 35.06
Smoother (level 0) : IFPACK, type=`ILU',
Smoother (level 0) : both,overlap=1
Smoother (level 0) : level-of-fill=5,rel. threshold=1,abs. threshold=0
Smoother (level 0) : Setup time : 0.338094 (s)

WARNING **********************************************************************
You have requested to keep the finest level smoother from a previous
solve.  In order to reuse part or all of the incomplete factorization
from smoother "IFPACK", you must also specify the smoother options
"reuse numeric factorization" and/or "reuse symbolic factorization".
Not doing so  may result in memory leaks or crashes.

Amesos (level 1) : NumGlobalRows = 1156
Amesos (level 1) : NumGlobalNonzeros = 31213
Amesos (level 1) : Fill-in = 2.33571 %
Amesos (level 1) : Building KLU
Amesos (level 1) : Time for factorization  = 0.0100119 (s)

WARNING: Parameter "energy minimization: type" 3   [unused] is unused
WARNING: Parameter "coarse: list"    [unused] is unused
WARNING: Parameter "aggregation: list (level 0)"    [unused] is unused
WARNING: Parameter "aggregation: list (level 1)"    [unused] is unused
WARNING: Parameter "aggregation: list (level 2)"    [unused] is unused
WARNING: Parameter "aggregation: list (level 3)"    [unused] is unused
WARNING: Parameter "aggregation: list (level 4)"    [unused] is unused
WARNING: Parameter "aggregation: list (level 5)"    [unused] is unused
WARNING: Parameter "aggregation: list (level 6)"    [unused] is unused
WARNING: Parameter "aggregation: list (level 7)"    [unused] is unused
WARNING: Parameter "aggregation: list (level 8)"    [unused] is unused
WARNING: Parameter "aggregation: list (level 9)"    [unused] is unused
WARNING: Parameter "smoother: list (level 0)"    [unused] is unused

Cumulative timing for construction so far: 
- for initial setup   = 0.00289416 (s)
- for hierarchy setup = 0.016659 (s)
- for smoothers setup = 0.338094 (s)
- for coarse setup    = 0.010319 (s)
- for final setup     = 0.000136137 (s)
------------------------------------------------------------------------------
MCLS ML: Extracting ML Preconditioner
MCLS ML: Transposing ML Preconditioner
MCLS ML: Complete in 128.982 seconds.
------------------------------------------------------------------------------
   ML time information (seconds)          total          avg

   1- Construction                  =   0.365495    0.365495
   2- Preconditioner apply          =    88.2876
     a- first application(s) only   = 0.00914097  0.00914097
     b- remaining applications      =    88.2785  0.00848505

   3- Total time required by ML so far is 88.6531 seconds
      (constr + all applications)
------------------------------------------------------------------------------
Richardson Iteration 1: Residual = 0.25157
Field       Average         Maximum (@IP)   Minimum (@IP)  
UX          -1.64294012e-01 2.18381197e+01  -1.91988598e+01
UY          5.98370613e-01  2.69836382e+01  -1.77666112e+01
PRESSURE    6.70060978e+02  3.05565641e+03  -8.60544540e+02
TEMPERATURE 2.97712933e-01  7.17344536e-01  1.29807473e-03 

************************************************************************
-- Backtrack Line Search -- 
  1: step = 1.000e+00 old f = 6.618e+00 new f = 1.214e+00 (STEP ACCEPTED!)
************************************************************************

************************************************************************
-- Status Test Results --
**...........OR Combination -> 
  **...........AND Combination -> 
    **...........F-Norm = 1.558e+00 < 1.000e-04
                 (Unscaled Two-Norm, Absolute Tolerance)
    **...........WRMS-Norm = 4.709e+06 < 1
                 (Min Step Size:  1.000e+00 >= 0.1)
  **...........Number of Iterations = 2 < 200
  **...........Finite Number Check (Two-Norm F) = Finite
************************************************************************

************************************************************************
-- Nonlinear Solver Step 2 -- 
||F|| = 1.558e+00  step = 1.000e+00  dx = 8.799e+05
************************************************************************

       CALCULATING FORCING TERM
       Method: Type 2
       Forcing Term Norm: Using L-2 Norm.
       Residual Norm k-1 =             3.64
       Residual Norm k =               1.56
       Calculated eta_k (pre-bounds) = 0.252
       Forcing Term: 0.353
MCLS ML: Building ML Preconditioner
------------------------------------------------------------------------------
Using `power-method' for eigen-computations
*** 
*** ML_Epetra::MultiLevelPreconditioner
***
Matrix has 10404 rows and 364816 nonzeros, distributed over 1 process(es)
The linear system matrix is an Epetra_CrsMatrix
** Leaving column map of Main linear system matrix unchanged
Maximum number of levels = 10
Using increasing levels. Finest level  = 0, coarsest level = 9
Number of applications of the ML cycle = 1
Number of PDE equations = 4
Aggregation threshold = 0
Max coarse size = 2000
R and P smoothing : P = (I-\omega A) P_t, R = P^T
R and P smoothing : \omega = 0/lambda_max
Null space type      = default (constants)
Null space dimension = 4
-----------------------------------------------------------------------
ML_Gen_MultiLevelHierarchy (level 0) : Gen Restriction and Prolongator
-----------------------------------------------------------------------
ML_Aggregate_Coarsen (level 0) begins
ML_Aggregate_CoarsenUncoupled : current level = 0
ML_Aggregate_CoarsenUncoupled : current eps = 0.000000e+00
Aggregation(UVB) : Total nonzeros = 364816 (Nrows=10404)
Aggregation(UVB) : Amalgamated matrix done 
Aggregation(UC) : Phase 0 - no. of bdry pts  = 1 
Aggregation(UC) : Phase 1 - nodes aggregated = 2549 (2601)
Aggregation(UC) : Phase 1 - total aggregates = 289 
Aggregation(UC_Phase2_3) : Phase 1 - nodes aggregated = 2549 
Aggregation(UC_Phase2_3) : Phase 1 - total aggregates = 289
Aggregation(UC_Phase2_3) : Phase 2a- additional aggregates = 0
Aggregation(UC_Phase2_3) : Phase 2 - total aggregates = 289
Aggregation(UC_Phase2_3) : Phase 2 - boundary nodes   = 1
Aggregation(UC_Phase2_3) : Phase 3 - leftovers = 0 and singletons = 0
Aggregation(UC) : QR factorization - too small aggregates = 0

Prolongator/Restriction smoother (level 0) : damping = 0.000e+00 , sweeps = 1
Gen_Prolongator (level 0) : not smoothing prolongator
Smoothed Aggregation : operator complexity = 1.085558e+00.
Time to build the hierarchy = 0.0164349 (s)
Number of actual levels : 2

Smoother (level 0) : # global rows = 10404, # estim. global nnz = 364816, # nnz per row = 35.06
Smoother (level 0) : IFPACK, type=`ILU',
Smoother (level 0) : both,overlap=1
Smoother (level 0) : level-of-fill=5,rel. threshold=1,abs. threshold=0
Smoother (level 0) : Setup time : 0.33828 (s)

WARNING **********************************************************************
You have requested to keep the finest level smoother from a previous
solve.  In order to reuse part or all of the incomplete factorization
from smoother "IFPACK", you must also specify the smoother options
"reuse numeric factorization" and/or "reuse symbolic factorization".
Not doing so  may result in memory leaks or crashes.

Amesos (level 1) : NumGlobalRows = 1156
Amesos (level 1) : NumGlobalNonzeros = 31213
Amesos (level 1) : Fill-in = 2.33571 %
Amesos (level 1) : Building KLU
Amesos (level 1) : Time for factorization  = 0.010035 (s)

WARNING: Parameter "energy minimization: type" 3   [unused] is unused
WARNING: Parameter "coarse: list"    [unused] is unused
WARNING: Parameter "aggregation: list (level 0)"    [unused] is unused
WARNING: Parameter "aggregation: list (level 1)"    [unused] is unused
WARNING: Parameter "aggregation: list (level 2)"    [unused] is unused
WARNING: Parameter "aggregation: list (level 3)"    [unused] is unused
WARNING: Parameter "aggregation: list (level 4)"    [unused] is unused
WARNING: Parameter "aggregation: list (level 5)"    [unused] is unused
WARNING: Parameter "aggregation: list (level 6)"    [unused] is unused
WARNING: Parameter "aggregation: list (level 7)"    [unused] is unused
WARNING: Parameter "aggregation: list (level 8)"    [unused] is unused
WARNING: Parameter "aggregation: list (level 9)"    [unused] is unused
WARNING: Parameter "smoother: list (level 0)"    [unused] is unused

Cumulative timing for construction so far: 
- for initial setup   = 0.00285101 (s)
- for hierarchy setup = 0.0164709 (s)
- for smoothers setup = 0.33828 (s)
- for coarse setup    = 0.0103481 (s)
- for final setup     = 0.000133991 (s)
------------------------------------------------------------------------------
MCLS ML: Extracting ML Preconditioner
MCLS ML: Transposing ML Preconditioner
MCLS ML: Complete in 128.674 seconds.
------------------------------------------------------------------------------
   ML time information (seconds)          total          avg

   1- Construction                  =   0.365521    0.365521
   2- Preconditioner apply          =    88.3692
     a- first application(s) only   = 0.00933504  0.00933504
     b- remaining applications      =    88.3598  0.00849287

   3- Total time required by ML so far is 88.7347 seconds
      (constr + all applications)
------------------------------------------------------------------------------
Richardson Iteration 1: Residual = 0.404137
Richardson Iteration 2: Residual = 0.0720326
Field       Average         Maximum (@IP)   Minimum (@IP)  
UX          -4.62419531e-03 1.72140690e+01  -1.62062328e+01
UY          3.61668141e-01  2.09498935e+01  -1.90762348e+01
PRESSURE    1.70033940e+03  4.24242342e+03  -1.57848590e+02
TEMPERATURE 3.42660353e-01  7.17898907e-01  1.60556293e-03 

************************************************************************
-- Backtrack Line Search -- 
  1: step = 1.000e+00 old f = 1.214e+00 new f = 1.774e-02 (STEP ACCEPTED!)
************************************************************************

************************************************************************
-- Status Test Results --
**...........OR Combination -> 
  **...........AND Combination -> 
    **...........F-Norm = 1.884e-01 < 1.000e-04
                 (Unscaled Two-Norm, Absolute Tolerance)
    **...........WRMS-Norm = 5.027e+06 < 1
                 (Min Step Size:  1.000e+00 >= 0.1)
  **...........Number of Iterations = 3 < 200
  **...........Finite Number Check (Two-Norm F) = Finite
************************************************************************

************************************************************************
-- Nonlinear Solver Step 3 -- 
||F|| = 1.884e-01  step = 1.000e+00  dx = 1.362e+06
************************************************************************

       CALCULATING FORCING TERM
       Method: Type 2
       Forcing Term Norm: Using L-2 Norm.
       Residual Norm k-1 =             1.56
       Residual Norm k =               0.188
       Calculated eta_k (pre-bounds) = 0.0378
       Forcing Term: 0.189
MCLS ML: Building ML Preconditioner
------------------------------------------------------------------------------
Using `power-method' for eigen-computations
*** 
*** ML_Epetra::MultiLevelPreconditioner
***
Matrix has 10404 rows and 364816 nonzeros, distributed over 1 process(es)
The linear system matrix is an Epetra_CrsMatrix
** Leaving column map of Main linear system matrix unchanged
Maximum number of levels = 10
Using increasing levels. Finest level  = 0, coarsest level = 9
Number of applications of the ML cycle = 1
Number of PDE equations = 4
Aggregation threshold = 0
Max coarse size = 2000
R and P smoothing : P = (I-\omega A) P_t, R = P^T
R and P smoothing : \omega = 0/lambda_max
Null space type      = default (constants)
Null space dimension = 4
-----------------------------------------------------------------------
ML_Gen_MultiLevelHierarchy (level 0) : Gen Restriction and Prolongator
-----------------------------------------------------------------------
ML_Aggregate_Coarsen (level 0) begins
ML_Aggregate_CoarsenUncoupled : current level = 0
ML_Aggregate_CoarsenUncoupled : current eps = 0.000000e+00
Aggregation(UVB) : Total nonzeros = 364816 (Nrows=10404)
Aggregation(UVB) : Amalgamated matrix done 
Aggregation(UC) : Phase 0 - no. of bdry pts  = 1 
Aggregation(UC) : Phase 1 - nodes aggregated = 2549 (2601)
Aggregation(UC) : Phase 1 - total aggregates = 289 
Aggregation(UC_Phase2_3) : Phase 1 - nodes aggregated = 2549 
Aggregation(UC_Phase2_3) : Phase 1 - total aggregates = 289
Aggregation(UC_Phase2_3) : Phase 2a- additional aggregates = 0
Aggregation(UC_Phase2_3) : Phase 2 - total aggregates = 289
Aggregation(UC_Phase2_3) : Phase 2 - boundary nodes   = 1
Aggregation(UC_Phase2_3) : Phase 3 - leftovers = 0 and singletons = 0
Aggregation(UC) : QR factorization - too small aggregates = 0

Prolongator/Restriction smoother (level 0) : damping = 0.000e+00 , sweeps = 1
Gen_Prolongator (level 0) : not smoothing prolongator
Smoothed Aggregation : operator complexity = 1.085558e+00.
Time to build the hierarchy = 0.016475 (s)
Number of actual levels : 2

Smoother (level 0) : # global rows = 10404, # estim. global nnz = 364816, # nnz per row = 35.06
Smoother (level 0) : IFPACK, type=`ILU',
Smoother (level 0) : both,overlap=1
Smoother (level 0) : level-of-fill=5,rel. threshold=1,abs. threshold=0
Smoother (level 0) : Setup time : 0.338149 (s)

WARNING **********************************************************************
You have requested to keep the finest level smoother from a previous
solve.  In order to reuse part or all of the incomplete factorization
from smoother "IFPACK", you must also specify the smoother options
"reuse numeric factorization" and/or "reuse symbolic factorization".
Not doing so  may result in memory leaks or crashes.

Amesos (level 1) : NumGlobalRows = 1156
Amesos (level 1) : NumGlobalNonzeros = 31213
Amesos (level 1) : Fill-in = 2.33571 %
Amesos (level 1) : Building KLU
Amesos (level 1) : Time for factorization  = 0.010046 (s)

WARNING: Parameter "energy minimization: type" 3   [unused] is unused
WARNING: Parameter "coarse: list"    [unused] is unused
WARNING: Parameter "aggregation: list (level 0)"    [unused] is unused
WARNING: Parameter "aggregation: list (level 1)"    [unused] is unused
WARNING: Parameter "aggregation: list (level 2)"    [unused] is unused
WARNING: Parameter "aggregation: list (level 3)"    [unused] is unused
WARNING: Parameter "aggregation: list (level 4)"    [unused] is unused
WARNING: Parameter "aggregation: list (level 5)"    [unused] is unused
WARNING: Parameter "aggregation: list (level 6)"    [unused] is unused
WARNING: Parameter "aggregation: list (level 7)"    [unused] is unused
WARNING: Parameter "aggregation: list (level 8)"    [unused] is unused
WARNING: Parameter "aggregation: list (level 9)"    [unused] is unused
WARNING: Parameter "smoother: list (level 0)"    [unused] is unused

Cumulative timing for construction so far: 
- for initial setup   = 0.00288701 (s)
- for hierarchy setup = 0.0165129 (s)
- for smoothers setup = 0.338149 (s)
- for coarse setup    = 0.0103502 (s)
- for final setup     = 0.000134945 (s)
------------------------------------------------------------------------------
MCLS ML: Extracting ML Preconditioner
MCLS ML: Transposing ML Preconditioner
MCLS ML: Complete in 128.473 seconds.
------------------------------------------------------------------------------
   ML time information (seconds)          total          avg

   1- Construction                  =   0.365436    0.365436
   2- Preconditioner apply          =    88.3108
     a- first application(s) only   = 0.00928116  0.00928116
     b- remaining applications      =    88.3015  0.00848726

   3- Total time required by ML so far is 88.6762 seconds
      (constr + all applications)
------------------------------------------------------------------------------
Richardson Iteration 1: Residual = 0.285987
Richardson Iteration 2: Residual = 0.102455
Field       Average         Maximum (@IP)   Minimum (@IP)  
UX          -1.71151661e-03 1.67287326e+01  -1.60342518e+01
UY          3.41513524e-01  2.05066954e+01  -1.92865534e+01
PRESSURE    1.83163265e+03  4.40552852e+03  -5.76271463e+01
TEMPERATURE 3.50067913e-01  7.18013341e-01  1.68483811e-03 

************************************************************************
-- Backtrack Line Search -- 
  1: step = 1.000e+00 old f = 1.774e-02 new f = 1.414e-04 (STEP ACCEPTED!)
************************************************************************

************************************************************************
-- Status Test Results --
**...........OR Combination -> 
  **...........AND Combination -> 
    **...........F-Norm = 1.682e-02 < 1.000e-04
                 (Unscaled Two-Norm, Absolute Tolerance)
    **...........WRMS-Norm = 7.868e+04 < 1
                 (Min Step Size:  1.000e+00 >= 0.1)
  **...........Number of Iterations = 4 < 200
  **...........Finite Number Check (Two-Norm F) = Finite
************************************************************************

************************************************************************
-- Nonlinear Solver Step 4 -- 
||F|| = 1.682e-02  step = 1.000e+00  dx = 1.751e+05
************************************************************************

       CALCULATING FORCING TERM
       Method: Type 2
       Forcing Term Norm: Using L-2 Norm.
       Residual Norm k-1 =             0.188
       Residual Norm k =               0.0168
       Calculated eta_k (pre-bounds) = 0.024
       Forcing Term: 0.024
MCLS ML: Building ML Preconditioner
------------------------------------------------------------------------------
Using `power-method' for eigen-computations
*** 
*** ML_Epetra::MultiLevelPreconditioner
***
Matrix has 10404 rows and 364816 nonzeros, distributed over 1 process(es)
The linear system matrix is an Epetra_CrsMatrix
** Leaving column map of Main linear system matrix unchanged
Maximum number of levels = 10
Using increasing levels. Finest level  = 0, coarsest level = 9
Number of applications of the ML cycle = 1
Number of PDE equations = 4
Aggregation threshold = 0
Max coarse size = 2000
R and P smoothing : P = (I-\omega A) P_t, R = P^T
R and P smoothing : \omega = 0/lambda_max
Null space type      = default (constants)
Null space dimension = 4
-----------------------------------------------------------------------
ML_Gen_MultiLevelHierarchy (level 0) : Gen Restriction and Prolongator
-----------------------------------------------------------------------
ML_Aggregate_Coarsen (level 0) begins
ML_Aggregate_CoarsenUncoupled : current level = 0
ML_Aggregate_CoarsenUncoupled : current eps = 0.000000e+00
Aggregation(UVB) : Total nonzeros = 364816 (Nrows=10404)
Aggregation(UVB) : Amalgamated matrix done 
Aggregation(UC) : Phase 0 - no. of bdry pts  = 1 
Aggregation(UC) : Phase 1 - nodes aggregated = 2549 (2601)
Aggregation(UC) : Phase 1 - total aggregates = 289 
Aggregation(UC_Phase2_3) : Phase 1 - nodes aggregated = 2549 
Aggregation(UC_Phase2_3) : Phase 1 - total aggregates = 289
Aggregation(UC_Phase2_3) : Phase 2a- additional aggregates = 0
Aggregation(UC_Phase2_3) : Phase 2 - total aggregates = 289
Aggregation(UC_Phase2_3) : Phase 2 - boundary nodes   = 1
Aggregation(UC_Phase2_3) : Phase 3 - leftovers = 0 and singletons = 0
Aggregation(UC) : QR factorization - too small aggregates = 0

Prolongator/Restriction smoother (level 0) : damping = 0.000e+00 , sweeps = 1
Gen_Prolongator (level 0) : not smoothing prolongator
Smoothed Aggregation : operator complexity = 1.085558e+00.
Time to build the hierarchy = 0.0165682 (s)
Number of actual levels : 2

Smoother (level 0) : # global rows = 10404, # estim. global nnz = 364816, # nnz per row = 35.06
Smoother (level 0) : IFPACK, type=`ILU',
Smoother (level 0) : both,overlap=1
Smoother (level 0) : level-of-fill=5,rel. threshold=1,abs. threshold=0
Smoother (level 0) : Setup time : 0.338526 (s)

WARNING **********************************************************************
You have requested to keep the finest level smoother from a previous
solve.  In order to reuse part or all of the incomplete factorization
from smoother "IFPACK", you must also specify the smoother options
"reuse numeric factorization" and/or "reuse symbolic factorization".
Not doing so  may result in memory leaks or crashes.

Amesos (level 1) : NumGlobalRows = 1156
Amesos (level 1) : NumGlobalNonzeros = 31213
Amesos (level 1) : Fill-in = 2.33571 %
Amesos (level 1) : Building KLU
Amesos (level 1) : Time for factorization  = 0.0100181 (s)

WARNING: Parameter "energy minimization: type" 3   [unused] is unused
WARNING: Parameter "coarse: list"    [unused] is unused
WARNING: Parameter "aggregation: list (level 0)"    [unused] is unused
WARNING: Parameter "aggregation: list (level 1)"    [unused] is unused
WARNING: Parameter "aggregation: list (level 2)"    [unused] is unused
WARNING: Parameter "aggregation: list (level 3)"    [unused] is unused
WARNING: Parameter "aggregation: list (level 4)"    [unused] is unused
WARNING: Parameter "aggregation: list (level 5)"    [unused] is unused
WARNING: Parameter "aggregation: list (level 6)"    [unused] is unused
WARNING: Parameter "aggregation: list (level 7)"    [unused] is unused
WARNING: Parameter "aggregation: list (level 8)"    [unused] is unused
WARNING: Parameter "aggregation: list (level 9)"    [unused] is unused
WARNING: Parameter "smoother: list (level 0)"    [unused] is unused

Cumulative timing for construction so far: 
- for initial setup   = 0.00282097 (s)
- for hierarchy setup = 0.0166061 (s)
- for smoothers setup = 0.338526 (s)
- for coarse setup    = 0.010318 (s)
- for final setup     = 0.000137091 (s)
------------------------------------------------------------------------------
MCLS ML: Extracting ML Preconditioner
MCLS ML: Transposing ML Preconditioner
MCLS ML: Complete in 128.205 seconds.
------------------------------------------------------------------------------
   ML time information (seconds)          total          avg

   1- Construction                  =   0.365876    0.365876
   2- Preconditioner apply          =    88.4161
     a- first application(s) only   = 0.00927806  0.00927806
     b- remaining applications      =    88.4068  0.00849738

   3- Total time required by ML so far is 88.7819 seconds
      (constr + all applications)
------------------------------------------------------------------------------
Richardson Iteration 1: Residual = 0.502704
Richardson Iteration 2: Residual = 0.233282
Richardson Iteration 3: Residual = 0.0986499
Richardson Iteration 4: Residual = 0.0407826
Richardson Iteration 5: Residual = 0.0171251
Field       Average         Maximum (@IP)   Minimum (@IP)  
UX          -7.52166846e-04 1.66912768e+01  -1.60729984e+01
UY          3.37784992e-01  2.04735683e+01  -1.93215956e+01
PRESSURE    1.86150137e+03  4.44022250e+03  -3.38806168e+01
TEMPERATURE 3.51050995e-01  7.18028730e-01  1.69447999e-03 

************************************************************************
-- Backtrack Line Search -- 
  1: step = 1.000e+00 old f = 1.414e-04 new f = 7.043e-09 (STEP ACCEPTED!)
************************************************************************

************************************************************************
-- Status Test Results --
**...........OR Combination -> 
  **...........AND Combination -> 
    **...........F-Norm = 1.187e-04 < 1.000e-04
                 (Unscaled Two-Norm, Absolute Tolerance)
    **...........WRMS-Norm = 5.917e+05 < 1
                 (Min Step Size:  1.000e+00 >= 0.1)
  **...........Number of Iterations = 5 < 200
  **...........Finite Number Check (Two-Norm F) = Finite
************************************************************************

************************************************************************
-- Nonlinear Solver Step 5 -- 
||F|| = 1.187e-04  step = 1.000e+00  dx = 3.911e+04
************************************************************************

       CALCULATING FORCING TERM
       Method: Type 2
       Forcing Term Norm: Using L-2 Norm.
       Residual Norm k-1 =             0.0168
       Residual Norm k =               0.000119
       Calculated eta_k (pre-bounds) = 0.000534
       Forcing Term: 0.000534
MCLS ML: Building ML Preconditioner
------------------------------------------------------------------------------
Using `power-method' for eigen-computations
*** 
*** ML_Epetra::MultiLevelPreconditioner
***
Matrix has 10404 rows and 364816 nonzeros, distributed over 1 process(es)
The linear system matrix is an Epetra_CrsMatrix
** Leaving column map of Main linear system matrix unchanged
Maximum number of levels = 10
Using increasing levels. Finest level  = 0, coarsest level = 9
Number of applications of the ML cycle = 1
Number of PDE equations = 4
Aggregation threshold = 0
Max coarse size = 2000
R and P smoothing : P = (I-\omega A) P_t, R = P^T
R and P smoothing : \omega = 0/lambda_max
Null space type      = default (constants)
Null space dimension = 4
-----------------------------------------------------------------------
ML_Gen_MultiLevelHierarchy (level 0) : Gen Restriction and Prolongator
-----------------------------------------------------------------------
ML_Aggregate_Coarsen (level 0) begins
ML_Aggregate_CoarsenUncoupled : current level = 0
ML_Aggregate_CoarsenUncoupled : current eps = 0.000000e+00
Aggregation(UVB) : Total nonzeros = 364816 (Nrows=10404)
Aggregation(UVB) : Amalgamated matrix done 
Aggregation(UC) : Phase 0 - no. of bdry pts  = 1 
Aggregation(UC) : Phase 1 - nodes aggregated = 2549 (2601)
Aggregation(UC) : Phase 1 - total aggregates = 289 
Aggregation(UC_Phase2_3) : Phase 1 - nodes aggregated = 2549 
Aggregation(UC_Phase2_3) : Phase 1 - total aggregates = 289
Aggregation(UC_Phase2_3) : Phase 2a- additional aggregates = 0
Aggregation(UC_Phase2_3) : Phase 2 - total aggregates = 289
Aggregation(UC_Phase2_3) : Phase 2 - boundary nodes   = 1
Aggregation(UC_Phase2_3) : Phase 3 - leftovers = 0 and singletons = 0
Aggregation(UC) : QR factorization - too small aggregates = 0

Prolongator/Restriction smoother (level 0) : damping = 0.000e+00 , sweeps = 1
Gen_Prolongator (level 0) : not smoothing prolongator
Smoothed Aggregation : operator complexity = 1.085558e+00.
Time to build the hierarchy = 0.0164189 (s)
Number of actual levels : 2

Smoother (level 0) : # global rows = 10404, # estim. global nnz = 364816, # nnz per row = 35.06
Smoother (level 0) : IFPACK, type=`ILU',
Smoother (level 0) : both,overlap=1
Smoother (level 0) : level-of-fill=5,rel. threshold=1,abs. threshold=0
Smoother (level 0) : Setup time : 0.339571 (s)

WARNING **********************************************************************
You have requested to keep the finest level smoother from a previous
solve.  In order to reuse part or all of the incomplete factorization
from smoother "IFPACK", you must also specify the smoother options
"reuse numeric factorization" and/or "reuse symbolic factorization".
Not doing so  may result in memory leaks or crashes.

Amesos (level 1) : NumGlobalRows = 1156
Amesos (level 1) : NumGlobalNonzeros = 31213
Amesos (level 1) : Fill-in = 2.33571 %
Amesos (level 1) : Building KLU
Amesos (level 1) : Time for factorization  = 0.00993204 (s)

WARNING: Parameter "energy minimization: type" 3   [unused] is unused
WARNING: Parameter "coarse: list"    [unused] is unused
WARNING: Parameter "aggregation: list (level 0)"    [unused] is unused
WARNING: Parameter "aggregation: list (level 1)"    [unused] is unused
WARNING: Parameter "aggregation: list (level 2)"    [unused] is unused
WARNING: Parameter "aggregation: list (level 3)"    [unused] is unused
WARNING: Parameter "aggregation: list (level 4)"    [unused] is unused
WARNING: Parameter "aggregation: list (level 5)"    [unused] is unused
WARNING: Parameter "aggregation: list (level 6)"    [unused] is unused
WARNING: Parameter "aggregation: list (level 7)"    [unused] is unused
WARNING: Parameter "aggregation: list (level 8)"    [unused] is unused
WARNING: Parameter "aggregation: list (level 9)"    [unused] is unused
WARNING: Parameter "smoother: list (level 0)"    [unused] is unused

Cumulative timing for construction so far: 
- for initial setup   = 0.0028131 (s)
- for hierarchy setup = 0.0164561 (s)
- for smoothers setup = 0.339571 (s)
- for coarse setup    = 0.010242 (s)
- for final setup     = 0.000144958 (s)
------------------------------------------------------------------------------
MCLS ML: Extracting ML Preconditioner
MCLS ML: Transposing ML Preconditioner
MCLS ML: Complete in 127.49 seconds.
------------------------------------------------------------------------------
   ML time information (seconds)          total          avg

   1- Construction                  =   0.366705    0.366705
   2- Preconditioner apply          =    87.7008
     a- first application(s) only   = 0.00908613  0.00908613
     b- remaining applications      =    87.6917  0.00842865

   3- Total time required by ML so far is 88.0675 seconds
      (constr + all applications)
------------------------------------------------------------------------------
Richardson Iteration 1: Residual = 0.399498
Richardson Iteration 2: Residual = 0.160559
Richardson Iteration 3: Residual = 0.0626124
Richardson Iteration 4: Residual = 0.0243497
Richardson Iteration 5: Residual = 0.00929678
Richardson Iteration 6: Residual = 0.00352174
Richardson Iteration 7: Residual = 0.00132218
Richardson Iteration 8: Residual = 0.000492704
Field       Average         Maximum (@IP)   Minimum (@IP)  
UX          -7.48923317e-04 1.66909828e+01  -1.60731800e+01
UY          3.37762448e-01  2.04732683e+01  -1.93217479e+01
PRESSURE    1.86189479e+03  4.44064265e+03  -3.35343029e+01
TEMPERATURE 3.51056843e-01  7.18028814e-01  1.69454505e-03 

************************************************************************
-- Backtrack Line Search -- 
  1: step = 1.000e+00 old f = 7.043e-09 new f = 9.065e-16 (STEP ACCEPTED!)
************************************************************************

************************************************************************
-- Status Test Results --
**...........OR Combination -> 
  **...........AND Combination -> 
    Converged....F-Norm = 4.258e-08 < 1.000e-04
                 (Unscaled Two-Norm, Absolute Tolerance)
    **...........WRMS-Norm = 1.989e+02 < 1
                 (Min Step Size:  1.000e+00 >= 0.1)
  **...........Number of Iterations = 6 < 200
  **...........Finite Number Check (Two-Norm F) = Finite
************************************************************************

************************************************************************
-- Nonlinear Solver Step 6 -- 
||F|| = 4.258e-08  step = 1.000e+00  dx = 5.114e+02
************************************************************************

       CALCULATING FORCING TERM
       Method: Type 2
       Forcing Term Norm: Using L-2 Norm.
       Residual Norm k-1 =             0.000119
       Residual Norm k =               4.26e-08
       Calculated eta_k (pre-bounds) = 6.12e-06
       Forcing Term: 0.0001
MCLS ML: Building ML Preconditioner
------------------------------------------------------------------------------
Using `power-method' for eigen-computations
*** 
*** ML_Epetra::MultiLevelPreconditioner
***
Matrix has 10404 rows and 364816 nonzeros, distributed over 1 process(es)
The linear system matrix is an Epetra_CrsMatrix
** Leaving column map of Main linear system matrix unchanged
Maximum number of levels = 10
Using increasing levels. Finest level  = 0, coarsest level = 9
Number of applications of the ML cycle = 1
Number of PDE equations = 4
Aggregation threshold = 0
Max coarse size = 2000
R and P smoothing : P = (I-\omega A) P_t, R = P^T
R and P smoothing : \omega = 0/lambda_max
Null space type      = default (constants)
Null space dimension = 4
-----------------------------------------------------------------------
ML_Gen_MultiLevelHierarchy (level 0) : Gen Restriction and Prolongator
-----------------------------------------------------------------------
ML_Aggregate_Coarsen (level 0) begins
ML_Aggregate_CoarsenUncoupled : current level = 0
ML_Aggregate_CoarsenUncoupled : current eps = 0.000000e+00
Aggregation(UVB) : Total nonzeros = 364816 (Nrows=10404)
Aggregation(UVB) : Amalgamated matrix done 
Aggregation(UC) : Phase 0 - no. of bdry pts  = 1 
Aggregation(UC) : Phase 1 - nodes aggregated = 2549 (2601)
Aggregation(UC) : Phase 1 - total aggregates = 289 
Aggregation(UC_Phase2_3) : Phase 1 - nodes aggregated = 2549 
Aggregation(UC_Phase2_3) : Phase 1 - total aggregates = 289
Aggregation(UC_Phase2_3) : Phase 2a- additional aggregates = 0
Aggregation(UC_Phase2_3) : Phase 2 - total aggregates = 289
Aggregation(UC_Phase2_3) : Phase 2 - boundary nodes   = 1
Aggregation(UC_Phase2_3) : Phase 3 - leftovers = 0 and singletons = 0
Aggregation(UC) : QR factorization - too small aggregates = 0

Prolongator/Restriction smoother (level 0) : damping = 0.000e+00 , sweeps = 1
Gen_Prolongator (level 0) : not smoothing prolongator
Smoothed Aggregation : operator complexity = 1.085558e+00.
Time to build the hierarchy = 0.016453 (s)
Number of actual levels : 2

Smoother (level 0) : # global rows = 10404, # estim. global nnz = 364816, # nnz per row = 35.06
Smoother (level 0) : IFPACK, type=`ILU',
Smoother (level 0) : both,overlap=1
Smoother (level 0) : level-of-fill=5,rel. threshold=1,abs. threshold=0
Smoother (level 0) : Setup time : 0.358929 (s)

WARNING **********************************************************************
You have requested to keep the finest level smoother from a previous
solve.  In order to reuse part or all of the incomplete factorization
from smoother "IFPACK", you must also specify the smoother options
"reuse numeric factorization" and/or "reuse symbolic factorization".
Not doing so  may result in memory leaks or crashes.

Amesos (level 1) : NumGlobalRows = 1156
Amesos (level 1) : NumGlobalNonzeros = 31213
Amesos (level 1) : Fill-in = 2.33571 %
Amesos (level 1) : Building KLU
Amesos (level 1) : Time for factorization  = 0.010067 (s)

WARNING: Parameter "energy minimization: type" 3   [unused] is unused
WARNING: Parameter "coarse: list"    [unused] is unused
WARNING: Parameter "aggregation: list (level 0)"    [unused] is unused
WARNING: Parameter "aggregation: list (level 1)"    [unused] is unused
WARNING: Parameter "aggregation: list (level 2)"    [unused] is unused
WARNING: Parameter "aggregation: list (level 3)"    [unused] is unused
WARNING: Parameter "aggregation: list (level 4)"    [unused] is unused
WARNING: Parameter "aggregation: list (level 5)"    [unused] is unused
WARNING: Parameter "aggregation: list (level 6)"    [unused] is unused
WARNING: Parameter "aggregation: list (level 7)"    [unused] is unused
WARNING: Parameter "aggregation: list (level 8)"    [unused] is unused
WARNING: Parameter "aggregation: list (level 9)"    [unused] is unused
WARNING: Parameter "smoother: list (level 0)"    [unused] is unused

Cumulative timing for construction so far: 
- for initial setup   = 0.00290108 (s)
- for hierarchy setup = 0.01649 (s)
- for smoothers setup = 0.358929 (s)
- for coarse setup    = 0.0103698 (s)
- for final setup     = 0.000135183 (s)
------------------------------------------------------------------------------
MCLS ML: Extracting ML Preconditioner
MCLS ML: Transposing ML Preconditioner
MCLS ML: Complete in 128.567 seconds.
------------------------------------------------------------------------------
   ML time information (seconds)          total          avg

   1- Construction                  =   0.386216    0.386216
   2- Preconditioner apply          =    88.8702
     a- first application(s) only   = 0.00930285  0.00930285
     b- remaining applications      =    88.8609  0.00854103

   3- Total time required by ML so far is 89.2564 seconds
      (constr + all applications)
------------------------------------------------------------------------------
Richardson Iteration 1: Residual = 0.369771
Richardson Iteration 2: Residual = 0.136321
Richardson Iteration 3: Residual = 0.0499253
Richardson Iteration 4: Residual = 0.0182307
Richardson Iteration 5: Residual = 0.00662643
Richardson Iteration 6: Residual = 0.00240088
Richardson Iteration 7: Residual = 0.000867144
Richardson Iteration 8: Residual = 0.000312298
Richardson Iteration 9: Residual = 0.000112181
Richardson Iteration 10: Residual = 4.02004e-05
Field       Average         Maximum (@IP)   Minimum (@IP)  
UX          -7.48920124e-04 1.66909827e+01  -1.60731800e+01
UY          3.37762442e-01  2.04732682e+01  -1.93217480e+01
PRESSURE    1.86189495e+03  4.44064281e+03  -3.35341624e+01
TEMPERATURE 3.51056844e-01  7.18028814e-01  1.69454506e-03 

************************************************************************
-- Backtrack Line Search -- 
  1: step = 1.000e+00 old f = 9.065e-16 new f = 1.262e-24 (STEP ACCEPTED!)
************************************************************************


************************************************************************
-- Nonlinear Solver Step 7 -- 
||F|| = 1.589e-12  step = 1.000e+00  dx = 2.017e-01 (Converged!)
************************************************************************

************************************************************************
-- Final Status Test Results --
Converged....OR Combination -> 
  Converged....AND Combination -> 
    Converged....F-Norm = 1.589e-12 < 1.000e-04
                 (Unscaled Two-Norm, Absolute Tolerance)
    Converged....WRMS-Norm = 6.995e-02 < 1
                 (Min Step Size:  1.000e+00 >= 0.1)
  **...........Number of Iterations = 7 < 200
  **...........Finite Number Check (Two-Norm F) = Finite
************************************************************************
Field       Average         Maximum (@IP)   Minimum (@IP)  
UX          -7.48920124e-04 1.66909827e+01  -1.60731800e+01
UY          3.37762442e-01  2.04732682e+01  -1.93217480e+01
PRESSURE    1.86189495e+03  4.44064281e+03  -3.35341624e+01
TEMPERATURE 3.51056844e-01  7.18028814e-01  1.69454506e-03 
========================================================================================

                          TimeMonitor results over 1 processor

Timer Name                                                   Global time (num calls)    
----------------------------------------------------------------------------------------
Drekar: Total Time                                           902.5 (1)                  
NOX Total Linear Solve                                       8.231 (7)                  
NOX Total Preconditioner Construction                        891.8 (7)                  
STK_Interface::setupTransientExodusFile(filename)            0.2944 (1)                 
STK_Interface::writeToExodus(timestep)                       0.05591 (1)                
Thyra::NOXNonlinearSolver::solve                             901.7 (1)                  
panzer::ModelEvaluator::evalModel(J)                         1.37 (7)                   
panzer::ModelEvaluator::evalModel(f)                         0.2071 (9)                 
panzer::SquareQuadMeshFactory::buildUncomittedMesh()         0.0001249 (1)              
panzer::SquareQuadMeshFactory::completeMeshConstruction()    0.09056 (1)                
========================================================================================
Drekar run completed.
