Mesh -> 
 Source = Inline Mesh   [unused]
 Exodus File -> 
  File Name = drekar.exo   [unused]
 Inline Mesh -> 
  Mesh Dimension = 2   [unused]
  Mesh Factory Parameter List -> 
   X Blocks = 1   [unused]
   Y Blocks = 1   [unused]
   X Elements = 100   [unused]
   Y Elements = 100   [unused]
   X0 = 0   [unused]
   Y0 = 0   [unused]
   Xf = 1   [unused]
   Yf = 1   [unused]
   Periodic BCs -> 
    Count = 0   [unused]
Block ID to Physics ID Mapping -> 
 eblock-0_0 = fluid   [unused]
Assembly -> 
 Workset Size = 1   [unused]
Physics Blocks -> 
 fluid -> 
  child0 -> 
   Type = Continuity   [unused]
   Basis Type = HGrad   [unused]
   Basis Order = 1   [unused]
   Integration Order = 2   [unused]
   Model ID = fluid model   [unused]
   Prefix =    [unused]
   Options -> 
    TAU_C = NONE   [unused]
    PSPG STABILIZATION = ON   [unused]
  child1 -> 
   Type = Momentum   [unused]
   Basis Type = HGrad   [unused]
   Basis Order = 1   [unused]
   Integration Order = 2   [unused]
   Model ID = fluid model   [unused]
   Prefix =    [unused]
   Options -> 
    DCO_M = OFF   [unused]
    TAU_M = SHAKIB   [unused]
    SUPG STABILIZATION = ON   [unused]
    USE SOURCE TERM = ON   [unused]
  child2 -> 
   Type = Energy   [unused]
   Basis Type = HGrad   [unused]
   Basis Order = 1   [unused]
   Integration Order = 2   [unused]
   Model ID = fluid model   [unused]
   Prefix =    [unused]
   Options -> 
    TAU_E = SHAKIB   [unused]
    SUPG STABILIZATION = ON   [unused]
    DCO_E = OFF   [unused]
    USE SOURCE TERM = OFF   [unused]
Closure Models -> 
 fluid model -> 
  DENSITY -> 
   Value = 1   [unused]
  STRESS_TENSOR -> 
   Value = NEWTONIAN   [unused]
  VISCOSITY -> 
   Value = 0.71   [unused]
  SOURCE_MOMENTUM -> 
   Value = BOUSSINESQ   [unused]
   Reference Density = 1   [unused]
   Reference Temperature = 0   [unused]
   Volume Expansion Coefficient = 1000   [unused]
  GRAVITY_X -> 
   Value = 0   [unused]
  GRAVITY_Y -> 
   Value = -10   [unused]
  Global Statistics -> 
   Value = UX,UY,PRESSURE,TEMPERATURE   [unused]
  HEAT_CAPACITY -> 
   Value = 1   [unused]
  THERMAL_CONDUCTIVITY -> 
   Value = 1   [unused]
  ENERGY_FLUX -> 
   Value = FOURIER   [unused]
  SOURCE_TEMPERATURE -> 
   Value = 0   [unused]
User Data -> 
 [empty list]
Boundary Conditions -> 
 child0 -> 
  Type = Dirichlet   [unused]
  Sideset ID = top   [unused]
  Element Block ID = eblock-0_0   [unused]
  Equation Set Name = UX   [unused]
  Strategy = Constant   [unused]
  Data -> 
   Value = 0   [unused]
 child1 -> 
  Type = Dirichlet   [unused]
  Sideset ID = top   [unused]
  Element Block ID = eblock-0_0   [unused]
  Equation Set Name = UY   [unused]
  Strategy = Constant   [unused]
  Data -> 
   Value = 0   [unused]
 child2 -> 
  Type = Dirichlet   [unused]
  Sideset ID = bottom   [unused]
  Element Block ID = eblock-0_0   [unused]
  Equation Set Name = UX   [unused]
  Strategy = Constant   [unused]
  Data -> 
   Value = 0   [unused]
 child3 -> 
  Type = Dirichlet   [unused]
  Sideset ID = bottom   [unused]
  Element Block ID = eblock-0_0   [unused]
  Equation Set Name = UY   [unused]
  Strategy = Constant   [unused]
  Data -> 
   Value = 0   [unused]
 child4 -> 
  Type = Dirichlet   [unused]
  Sideset ID = left   [unused]
  Element Block ID = eblock-0_0   [unused]
  Equation Set Name = UX   [unused]
  Strategy = Constant   [unused]
  Data -> 
   Value = 0   [unused]
 child5 -> 
  Type = Dirichlet   [unused]
  Sideset ID = left   [unused]
  Element Block ID = eblock-0_0   [unused]
  Equation Set Name = UY   [unused]
  Strategy = Constant   [unused]
  Data -> 
   Value = 0   [unused]
 child6 -> 
  Type = Dirichlet   [unused]
  Sideset ID = left   [unused]
  Element Block ID = eblock-0_0   [unused]
  Equation Set Name = TEMPERATURE   [unused]
  Strategy = Constant   [unused]
  Data -> 
   Value = 0.072   [unused]
 child7 -> 
  Type = Dirichlet   [unused]
  Sideset ID = right   [unused]
  Element Block ID = eblock-0_0   [unused]
  Equation Set Name = UX   [unused]
  Strategy = Constant   [unused]
  Data -> 
   Value = 0   [unused]
 child8 -> 
  Type = Dirichlet   [unused]
  Sideset ID = right   [unused]
  Element Block ID = eblock-0_0   [unused]
  Equation Set Name = UY   [unused]
  Strategy = Constant   [unused]
  Data -> 
   Value = 0   [unused]
 child9 -> 
  Type = Dirichlet   [unused]
  Sideset ID = right   [unused]
  Element Block ID = eblock-0_0   [unused]
  Equation Set Name = TEMPERATURE   [unused]
  Strategy = Constant   [unused]
  Data -> 
   Value = 0   [unused]
Initial Conditions -> 
 eblock-0_0 -> 
  UX -> 
   Value = 0   [unused]
  UY -> 
   Value = 0   [unused]
  PRESSURE -> 
   Value = 0   [unused]
  TEMPERATURE -> 
   Value = 0   [unused]
Output -> 
 File Name = ThermalConv.exo   [unused]
Options -> 
 Write Volume Assembly Graphs = 0   [unused]
 Volume Assembly Graph Prefix = Thermalconvection_   [unused]
Solution Control -> 
 Piro Solver = NOX   [unused]
 Compute Sensitivities = 0   [unused]
 Jacobian Operator = Have Jacobian   [unused]
 NOX -> 
  Nonlinear Solver = Line Search Based   [unused]
  Direction -> 
   Method = Newton   [unused]
   Newton -> 
    Forcing Term Method = Type 2   [unused]
    Rescue Bad Newton Solve = 1   [unused]
    Linear Solver -> 
     Tolerance = 0.001   [unused]
    Stratimikos Linear Solver -> 
     NOX Stratimikos Options -> 
      [empty list]
     Stratimikos -> 
      Linear Solver Type = AztecOO   [unused]
      Preconditioner Type = ML   [unused]
      Linear Solver Types -> 
       AztecOO -> 
        Forward Solve -> 
         Max Iterations = 600   [unused]
         Tolerance = 1e-05   [unused]
         AztecOO Settings -> 
          Aztec Solver = GMRES   [unused]
          Convergence Test = r0   [unused]
          Size of Krylov Subspace = 200   [unused]
          Output Frequency = 10   [unused]
       Belos -> 
        Solver Type = Block GMRES   [unused]
        Solver Types -> 
         Block GMRES -> 
          Convergence Tolerance = 1e-05   [unused]
          Output Frequency = 10   [unused]
          Output Style = 1   [unused]
          Verbosity = 33   [unused]
          Maximum Iterations = 100   [unused]
          Block Size = 1   [unused]
          Num Blocks = 200   [unused]
          Flexible Gmres = 0   [unused]
        VerboseObject -> 
         Output File = none   [unused]
         Verbosity Level = medium   [unused]
       MCLS -> 
        Solver Type = MCSA   [unused]
        Solver Types -> 
         MCSA -> 
          Fixed Point Type = Richardson   [unused]
          MC Type = Adjoint   [unused]
          Estimator Type = Collision   [unused]
          Transport Type = Global   [unused]
          Number of Sets = 1   [unused]
          Reproducible MC Mode = 0   [unused]
          Overlap Size = 0   [unused]
          Maximum Iterations = 100   [unused]
          Weight Cutoff = 0.01   [unused]
          Set Number of Histories = 500000   [unused]
          Iteration Print Frequency = 1   [unused]
          Richardson Relaxation = 1   [unused]
          Neumann Relaxation = 1   [unused]
          Absorption Probability = 0   [unused]
          Domain Filter Tolerance = 0   [unused]
          Domain Fill Value = 200   [unused]
          Domain Weight Recovery = 0   [unused]
         Fixed Point -> 
          Fixed Point Type = Richardson   [unused]
          Maximum Iterations = 10000   [unused]
          Iteration Print Frequency = 1   [unused]
          Richardson Relaxation = 1   [unused]
      Preconditioner Types -> 
       Ifpack -> 
        Overlap = 1   [unused]
        Prec Type = ILUT   [unused]
        Ifpack Settings -> 
         fact: drop tolerance = 0.0001   [unused]
         fact: ilut level-of-fill = 5   [unused]
         fact: level-of-fill = 1   [unused]
       ML -> 
        Base Method Defaults = SA   [unused]
        ML Settings -> 
         ML output = 10   [unused]
         prec type = MGV   [unused]
         print unused = 0   [unused]
         PDE equations = 4   [unused]
         max levels = 10   [unused]
         cycle applications = 1   [unused]
         aggregation: threshold = 0   [unused]
         aggregation: type = Uncoupled   [unused]
         aggregation: damping factor = 0   [unused]
         aggregation: block scaling = 0   [unused]
         energy minimization: enable = 0   [unused]
         energy minimization: type = 3   [unused]
         smoother: type = IFPACK   [unused]
         smoother: ifpack type = ILU   [unused]
         smoother: ifpack overlap = 1   [unused]
         smoother: damping factor = 1   [unused]
         smoother: pre or post = both   [unused]
         smoother: sweeps = 1   [unused]
         coarse: max size = 2000   [unused]
         coarse: type = Amesos-KLU   [unused]
         smoother: ifpack list -> 
          fact: level-of-fill = 5   [unused]
          schwarz: reordering type = rcm   [unused]
          fact: drop tolerance = 1e-06   [unused]
          fact: maximum fill factor = 100   [unused]
       MCLS -> 
        Preconditioner Type = ML   [unused]
        Preconditioner Types -> 
         Block Jacobi -> 
          Jacobi Block Size = 4   [unused]
         ILUT -> 
          fact: ilut level-of-fill = 3   [unused]
          fact: drop tolerance = 0.0005   [unused]
         ParaSails -> 
          ParaSails: Threshold = 0.001   [unused]
          ParaSails: Number of Levels = 7   [unused]
          ParaSails: Filter = 0.001   [unused]
         PSILUT -> 
          fact: ilut level-of-fill = 3   [unused]
          fact: drop tolerance = 0.0001   [unused]
          ParaSails: Threshold = 0.1   [unused]
          ParaSails: Number of Levels = 1   [unused]
          ParaSails: Filter = 0   [unused]
         ML -> 
          Base Method Defaults = SA   [unused]
          ML Settings -> 
           ML output = 10   [unused]
           prec type = MGV   [unused]
           print unused = 0   [unused]
           PDE equations = 4   [unused]
           max levels = 10   [unused]
           cycle applications = 1   [unused]
           aggregation: threshold = 0   [unused]
           aggregation: type = Uncoupled   [unused]
           aggregation: damping factor = 0   [unused]
           aggregation: block scaling = 0   [unused]
           energy minimization: enable = 0   [unused]
           energy minimization: type = 3   [unused]
           smoother: type = IFPACK   [unused]
           smoother: ifpack type = ILU   [unused]
           smoother: ifpack overlap = 1   [unused]
           smoother: damping factor = 1   [unused]
           smoother: pre or post = both   [unused]
           smoother: sweeps = 1   [unused]
           coarse: max size = 2000   [unused]
           coarse: type = Amesos-KLU   [unused]
           smoother: ifpack list -> 
            fact: level-of-fill = 5   [unused]
            schwarz: reordering type = rcm   [unused]
            fact: drop tolerance = 1e-06   [unused]
            fact: maximum fill factor = 100   [unused]
  Line Search -> 
   Method = Backtrack   [unused]
   Full Step -> 
    Full Step = 1   [unused]
   Polynomial -> 
    Max Iters = 4   [unused]
    Recovery Step Type = Constant   [unused]
    Recovery Step = 0.001   [unused]
    Allowed Relative Increase = 500   [unused]
    Maximum Iteration for Increase = 2   [unused]
  Printing -> 
   Output Precision = 3   [unused]
   Output Processor = 0   [unused]
   Output Information -> 
    Error = 1   [unused]
    Warning = 1   [unused]
    Inner Iteration = 1   [unused]
    Outer Iteration = 1   [unused]
    Outer Iteration StatusTest = 1   [unused]
    Test Details = 1   [unused]
    Parameters = 1   [unused]
    Details = 1   [unused]
    Linear Solver Details = 1   [unused]
    Stepper Iteration = 1   [unused]
    Stepper Details = 1   [unused]
    Stepper Parameters = 1   [unused]
  Solver Options -> 
   Status Test Check Type = Complete   [unused]
  Thyra Group Options -> 
   Function Scaling = Row Sum   [unused]
  Status Tests -> 
   Test Type = Combo   [unused]
   Combo Type = OR   [unused]
   Number of Tests = 3   [unused]
   Test 0 -> 
    Test Type = Combo   [unused]
    Combo Type = AND   [unused]
    Number of Tests = 2   [unused]
    Test 0 -> 
     Test Type = NormF   [unused]
     Tolerance = 0.0001   [unused]
    Test 1 -> 
     Test Type = NormWRMS   [unused]
     Tolerance = 1   [unused]
     Relative Tolerance = 1e-05   [unused]
     Absolute Tolerance = 1e-08   [unused]
     BDF Multiplier = 1   [unused]
     Alpha = 0.1   [unused]
     Beta = 0.5   [unused]
   Test 1 -> 
    Test Type = MaxIters   [unused]
    Maximum Iterations = 200   [unused]
   Test 2 -> 
    Test Type = FiniteValue   [unused]
 Rythmos -> 
  Nonlinear Solver Type = NOX   [unused]
  Final Time = 10   [unused]
  Stepper Type = BDF   [unused]
  Step Control Strategy Type = ImplicitBDFRamping   [unused]
  Rythmos Integration Control Strategy = Simple   [unused]
  Rythmos Stepper -> 
   VerboseObject -> 
    Verbosity Level = medium   [unused]
  Stratimikos -> 
   [empty list]
  Rythmos Integrator -> 
   VerboseObject -> 
    Verbosity Level = high   [unused]
  Rythmos Integration Control -> 
   [empty list]
  Rythmos Step Control Strategy -> 
   Number of Constant First Order Steps = 4   [unused]
   Initial Step Size = 0.01   [unused]
   Min Step Size = 0.001   [unused]
   Max Step Size = 0.1   [unused]
   Step Size Decrease Factor = 0.5   [unused]
   Step Size Increase Factor = 1.2   [unused]
   Max Order = 2   [unused]
   Absolute Error Tolerance = 1e-07   [unused]
   Relative Error Tolerance = 1e-05   [unused]

STK Mesh data:
   Spatial dim = 2
   Entity counts (Nodes, Edges, Cells) = ( 10201, 20200, 10000 )
   Element blocks = "eblock-0_0" 
   Sidesets = "bottom" "left" "right" "top" 
   Nodesets = "lower_left" "origin" 
Field       Average         Maximum (@IP)   Minimum (@IP)  
UX          0.00000000e+00  2.22507386e-308 0.00000000e+00 
UY          0.00000000e+00  2.22507386e-308 0.00000000e+00 
PRESSURE    0.00000000e+00  2.22507386e-308 0.00000000e+00 
TEMPERATURE 0.00000000e+00  2.22507386e-308 0.00000000e+00 

************************************************************************

-- Parameters Passed to Nonlinear Solver --

     Nonlinear Solver = Line Search Based
     Direction -> 
      Method = Newton
      Newton -> 
       Forcing Term Method = Type 2
       Rescue Bad Newton Solve = 1
       Forcing Term Minimum Tolerance = 0.0001   [default]
       Forcing Term Maximum Tolerance = 0.9   [default]
       Forcing Term Initial Tolerance = 0.01   [default]
       Forcing Term Alpha = 1.5   [default]
       Forcing Term Gamma = 0.9   [default]
       Linear Solver -> 
        Tolerance = 0.001   [unused]
       Stratimikos Linear Solver -> 
        NOX Stratimikos Options -> 
         [empty list]
        Stratimikos -> 
         Linear Solver Type = AztecOO   [unused]
         Preconditioner Type = ML   [unused]
         Linear Solver Types -> 
          AztecOO -> 
           Forward Solve -> 
            Max Iterations = 600   [unused]
            Tolerance = 1e-05   [unused]
            AztecOO Settings -> 
             Aztec Solver = GMRES   [unused]
             Convergence Test = r0   [unused]
             Size of Krylov Subspace = 200   [unused]
             Output Frequency = 10   [unused]
          Belos -> 
           Solver Type = Block GMRES   [unused]
           Solver Types -> 
            Block GMRES -> 
             Convergence Tolerance = 1e-05   [unused]
             Output Frequency = 10   [unused]
             Output Style = 1   [unused]
             Verbosity = 33   [unused]
             Maximum Iterations = 100   [unused]
             Block Size = 1   [unused]
             Num Blocks = 200   [unused]
             Flexible Gmres = 0   [unused]
           VerboseObject -> 
            Output File = none   [unused]
            Verbosity Level = medium   [unused]
          MCLS -> 
           Solver Type = MCSA   [unused]
           Solver Types -> 
            MCSA -> 
             Fixed Point Type = Richardson   [unused]
             MC Type = Adjoint   [unused]
             Estimator Type = Collision   [unused]
             Transport Type = Global   [unused]
             Number of Sets = 1   [unused]
             Reproducible MC Mode = 0   [unused]
             Overlap Size = 0   [unused]
             Maximum Iterations = 100   [unused]
             Weight Cutoff = 0.01   [unused]
             Set Number of Histories = 500000   [unused]
             Iteration Print Frequency = 1   [unused]
             Richardson Relaxation = 1   [unused]
             Neumann Relaxation = 1   [unused]
             Absorption Probability = 0   [unused]
             Domain Filter Tolerance = 0   [unused]
             Domain Fill Value = 200   [unused]
             Domain Weight Recovery = 0   [unused]
            Fixed Point -> 
             Fixed Point Type = Richardson   [unused]
             Maximum Iterations = 10000   [unused]
             Iteration Print Frequency = 1   [unused]
             Richardson Relaxation = 1   [unused]
         Preconditioner Types -> 
          Ifpack -> 
           Overlap = 1   [unused]
           Prec Type = ILUT   [unused]
           Ifpack Settings -> 
            fact: drop tolerance = 0.0001   [unused]
            fact: ilut level-of-fill = 5   [unused]
            fact: level-of-fill = 1   [unused]
          ML -> 
           Base Method Defaults = SA   [unused]
           ML Settings -> 
            ML output = 10   [unused]
            prec type = MGV   [unused]
            print unused = 0   [unused]
            PDE equations = 4   [unused]
            max levels = 10   [unused]
            cycle applications = 1   [unused]
            aggregation: threshold = 0   [unused]
            aggregation: type = Uncoupled   [unused]
            aggregation: damping factor = 0   [unused]
            aggregation: block scaling = 0   [unused]
            energy minimization: enable = 0   [unused]
            energy minimization: type = 3   [unused]
            smoother: type = IFPACK   [unused]
            smoother: ifpack type = ILU   [unused]
            smoother: ifpack overlap = 1   [unused]
            smoother: damping factor = 1   [unused]
            smoother: pre or post = both   [unused]
            smoother: sweeps = 1   [unused]
            coarse: max size = 2000   [unused]
            coarse: type = Amesos-KLU   [unused]
            smoother: ifpack list -> 
             fact: level-of-fill = 5   [unused]
             schwarz: reordering type = rcm   [unused]
             fact: drop tolerance = 1e-06   [unused]
             fact: maximum fill factor = 100   [unused]
          MCLS -> 
           Preconditioner Type = ML   [unused]
           Preconditioner Types -> 
            Block Jacobi -> 
             Jacobi Block Size = 4   [unused]
            ILUT -> 
             fact: ilut level-of-fill = 3   [unused]
             fact: drop tolerance = 0.0005   [unused]
            ParaSails -> 
             ParaSails: Threshold = 0.001   [unused]
             ParaSails: Number of Levels = 7   [unused]
             ParaSails: Filter = 0.001   [unused]
            PSILUT -> 
             fact: ilut level-of-fill = 3   [unused]
             fact: drop tolerance = 0.0001   [unused]
             ParaSails: Threshold = 0.1   [unused]
             ParaSails: Number of Levels = 1   [unused]
             ParaSails: Filter = 0   [unused]
            ML -> 
             Base Method Defaults = SA   [unused]
             ML Settings -> 
              ML output = 10   [unused]
              prec type = MGV   [unused]
              print unused = 0   [unused]
              PDE equations = 4   [unused]
              max levels = 10   [unused]
              cycle applications = 1   [unused]
              aggregation: threshold = 0   [unused]
              aggregation: type = Uncoupled   [unused]
              aggregation: damping factor = 0   [unused]
              aggregation: block scaling = 0   [unused]
              energy minimization: enable = 0   [unused]
              energy minimization: type = 3   [unused]
              smoother: type = IFPACK   [unused]
              smoother: ifpack type = ILU   [unused]
              smoother: ifpack overlap = 1   [unused]
              smoother: damping factor = 1   [unused]
              smoother: pre or post = both   [unused]
              smoother: sweeps = 1   [unused]
              coarse: max size = 2000   [unused]
              coarse: type = Amesos-KLU   [unused]
              smoother: ifpack list -> 
               fact: level-of-fill = 5   [unused]
               schwarz: reordering type = rcm   [unused]
               fact: drop tolerance = 1e-06   [unused]
               fact: maximum fill factor = 100   [unused]
     Line Search -> 
      Method = Backtrack
      Full Step -> 
       Full Step = 1   [unused]
      Polynomial -> 
       Max Iters = 4   [unused]
       Recovery Step Type = Constant   [unused]
       Recovery Step = 0.001   [unused]
       Allowed Relative Increase = 500   [unused]
       Maximum Iteration for Increase = 2   [unused]
      Backtrack -> 
       Minimum Step = 1e-12   [default]
       Default Step = 1   [default]
       Recovery Step = 1   [default]
       Max Iters = 100   [default]
       Reduction Factor = 0.5   [default]
     Printing -> 
      Output Precision = 3
      Output Processor = 0
      Output Stream = Teuchos::RCP<std::ostream>{ptr=0x678f6a0,node=0x6741b10,strong_count=18,weak_count=0}
      Error Stream = Teuchos::RCP<std::ostream>{ptr=0x678f6a0,node=0x6741b10,strong_count=18,weak_count=0}
      MyPID = 0   [default]
      Output Information -> 
       Error = 1
       Warning = 1
       Inner Iteration = 1
       Outer Iteration = 1
       Outer Iteration StatusTest = 1
       Test Details = 1
       Parameters = 1
       Details = 1
       Linear Solver Details = 1
       Stepper Iteration = 1
       Stepper Details = 1
       Stepper Parameters = 1
       Debug = 0   [default]
     Solver Options -> 
      Status Test Check Type = Complete
      User Defined Pre/Post Operator = Teuchos::RCP<NOX::Abstract::PrePostOperator>{ptr=0x673ed60,node=0x674bbe0,strong_count=2,weak_count=0}
      User Defined Merit Function = Teuchos::RCP<NOX::MeritFunction::Generic>{ptr=0x66899e0,node=0x6741a40,strong_count=3,weak_count=0}
     Thyra Group Options -> 
      Function Scaling = Row Sum
      Update Row Sum Scaling = Before Each Nonlinear Solve   [default]
      User Defined Scaling = Teuchos::RCP<Thyra::VectorBase<double> >{ptr=0,node=0,strong_count=0,weak_count=0}   [default]
     Status Tests -> 
      Test Type = Combo
      Combo Type = OR
      Number of Tests = 3
      Test 0 -> 
       Test Type = Combo
       Combo Type = AND
       Number of Tests = 2
       Test 0 -> 
        Test Type = NormF
        Tolerance = 0.0001
        Norm Type = Two Norm   [default]
        Scale Type = Unscaled   [default]
       Test 1 -> 
        Test Type = NormWRMS
        Tolerance = 1
        Relative Tolerance = 1e-05
        Absolute Tolerance = 1e-08
        BDF Multiplier = 1
        Alpha = 0.1
        Beta = 0.5
        Disable Implicit Weighting = 1   [default]
      Test 1 -> 
       Test Type = MaxIters
       Maximum Iterations = 200
      Test 2 -> 
       Test Type = FiniteValue
       Vector Type = F Vector   [default]
       Norm Type = Two Norm   [default]
Field       Average         Maximum (@IP)   Minimum (@IP)  
UX          0.00000000e+00  2.22507386e-308 0.00000000e+00 
UY          0.00000000e+00  2.22507386e-308 0.00000000e+00 
PRESSURE    0.00000000e+00  2.22507386e-308 0.00000000e+00 
TEMPERATURE 0.00000000e+00  2.22507386e-308 0.00000000e+00 
************************************************************************
-- Status Test Results --
**...........OR Combination -> 
  **...........AND Combination -> 
    **...........F-Norm = 7.238e-01 < 1.000e-04
                 (Unscaled Two-Norm, Absolute Tolerance)
    **...........WRMS-Norm = 1.000e+12 < 1
  **...........Number of Iterations = 0 < 200
  **...........Finite Number Check (Two-Norm F) = Finite
************************************************************************

************************************************************************
-- Nonlinear Solver Step 0 -- 
||F|| = 7.238e-01  step = 0.000e+00  dx = 0.000e+00
************************************************************************

       CALCULATING FORCING TERM
       Method: Type 2
       Forcing Term: 0.01
------------------------------------------------------------------------------
Using `cg' for eigen-computations
*** 
*** ML_Epetra::MultiLevelPreconditioner
***
Matrix has 40804 rows and 1.44962e+06 nonzeros, distributed over 1 process(es)
The linear system matrix is an Epetra_CrsMatrix
** Leaving column map of Main linear system matrix unchanged
Default values for `SA'
Maximum number of levels = 10
Using increasing levels. Finest level  = 0, coarsest level = 9
Number of applications of the ML cycle = 1
Number of PDE equations = 4
Aggregation threshold = 0
Max coarse size = 2000
R and P smoothing : P = (I-\omega A) P_t, R = P^T
R and P smoothing : \omega = 0/lambda_max
Null space type      = default (constants)
Null space dimension = 4
-----------------------------------------------------------------------
ML_Gen_MultiLevelHierarchy (level 0) : Gen Restriction and Prolongator
-----------------------------------------------------------------------
ML_Aggregate_Coarsen (level 0) begins
ML_Aggregate_CoarsenUncoupled : current level = 0
ML_Aggregate_CoarsenUncoupled : current eps = 0.000000e+00
Aggregation(UVB) : Total nonzeros = 1449616 (Nrows=40804)
Aggregation(UVB) : Amalgamated matrix done 
Aggregation(UC) : Phase 0 - no. of bdry pts  = 1 
Aggregation(UC) : Phase 1 - nodes aggregated = 10200 (10201)
Aggregation(UC) : Phase 1 - total aggregates = 1156 
Aggregation(UC_Phase2_3) : Phase 1 - nodes aggregated = 10200 
Aggregation(UC_Phase2_3) : Phase 1 - total aggregates = 1156
Aggregation(UC_Phase2_3) : Phase 2a- additional aggregates = 0
Aggregation(UC_Phase2_3) : Phase 2 - total aggregates = 1156
Aggregation(UC_Phase2_3) : Phase 2 - boundary nodes   = 1
Aggregation(UC_Phase2_3) : Phase 3 - leftovers = 0 and singletons = 0
Aggregation(UC) : QR factorization - too small aggregates = 0

Prolongator/Restriction smoother (level 0) : damping = 0.000e+00 , sweeps = 1
Gen_Prolongator (level 0) : not smoothing prolongator
-----------------------------------------------------------------------
ML_Gen_MultiLevelHierarchy (level 1) : Gen Restriction and Prolongator
-----------------------------------------------------------------------
ML_Aggregate_Coarsen (level 1) begins
ML_Aggregate_CoarsenUncoupled : current level = 1
ML_Aggregate_CoarsenUncoupled : current eps = 0.000000e+00
Aggregation(UVB) : Total nonzeros = 109430 (Nrows=4624)
Aggregation(UVB) : Amalgamated matrix done 
Aggregation(UC) : Phase 0 - no. of bdry pts  = 0 
Aggregation(UC) : Phase 1 - nodes aggregated = 1156 (1156)
Aggregation(UC) : Phase 1 - total aggregates = 144 
Aggregation(UC_Phase2_3) : Phase 1 - nodes aggregated = 1156 
Aggregation(UC_Phase2_3) : Phase 1 - total aggregates = 144
Aggregation(UC_Phase2_3) : Phase 2a- additional aggregates = 0
Aggregation(UC_Phase2_3) : Phase 2 - total aggregates = 144
Aggregation(UC_Phase2_3) : Phase 2 - boundary nodes   = 0
Aggregation(UC_Phase2_3) : Phase 3 - leftovers = 0 and singletons = 0
Aggregation(UC) : QR factorization - too small aggregates = 0

Prolongator/Restriction smoother (level 1) : damping = 0.000e+00 , sweeps = 1
Gen_Prolongator (level 1) : not smoothing prolongator
Smoothed Aggregation : operator complexity = 1.084654e+00.
Time to build the hierarchy = 0.07693 (s)
Number of actual levels : 3

Smoother (level 0) : # global rows = 40804, # estim. global nnz = 1449616, # nnz per row = 35.53
Smoother (level 0) : IFPACK, type=`ILU',
Smoother (level 0) : both,overlap=1
Smoother (level 0) : level-of-fill=5,rel. threshold=1,abs. threshold=0
Smoother (level 0) : Setup time : 1.43655 (s)

WARNING **********************************************************************
You have requested to keep the finest level smoother from a previous
solve.  In order to reuse part or all of the incomplete factorization
from smoother "IFPACK", you must also specify the smoother options
"reuse numeric factorization" and/or "reuse symbolic factorization".
Not doing so  may result in memory leaks or crashes.

Smoother (level 1) : # global rows = 4624, # estim. global nnz = 110000, # nnz per row = 23.79
Smoother (level 1) : IFPACK, type=`ILU',
Smoother (level 1) : both,overlap=1
Smoother (level 1) : level-of-fill=5,rel. threshold=1,abs. threshold=0
Smoother (level 1) : Setup time : 0.107615 (s)

Amesos (level 2) : NumGlobalRows = 576
Amesos (level 2) : NumGlobalNonzeros = 12669
Amesos (level 2) : Fill-in = 3.81854 %
Amesos (level 2) : Building KLU
Amesos (level 2) : Time for factorization  = 0.00226188 (s)

WARNING: Parameter "energy minimization: type" 3   [unused] is unused
WARNING: Parameter "coarse: list"    [unused] is unused
WARNING: Parameter "aggregation: list (level 0)"    [unused] is unused
WARNING: Parameter "aggregation: list (level 1)"    [unused] is unused
WARNING: Parameter "aggregation: list (level 2)"    [unused] is unused
WARNING: Parameter "aggregation: list (level 3)"    [unused] is unused
WARNING: Parameter "aggregation: list (level 4)"    [unused] is unused
WARNING: Parameter "aggregation: list (level 5)"    [unused] is unused
WARNING: Parameter "aggregation: list (level 6)"    [unused] is unused
WARNING: Parameter "aggregation: list (level 7)"    [unused] is unused
WARNING: Parameter "aggregation: list (level 8)"    [unused] is unused
WARNING: Parameter "aggregation: list (level 9)"    [unused] is unused
WARNING: Parameter "smoother: list (level 0)"    [unused] is unused
WARNING: Parameter "smoother: list (level 1)"    [unused] is unused

Cumulative timing for construction so far: 
- for initial setup   = 0.00357318 (s)
- for hierarchy setup = 0.076968 (s)
- for smoothers setup = 1.54416 (s)
- for coarse setup    = 0.00247788 (s)
- for final setup     = 0.000148058 (s)
------------------------------------------------------------------------------
 
 		*******************************************************
 		***** Problem: Epetra::CrsMatrix
 		***** Preconditioned GMRES solution
 		***** ML (L=3, IFPACK_pre0/IFPACK_post0, ~/Amesos_KLU_2)
 		***** No scaling
 		*******************************************************
 
                 iter:    0           residual = 1.000000e+00
                 iter:    5           residual = 9.119441e-03
 
 
 		Solution time: 0.241054 (sec.)
 		total iterations: 5
 
Field       Average         Maximum (@IP)   Minimum (@IP)  
UX          3.94419471e-04  3.86359598e+00  -3.87158456e+00
UY          9.27068901e-03  3.93301222e+00  -3.84336656e+00
PRESSURE    1.68585588e+02  4.23884492e+02  -8.63637765e+01
TEMPERATURE 3.48401704e-02  7.18143750e-02  1.45224931e-04 

************************************************************************
-- Backtrack Line Search -- 
  1: step = 1.000e+00 old f = 2.619e-01 new f = 1.603e-03 (STEP ACCEPTED!)
************************************************************************

************************************************************************
-- Status Test Results --
**...........OR Combination -> 
  **...........AND Combination -> 
    **...........F-Norm = 5.662e-02 < 1.000e-04
                 (Unscaled Two-Norm, Absolute Tolerance)
    **...........WRMS-Norm = 9.875e+09 < 1
                 (Min Step Size:  1.000e+00 >= 0.1)
  **...........Number of Iterations = 1 < 200
  **...........Finite Number Check (Two-Norm F) = Finite
************************************************************************

************************************************************************
-- Nonlinear Solver Step 1 -- 
||F|| = 5.662e-02  step = 1.000e+00  dx = 1.011e+06
************************************************************************

       CALCULATING FORCING TERM
       Method: Type 2
       Forcing Term Norm: Using L-2 Norm.
       Residual Norm k-1 =             0.724
       Residual Norm k =               0.0566
       Calculated eta_k (pre-bounds) = 0.0197
       Forcing Term: 0.0197
------------------------------------------------------------------------------
Re-computing the preconditioner...
Time to re-build the hierarchy = 0.0373449 (s)
Number of actual levels : 3

Smoother (level 0) : # global rows = 40804, # estim. global nnz = 1449616, # nnz per row = 35.53
Smoother (level 0) : IFPACK, type=`ILU',
Smoother (level 0) : both,overlap=1
Smoother (level 0) : level-of-fill=5,rel. threshold=1,abs. threshold=0
Smoother (level 0) : Setup time : 1.43195 (s)

WARNING **********************************************************************
You have requested to keep the finest level smoother from a previous
solve.  In order to reuse part or all of the incomplete factorization
from smoother "IFPACK", you must also specify the smoother options
"reuse numeric factorization" and/or "reuse symbolic factorization".
Not doing so  may result in memory leaks or crashes.

Smoother (level 1) : # global rows = 4624, # estim. global nnz = 130000, # nnz per row = 28.11
Smoother (level 1) : IFPACK, type=`ILU',
Smoother (level 1) : both,overlap=1
Smoother (level 1) : level-of-fill=5,rel. threshold=1,abs. threshold=0
Smoother (level 1) : Setup time : 0.145296 (s)

Amesos (level 2) : NumGlobalRows = 576
Amesos (level 2) : NumGlobalNonzeros = 15028
Amesos (level 2) : Fill-in = 4.52956 %
Amesos (level 2) : Building KLU
Amesos (level 2) : Time for factorization  = 0.00376701 (s)


Cumulative timing for construction so far: 
- for initial setup   = 0.00357318 (s)
- for hierarchy setup = 0.0769749 (s)
- for smoothers setup = 3.12141 (s)
- for coarse setup    = 0.00644994 (s)
- for final setup     = 0.000152111 (s)
------------------------------------------------------------------------------
  
  		*******************************************************
  		***** Problem: Epetra::CrsMatrix
  		***** Preconditioned GMRES solution
  		***** ML (L=3, IFPACK_pre0/IFPACK_post0, ~/Amesos_KLU_2)
  		***** No scaling
  		*******************************************************
  
                  iter:    0           residual = 1.000000e+00
                  iter:    5           residual = 1.322724e-02
  
  
  		Solution time: 0.256211 (sec.)
  		total iterations: 5
  
Field       Average         Maximum (@IP)   Minimum (@IP)  
UX          7.09457078e-05  3.69030261e+00  -3.68750796e+00
UY          8.72331070e-03  3.75643945e+00  -3.73548653e+00
PRESSURE    2.36180049e+02  5.05808394e+02  -9.42943588e+00
TEMPERATURE 3.59532573e-02  7.18923471e-02  1.06281605e-04 

************************************************************************
-- Backtrack Line Search -- 
  1: step = 1.000e+00 old f = 1.603e-03 new f = 3.125e-07 (STEP ACCEPTED!)
************************************************************************

************************************************************************
-- Status Test Results --
**...........OR Combination -> 
  **...........AND Combination -> 
    **...........F-Norm = 7.906e-04 < 1.000e-04
                 (Unscaled Two-Norm, Absolute Tolerance)
    **...........WRMS-Norm = 1.996e+06 < 1
                 (Min Step Size:  1.000e+00 >= 0.1)
  **...........Number of Iterations = 2 < 200
  **...........Finite Number Check (Two-Norm F) = Finite
************************************************************************

************************************************************************
-- Nonlinear Solver Step 2 -- 
||F|| = 7.906e-04  step = 1.000e+00  dx = 3.516e+05
************************************************************************

       CALCULATING FORCING TERM
       Method: Type 2
       Forcing Term Norm: Using L-2 Norm.
       Residual Norm k-1 =             0.0566
       Residual Norm k =               0.000791
       Calculated eta_k (pre-bounds) = 0.00148
       Forcing Term: 0.00148
------------------------------------------------------------------------------
Re-computing the preconditioner...
Time to re-build the hierarchy = 0.037483 (s)
Number of actual levels : 3

Smoother (level 0) : # global rows = 40804, # estim. global nnz = 1449616, # nnz per row = 35.53
Smoother (level 0) : IFPACK, type=`ILU',
Smoother (level 0) : both,overlap=1
Smoother (level 0) : level-of-fill=5,rel. threshold=1,abs. threshold=0
Smoother (level 0) : Setup time : 1.43009 (s)

WARNING **********************************************************************
You have requested to keep the finest level smoother from a previous
solve.  In order to reuse part or all of the incomplete factorization
from smoother "IFPACK", you must also specify the smoother options
"reuse numeric factorization" and/or "reuse symbolic factorization".
Not doing so  may result in memory leaks or crashes.

Smoother (level 1) : # global rows = 4624, # estim. global nnz = 130000, # nnz per row = 28.11
Smoother (level 1) : IFPACK, type=`ILU',
Smoother (level 1) : both,overlap=1
Smoother (level 1) : level-of-fill=5,rel. threshold=1,abs. threshold=0
Smoother (level 1) : Setup time : 0.144945 (s)

Amesos (level 2) : NumGlobalRows = 576
Amesos (level 2) : NumGlobalNonzeros = 15028
Amesos (level 2) : Fill-in = 4.52956 %
Amesos (level 2) : Building KLU
Amesos (level 2) : Time for factorization  = 0.0037899 (s)


Cumulative timing for construction so far: 
- for initial setup   = 0.00357318 (s)
- for hierarchy setup = 0.0769818 (s)
- for smoothers setup = 4.69644 (s)
- for coarse setup    = 0.0104468 (s)
- for final setup     = 0.000156164 (s)
------------------------------------------------------------------------------
  
  		*******************************************************
  		***** Problem: Epetra::CrsMatrix
  		***** Preconditioned GMRES solution
  		***** ML (L=3, IFPACK_pre0/IFPACK_post0, ~/Amesos_KLU_2)
  		***** No scaling
  		*******************************************************
  
                  iter:    0           residual = 1.000000e+00
                  iter:    8           residual = 4.254895e-04
  
  
  		Solution time: 0.369820 (sec.)
  		total iterations: 8
  
Field       Average         Maximum (@IP)   Minimum (@IP)  
UX          -8.45298126e-07 3.69571886e+00  -3.69294799e+00
UY          8.61982354e-03  3.75913054e+00  -3.74134493e+00
PRESSURE    2.41730023e+02  5.11882670e+02  -3.91244320e+00
TEMPERATURE 3.59878129e-02  7.18949843e-02  1.04758100e-04 

************************************************************************
-- Backtrack Line Search -- 
  1: step = 1.000e+00 old f = 3.125e-07 new f = 1.104e-13 (STEP ACCEPTED!)
************************************************************************

************************************************************************
-- Status Test Results --
**...........OR Combination -> 
  **...........AND Combination -> 
    Converged....F-Norm = 4.698e-07 < 1.000e-04
                 (Unscaled Two-Norm, Absolute Tolerance)
    **...........WRMS-Norm = 4.930e+04 < 1
                 (Min Step Size:  1.000e+00 >= 0.1)
  **...........Number of Iterations = 3 < 200
  **...........Finite Number Check (Two-Norm F) = Finite
************************************************************************

************************************************************************
-- Nonlinear Solver Step 3 -- 
||F|| = 4.698e-07  step = 1.000e+00  dx = 2.836e+04
************************************************************************

       CALCULATING FORCING TERM
       Method: Type 2
       Forcing Term Norm: Using L-2 Norm.
       Residual Norm k-1 =             0.000791
       Residual Norm k =               4.7e-07
       Calculated eta_k (pre-bounds) = 1.3e-05
       Forcing Term: 0.0001
------------------------------------------------------------------------------
Re-computing the preconditioner...
Time to re-build the hierarchy = 0.0373292 (s)
Number of actual levels : 3

Smoother (level 0) : # global rows = 40804, # estim. global nnz = 1449616, # nnz per row = 35.53
Smoother (level 0) : IFPACK, type=`ILU',
Smoother (level 0) : both,overlap=1
Smoother (level 0) : level-of-fill=5,rel. threshold=1,abs. threshold=0
Smoother (level 0) : Setup time : 1.43215 (s)

WARNING **********************************************************************
You have requested to keep the finest level smoother from a previous
solve.  In order to reuse part or all of the incomplete factorization
from smoother "IFPACK", you must also specify the smoother options
"reuse numeric factorization" and/or "reuse symbolic factorization".
Not doing so  may result in memory leaks or crashes.

Smoother (level 1) : # global rows = 4624, # estim. global nnz = 130000, # nnz per row = 28.11
Smoother (level 1) : IFPACK, type=`ILU',
Smoother (level 1) : both,overlap=1
Smoother (level 1) : level-of-fill=5,rel. threshold=1,abs. threshold=0
Smoother (level 1) : Setup time : 0.147755 (s)

Amesos (level 2) : NumGlobalRows = 576
Amesos (level 2) : NumGlobalNonzeros = 15028
Amesos (level 2) : Fill-in = 4.52956 %
Amesos (level 2) : Building KLU
Amesos (level 2) : Time for factorization  = 0.00382018 (s)


Cumulative timing for construction so far: 
- for initial setup   = 0.00357318 (s)
- for hierarchy setup = 0.0769889 (s)
- for smoothers setup = 6.27635 (s)
- for coarse setup    = 0.0144768 (s)
- for final setup     = 0.000161171 (s)
------------------------------------------------------------------------------
  
  		*******************************************************
  		***** Problem: Epetra::CrsMatrix
  		***** Preconditioned GMRES solution
  		***** ML (L=3, IFPACK_pre0/IFPACK_post0, ~/Amesos_KLU_2)
  		***** No scaling
  		*******************************************************
  
                  iter:    0           residual = 1.000000e+00
                  iter:    9           residual = 4.006889e-05
  
  
  		Solution time: 0.412808 (sec.)
  		total iterations: 9
  
Field       Average         Maximum (@IP)   Minimum (@IP)  
UX          -8.55342427e-07 3.69570945e+00  -3.69294020e+00
UY          8.61979271e-03  3.75912562e+00  -3.74133700e+00
PRESSURE    2.41732100e+02  5.11884753e+02  -3.91022006e+00
TEMPERATURE 3.59878185e-02  7.18949854e-02  1.04757747e-04 

************************************************************************
-- Backtrack Line Search -- 
  1: step = 1.000e+00 old f = 1.104e-13 new f = 1.768e-22 (STEP ACCEPTED!)
************************************************************************

************************************************************************
-- Status Test Results --
**...........OR Combination -> 
  **...........AND Combination -> 
    Converged....F-Norm = 1.881e-11 < 1.000e-04
                 (Unscaled Two-Norm, Absolute Tolerance)
    **...........WRMS-Norm = 1.202e+01 < 1
                 (Min Step Size:  1.000e+00 >= 0.1)
  **...........Number of Iterations = 4 < 200
  **...........Finite Number Check (Two-Norm F) = Finite
************************************************************************

************************************************************************
-- Nonlinear Solver Step 4 -- 
||F|| = 1.881e-11  step = 1.000e+00  dx = 1.060e+01
************************************************************************

       CALCULATING FORCING TERM
       Method: Type 2
       Forcing Term Norm: Using L-2 Norm.
       Residual Norm k-1 =             4.7e-07
       Residual Norm k =               1.88e-11
       Calculated eta_k (pre-bounds) = 2.28e-07
       Forcing Term: 0.0001
------------------------------------------------------------------------------
Re-computing the preconditioner...
Time to re-build the hierarchy = 0.036798 (s)
Number of actual levels : 3

Smoother (level 0) : # global rows = 40804, # estim. global nnz = 1449616, # nnz per row = 35.53
Smoother (level 0) : IFPACK, type=`ILU',
Smoother (level 0) : both,overlap=1
Smoother (level 0) : level-of-fill=5,rel. threshold=1,abs. threshold=0
Smoother (level 0) : Setup time : 1.42865 (s)

WARNING **********************************************************************
You have requested to keep the finest level smoother from a previous
solve.  In order to reuse part or all of the incomplete factorization
from smoother "IFPACK", you must also specify the smoother options
"reuse numeric factorization" and/or "reuse symbolic factorization".
Not doing so  may result in memory leaks or crashes.

Smoother (level 1) : # global rows = 4624, # estim. global nnz = 130000, # nnz per row = 28.11
Smoother (level 1) : IFPACK, type=`ILU',
Smoother (level 1) : both,overlap=1
Smoother (level 1) : level-of-fill=5,rel. threshold=1,abs. threshold=0
Smoother (level 1) : Setup time : 0.149242 (s)

Amesos (level 2) : NumGlobalRows = 576
Amesos (level 2) : NumGlobalNonzeros = 15028
Amesos (level 2) : Fill-in = 4.52956 %
Amesos (level 2) : Building KLU
Amesos (level 2) : Time for factorization  = 0.003829 (s)


Cumulative timing for construction so far: 
- for initial setup   = 0.00357318 (s)
- for hierarchy setup = 0.0769961 (s)
- for smoothers setup = 7.85424 (s)
- for coarse setup    = 0.0185277 (s)
- for final setup     = 0.000165224 (s)
------------------------------------------------------------------------------
  
  		*******************************************************
  		***** Problem: Epetra::CrsMatrix
  		***** Preconditioned GMRES solution
  		***** ML (L=3, IFPACK_pre0/IFPACK_post0, ~/Amesos_KLU_2)
  		***** No scaling
  		*******************************************************
  
                  iter:    0           residual = 1.000000e+00
                  iter:    9           residual = 6.561399e-05
  
  
  		Solution time: 0.410587 (sec.)
  		total iterations: 9
  
Field       Average         Maximum (@IP)   Minimum (@IP)  
UX          -8.55342141e-07 3.69570945e+00  -3.69294020e+00
UY          8.61979271e-03  3.75912562e+00  -3.74133700e+00
PRESSURE    2.41732100e+02  5.11884753e+02  -3.91022014e+00
TEMPERATURE 3.59878185e-02  7.18949854e-02  1.04757747e-04 

************************************************************************
-- Backtrack Line Search -- 
  1: step = 1.000e+00 old f = 1.768e-22 new f = 1.312e-28 (STEP ACCEPTED!)
************************************************************************


************************************************************************
-- Nonlinear Solver Step 5 -- 
||F|| = 1.620e-14  step = 1.000e+00  dx = 3.306e-04 (Converged!)
************************************************************************

************************************************************************
-- Final Status Test Results --
Converged....OR Combination -> 
  Converged....AND Combination -> 
    Converged....F-Norm = 1.620e-14 < 1.000e-04
                 (Unscaled Two-Norm, Absolute Tolerance)
    Converged....WRMS-Norm = 4.428e-04 < 1
                 (Min Step Size:  1.000e+00 >= 0.1)
  **...........Number of Iterations = 5 < 200
  **...........Finite Number Check (Two-Norm F) = Finite
************************************************************************
Field       Average         Maximum (@IP)   Minimum (@IP)  
UX          -8.55342141e-07 3.69570945e+00  -3.69294020e+00
UY          8.61979271e-03  3.75912562e+00  -3.74133700e+00
PRESSURE    2.41732100e+02  5.11884753e+02  -3.91022014e+00
TEMPERATURE 3.59878185e-02  7.18949854e-02  1.04757747e-04 
------------------------------------------------------------------------------
   ML time information (seconds)          total          avg

   1- Construction                  =    8.10076     1.62015
   2- Preconditioner apply          =     1.5218
     a- first application(s) only   =   0.185939   0.0371878
     b- remaining applications      =    1.33586    0.032582

   3- Total time required by ML so far is 9.62256 seconds
      (constr + all applications)
------------------------------------------------------------------------------
========================================================================================

                          TimeMonitor results over 1 processor

Timer Name                                                   Global time (num calls)    
----------------------------------------------------------------------------------------
Drekar: Total Time                                           16.16 (1)                  
NOX Total Linear Solve                                       1.692 (5)                  
NOX Total Preconditioner Construction                        8.119 (5)                  
STK_Interface::setupTransientExodusFile(filename)            0.3354 (1)                 
STK_Interface::writeToExodus(timestep)                       0.05904 (1)                
Thyra::NOXNonlinearSolver::solve                             14.51 (1)                  
panzer::ModelEvaluator::evalModel(J)                         3.947 (5)                  
panzer::ModelEvaluator::evalModel(f)                         0.5425 (6)                 
panzer::SquareQuadMeshFactory::buildUncomittedMesh()         0.0001221 (1)              
panzer::SquareQuadMeshFactory::completeMeshConstruction()    0.3929 (1)                 
========================================================================================
Drekar run completed.
