Mesh -> 
 Source = Inline Mesh   [unused]
 Exodus File -> 
  File Name = drekar.exo   [unused]
 Inline Mesh -> 
  Mesh Dimension = 2   [unused]
  Mesh Factory Parameter List -> 
   X Blocks = 1   [unused]
   Y Blocks = 1   [unused]
   X Elements = 50   [unused]
   Y Elements = 50   [unused]
   X0 = 0   [unused]
   Y0 = 0   [unused]
   Xf = 1   [unused]
   Yf = 1   [unused]
   Periodic BCs -> 
    Count = 0   [unused]
Block ID to Physics ID Mapping -> 
 eblock-0_0 = fluid   [unused]
Assembly -> 
 Workset Size = 1   [unused]
Physics Blocks -> 
 fluid -> 
  child0 -> 
   Type = Continuity   [unused]
   Basis Type = HGrad   [unused]
   Basis Order = 1   [unused]
   Integration Order = 2   [unused]
   Model ID = fluid model   [unused]
   Prefix =    [unused]
   Options -> 
    TAU_C = NONE   [unused]
    PSPG STABILIZATION = ON   [unused]
  child1 -> 
   Type = Momentum   [unused]
   Basis Type = HGrad   [unused]
   Basis Order = 1   [unused]
   Integration Order = 2   [unused]
   Model ID = fluid model   [unused]
   Prefix =    [unused]
   Options -> 
    DCO_M = OFF   [unused]
    TAU_M = SHAKIB   [unused]
    SUPG STABILIZATION = ON   [unused]
    USE SOURCE TERM = ON   [unused]
  child2 -> 
   Type = Energy   [unused]
   Basis Type = HGrad   [unused]
   Basis Order = 1   [unused]
   Integration Order = 2   [unused]
   Model ID = fluid model   [unused]
   Prefix =    [unused]
   Options -> 
    TAU_E = SHAKIB   [unused]
    SUPG STABILIZATION = ON   [unused]
    DCO_E = OFF   [unused]
    USE SOURCE TERM = OFF   [unused]
Closure Models -> 
 fluid model -> 
  DENSITY -> 
   Value = 1   [unused]
  STRESS_TENSOR -> 
   Value = NEWTONIAN   [unused]
  VISCOSITY -> 
   Value = 1   [unused]
  SOURCE_MOMENTUM -> 
   Value = BOUSSINESQ   [unused]
   Reference Density = 1   [unused]
   Reference Temperature = 0   [unused]
   Volume Expansion Coefficient = 1000   [unused]
  GRAVITY_X -> 
   Value = 0   [unused]
  GRAVITY_Y -> 
   Value = -10   [unused]
  Global Statistics -> 
   Value = UX,UY,PRESSURE,TEMPERATURE   [unused]
  HEAT_CAPACITY -> 
   Value = 1   [unused]
  THERMAL_CONDUCTIVITY -> 
   Value = 1   [unused]
  ENERGY_FLUX -> 
   Value = FOURIER   [unused]
  SOURCE_TEMPERATURE -> 
   Value = 0   [unused]
User Data -> 
 [empty list]
Boundary Conditions -> 
 child0 -> 
  Type = Dirichlet   [unused]
  Sideset ID = top   [unused]
  Element Block ID = eblock-0_0   [unused]
  Equation Set Name = UX   [unused]
  Strategy = Constant   [unused]
  Data -> 
   Value = 100   [unused]
 child1 -> 
  Type = Dirichlet   [unused]
  Sideset ID = top   [unused]
  Element Block ID = eblock-0_0   [unused]
  Equation Set Name = UY   [unused]
  Strategy = Constant   [unused]
  Data -> 
   Value = 0   [unused]
 child2 -> 
  Type = Dirichlet   [unused]
  Sideset ID = bottom   [unused]
  Element Block ID = eblock-0_0   [unused]
  Equation Set Name = UX   [unused]
  Strategy = Constant   [unused]
  Data -> 
   Value = 0   [unused]
 child3 -> 
  Type = Dirichlet   [unused]
  Sideset ID = bottom   [unused]
  Element Block ID = eblock-0_0   [unused]
  Equation Set Name = UY   [unused]
  Strategy = Constant   [unused]
  Data -> 
   Value = 0   [unused]
 child4 -> 
  Type = Dirichlet   [unused]
  Sideset ID = left   [unused]
  Element Block ID = eblock-0_0   [unused]
  Equation Set Name = UX   [unused]
  Strategy = Constant   [unused]
  Data -> 
   Value = 0   [unused]
 child5 -> 
  Type = Dirichlet   [unused]
  Sideset ID = left   [unused]
  Element Block ID = eblock-0_0   [unused]
  Equation Set Name = UY   [unused]
  Strategy = Constant   [unused]
  Data -> 
   Value = 0   [unused]
 child6 -> 
  Type = Dirichlet   [unused]
  Sideset ID = right   [unused]
  Element Block ID = eblock-0_0   [unused]
  Equation Set Name = UX   [unused]
  Strategy = Constant   [unused]
  Data -> 
   Value = 0   [unused]
 child7 -> 
  Type = Dirichlet   [unused]
  Sideset ID = right   [unused]
  Element Block ID = eblock-0_0   [unused]
  Equation Set Name = UY   [unused]
  Strategy = Constant   [unused]
  Data -> 
   Value = 0   [unused]
Initial Conditions -> 
 eblock-0_0 -> 
  UX -> 
   Value = 0   [unused]
  UY -> 
   Value = 0   [unused]
  PRESSURE -> 
   Value = 0   [unused]
  TEMPERATURE -> 
   Value = 0   [unused]
Output -> 
 File Name = LidDriven.exo   [unused]
Options -> 
 Write Volume Assembly Graphs = 0   [unused]
 Volume Assembly Graph Prefix = LidDriven_   [unused]
Solution Control -> 
 Piro Solver = NOX   [unused]
 Compute Sensitivities = 0   [unused]
 Jacobian Operator = Have Jacobian   [unused]
 NOX -> 
  Nonlinear Solver = Line Search Based   [unused]
  Direction -> 
   Method = Newton   [unused]
   Newton -> 
    Forcing Term Method = Type 2   [unused]
    Forcing Term Initial Tolerance = 0.01   [unused]
    Forcing Term Alpha = 2   [unused]
    Forcing Term Gamma = 0.9   [unused]
    Rescue Bad Newton Solve = 1   [unused]
    Linear Solver -> 
     Tolerance = 0.1   [unused]
    Stratimikos Linear Solver -> 
     NOX Stratimikos Options -> 
      [empty list]
     Stratimikos -> 
      Linear Solver Type = MCLS   [unused]
      Preconditioner Type = MCLS   [unused]
      Linear Solver Types -> 
       AztecOO -> 
        Forward Solve -> 
         Max Iterations = 600   [unused]
         Tolerance = 0.0001   [unused]
         AztecOO Settings -> 
          Aztec Solver = GMRES   [unused]
          Convergence Test = r0   [unused]
          Size of Krylov Subspace = 200   [unused]
          Output Frequency = 10   [unused]
       Belos -> 
        Solver Type = Block GMRES   [unused]
        Solver Types -> 
         Block GMRES -> 
          Convergence Tolerance = 1e-05   [unused]
          Output Frequency = 10   [unused]
          Output Style = 1   [unused]
          Verbosity = 33   [unused]
          Maximum Iterations = 100   [unused]
          Block Size = 1   [unused]
          Num Blocks = 200   [unused]
          Flexible Gmres = 0   [unused]
        VerboseObject -> 
         Output File = none   [unused]
         Verbosity Level = medium   [unused]
       MCLS -> 
        Solver Type = Fixed Point   [unused]
        Solver Types -> 
         MCSA -> 
          Fixed Point Type = Richardson   [unused]
          MC Type = Adjoint   [unused]
          Estimator Type = Collision   [unused]
          Transport Type = Global   [unused]
          Number of Sets = 1   [unused]
          Reproducible MC Mode = 0   [unused]
          Overlap Size = 0   [unused]
          Maximum Iterations = 100   [unused]
          Weight Cutoff = 0.01   [unused]
          Set Number of Histories = 500000   [unused]
          Iteration Print Frequency = 1   [unused]
          Richardson Relaxation = 1   [unused]
          Neumann Relaxation = 1   [unused]
          Absorption Probability = 0   [unused]
          Domain Filter Tolerance = 0   [unused]
          Domain Fill Value = 200   [unused]
          Domain Weight Recovery = 0   [unused]
         Fixed Point -> 
          Fixed Point Type = Richardson   [unused]
          Maximum Iterations = 10000   [unused]
          Iteration Print Frequency = 1   [unused]
          Richardson Relaxation = 1   [unused]
      Preconditioner Types -> 
       Ifpack -> 
        Overlap = 1   [unused]
        Prec Type = ILU   [unused]
        Ifpack Settings -> 
         fact: drop tolerance = 1e-05   [unused]
         fact: ilut level-of-fill = 15   [unused]
         fact: level-of-fill = 5   [unused]
       ML -> 
        Base Method Defaults = SA   [unused]
        ML Settings -> 
         ML output = 10   [unused]
         prec type = MGV   [unused]
         print unused = 0   [unused]
         PDE equations = 4   [unused]
         max levels = 10   [unused]
         cycle applications = 1   [unused]
         aggregation: threshold = 0   [unused]
         aggregation: type = Uncoupled   [unused]
         aggregation: damping factor = 0.1   [unused]
         aggregation: block scaling = 1   [unused]
         energy minimization: enable = 1   [unused]
         energy minimization: type = 3   [unused]
         smoother: type = IFPACK   [unused]
         smoother: ifpack type = ILU   [unused]
         smoother: ifpack overlap = 5   [unused]
         smoother: damping factor = 1   [unused]
         smoother: pre or post = both   [unused]
         smoother: sweeps = 1   [unused]
         coarse: max size = 2000   [unused]
         coarse: type = Amesos-KLU   [unused]
         smoother: ifpack list -> 
          fact: level-of-fill = 5   [unused]
          schwarz: reordering type = rcm   [unused]
          fact: drop tolerance = 1e-06   [unused]
          fact: maximum fill factor = 100   [unused]
       MCLS -> 
        Preconditioner Type = ML   [unused]
        Preconditioner Types -> 
         Block Jacobi -> 
          Jacobi Block Size = 4   [unused]
         ILUT -> 
          fact: ilut level-of-fill = 3   [unused]
          fact: drop tolerance = 0.0005   [unused]
         ParaSails -> 
          ParaSails: Threshold = 0.001   [unused]
          ParaSails: Number of Levels = 7   [unused]
          ParaSails: Filter = 0.001   [unused]
         PSILUT -> 
          fact: ilut level-of-fill = 3   [unused]
          fact: drop tolerance = 0.0001   [unused]
          ParaSails: Threshold = 0.1   [unused]
          ParaSails: Number of Levels = 1   [unused]
          ParaSails: Filter = 0   [unused]
         ML -> 
          Base Method Defaults = SA   [unused]
          ML Settings -> 
           ML output = 10   [unused]
           prec type = MGV   [unused]
           print unused = 0   [unused]
           PDE equations = 4   [unused]
           max levels = 10   [unused]
           cycle applications = 1   [unused]
           aggregation: threshold = 0   [unused]
           aggregation: type = Uncoupled   [unused]
           aggregation: damping factor = 0   [unused]
           aggregation: block scaling = 0   [unused]
           energy minimization: enable = 0   [unused]
           energy minimization: type = 3   [unused]
           smoother: type = IFPACK   [unused]
           smoother: ifpack type = ILU   [unused]
           smoother: ifpack overlap = 1   [unused]
           smoother: damping factor = 1   [unused]
           smoother: pre or post = both   [unused]
           smoother: sweeps = 1   [unused]
           coarse: max size = 2000   [unused]
           coarse: type = Amesos-KLU   [unused]
           smoother: ifpack list -> 
            fact: level-of-fill = 5   [unused]
            schwarz: reordering type = rcm   [unused]
            fact: drop tolerance = 1e-06   [unused]
            fact: maximum fill factor = 100   [unused]
  Line Search -> 
   Method = Polynomial   [unused]
   Full Step -> 
    Full Step = 1   [unused]
   Backtrack -> 
    Max Iters = 1000   [unused]
    Default Step = 1   [unused]
    Recovery Step = 0.01   [unused]
    Minimum Step = 0.0001   [unused]
    Reduction Factor = 0.1   [unused]
  Printing -> 
   Output Precision = 3   [unused]
   Output Processor = 0   [unused]
   Output Information -> 
    Error = 1   [unused]
    Warning = 1   [unused]
    Inner Iteration = 1   [unused]
    Outer Iteration = 1   [unused]
    Outer Iteration StatusTest = 1   [unused]
    Test Details = 1   [unused]
    Parameters = 1   [unused]
    Details = 1   [unused]
    Linear Solver Details = 1   [unused]
    Stepper Iteration = 1   [unused]
    Stepper Details = 1   [unused]
    Stepper Parameters = 1   [unused]
  Solver Options -> 
   Status Test Check Type = Complete   [unused]
  Thyra Group Options -> 
   Function Scaling = Row Sum   [unused]
  Status Tests -> 
   Test Type = Combo   [unused]
   Combo Type = OR   [unused]
   Number of Tests = 3   [unused]
   Test 0 -> 
    Test Type = Combo   [unused]
    Combo Type = AND   [unused]
    Number of Tests = 2   [unused]
    Test 0 -> 
     Test Type = NormF   [unused]
     Tolerance = 0.0001   [unused]
    Test 1 -> 
     Test Type = NormWRMS   [unused]
     Tolerance = 0.01   [unused]
     Relative Tolerance = 0.001   [unused]
     Absolute Tolerance = 1e-08   [unused]
     BDF Multiplier = 1   [unused]
     Alpha = 0.1   [unused]
     Beta = 0.5   [unused]
   Test 1 -> 
    Test Type = MaxIters   [unused]
    Maximum Iterations = 400   [unused]
   Test 2 -> 
    Test Type = FiniteValue   [unused]
 Rythmos -> 
  Nonlinear Solver Type = NOX   [unused]
  Final Time = 10   [unused]
  Stepper Type = BDF   [unused]
  Step Control Strategy Type = ImplicitBDFRamping   [unused]
  Rythmos Integration Control Strategy = Simple   [unused]
  Rythmos Stepper -> 
   VerboseObject -> 
    Verbosity Level = medium   [unused]
  Stratimikos -> 
   [empty list]
  Rythmos Integrator -> 
   VerboseObject -> 
    Verbosity Level = high   [unused]
  Rythmos Integration Control -> 
   [empty list]
  Rythmos Step Control Strategy -> 
   Number of Constant First Order Steps = 4   [unused]
   Initial Step Size = 0.01   [unused]
   Min Step Size = 0.001   [unused]
   Max Step Size = 0.1   [unused]
   Step Size Decrease Factor = 0.5   [unused]
   Step Size Increase Factor = 1.2   [unused]
   Max Order = 2   [unused]
   Absolute Error Tolerance = 1e-07   [unused]
   Relative Error Tolerance = 1e-05   [unused]

STK Mesh data:
   Spatial dim = 2
   Entity counts (Nodes, Edges, Cells) = ( 2601, 5100, 2500 )
   Element blocks = "eblock-0_0" 
   Sidesets = "bottom" "left" "right" "top" 
   Nodesets = "lower_left" "origin" 
Field       Average         Maximum (@IP)   Minimum (@IP)  
UX          0.00000000e+00  2.22507386e-308 0.00000000e+00 
UY          0.00000000e+00  2.22507386e-308 0.00000000e+00 
PRESSURE    0.00000000e+00  2.22507386e-308 0.00000000e+00 
TEMPERATURE 0.00000000e+00  2.22507386e-308 0.00000000e+00 

************************************************************************

-- Parameters Passed to Nonlinear Solver --

     Nonlinear Solver = Line Search Based
     Direction -> 
      Method = Newton
      Newton -> 
       Forcing Term Method = Type 2
       Forcing Term Initial Tolerance = 0.01
       Forcing Term Alpha = 2
       Forcing Term Gamma = 0.9
       Rescue Bad Newton Solve = 1
       Forcing Term Minimum Tolerance = 0.0001   [default]
       Forcing Term Maximum Tolerance = 0.9   [default]
       Linear Solver -> 
        Tolerance = 0.1   [unused]
       Stratimikos Linear Solver -> 
        NOX Stratimikos Options -> 
         [empty list]
        Stratimikos -> 
         Linear Solver Type = MCLS   [unused]
         Preconditioner Type = MCLS   [unused]
         Linear Solver Types -> 
          AztecOO -> 
           Forward Solve -> 
            Max Iterations = 600   [unused]
            Tolerance = 0.0001   [unused]
            AztecOO Settings -> 
             Aztec Solver = GMRES   [unused]
             Convergence Test = r0   [unused]
             Size of Krylov Subspace = 200   [unused]
             Output Frequency = 10   [unused]
          Belos -> 
           Solver Type = Block GMRES   [unused]
           Solver Types -> 
            Block GMRES -> 
             Convergence Tolerance = 1e-05   [unused]
             Output Frequency = 10   [unused]
             Output Style = 1   [unused]
             Verbosity = 33   [unused]
             Maximum Iterations = 100   [unused]
             Block Size = 1   [unused]
             Num Blocks = 200   [unused]
             Flexible Gmres = 0   [unused]
           VerboseObject -> 
            Output File = none   [unused]
            Verbosity Level = medium   [unused]
          MCLS -> 
           Solver Type = Fixed Point   [unused]
           Solver Types -> 
            MCSA -> 
             Fixed Point Type = Richardson   [unused]
             MC Type = Adjoint   [unused]
             Estimator Type = Collision   [unused]
             Transport Type = Global   [unused]
             Number of Sets = 1   [unused]
             Reproducible MC Mode = 0   [unused]
             Overlap Size = 0   [unused]
             Maximum Iterations = 100   [unused]
             Weight Cutoff = 0.01   [unused]
             Set Number of Histories = 500000   [unused]
             Iteration Print Frequency = 1   [unused]
             Richardson Relaxation = 1   [unused]
             Neumann Relaxation = 1   [unused]
             Absorption Probability = 0   [unused]
             Domain Filter Tolerance = 0   [unused]
             Domain Fill Value = 200   [unused]
             Domain Weight Recovery = 0   [unused]
            Fixed Point -> 
             Fixed Point Type = Richardson   [unused]
             Maximum Iterations = 10000   [unused]
             Iteration Print Frequency = 1   [unused]
             Richardson Relaxation = 1   [unused]
         Preconditioner Types -> 
          Ifpack -> 
           Overlap = 1   [unused]
           Prec Type = ILU   [unused]
           Ifpack Settings -> 
            fact: drop tolerance = 1e-05   [unused]
            fact: ilut level-of-fill = 15   [unused]
            fact: level-of-fill = 5   [unused]
          ML -> 
           Base Method Defaults = SA   [unused]
           ML Settings -> 
            ML output = 10   [unused]
            prec type = MGV   [unused]
            print unused = 0   [unused]
            PDE equations = 4   [unused]
            max levels = 10   [unused]
            cycle applications = 1   [unused]
            aggregation: threshold = 0   [unused]
            aggregation: type = Uncoupled   [unused]
            aggregation: damping factor = 0.1   [unused]
            aggregation: block scaling = 1   [unused]
            energy minimization: enable = 1   [unused]
            energy minimization: type = 3   [unused]
            smoother: type = IFPACK   [unused]
            smoother: ifpack type = ILU   [unused]
            smoother: ifpack overlap = 5   [unused]
            smoother: damping factor = 1   [unused]
            smoother: pre or post = both   [unused]
            smoother: sweeps = 1   [unused]
            coarse: max size = 2000   [unused]
            coarse: type = Amesos-KLU   [unused]
            smoother: ifpack list -> 
             fact: level-of-fill = 5   [unused]
             schwarz: reordering type = rcm   [unused]
             fact: drop tolerance = 1e-06   [unused]
             fact: maximum fill factor = 100   [unused]
          MCLS -> 
           Preconditioner Type = ML   [unused]
           Preconditioner Types -> 
            Block Jacobi -> 
             Jacobi Block Size = 4   [unused]
            ILUT -> 
             fact: ilut level-of-fill = 3   [unused]
             fact: drop tolerance = 0.0005   [unused]
            ParaSails -> 
             ParaSails: Threshold = 0.001   [unused]
             ParaSails: Number of Levels = 7   [unused]
             ParaSails: Filter = 0.001   [unused]
            PSILUT -> 
             fact: ilut level-of-fill = 3   [unused]
             fact: drop tolerance = 0.0001   [unused]
             ParaSails: Threshold = 0.1   [unused]
             ParaSails: Number of Levels = 1   [unused]
             ParaSails: Filter = 0   [unused]
            ML -> 
             Base Method Defaults = SA   [unused]
             ML Settings -> 
              ML output = 10   [unused]
              prec type = MGV   [unused]
              print unused = 0   [unused]
              PDE equations = 4   [unused]
              max levels = 10   [unused]
              cycle applications = 1   [unused]
              aggregation: threshold = 0   [unused]
              aggregation: type = Uncoupled   [unused]
              aggregation: damping factor = 0   [unused]
              aggregation: block scaling = 0   [unused]
              energy minimization: enable = 0   [unused]
              energy minimization: type = 3   [unused]
              smoother: type = IFPACK   [unused]
              smoother: ifpack type = ILU   [unused]
              smoother: ifpack overlap = 1   [unused]
              smoother: damping factor = 1   [unused]
              smoother: pre or post = both   [unused]
              smoother: sweeps = 1   [unused]
              coarse: max size = 2000   [unused]
              coarse: type = Amesos-KLU   [unused]
              smoother: ifpack list -> 
               fact: level-of-fill = 5   [unused]
               schwarz: reordering type = rcm   [unused]
               fact: drop tolerance = 1e-06   [unused]
               fact: maximum fill factor = 100   [unused]
     Line Search -> 
      Method = Polynomial
      Full Step -> 
       Full Step = 1   [unused]
      Backtrack -> 
       Max Iters = 1000   [unused]
       Default Step = 1   [unused]
       Recovery Step = 0.01   [unused]
       Minimum Step = 0.0001   [unused]
       Reduction Factor = 0.1   [unused]
      Polynomial -> 
       Sufficient Decrease Condition = Armijo-Goldstein   [default]
       Interpolation Type = Cubic   [default]
       Recovery Step Type = Constant   [default]
       Minimum Step = 1e-12   [default]
       Default Step = 1   [default]
       Recovery Step = 1   [default]
       Max Iters = 100   [default]
       Alpha Factor = 0.0001   [default]
       Min Bounds Factor = 0.1   [default]
       Max Bounds Factor = 0.5   [default]
       Force Interpolation = 0   [default]
       Use Counters = 1   [default]
       Maximum Iteration for Increase = 0   [default]
       Allowed Relative Increase = 100   [default]
     Printing -> 
      Output Precision = 3
      Output Processor = 0
      Output Stream = Teuchos::RCP<std::ostream>{ptr=0x767ba10,node=0x7630510,strong_count=24,weak_count=0}
      Error Stream = Teuchos::RCP<std::ostream>{ptr=0x767ba10,node=0x7630510,strong_count=24,weak_count=0}
      MyPID = 0   [default]
      Output Information -> 
       Error = 1
       Warning = 1
       Inner Iteration = 1
       Outer Iteration = 1
       Outer Iteration StatusTest = 1
       Test Details = 1
       Parameters = 1
       Details = 1
       Linear Solver Details = 1
       Stepper Iteration = 1
       Stepper Details = 1
       Stepper Parameters = 1
       Debug = 0   [default]
     Solver Options -> 
      Status Test Check Type = Complete
      User Defined Pre/Post Operator = Teuchos::RCP<NOX::Abstract::PrePostOperator>{ptr=0x762f710,node=0x7630e80,strong_count=2,weak_count=0}
      User Defined Merit Function = Teuchos::RCP<NOX::MeritFunction::Generic>{ptr=0x7622360,node=0x762fb80,strong_count=3,weak_count=0}
     Thyra Group Options -> 
      Function Scaling = Row Sum
      Update Row Sum Scaling = Before Each Nonlinear Solve   [default]
      User Defined Scaling = Teuchos::RCP<Thyra::VectorBase<double> >{ptr=0,node=0,strong_count=0,weak_count=0}   [default]
     Status Tests -> 
      Test Type = Combo
      Combo Type = OR
      Number of Tests = 3
      Test 0 -> 
       Test Type = Combo
       Combo Type = AND
       Number of Tests = 2
       Test 0 -> 
        Test Type = NormF
        Tolerance = 0.0001
        Norm Type = Two Norm   [default]
        Scale Type = Unscaled   [default]
       Test 1 -> 
        Test Type = NormWRMS
        Tolerance = 0.01
        Relative Tolerance = 0.001
        Absolute Tolerance = 1e-08
        BDF Multiplier = 1
        Alpha = 0.1
        Beta = 0.5
        Disable Implicit Weighting = 1   [default]
      Test 1 -> 
       Test Type = MaxIters
       Maximum Iterations = 400
      Test 2 -> 
       Test Type = FiniteValue
       Vector Type = F Vector   [default]
       Norm Type = Two Norm   [default]
Field       Average         Maximum (@IP)   Minimum (@IP)  
UX          0.00000000e+00  2.22507386e-308 0.00000000e+00 
UY          0.00000000e+00  2.22507386e-308 0.00000000e+00 
PRESSURE    0.00000000e+00  2.22507386e-308 0.00000000e+00 
TEMPERATURE 0.00000000e+00  2.22507386e-308 0.00000000e+00 
************************************************************************
-- Status Test Results --
**...........OR Combination -> 
  **...........AND Combination -> 
    **...........F-Norm = 7.000e+02 < 1.000e-04
                 (Unscaled Two-Norm, Absolute Tolerance)
    **...........WRMS-Norm = 1.000e+12 < 0.01
  **...........Number of Iterations = 0 < 400
  **...........Finite Number Check (Two-Norm F) = Finite
************************************************************************

************************************************************************
-- Nonlinear Solver Step 0 -- 
||F|| = 7.000e+02  step = 0.000e+00  dx = 0.000e+00
************************************************************************

       CALCULATING FORCING TERM
       Method: Type 2
       Forcing Term: 0.01
MCLS ML: Building ML Preconditioner
------------------------------------------------------------------------------
Using `power-method' for eigen-computations
*** 
*** ML_Epetra::MultiLevelPreconditioner
***
Matrix has 10404 rows and 364816 nonzeros, distributed over 1 process(es)
The linear system matrix is an Epetra_CrsMatrix
** Leaving column map of Main linear system matrix unchanged
Maximum number of levels = 10
Using increasing levels. Finest level  = 0, coarsest level = 9
Number of applications of the ML cycle = 1
Number of PDE equations = 4
Aggregation threshold = 0
Max coarse size = 2000
R and P smoothing : P = (I-\omega A) P_t, R = P^T
R and P smoothing : \omega = 0/lambda_max
Null space type      = default (constants)
Null space dimension = 4
-----------------------------------------------------------------------
ML_Gen_MultiLevelHierarchy (level 0) : Gen Restriction and Prolongator
-----------------------------------------------------------------------
ML_Aggregate_Coarsen (level 0) begins
ML_Aggregate_CoarsenUncoupled : current level = 0
ML_Aggregate_CoarsenUncoupled : current eps = 0.000000e+00
Aggregation(UVB) : Total nonzeros = 364816 (Nrows=10404)
Aggregation(UVB) : Amalgamated matrix done 
Aggregation(UC) : Phase 0 - no. of bdry pts  = 0 
Aggregation(UC) : Phase 1 - nodes aggregated = 2548 (2601)
Aggregation(UC) : Phase 1 - total aggregates = 289 
Aggregation(UC_Phase2_3) : Phase 1 - nodes aggregated = 2548 
Aggregation(UC_Phase2_3) : Phase 1 - total aggregates = 289
Aggregation(UC_Phase2_3) : Phase 2a- additional aggregates = 0
Aggregation(UC_Phase2_3) : Phase 2 - total aggregates = 289
Aggregation(UC_Phase2_3) : Phase 2 - boundary nodes   = 0
Aggregation(UC_Phase2_3) : Phase 3 - leftovers = 0 and singletons = 0
Aggregation(UC) : QR factorization - too small aggregates = 0

Prolongator/Restriction smoother (level 0) : damping = 0.000e+00 , sweeps = 1
Gen_Prolongator (level 0) : not smoothing prolongator
Smoothed Aggregation : operator complexity = 1.071431e+00.
Time to build the hierarchy = 0.018856 (s)
Number of actual levels : 2

Smoother (level 0) : # global rows = 10404, # estim. global nnz = 364816, # nnz per row = 35.06
Smoother (level 0) : IFPACK, type=`ILU',
Smoother (level 0) : both,overlap=1
Smoother (level 0) : level-of-fill=5,rel. threshold=1,abs. threshold=0
Smoother (level 0) : Setup time : 0.35578 (s)

WARNING **********************************************************************
You have requested to keep the finest level smoother from a previous
solve.  In order to reuse part or all of the incomplete factorization
from smoother "IFPACK", you must also specify the smoother options
"reuse numeric factorization" and/or "reuse symbolic factorization".
Not doing so  may result in memory leaks or crashes.

Amesos (level 1) : NumGlobalRows = 1156
Amesos (level 1) : NumGlobalNonzeros = 25883
Amesos (level 1) : Fill-in = 1.93686 %
Amesos (level 1) : Building KLU
Amesos (level 1) : Time for factorization  = 0.00675106 (s)

WARNING: Parameter "energy minimization: type" 3   [unused] is unused
WARNING: Parameter "coarse: list"    [unused] is unused
WARNING: Parameter "aggregation: list (level 0)"    [unused] is unused
WARNING: Parameter "aggregation: list (level 1)"    [unused] is unused
WARNING: Parameter "aggregation: list (level 2)"    [unused] is unused
WARNING: Parameter "aggregation: list (level 3)"    [unused] is unused
WARNING: Parameter "aggregation: list (level 4)"    [unused] is unused
WARNING: Parameter "aggregation: list (level 5)"    [unused] is unused
WARNING: Parameter "aggregation: list (level 6)"    [unused] is unused
WARNING: Parameter "aggregation: list (level 7)"    [unused] is unused
WARNING: Parameter "aggregation: list (level 8)"    [unused] is unused
WARNING: Parameter "aggregation: list (level 9)"    [unused] is unused
WARNING: Parameter "smoother: list (level 0)"    [unused] is unused

Cumulative timing for construction so far: 
- for initial setup   = 0.00315118 (s)
- for hierarchy setup = 0.0188999 (s)
- for smoothers setup = 0.35578 (s)
- for coarse setup    = 0.00717998 (s)
- for final setup     = 0.000149012 (s)
------------------------------------------------------------------------------
MCLS ML: Extracting ML Preconditioner
MCLS ML: Transposing ML Preconditioner
MCLS ML: Complete in 165.75 seconds.
------------------------------------------------------------------------------
   ML time information (seconds)          total          avg

   1- Construction                  =   0.382355    0.382355
   2- Preconditioner apply          =    129.289
     a- first application(s) only   =  0.0135758   0.0135758
     b- remaining applications      =    129.275   0.0124255

   3- Total time required by ML so far is 129.671 seconds
      (constr + all applications)
------------------------------------------------------------------------------
Richardson Iteration 1: Residual = 0.000948102

************************************************************************
-- Polynomial Line Search -- 
       Merit Function = WeightedMeritFunction
Field       Average         Maximum (@IP)   Minimum (@IP)  
UX          5.03827586e-14  9.70790073e-11  -1.65478698e-11
UY          2.55405008e-14  3.62978631e-11  -3.64737381e-11
PRESSURE    -9.21724487e-10 1.16427158e-08  -1.35170909e-08
TEMPERATURE 0.00000000e+00  2.22507386e-308 0.00000000e+00 
Field       Average         Maximum (@IP)   Minimum (@IP)  
UX          5.03827586e-02  9.70790073e+01  -1.65478698e+01
UY          2.55405008e-02  3.62978631e+01  -3.64737381e+01
PRESSURE    -9.21724487e+02 1.16427158e+04  -1.35170909e+04
TEMPERATURE 0.00000000e+00  2.22507386e-308 0.00000000e+00 
  1: step = 1.000e+00 old f = 7.000e+02 new f = 1.598e+01 (STEP ACCEPTED!)
************************************************************************
************************************************************************
-- Status Test Results --
**...........OR Combination -> 
  **...........AND Combination -> 
    **...........F-Norm = 1.598e+01 < 1.000e-04
                 (Unscaled Two-Norm, Absolute Tolerance)
    **...........WRMS-Norm = 6.020e+10 < 0.01
                 (Min Step Size:  1.000e+00 >= 0.1)
  **...........Number of Iterations = 1 < 400
  **...........Finite Number Check (Two-Norm F) = Finite
************************************************************************

************************************************************************
-- Nonlinear Solver Step 1 -- 
||F|| = 1.598e+01  step = 1.000e+00  dx = 1.856e+06
************************************************************************

       CALCULATING FORCING TERM
       Method: Type 2
       Forcing Term Norm: Using L-2 Norm.
       Residual Norm k-1 =             700
       Residual Norm k =               16
       Calculated eta_k (pre-bounds) = 0.000469
       Forcing Term: 0.000469
MCLS ML: Building ML Preconditioner
------------------------------------------------------------------------------
Using `power-method' for eigen-computations
*** 
*** ML_Epetra::MultiLevelPreconditioner
***
Matrix has 10404 rows and 364816 nonzeros, distributed over 1 process(es)
The linear system matrix is an Epetra_CrsMatrix
** Leaving column map of Main linear system matrix unchanged
Maximum number of levels = 10
Using increasing levels. Finest level  = 0, coarsest level = 9
Number of applications of the ML cycle = 1
Number of PDE equations = 4
Aggregation threshold = 0
Max coarse size = 2000
R and P smoothing : P = (I-\omega A) P_t, R = P^T
R and P smoothing : \omega = 0/lambda_max
Null space type      = default (constants)
Null space dimension = 4
-----------------------------------------------------------------------
ML_Gen_MultiLevelHierarchy (level 0) : Gen Restriction and Prolongator
-----------------------------------------------------------------------
ML_Aggregate_Coarsen (level 0) begins
ML_Aggregate_CoarsenUncoupled : current level = 0
ML_Aggregate_CoarsenUncoupled : current eps = 0.000000e+00
Aggregation(UVB) : Total nonzeros = 364816 (Nrows=10404)
Aggregation(UVB) : Amalgamated matrix done 
Aggregation(UC) : Phase 0 - no. of bdry pts  = 0 
Aggregation(UC) : Phase 1 - nodes aggregated = 2548 (2601)
Aggregation(UC) : Phase 1 - total aggregates = 289 
Aggregation(UC_Phase2_3) : Phase 1 - nodes aggregated = 2548 
Aggregation(UC_Phase2_3) : Phase 1 - total aggregates = 289
Aggregation(UC_Phase2_3) : Phase 2a- additional aggregates = 0
Aggregation(UC_Phase2_3) : Phase 2 - total aggregates = 289
Aggregation(UC_Phase2_3) : Phase 2 - boundary nodes   = 0
Aggregation(UC_Phase2_3) : Phase 3 - leftovers = 0 and singletons = 0
Aggregation(UC) : QR factorization - too small aggregates = 0

Prolongator/Restriction smoother (level 0) : damping = 0.000e+00 , sweeps = 1
Gen_Prolongator (level 0) : not smoothing prolongator
Smoothed Aggregation : operator complexity = 1.071431e+00.
Time to build the hierarchy = 0.0163469 (s)
Number of actual levels : 2

Smoother (level 0) : # global rows = 10404, # estim. global nnz = 364816, # nnz per row = 35.06
Smoother (level 0) : IFPACK, type=`ILU',
Smoother (level 0) : both,overlap=1
Smoother (level 0) : level-of-fill=5,rel. threshold=1,abs. threshold=0
Smoother (level 0) : Setup time : 0.35209 (s)

WARNING **********************************************************************
You have requested to keep the finest level smoother from a previous
solve.  In order to reuse part or all of the incomplete factorization
from smoother "IFPACK", you must also specify the smoother options
"reuse numeric factorization" and/or "reuse symbolic factorization".
Not doing so  may result in memory leaks or crashes.

Amesos (level 1) : NumGlobalRows = 1156
Amesos (level 1) : NumGlobalNonzeros = 26059
Amesos (level 1) : Fill-in = 1.95003 %
Amesos (level 1) : Building KLU
Amesos (level 1) : Time for factorization  = 0.005934 (s)

WARNING: Parameter "energy minimization: type" 3   [unused] is unused
WARNING: Parameter "coarse: list"    [unused] is unused
WARNING: Parameter "aggregation: list (level 0)"    [unused] is unused
WARNING: Parameter "aggregation: list (level 1)"    [unused] is unused
WARNING: Parameter "aggregation: list (level 2)"    [unused] is unused
WARNING: Parameter "aggregation: list (level 3)"    [unused] is unused
WARNING: Parameter "aggregation: list (level 4)"    [unused] is unused
WARNING: Parameter "aggregation: list (level 5)"    [unused] is unused
WARNING: Parameter "aggregation: list (level 6)"    [unused] is unused
WARNING: Parameter "aggregation: list (level 7)"    [unused] is unused
WARNING: Parameter "aggregation: list (level 8)"    [unused] is unused
WARNING: Parameter "aggregation: list (level 9)"    [unused] is unused
WARNING: Parameter "smoother: list (level 0)"    [unused] is unused

Cumulative timing for construction so far: 
- for initial setup   = 0.00308609 (s)
- for hierarchy setup = 0.0163901 (s)
- for smoothers setup = 0.35209 (s)
- for coarse setup    = 0.00627184 (s)
- for final setup     = 0.000141144 (s)
------------------------------------------------------------------------------
MCLS ML: Extracting ML Preconditioner
MCLS ML: Transposing ML Preconditioner
MCLS ML: Complete in 164.159 seconds.
------------------------------------------------------------------------------
   ML time information (seconds)          total          avg

   1- Construction                  =   0.375217    0.375217
   2- Preconditioner apply          =    128.616
     a- first application(s) only   =  0.0134072   0.0134072
     b- remaining applications      =    128.602   0.0123608

   3- Total time required by ML so far is 128.991 seconds
      (constr + all applications)
------------------------------------------------------------------------------
Richardson Iteration 1: Residual = 0.00720849
Richardson Iteration 2: Residual = 0.00177107
Richardson Iteration 3: Residual = 0.00102758
Richardson Iteration 4: Residual = 0.000715267
Richardson Iteration 5: Residual = 0.000548026
Richardson Iteration 6: Residual = 0.000430781

************************************************************************
-- Polynomial Line Search -- 
       Merit Function = WeightedMeritFunction
Field       Average         Maximum (@IP)   Minimum (@IP)  
UX          5.03828714e-02  9.70790074e+01  -1.65478726e+01
UY          2.55404943e-02  3.62978468e+01  -3.64737592e+01
PRESSURE    -9.21723407e+02 1.16427263e+04  -1.35170850e+04
TEMPERATURE 0.00000000e+00  2.22507386e-308 0.00000000e+00 
Field       Average         Maximum (@IP)   Minimum (@IP)  
UX          1.20173559e-01  9.73785088e+01  -2.32589363e+01
UY          2.15169248e-02  2.75723872e+01  -5.36580641e+01
PRESSURE    -2.53551111e+02 1.81978945e+04  -9.84658517e+03
TEMPERATURE 0.00000000e+00  2.22507386e-308 0.00000000e+00 
  1: step = 1.000e+00 old f = 1.598e+01 new f = 1.595e+00 (STEP ACCEPTED!)
************************************************************************
************************************************************************
-- Status Test Results --
**...........OR Combination -> 
  **...........AND Combination -> 
    **...........F-Norm = 1.595e+00 < 1.000e-04
                 (Unscaled Two-Norm, Absolute Tolerance)
    **...........WRMS-Norm = 8.161e+03 < 0.01
                 (Min Step Size:  1.000e+00 >= 0.1)
  **...........Number of Iterations = 2 < 400
  **...........Finite Number Check (Two-Norm F) = Finite
************************************************************************

************************************************************************
-- Nonlinear Solver Step 2 -- 
||F|| = 1.595e+00  step = 1.000e+00  dx = 1.149e+06
************************************************************************

       CALCULATING FORCING TERM
       Method: Type 2
       Forcing Term Norm: Using L-2 Norm.
       Residual Norm k-1 =             16
       Residual Norm k =               1.6
       Calculated eta_k (pre-bounds) = 0.00897
       Forcing Term: 0.00897
MCLS ML: Building ML Preconditioner
------------------------------------------------------------------------------
Using `power-method' for eigen-computations
*** 
*** ML_Epetra::MultiLevelPreconditioner
***
Matrix has 10404 rows and 364816 nonzeros, distributed over 1 process(es)
The linear system matrix is an Epetra_CrsMatrix
** Leaving column map of Main linear system matrix unchanged
Maximum number of levels = 10
Using increasing levels. Finest level  = 0, coarsest level = 9
Number of applications of the ML cycle = 1
Number of PDE equations = 4
Aggregation threshold = 0
Max coarse size = 2000
R and P smoothing : P = (I-\omega A) P_t, R = P^T
R and P smoothing : \omega = 0/lambda_max
Null space type      = default (constants)
Null space dimension = 4
-----------------------------------------------------------------------
ML_Gen_MultiLevelHierarchy (level 0) : Gen Restriction and Prolongator
-----------------------------------------------------------------------
ML_Aggregate_Coarsen (level 0) begins
ML_Aggregate_CoarsenUncoupled : current level = 0
ML_Aggregate_CoarsenUncoupled : current eps = 0.000000e+00
Aggregation(UVB) : Total nonzeros = 364816 (Nrows=10404)
Aggregation(UVB) : Amalgamated matrix done 
Aggregation(UC) : Phase 0 - no. of bdry pts  = 0 
Aggregation(UC) : Phase 1 - nodes aggregated = 2548 (2601)
Aggregation(UC) : Phase 1 - total aggregates = 289 
Aggregation(UC_Phase2_3) : Phase 1 - nodes aggregated = 2548 
Aggregation(UC_Phase2_3) : Phase 1 - total aggregates = 289
Aggregation(UC_Phase2_3) : Phase 2a- additional aggregates = 0
Aggregation(UC_Phase2_3) : Phase 2 - total aggregates = 289
Aggregation(UC_Phase2_3) : Phase 2 - boundary nodes   = 0
Aggregation(UC_Phase2_3) : Phase 3 - leftovers = 0 and singletons = 0
Aggregation(UC) : QR factorization - too small aggregates = 0

Prolongator/Restriction smoother (level 0) : damping = 0.000e+00 , sweeps = 1
Gen_Prolongator (level 0) : not smoothing prolongator
Smoothed Aggregation : operator complexity = 1.071431e+00.
Time to build the hierarchy = 0.0163379 (s)
Number of actual levels : 2

Smoother (level 0) : # global rows = 10404, # estim. global nnz = 364816, # nnz per row = 35.06
Smoother (level 0) : IFPACK, type=`ILU',
Smoother (level 0) : both,overlap=1
Smoother (level 0) : level-of-fill=5,rel. threshold=1,abs. threshold=0
Smoother (level 0) : Setup time : 0.350667 (s)

WARNING **********************************************************************
You have requested to keep the finest level smoother from a previous
solve.  In order to reuse part or all of the incomplete factorization
from smoother "IFPACK", you must also specify the smoother options
"reuse numeric factorization" and/or "reuse symbolic factorization".
Not doing so  may result in memory leaks or crashes.

Amesos (level 1) : NumGlobalRows = 1156
Amesos (level 1) : NumGlobalNonzeros = 26059
Amesos (level 1) : Fill-in = 1.95003 %
Amesos (level 1) : Building KLU
Amesos (level 1) : Time for factorization  = 0.00599599 (s)

WARNING: Parameter "energy minimization: type" 3   [unused] is unused
WARNING: Parameter "coarse: list"    [unused] is unused
WARNING: Parameter "aggregation: list (level 0)"    [unused] is unused
WARNING: Parameter "aggregation: list (level 1)"    [unused] is unused
WARNING: Parameter "aggregation: list (level 2)"    [unused] is unused
WARNING: Parameter "aggregation: list (level 3)"    [unused] is unused
WARNING: Parameter "aggregation: list (level 4)"    [unused] is unused
WARNING: Parameter "aggregation: list (level 5)"    [unused] is unused
WARNING: Parameter "aggregation: list (level 6)"    [unused] is unused
WARNING: Parameter "aggregation: list (level 7)"    [unused] is unused
WARNING: Parameter "aggregation: list (level 8)"    [unused] is unused
WARNING: Parameter "aggregation: list (level 9)"    [unused] is unused
WARNING: Parameter "smoother: list (level 0)"    [unused] is unused

Cumulative timing for construction so far: 
- for initial setup   = 0.00298405 (s)
- for hierarchy setup = 0.0163798 (s)
- for smoothers setup = 0.350667 (s)
- for coarse setup    = 0.0063262 (s)
- for final setup     = 0.000142097 (s)
------------------------------------------------------------------------------
MCLS ML: Extracting ML Preconditioner
MCLS ML: Transposing ML Preconditioner
MCLS ML: Complete in 164.358 seconds.
------------------------------------------------------------------------------
   ML time information (seconds)          total          avg

   1- Construction                  =   0.373849    0.373849
   2- Preconditioner apply          =    128.127
     a- first application(s) only   =   0.013314    0.013314
     b- remaining applications      =    128.114   0.0123139

   3- Total time required by ML so far is 128.501 seconds
      (constr + all applications)
------------------------------------------------------------------------------
Richardson Iteration 1: Residual = 0.0125931
Richardson Iteration 2: Residual = 0.0067499

************************************************************************
-- Polynomial Line Search -- 
       Merit Function = WeightedMeritFunction
Field       Average         Maximum (@IP)   Minimum (@IP)  
UX          1.20173595e-01  9.73785098e+01  -2.32589556e+01
UY          2.15169327e-02  2.75723791e+01  -5.36580408e+01
PRESSURE    -2.53551293e+02 1.81978999e+04  -9.84658264e+03
TEMPERATURE 0.00000000e+00  2.22507386e-308 0.00000000e+00 
Field       Average         Maximum (@IP)   Minimum (@IP)  
UX          1.21839653e-01  9.74243567e+01  -2.41882742e+01
UY          2.18768788e-02  2.72024415e+01  -5.26612225e+01
PRESSURE    -2.61792285e+02 1.84443679e+04  -9.73197014e+03
TEMPERATURE 0.00000000e+00  2.22507386e-308 0.00000000e+00 
  1: step = 1.000e+00 old f = 1.595e+00 new f = 2.515e-02 (STEP ACCEPTED!)
************************************************************************
************************************************************************
-- Status Test Results --
**...........OR Combination -> 
  **...........AND Combination -> 
    **...........F-Norm = 2.515e-02 < 1.000e-04
                 (Unscaled Two-Norm, Absolute Tolerance)
    **...........WRMS-Norm = 2.261e+03 < 0.01
                 (Min Step Size:  1.000e+00 >= 0.1)
  **...........Number of Iterations = 3 < 400
  **...........Finite Number Check (Two-Norm F) = Finite
************************************************************************

************************************************************************
-- Nonlinear Solver Step 3 -- 
||F|| = 2.515e-02  step = 1.000e+00  dx = 7.866e+04
************************************************************************

       CALCULATING FORCING TERM
       Method: Type 2
       Forcing Term Norm: Using L-2 Norm.
       Residual Norm k-1 =             1.6
       Residual Norm k =               0.0251
       Calculated eta_k (pre-bounds) = 0.000224
       Forcing Term: 0.000224
MCLS ML: Building ML Preconditioner
------------------------------------------------------------------------------
Using `power-method' for eigen-computations
*** 
*** ML_Epetra::MultiLevelPreconditioner
***
Matrix has 10404 rows and 364816 nonzeros, distributed over 1 process(es)
The linear system matrix is an Epetra_CrsMatrix
** Leaving column map of Main linear system matrix unchanged
Maximum number of levels = 10
Using increasing levels. Finest level  = 0, coarsest level = 9
Number of applications of the ML cycle = 1
Number of PDE equations = 4
Aggregation threshold = 0
Max coarse size = 2000
R and P smoothing : P = (I-\omega A) P_t, R = P^T
R and P smoothing : \omega = 0/lambda_max
Null space type      = default (constants)
Null space dimension = 4
-----------------------------------------------------------------------
ML_Gen_MultiLevelHierarchy (level 0) : Gen Restriction and Prolongator
-----------------------------------------------------------------------
ML_Aggregate_Coarsen (level 0) begins
ML_Aggregate_CoarsenUncoupled : current level = 0
ML_Aggregate_CoarsenUncoupled : current eps = 0.000000e+00
Aggregation(UVB) : Total nonzeros = 364816 (Nrows=10404)
Aggregation(UVB) : Amalgamated matrix done 
Aggregation(UC) : Phase 0 - no. of bdry pts  = 0 
Aggregation(UC) : Phase 1 - nodes aggregated = 2548 (2601)
Aggregation(UC) : Phase 1 - total aggregates = 289 
Aggregation(UC_Phase2_3) : Phase 1 - nodes aggregated = 2548 
Aggregation(UC_Phase2_3) : Phase 1 - total aggregates = 289
Aggregation(UC_Phase2_3) : Phase 2a- additional aggregates = 0
Aggregation(UC_Phase2_3) : Phase 2 - total aggregates = 289
Aggregation(UC_Phase2_3) : Phase 2 - boundary nodes   = 0
Aggregation(UC_Phase2_3) : Phase 3 - leftovers = 0 and singletons = 0
Aggregation(UC) : QR factorization - too small aggregates = 0

Prolongator/Restriction smoother (level 0) : damping = 0.000e+00 , sweeps = 1
Gen_Prolongator (level 0) : not smoothing prolongator
Smoothed Aggregation : operator complexity = 1.071431e+00.
Time to build the hierarchy = 0.0162461 (s)
Number of actual levels : 2

Smoother (level 0) : # global rows = 10404, # estim. global nnz = 364816, # nnz per row = 35.06
Smoother (level 0) : IFPACK, type=`ILU',
Smoother (level 0) : both,overlap=1
Smoother (level 0) : level-of-fill=5,rel. threshold=1,abs. threshold=0
Smoother (level 0) : Setup time : 0.35027 (s)

WARNING **********************************************************************
You have requested to keep the finest level smoother from a previous
solve.  In order to reuse part or all of the incomplete factorization
from smoother "IFPACK", you must also specify the smoother options
"reuse numeric factorization" and/or "reuse symbolic factorization".
Not doing so  may result in memory leaks or crashes.

Amesos (level 1) : NumGlobalRows = 1156
Amesos (level 1) : NumGlobalNonzeros = 26059
Amesos (level 1) : Fill-in = 1.95003 %
Amesos (level 1) : Building KLU
Amesos (level 1) : Time for factorization  = 0.00594401 (s)

WARNING: Parameter "energy minimization: type" 3   [unused] is unused
WARNING: Parameter "coarse: list"    [unused] is unused
WARNING: Parameter "aggregation: list (level 0)"    [unused] is unused
WARNING: Parameter "aggregation: list (level 1)"    [unused] is unused
WARNING: Parameter "aggregation: list (level 2)"    [unused] is unused
WARNING: Parameter "aggregation: list (level 3)"    [unused] is unused
WARNING: Parameter "aggregation: list (level 4)"    [unused] is unused
WARNING: Parameter "aggregation: list (level 5)"    [unused] is unused
WARNING: Parameter "aggregation: list (level 6)"    [unused] is unused
WARNING: Parameter "aggregation: list (level 7)"    [unused] is unused
WARNING: Parameter "aggregation: list (level 8)"    [unused] is unused
WARNING: Parameter "aggregation: list (level 9)"    [unused] is unused
WARNING: Parameter "smoother: list (level 0)"    [unused] is unused

Cumulative timing for construction so far: 
- for initial setup   = 0.00301385 (s)
- for hierarchy setup = 0.0162909 (s)
- for smoothers setup = 0.35027 (s)
- for coarse setup    = 0.0062902 (s)
- for final setup     = 0.000159025 (s)
------------------------------------------------------------------------------
MCLS ML: Extracting ML Preconditioner
MCLS ML: Transposing ML Preconditioner
MCLS ML: Complete in 163.565 seconds.
------------------------------------------------------------------------------
   ML time information (seconds)          total          avg

   1- Construction                  =    0.37333     0.37333
   2- Preconditioner apply          =    128.002
     a- first application(s) only   =   0.013308    0.013308
     b- remaining applications      =    127.989   0.0123019

   3- Total time required by ML so far is 128.375 seconds
      (constr + all applications)
------------------------------------------------------------------------------
Richardson Iteration 1: Residual = 0.496571
Richardson Iteration 2: Residual = 0.404439
Richardson Iteration 3: Residual = 0.328998
Richardson Iteration 4: Residual = 0.264445
Richardson Iteration 5: Residual = 0.211105
Richardson Iteration 6: Residual = 0.167978
Richardson Iteration 7: Residual = 0.133467
Richardson Iteration 8: Residual = 0.105979
Richardson Iteration 9: Residual = 0.0841292
Richardson Iteration 10: Residual = 0.0667767
Richardson Iteration 11: Residual = 0.0530008
Richardson Iteration 12: Residual = 0.042066
Richardson Iteration 13: Residual = 0.033387
Richardson Iteration 14: Residual = 0.0264985
Richardson Iteration 15: Residual = 0.0210312
Richardson Iteration 16: Residual = 0.016692
Richardson Iteration 17: Residual = 0.013248
Richardson Iteration 18: Residual = 0.0105146
Richardson Iteration 19: Residual = 0.00834518
Richardson Iteration 20: Residual = 0.00662337
Richardson Iteration 21: Residual = 0.0052568
Richardson Iteration 22: Residual = 0.0041722
Richardson Iteration 23: Residual = 0.00331137
Richardson Iteration 24: Residual = 0.00262815
Richardson Iteration 25: Residual = 0.0020859
Richardson Iteration 26: Residual = 0.00165553
Richardson Iteration 27: Residual = 0.00131395
Richardson Iteration 28: Residual = 0.00104285
Richardson Iteration 29: Residual = 0.000827684
Richardson Iteration 30: Residual = 0.000656913
Richardson Iteration 31: Residual = 0.000521375
Richardson Iteration 32: Residual = 0.000413803
Richardson Iteration 33: Residual = 0.000328425
Richardson Iteration 34: Residual = 0.000260663
Richardson Iteration 35: Residual = 0.000206882

************************************************************************
-- Polynomial Line Search -- 
       Merit Function = WeightedMeritFunction
Field       Average         Maximum (@IP)   Minimum (@IP)  
UX          1.21839578e-01  9.74243567e+01  -2.41882748e+01
UY          2.18768578e-02  2.72024415e+01  -5.26612225e+01
PRESSURE    -2.61790932e+02 1.84443693e+04  -9.73196879e+03
TEMPERATURE 0.00000000e+00  2.22507386e-308 0.00000000e+00 
Field       Average         Maximum (@IP)   Minimum (@IP)  
UX          1.16563824e-01  9.74267088e+01  -2.42364206e+01
UY          2.03850660e-02  2.72004406e+01  -5.26631558e+01
PRESSURE    -1.65649343e+02 1.85451387e+04  -9.63551119e+03
TEMPERATURE 0.00000000e+00  2.22507386e-308 0.00000000e+00 
  1: step = 1.000e+00 old f = 2.515e-02 new f = 4.006e-05 (STEP ACCEPTED!)
************************************************************************
************************************************************************
-- Status Test Results --
**...........OR Combination -> 
  **...........AND Combination -> 
    Converged....F-Norm = 4.006e-05 < 1.000e-04
                 (Unscaled Two-Norm, Absolute Tolerance)
    **...........WRMS-Norm = 6.229e+02 < 0.01
                 (Min Step Size:  1.000e+00 >= 0.1)
  **...........Number of Iterations = 4 < 400
  **...........Finite Number Check (Two-Norm F) = Finite
************************************************************************

************************************************************************
-- Nonlinear Solver Step 4 -- 
||F|| = 4.006e-05  step = 1.000e+00  dx = 1.253e+05
************************************************************************

       CALCULATING FORCING TERM
       Method: Type 2
       Forcing Term Norm: Using L-2 Norm.
       Residual Norm k-1 =             0.0251
       Residual Norm k =               4.01e-05
       Calculated eta_k (pre-bounds) = 2.28e-06
       Forcing Term: 0.0001
MCLS ML: Building ML Preconditioner
------------------------------------------------------------------------------
Using `power-method' for eigen-computations
*** 
*** ML_Epetra::MultiLevelPreconditioner
***
Matrix has 10404 rows and 364816 nonzeros, distributed over 1 process(es)
The linear system matrix is an Epetra_CrsMatrix
** Leaving column map of Main linear system matrix unchanged
Maximum number of levels = 10
Using increasing levels. Finest level  = 0, coarsest level = 9
Number of applications of the ML cycle = 1
Number of PDE equations = 4
Aggregation threshold = 0
Max coarse size = 2000
R and P smoothing : P = (I-\omega A) P_t, R = P^T
R and P smoothing : \omega = 0/lambda_max
Null space type      = default (constants)
Null space dimension = 4
-----------------------------------------------------------------------
ML_Gen_MultiLevelHierarchy (level 0) : Gen Restriction and Prolongator
-----------------------------------------------------------------------
ML_Aggregate_Coarsen (level 0) begins
ML_Aggregate_CoarsenUncoupled : current level = 0
ML_Aggregate_CoarsenUncoupled : current eps = 0.000000e+00
Aggregation(UVB) : Total nonzeros = 364816 (Nrows=10404)
Aggregation(UVB) : Amalgamated matrix done 
Aggregation(UC) : Phase 0 - no. of bdry pts  = 0 
Aggregation(UC) : Phase 1 - nodes aggregated = 2548 (2601)
Aggregation(UC) : Phase 1 - total aggregates = 289 
Aggregation(UC_Phase2_3) : Phase 1 - nodes aggregated = 2548 
Aggregation(UC_Phase2_3) : Phase 1 - total aggregates = 289
Aggregation(UC_Phase2_3) : Phase 2a- additional aggregates = 0
Aggregation(UC_Phase2_3) : Phase 2 - total aggregates = 289
Aggregation(UC_Phase2_3) : Phase 2 - boundary nodes   = 0
Aggregation(UC_Phase2_3) : Phase 3 - leftovers = 0 and singletons = 0
Aggregation(UC) : QR factorization - too small aggregates = 0

Prolongator/Restriction smoother (level 0) : damping = 0.000e+00 , sweeps = 1
Gen_Prolongator (level 0) : not smoothing prolongator
Smoothed Aggregation : operator complexity = 1.071431e+00.
Time to build the hierarchy = 0.0162899 (s)
Number of actual levels : 2

Smoother (level 0) : # global rows = 10404, # estim. global nnz = 364816, # nnz per row = 35.06
Smoother (level 0) : IFPACK, type=`ILU',
Smoother (level 0) : both,overlap=1
Smoother (level 0) : level-of-fill=5,rel. threshold=1,abs. threshold=0
Smoother (level 0) : Setup time : 0.350422 (s)

WARNING **********************************************************************
You have requested to keep the finest level smoother from a previous
solve.  In order to reuse part or all of the incomplete factorization
from smoother "IFPACK", you must also specify the smoother options
"reuse numeric factorization" and/or "reuse symbolic factorization".
Not doing so  may result in memory leaks or crashes.

Amesos (level 1) : NumGlobalRows = 1156
Amesos (level 1) : NumGlobalNonzeros = 26059
Amesos (level 1) : Fill-in = 1.95003 %
Amesos (level 1) : Building KLU
Amesos (level 1) : Time for factorization  = 0.00589085 (s)

WARNING: Parameter "energy minimization: type" 3   [unused] is unused
WARNING: Parameter "coarse: list"    [unused] is unused
WARNING: Parameter "aggregation: list (level 0)"    [unused] is unused
WARNING: Parameter "aggregation: list (level 1)"    [unused] is unused
WARNING: Parameter "aggregation: list (level 2)"    [unused] is unused
WARNING: Parameter "aggregation: list (level 3)"    [unused] is unused
WARNING: Parameter "aggregation: list (level 4)"    [unused] is unused
WARNING: Parameter "aggregation: list (level 5)"    [unused] is unused
WARNING: Parameter "aggregation: list (level 6)"    [unused] is unused
WARNING: Parameter "aggregation: list (level 7)"    [unused] is unused
WARNING: Parameter "aggregation: list (level 8)"    [unused] is unused
WARNING: Parameter "aggregation: list (level 9)"    [unused] is unused
WARNING: Parameter "smoother: list (level 0)"    [unused] is unused

Cumulative timing for construction so far: 
- for initial setup   = 0.00296712 (s)
- for hierarchy setup = 0.0163341 (s)
- for smoothers setup = 0.350422 (s)
- for coarse setup    = 0.00622606 (s)
- for final setup     = 0.000155926 (s)
------------------------------------------------------------------------------
MCLS ML: Extracting ML Preconditioner
MCLS ML: Transposing ML Preconditioner
MCLS ML: Complete in 163.706 seconds.
------------------------------------------------------------------------------
   ML time information (seconds)          total          avg

   1- Construction                  =   0.373458    0.373458
   2- Preconditioner apply          =    128.145
     a- first application(s) only   =  0.0133541   0.0133541
     b- remaining applications      =    128.131   0.0123156

   3- Total time required by ML so far is 128.518 seconds
      (constr + all applications)
------------------------------------------------------------------------------
Richardson Iteration 1: Residual = 0.059668
Richardson Iteration 2: Residual = 0.0341472
Richardson Iteration 3: Residual = 0.0248339
Richardson Iteration 4: Residual = 0.0193209
Richardson Iteration 5: Residual = 0.0152498
Richardson Iteration 6: Residual = 0.0120826
Richardson Iteration 7: Residual = 0.00958402
Richardson Iteration 8: Residual = 0.00760501
Richardson Iteration 9: Residual = 0.00603544
Richardson Iteration 10: Residual = 0.00479004
Richardson Iteration 11: Residual = 0.0038017
Richardson Iteration 12: Residual = 0.0030173
Richardson Iteration 13: Residual = 0.00239476
Richardson Iteration 14: Residual = 0.00190066
Richardson Iteration 15: Residual = 0.00150851
Richardson Iteration 16: Residual = 0.00119727
Richardson Iteration 17: Residual = 0.000950242
Richardson Iteration 18: Residual = 0.000754185
Richardson Iteration 19: Residual = 0.000598578
Richardson Iteration 20: Residual = 0.000475077
Richardson Iteration 21: Residual = 0.000377057
Richardson Iteration 22: Residual = 0.000299262
Richardson Iteration 23: Residual = 0.000237517
Richardson Iteration 24: Residual = 0.000188511
Richardson Iteration 25: Residual = 0.000149617
Richardson Iteration 26: Residual = 0.000118747
Richardson Iteration 27: Residual = 9.4247e-05

************************************************************************
-- Polynomial Line Search -- 
       Merit Function = WeightedMeritFunction
Field       Average         Maximum (@IP)   Minimum (@IP)  
UX          1.16563798e-01  9.74267088e+01  -2.42364210e+01
UY          2.03850543e-02  2.72004406e+01  -5.26631557e+01
PRESSURE    -1.65648007e+02 1.85451401e+04  -9.63550977e+03
TEMPERATURE 0.00000000e+00  2.22507386e-308 0.00000000e+00 
Field       Average         Maximum (@IP)   Minimum (@IP)  
UX          1.16563233e-01  9.74267088e+01  -2.42364292e+01
UY          2.03848047e-02  2.72004416e+01  -5.26631543e+01
PRESSURE    -1.65619446e+02 1.85451702e+04  -9.63547942e+03
TEMPERATURE 0.00000000e+00  2.22507386e-308 0.00000000e+00 
  1: step = 1.000e+00 old f = 4.006e-05 new f = 3.730e-09 (STEP ACCEPTED!)
************************************************************************
************************************************************************
-- Status Test Results --
**...........OR Combination -> 
  **...........AND Combination -> 
    Converged....F-Norm = 3.730e-09 < 1.000e-04
                 (Unscaled Two-Norm, Absolute Tolerance)
    **...........WRMS-Norm = 3.003e+01 < 0.01
                 (Min Step Size:  1.000e+00 >= 0.1)
  **...........Number of Iterations = 5 < 400
  **...........Finite Number Check (Two-Norm F) = Finite
************************************************************************

************************************************************************
-- Nonlinear Solver Step 5 -- 
||F|| = 3.730e-09  step = 1.000e+00  dx = 3.913e+01
************************************************************************

       CALCULATING FORCING TERM
       Method: Type 2
       Forcing Term Norm: Using L-2 Norm.
       Residual Norm k-1 =             4.01e-05
       Residual Norm k =               3.73e-09
       Calculated eta_k (pre-bounds) = 7.8e-09
       Forcing Term: 0.0001
MCLS ML: Building ML Preconditioner
------------------------------------------------------------------------------
Using `power-method' for eigen-computations
*** 
*** ML_Epetra::MultiLevelPreconditioner
***
Matrix has 10404 rows and 364816 nonzeros, distributed over 1 process(es)
The linear system matrix is an Epetra_CrsMatrix
** Leaving column map of Main linear system matrix unchanged
Maximum number of levels = 10
Using increasing levels. Finest level  = 0, coarsest level = 9
Number of applications of the ML cycle = 1
Number of PDE equations = 4
Aggregation threshold = 0
Max coarse size = 2000
R and P smoothing : P = (I-\omega A) P_t, R = P^T
R and P smoothing : \omega = 0/lambda_max
Null space type      = default (constants)
Null space dimension = 4
-----------------------------------------------------------------------
ML_Gen_MultiLevelHierarchy (level 0) : Gen Restriction and Prolongator
-----------------------------------------------------------------------
ML_Aggregate_Coarsen (level 0) begins
ML_Aggregate_CoarsenUncoupled : current level = 0
ML_Aggregate_CoarsenUncoupled : current eps = 0.000000e+00
Aggregation(UVB) : Total nonzeros = 364816 (Nrows=10404)
Aggregation(UVB) : Amalgamated matrix done 
Aggregation(UC) : Phase 0 - no. of bdry pts  = 0 
Aggregation(UC) : Phase 1 - nodes aggregated = 2548 (2601)
Aggregation(UC) : Phase 1 - total aggregates = 289 
Aggregation(UC_Phase2_3) : Phase 1 - nodes aggregated = 2548 
Aggregation(UC_Phase2_3) : Phase 1 - total aggregates = 289
Aggregation(UC_Phase2_3) : Phase 2a- additional aggregates = 0
Aggregation(UC_Phase2_3) : Phase 2 - total aggregates = 289
Aggregation(UC_Phase2_3) : Phase 2 - boundary nodes   = 0
Aggregation(UC_Phase2_3) : Phase 3 - leftovers = 0 and singletons = 0
Aggregation(UC) : QR factorization - too small aggregates = 0

Prolongator/Restriction smoother (level 0) : damping = 0.000e+00 , sweeps = 1
Gen_Prolongator (level 0) : not smoothing prolongator
Smoothed Aggregation : operator complexity = 1.071431e+00.
Time to build the hierarchy = 0.0162928 (s)
Number of actual levels : 2

Smoother (level 0) : # global rows = 10404, # estim. global nnz = 364816, # nnz per row = 35.06
Smoother (level 0) : IFPACK, type=`ILU',
Smoother (level 0) : both,overlap=1
Smoother (level 0) : level-of-fill=5,rel. threshold=1,abs. threshold=0
Smoother (level 0) : Setup time : 0.348181 (s)

WARNING **********************************************************************
You have requested to keep the finest level smoother from a previous
solve.  In order to reuse part or all of the incomplete factorization
from smoother "IFPACK", you must also specify the smoother options
"reuse numeric factorization" and/or "reuse symbolic factorization".
Not doing so  may result in memory leaks or crashes.

Amesos (level 1) : NumGlobalRows = 1156
Amesos (level 1) : NumGlobalNonzeros = 26059
Amesos (level 1) : Fill-in = 1.95003 %
Amesos (level 1) : Building KLU
Amesos (level 1) : Time for factorization  = 0.00591016 (s)

WARNING: Parameter "energy minimization: type" 3   [unused] is unused
WARNING: Parameter "coarse: list"    [unused] is unused
WARNING: Parameter "aggregation: list (level 0)"    [unused] is unused
WARNING: Parameter "aggregation: list (level 1)"    [unused] is unused
WARNING: Parameter "aggregation: list (level 2)"    [unused] is unused
WARNING: Parameter "aggregation: list (level 3)"    [unused] is unused
WARNING: Parameter "aggregation: list (level 4)"    [unused] is unused
WARNING: Parameter "aggregation: list (level 5)"    [unused] is unused
WARNING: Parameter "aggregation: list (level 6)"    [unused] is unused
WARNING: Parameter "aggregation: list (level 7)"    [unused] is unused
WARNING: Parameter "aggregation: list (level 8)"    [unused] is unused
WARNING: Parameter "aggregation: list (level 9)"    [unused] is unused
WARNING: Parameter "smoother: list (level 0)"    [unused] is unused

Cumulative timing for construction so far: 
- for initial setup   = 0.00295186 (s)
- for hierarchy setup = 0.0163369 (s)
- for smoothers setup = 0.348181 (s)
- for coarse setup    = 0.00624013 (s)
- for final setup     = 0.000157833 (s)
------------------------------------------------------------------------------
MCLS ML: Extracting ML Preconditioner
MCLS ML: Transposing ML Preconditioner
MCLS ML: Complete in 162.059 seconds.
------------------------------------------------------------------------------
   ML time information (seconds)          total          avg

   1- Construction                  =   0.371232    0.371232
   2- Preconditioner apply          =     126.29
     a- first application(s) only   =   0.013272    0.013272
     b- remaining applications      =    126.277   0.0121374

   3- Total time required by ML so far is 126.662 seconds
      (constr + all applications)
------------------------------------------------------------------------------
Richardson Iteration 1: Residual = 0.793664
Richardson Iteration 2: Residual = 0.62992
Richardson Iteration 3: Residual = 0.499953
Richardson Iteration 4: Residual = 0.396801
Richardson Iteration 5: Residual = 0.314931
Richardson Iteration 6: Residual = 0.249953
Richardson Iteration 7: Residual = 0.198382
Richardson Iteration 8: Residual = 0.157451
Richardson Iteration 9: Residual = 0.124965
Richardson Iteration 10: Residual = 0.0991819
Richardson Iteration 11: Residual = 0.0787183
Richardson Iteration 12: Residual = 0.0624768
Richardson Iteration 13: Residual = 0.0495864
Richardson Iteration 14: Residual = 0.0393555
Richardson Iteration 15: Residual = 0.0312355
Richardson Iteration 16: Residual = 0.0247909
Richardson Iteration 17: Residual = 0.0196759
Richardson Iteration 18: Residual = 0.0156163
Richardson Iteration 19: Residual = 0.0123943
Richardson Iteration 20: Residual = 0.00983706
Richardson Iteration 21: Residual = 0.00780744
Richardson Iteration 22: Residual = 0.00619658
Richardson Iteration 23: Residual = 0.00491808
Richardson Iteration 24: Residual = 0.00390336
Richardson Iteration 25: Residual = 0.003098
Richardson Iteration 26: Residual = 0.00245881
Richardson Iteration 27: Residual = 0.0019515
Richardson Iteration 28: Residual = 0.00154886
Richardson Iteration 29: Residual = 0.00122929
Richardson Iteration 30: Residual = 0.00097566
Richardson Iteration 31: Residual = 0.000774358
Richardson Iteration 32: Residual = 0.00061459
Richardson Iteration 33: Residual = 0.000487785
Richardson Iteration 34: Residual = 0.000387143
Richardson Iteration 35: Residual = 0.000307266
Richardson Iteration 36: Residual = 0.00024387
Richardson Iteration 37: Residual = 0.000193554
Richardson Iteration 38: Residual = 0.000153619
Richardson Iteration 39: Residual = 0.000121924
Richardson Iteration 40: Residual = 9.6768e-05

************************************************************************
-- Polynomial Line Search -- 
       Merit Function = WeightedMeritFunction
Field       Average         Maximum (@IP)   Minimum (@IP)  
UX          1.16563205e-01  9.74267088e+01  -2.42364293e+01
UY          2.03847921e-02  2.72004416e+01  -5.26631543e+01
PRESSURE    -1.65618103e+02 1.85451715e+04  -9.63547808e+03
TEMPERATURE 0.00000000e+00  2.22507386e-308 0.00000000e+00 
Field       Average         Maximum (@IP)   Minimum (@IP)  
UX          1.16563232e-01  9.74267088e+01  -2.42364292e+01
UY          2.03848042e-02  2.72004416e+01  -5.26631543e+01
PRESSURE    -1.65619390e+02 1.85451702e+04  -9.63547937e+03
TEMPERATURE 0.00000000e+00  2.22507386e-308 0.00000000e+00 
  1: step = 1.000e+00 old f = 3.730e-09 new f = 3.651e-13 (STEP ACCEPTED!)
************************************************************************
************************************************************************
-- Status Test Results --
**...........OR Combination -> 
  **...........AND Combination -> 
    Converged....F-Norm = 3.651e-13 < 1.000e-04
                 (Unscaled Two-Norm, Absolute Tolerance)
    **...........WRMS-Norm = 2.056e-02 < 0.01
                 (Min Step Size:  1.000e+00 >= 0.1)
  **...........Number of Iterations = 6 < 400
  **...........Finite Number Check (Two-Norm F) = Finite
************************************************************************

************************************************************************
-- Nonlinear Solver Step 6 -- 
||F|| = 3.651e-13  step = 1.000e+00  dx = 7.254e-02
************************************************************************

       CALCULATING FORCING TERM
       Method: Type 2
       Forcing Term Norm: Using L-2 Norm.
       Residual Norm k-1 =             3.73e-09
       Residual Norm k =               3.65e-13
       Calculated eta_k (pre-bounds) = 8.62e-09
       Forcing Term: 0.0001
MCLS ML: Building ML Preconditioner
------------------------------------------------------------------------------
Using `power-method' for eigen-computations
*** 
*** ML_Epetra::MultiLevelPreconditioner
***
Matrix has 10404 rows and 364816 nonzeros, distributed over 1 process(es)
The linear system matrix is an Epetra_CrsMatrix
** Leaving column map of Main linear system matrix unchanged
Maximum number of levels = 10
Using increasing levels. Finest level  = 0, coarsest level = 9
Number of applications of the ML cycle = 1
Number of PDE equations = 4
Aggregation threshold = 0
Max coarse size = 2000
R and P smoothing : P = (I-\omega A) P_t, R = P^T
R and P smoothing : \omega = 0/lambda_max
Null space type      = default (constants)
Null space dimension = 4
-----------------------------------------------------------------------
ML_Gen_MultiLevelHierarchy (level 0) : Gen Restriction and Prolongator
-----------------------------------------------------------------------
ML_Aggregate_Coarsen (level 0) begins
ML_Aggregate_CoarsenUncoupled : current level = 0
ML_Aggregate_CoarsenUncoupled : current eps = 0.000000e+00
Aggregation(UVB) : Total nonzeros = 364816 (Nrows=10404)
Aggregation(UVB) : Amalgamated matrix done 
Aggregation(UC) : Phase 0 - no. of bdry pts  = 0 
Aggregation(UC) : Phase 1 - nodes aggregated = 2548 (2601)
Aggregation(UC) : Phase 1 - total aggregates = 289 
Aggregation(UC_Phase2_3) : Phase 1 - nodes aggregated = 2548 
Aggregation(UC_Phase2_3) : Phase 1 - total aggregates = 289
Aggregation(UC_Phase2_3) : Phase 2a- additional aggregates = 0
Aggregation(UC_Phase2_3) : Phase 2 - total aggregates = 289
Aggregation(UC_Phase2_3) : Phase 2 - boundary nodes   = 0
Aggregation(UC_Phase2_3) : Phase 3 - leftovers = 0 and singletons = 0
Aggregation(UC) : QR factorization - too small aggregates = 0

Prolongator/Restriction smoother (level 0) : damping = 0.000e+00 , sweeps = 1
Gen_Prolongator (level 0) : not smoothing prolongator
Smoothed Aggregation : operator complexity = 1.071431e+00.
Time to build the hierarchy = 0.0165501 (s)
Number of actual levels : 2

Smoother (level 0) : # global rows = 10404, # estim. global nnz = 364816, # nnz per row = 35.06
Smoother (level 0) : IFPACK, type=`ILU',
Smoother (level 0) : both,overlap=1
Smoother (level 0) : level-of-fill=5,rel. threshold=1,abs. threshold=0
Smoother (level 0) : Setup time : 0.349086 (s)

WARNING **********************************************************************
You have requested to keep the finest level smoother from a previous
solve.  In order to reuse part or all of the incomplete factorization
from smoother "IFPACK", you must also specify the smoother options
"reuse numeric factorization" and/or "reuse symbolic factorization".
Not doing so  may result in memory leaks or crashes.

Amesos (level 1) : NumGlobalRows = 1156
Amesos (level 1) : NumGlobalNonzeros = 26059
Amesos (level 1) : Fill-in = 1.95003 %
Amesos (level 1) : Building KLU
Amesos (level 1) : Time for factorization  = 0.00589395 (s)

WARNING: Parameter "energy minimization: type" 3   [unused] is unused
WARNING: Parameter "coarse: list"    [unused] is unused
WARNING: Parameter "aggregation: list (level 0)"    [unused] is unused
WARNING: Parameter "aggregation: list (level 1)"    [unused] is unused
WARNING: Parameter "aggregation: list (level 2)"    [unused] is unused
WARNING: Parameter "aggregation: list (level 3)"    [unused] is unused
WARNING: Parameter "aggregation: list (level 4)"    [unused] is unused
WARNING: Parameter "aggregation: list (level 5)"    [unused] is unused
WARNING: Parameter "aggregation: list (level 6)"    [unused] is unused
WARNING: Parameter "aggregation: list (level 7)"    [unused] is unused
WARNING: Parameter "aggregation: list (level 8)"    [unused] is unused
WARNING: Parameter "aggregation: list (level 9)"    [unused] is unused
WARNING: Parameter "smoother: list (level 0)"    [unused] is unused

Cumulative timing for construction so far: 
- for initial setup   = 0.00295281 (s)
- for hierarchy setup = 0.0165951 (s)
- for smoothers setup = 0.349086 (s)
- for coarse setup    = 0.00623512 (s)
- for final setup     = 0.000159025 (s)
------------------------------------------------------------------------------
MCLS ML: Extracting ML Preconditioner
MCLS ML: Transposing ML Preconditioner
MCLS ML: Complete in 166.134 seconds.
------------------------------------------------------------------------------
   ML time information (seconds)          total          avg

   1- Construction                  =   0.372397    0.372397
   2- Preconditioner apply          =    129.035
     a- first application(s) only   =  0.0132191   0.0132191
     b- remaining applications      =    129.022   0.0124012

   3- Total time required by ML so far is 129.408 seconds
      (constr + all applications)
------------------------------------------------------------------------------
Richardson Iteration 1: Residual = 0.796553
Richardson Iteration 2: Residual = 0.632389
Richardson Iteration 3: Residual = 0.501946
Richardson Iteration 4: Residual = 0.398392
Richardson Iteration 5: Residual = 0.316197
Richardson Iteration 6: Residual = 0.250958
Richardson Iteration 7: Residual = 0.19918
Richardson Iteration 8: Residual = 0.158084
Richardson Iteration 9: Residual = 0.125468
Richardson Iteration 10: Residual = 0.0995809
Richardson Iteration 11: Residual = 0.079035
Richardson Iteration 12: Residual = 0.0627282
Richardson Iteration 13: Residual = 0.0497858
Richardson Iteration 14: Residual = 0.0395138
Richardson Iteration 15: Residual = 0.0313612
Richardson Iteration 16: Residual = 0.0248906
Richardson Iteration 17: Residual = 0.0197551
Richardson Iteration 18: Residual = 0.0156791
Richardson Iteration 19: Residual = 0.0124442
Richardson Iteration 20: Residual = 0.00987664
Richardson Iteration 21: Residual = 0.00783885
Richardson Iteration 22: Residual = 0.00622151
Richardson Iteration 23: Residual = 0.00493786
Richardson Iteration 24: Residual = 0.00391906
Richardson Iteration 25: Residual = 0.00311047
Richardson Iteration 26: Residual = 0.0024687
Richardson Iteration 27: Residual = 0.00195935
Richardson Iteration 28: Residual = 0.00155509
Richardson Iteration 29: Residual = 0.00123424
Richardson Iteration 30: Residual = 0.000979585
Richardson Iteration 31: Residual = 0.000777473
Richardson Iteration 32: Residual = 0.000617062
Richardson Iteration 33: Residual = 0.000489747
Richardson Iteration 34: Residual = 0.000388701
Richardson Iteration 35: Residual = 0.000308502
Richardson Iteration 36: Residual = 0.000244851
Richardson Iteration 37: Residual = 0.000194332
Richardson Iteration 38: Residual = 0.000154237
Richardson Iteration 39: Residual = 0.000122414
Richardson Iteration 40: Residual = 9.71573e-05

************************************************************************
-- Polynomial Line Search -- 
       Merit Function = WeightedMeritFunction
Field       Average         Maximum (@IP)   Minimum (@IP)  
UX          1.16563204e-01  9.74267088e+01  -2.42364293e+01
UY          2.03847915e-02  2.72004416e+01  -5.26631543e+01
PRESSURE    -1.65618047e+02 1.85451716e+04  -9.63547803e+03
TEMPERATURE 0.00000000e+00  2.22507386e-308 0.00000000e+00 
Field       Average         Maximum (@IP)   Minimum (@IP)  
UX          1.16563232e-01  9.74267088e+01  -2.42364292e+01
UY          2.03848042e-02  2.72004416e+01  -5.26631543e+01
PRESSURE    -1.65619390e+02 1.85451702e+04  -9.63547937e+03
TEMPERATURE 0.00000000e+00  2.22507386e-308 0.00000000e+00 
  1: step = 1.000e+00 old f = 3.651e-13 new f = 5.516e-14 (STEP ACCEPTED!)
************************************************************************

************************************************************************
-- Nonlinear Solver Step 7 -- 
||F|| = 5.516e-14  step = 1.000e+00  dx = 7.044e-06 (Converged!)
************************************************************************

************************************************************************
-- Final Status Test Results --
Converged....OR Combination -> 
  Converged....AND Combination -> 
    Converged....F-Norm = 5.516e-14 < 1.000e-04
                 (Unscaled Two-Norm, Absolute Tolerance)
    Converged....WRMS-Norm = 1.995e-06 < 0.01
                 (Min Step Size:  1.000e+00 >= 0.1)
  **...........Number of Iterations = 7 < 400
  **...........Finite Number Check (Two-Norm F) = Finite
************************************************************************
Field       Average         Maximum (@IP)   Minimum (@IP)  
UX          1.16563232e-01  9.74267088e+01  -2.42364292e+01
UY          2.03848042e-02  2.72004416e+01  -5.26631543e+01
PRESSURE    -1.65619390e+02 1.85451702e+04  -9.63547937e+03
TEMPERATURE 0.00000000e+00  2.22507386e-308 0.00000000e+00 
========================================================================================

                          TimeMonitor results over 1 processor

Timer Name                                                   Global time (num calls)    
----------------------------------------------------------------------------------------
Drekar: Total Time                                           1192 (1)                   
NOX Total Linear Solve                                       39.66 (7)                  
NOX Total Preconditioner Construction                        1150 (7)                   
STK_Interface::setupTransientExodusFile(filename)            0.3223 (1)                 
STK_Interface::writeToExodus(timestep)                       0.08045 (1)                
Thyra::NOXNonlinearSolver::solve                             1191 (1)                   
panzer::ModelEvaluator::evalModel(J)                         1.41 (7)                   
panzer::ModelEvaluator::evalModel(f)                         0.3778 (15)                
panzer::SquareQuadMeshFactory::buildUncomittedMesh()         0.000139 (1)               
panzer::SquareQuadMeshFactory::completeMeshConstruction()    0.09229 (1)                
========================================================================================
Drekar run completed.
