Mesh -> 
 Source = Inline Mesh   [unused]
 Exodus File -> 
  File Name = drekar.exo   [unused]
 Inline Mesh -> 
  Mesh Dimension = 2   [unused]
  Mesh Factory Parameter List -> 
   X Blocks = 1   [unused]
   Y Blocks = 1   [unused]
   X Elements = 50   [unused]
   Y Elements = 50   [unused]
   X0 = 0   [unused]
   Y0 = 0   [unused]
   Xf = 1   [unused]
   Yf = 1   [unused]
   Periodic BCs -> 
    Count = 0   [unused]
Block ID to Physics ID Mapping -> 
 eblock-0_0 = fluid   [unused]
Assembly -> 
 Workset Size = 1   [unused]
Physics Blocks -> 
 fluid -> 
  child0 -> 
   Type = Continuity   [unused]
   Basis Type = HGrad   [unused]
   Basis Order = 1   [unused]
   Integration Order = 2   [unused]
   Model ID = fluid model   [unused]
   Prefix =    [unused]
   Options -> 
    TAU_C = NONE   [unused]
    PSPG STABILIZATION = ON   [unused]
  child1 -> 
   Type = Momentum   [unused]
   Basis Type = HGrad   [unused]
   Basis Order = 1   [unused]
   Integration Order = 2   [unused]
   Model ID = fluid model   [unused]
   Prefix =    [unused]
   Options -> 
    DCO_M = OFF   [unused]
    TAU_M = SHAKIB   [unused]
    SUPG STABILIZATION = ON   [unused]
    USE SOURCE TERM = ON   [unused]
  child2 -> 
   Type = Energy   [unused]
   Basis Type = HGrad   [unused]
   Basis Order = 1   [unused]
   Integration Order = 2   [unused]
   Model ID = fluid model   [unused]
   Prefix =    [unused]
   Options -> 
    TAU_E = SHAKIB   [unused]
    SUPG STABILIZATION = ON   [unused]
    DCO_E = OFF   [unused]
    USE SOURCE TERM = OFF   [unused]
Closure Models -> 
 fluid model -> 
  DENSITY -> 
   Value = 1   [unused]
  STRESS_TENSOR -> 
   Value = NEWTONIAN   [unused]
  VISCOSITY -> 
   Value = 1   [unused]
  SOURCE_MOMENTUM -> 
   Value = BOUSSINESQ   [unused]
   Reference Density = 1   [unused]
   Reference Temperature = 0   [unused]
   Volume Expansion Coefficient = 1000   [unused]
  GRAVITY_X -> 
   Value = 0   [unused]
  GRAVITY_Y -> 
   Value = -10   [unused]
  Global Statistics -> 
   Value = UX,UY,PRESSURE,TEMPERATURE   [unused]
  HEAT_CAPACITY -> 
   Value = 1   [unused]
  THERMAL_CONDUCTIVITY -> 
   Value = 1   [unused]
  ENERGY_FLUX -> 
   Value = FOURIER   [unused]
  SOURCE_TEMPERATURE -> 
   Value = 0   [unused]
User Data -> 
 [empty list]
Boundary Conditions -> 
 child0 -> 
  Type = Dirichlet   [unused]
  Sideset ID = top   [unused]
  Element Block ID = eblock-0_0   [unused]
  Equation Set Name = UX   [unused]
  Strategy = Constant   [unused]
  Data -> 
   Value = 700   [unused]
 child1 -> 
  Type = Dirichlet   [unused]
  Sideset ID = top   [unused]
  Element Block ID = eblock-0_0   [unused]
  Equation Set Name = UY   [unused]
  Strategy = Constant   [unused]
  Data -> 
   Value = 0   [unused]
 child2 -> 
  Type = Dirichlet   [unused]
  Sideset ID = bottom   [unused]
  Element Block ID = eblock-0_0   [unused]
  Equation Set Name = UX   [unused]
  Strategy = Constant   [unused]
  Data -> 
   Value = 0   [unused]
 child3 -> 
  Type = Dirichlet   [unused]
  Sideset ID = bottom   [unused]
  Element Block ID = eblock-0_0   [unused]
  Equation Set Name = UY   [unused]
  Strategy = Constant   [unused]
  Data -> 
   Value = 0   [unused]
 child4 -> 
  Type = Dirichlet   [unused]
  Sideset ID = left   [unused]
  Element Block ID = eblock-0_0   [unused]
  Equation Set Name = UX   [unused]
  Strategy = Constant   [unused]
  Data -> 
   Value = 0   [unused]
 child5 -> 
  Type = Dirichlet   [unused]
  Sideset ID = left   [unused]
  Element Block ID = eblock-0_0   [unused]
  Equation Set Name = UY   [unused]
  Strategy = Constant   [unused]
  Data -> 
   Value = 0   [unused]
 child6 -> 
  Type = Dirichlet   [unused]
  Sideset ID = right   [unused]
  Element Block ID = eblock-0_0   [unused]
  Equation Set Name = UX   [unused]
  Strategy = Constant   [unused]
  Data -> 
   Value = 0   [unused]
 child7 -> 
  Type = Dirichlet   [unused]
  Sideset ID = right   [unused]
  Element Block ID = eblock-0_0   [unused]
  Equation Set Name = UY   [unused]
  Strategy = Constant   [unused]
  Data -> 
   Value = 0   [unused]
Initial Conditions -> 
 eblock-0_0 -> 
  UX -> 
   Value = 0   [unused]
  UY -> 
   Value = 0   [unused]
  PRESSURE -> 
   Value = 0   [unused]
  TEMPERATURE -> 
   Value = 0   [unused]
Output -> 
 File Name = LidDriven.exo   [unused]
Options -> 
 Write Volume Assembly Graphs = 0   [unused]
 Volume Assembly Graph Prefix = LidDriven_   [unused]
Solution Control -> 
 Piro Solver = NOX   [unused]
 Compute Sensitivities = 0   [unused]
 Jacobian Operator = Have Jacobian   [unused]
 NOX -> 
  Nonlinear Solver = Line Search Based   [unused]
  Direction -> 
   Method = Newton   [unused]
   Newton -> 
    Forcing Term Method = Type 2   [unused]
    Forcing Term Initial Tolerance = 0.01   [unused]
    Forcing Term Alpha = 2   [unused]
    Forcing Term Gamma = 0.9   [unused]
    Rescue Bad Newton Solve = 1   [unused]
    Linear Solver -> 
     Tolerance = 0.1   [unused]
    Stratimikos Linear Solver -> 
     NOX Stratimikos Options -> 
      [empty list]
     Stratimikos -> 
      Linear Solver Type = MCLS   [unused]
      Preconditioner Type = MCLS   [unused]
      Linear Solver Types -> 
       AztecOO -> 
        Forward Solve -> 
         Max Iterations = 600   [unused]
         Tolerance = 0.0001   [unused]
         AztecOO Settings -> 
          Aztec Solver = GMRES   [unused]
          Convergence Test = r0   [unused]
          Size of Krylov Subspace = 200   [unused]
          Output Frequency = 10   [unused]
       Belos -> 
        Solver Type = Block GMRES   [unused]
        Solver Types -> 
         Block GMRES -> 
          Convergence Tolerance = 1e-05   [unused]
          Output Frequency = 10   [unused]
          Output Style = 1   [unused]
          Verbosity = 33   [unused]
          Maximum Iterations = 100   [unused]
          Block Size = 1   [unused]
          Num Blocks = 200   [unused]
          Flexible Gmres = 0   [unused]
        VerboseObject -> 
         Output File = none   [unused]
         Verbosity Level = medium   [unused]
       MCLS -> 
        Solver Type = MCSA   [unused]
        Solver Types -> 
         MCSA -> 
          Fixed Point Type = Richardson   [unused]
          MC Type = Adjoint   [unused]
          Estimator Type = Expected Value   [unused]
          Transport Type = Global   [unused]
          Number of Sets = 1   [unused]
          Reproducible MC Mode = 0   [unused]
          Overlap Size = 0   [unused]
          Maximum Iterations = 100   [unused]
          Weight Cutoff = 0.01   [unused]
          Set Number of Histories = 1000000   [unused]
          Iteration Print Frequency = 1   [unused]
          Richardson Relaxation = 1   [unused]
          Neumann Relaxation = 1   [unused]
          Absorption Probability = 0   [unused]
          Domain Filter Tolerance = 0   [unused]
          Domain Fill Value = 300   [unused]
          Domain Weight Recovery = 0   [unused]
         Fixed Point -> 
          Fixed Point Type = Richardson   [unused]
          Maximum Iterations = 10000   [unused]
          Iteration Print Frequency = 1   [unused]
          Richardson Relaxation = 1   [unused]
      Preconditioner Types -> 
       Ifpack -> 
        Overlap = 1   [unused]
        Prec Type = ILU   [unused]
        Ifpack Settings -> 
         fact: drop tolerance = 1e-05   [unused]
         fact: ilut level-of-fill = 15   [unused]
         fact: level-of-fill = 5   [unused]
       ML -> 
        Base Method Defaults = SA   [unused]
        ML Settings -> 
         ML output = 10   [unused]
         prec type = MGV   [unused]
         print unused = 0   [unused]
         PDE equations = 4   [unused]
         max levels = 10   [unused]
         cycle applications = 1   [unused]
         aggregation: threshold = 0   [unused]
         aggregation: type = Uncoupled   [unused]
         aggregation: damping factor = 0.1   [unused]
         aggregation: block scaling = 1   [unused]
         energy minimization: enable = 1   [unused]
         energy minimization: type = 3   [unused]
         smoother: type = IFPACK   [unused]
         smoother: ifpack type = ILU   [unused]
         smoother: ifpack overlap = 5   [unused]
         smoother: damping factor = 1   [unused]
         smoother: pre or post = both   [unused]
         smoother: sweeps = 1   [unused]
         coarse: max size = 2000   [unused]
         coarse: type = Amesos-KLU   [unused]
         smoother: ifpack list -> 
          fact: level-of-fill = 5   [unused]
          schwarz: reordering type = rcm   [unused]
          fact: drop tolerance = 1e-06   [unused]
          fact: maximum fill factor = 100   [unused]
       MCLS -> 
        Preconditioner Type = ML   [unused]
        Preconditioner Types -> 
         Block Jacobi -> 
          Jacobi Block Size = 4   [unused]
         ILUT -> 
          fact: ilut level-of-fill = 3   [unused]
          fact: drop tolerance = 0.0005   [unused]
         ParaSails -> 
          ParaSails: Threshold = 0.001   [unused]
          ParaSails: Number of Levels = 7   [unused]
          ParaSails: Filter = 0.001   [unused]
         PSILUT -> 
          fact: ilut level-of-fill = 3   [unused]
          fact: drop tolerance = 0.0001   [unused]
          ParaSails: Threshold = 0.1   [unused]
          ParaSails: Number of Levels = 1   [unused]
          ParaSails: Filter = 0   [unused]
         ML -> 
          Base Method Defaults = SA   [unused]
          ML Settings -> 
           ML output = 10   [unused]
           prec type = MGV   [unused]
           print unused = 0   [unused]
           PDE equations = 4   [unused]
           max levels = 10   [unused]
           cycle applications = 3   [unused]
           aggregation: threshold = 0   [unused]
           aggregation: type = Uncoupled   [unused]
           aggregation: damping factor = 0   [unused]
           aggregation: block scaling = 0   [unused]
           energy minimization: enable = 1   [unused]
           energy minimization: type = 3   [unused]
           smoother: type = IFPACK   [unused]
           smoother: ifpack type = ILU   [unused]
           smoother: ifpack overlap = 1   [unused]
           smoother: damping factor = 1   [unused]
           smoother: pre or post = both   [unused]
           smoother: sweeps = 1   [unused]
           coarse: max size = 2000   [unused]
           coarse: type = Amesos-KLU   [unused]
           smoother: ifpack list -> 
            fact: level-of-fill = 5   [unused]
            schwarz: reordering type = rcm   [unused]
            fact: drop tolerance = 1e-06   [unused]
            fact: maximum fill factor = 100   [unused]
  Line Search -> 
   Method = Polynomial   [unused]
   Full Step -> 
    Full Step = 1   [unused]
   Backtrack -> 
    Max Iters = 1000   [unused]
    Default Step = 1   [unused]
    Recovery Step = 0.01   [unused]
    Minimum Step = 0.0001   [unused]
    Reduction Factor = 0.1   [unused]
  Printing -> 
   Output Precision = 3   [unused]
   Output Processor = 0   [unused]
   Output Information -> 
    Error = 1   [unused]
    Warning = 1   [unused]
    Inner Iteration = 1   [unused]
    Outer Iteration = 1   [unused]
    Outer Iteration StatusTest = 1   [unused]
    Test Details = 1   [unused]
    Parameters = 1   [unused]
    Details = 1   [unused]
    Linear Solver Details = 1   [unused]
    Stepper Iteration = 1   [unused]
    Stepper Details = 1   [unused]
    Stepper Parameters = 1   [unused]
  Solver Options -> 
   Status Test Check Type = Complete   [unused]
  Thyra Group Options -> 
   Function Scaling = Row Sum   [unused]
  Status Tests -> 
   Test Type = Combo   [unused]
   Combo Type = OR   [unused]
   Number of Tests = 3   [unused]
   Test 0 -> 
    Test Type = Combo   [unused]
    Combo Type = AND   [unused]
    Number of Tests = 2   [unused]
    Test 0 -> 
     Test Type = NormF   [unused]
     Tolerance = 0.0001   [unused]
    Test 1 -> 
     Test Type = NormWRMS   [unused]
     Tolerance = 0.01   [unused]
     Relative Tolerance = 0.001   [unused]
     Absolute Tolerance = 1e-08   [unused]
     BDF Multiplier = 1   [unused]
     Alpha = 0.1   [unused]
     Beta = 0.5   [unused]
   Test 1 -> 
    Test Type = MaxIters   [unused]
    Maximum Iterations = 400   [unused]
   Test 2 -> 
    Test Type = FiniteValue   [unused]
 Rythmos -> 
  Nonlinear Solver Type = NOX   [unused]
  Final Time = 10   [unused]
  Stepper Type = BDF   [unused]
  Step Control Strategy Type = ImplicitBDFRamping   [unused]
  Rythmos Integration Control Strategy = Simple   [unused]
  Rythmos Stepper -> 
   VerboseObject -> 
    Verbosity Level = medium   [unused]
  Stratimikos -> 
   [empty list]
  Rythmos Integrator -> 
   VerboseObject -> 
    Verbosity Level = high   [unused]
  Rythmos Integration Control -> 
   [empty list]
  Rythmos Step Control Strategy -> 
   Number of Constant First Order Steps = 4   [unused]
   Initial Step Size = 0.01   [unused]
   Min Step Size = 0.001   [unused]
   Max Step Size = 0.1   [unused]
   Step Size Decrease Factor = 0.5   [unused]
   Step Size Increase Factor = 1.2   [unused]
   Max Order = 2   [unused]
   Absolute Error Tolerance = 1e-07   [unused]
   Relative Error Tolerance = 1e-05   [unused]

STK Mesh data:
   Spatial dim = 2
   Entity counts (Nodes, Edges, Cells) = ( 2601, 5100, 2500 )
   Element blocks = "eblock-0_0" 
   Sidesets = "bottom" "left" "right" "top" 
   Nodesets = "lower_left" "origin" 
Field       Average         Maximum (@IP)   Minimum (@IP)  
UX          0.00000000e+00  2.22507386e-308 0.00000000e+00 
UY          0.00000000e+00  2.22507386e-308 0.00000000e+00 
PRESSURE    0.00000000e+00  2.22507386e-308 0.00000000e+00 
TEMPERATURE 0.00000000e+00  2.22507386e-308 0.00000000e+00 

************************************************************************

-- Parameters Passed to Nonlinear Solver --

     Nonlinear Solver = Line Search Based
     Direction -> 
      Method = Newton
      Newton -> 
       Forcing Term Method = Type 2
       Forcing Term Initial Tolerance = 0.01
       Forcing Term Alpha = 2
       Forcing Term Gamma = 0.9
       Rescue Bad Newton Solve = 1
       Forcing Term Minimum Tolerance = 0.0001   [default]
       Forcing Term Maximum Tolerance = 0.9   [default]
       Linear Solver -> 
        Tolerance = 0.1   [unused]
       Stratimikos Linear Solver -> 
        NOX Stratimikos Options -> 
         [empty list]
        Stratimikos -> 
         Linear Solver Type = MCLS   [unused]
         Preconditioner Type = MCLS   [unused]
         Linear Solver Types -> 
          AztecOO -> 
           Forward Solve -> 
            Max Iterations = 600   [unused]
            Tolerance = 0.0001   [unused]
            AztecOO Settings -> 
             Aztec Solver = GMRES   [unused]
             Convergence Test = r0   [unused]
             Size of Krylov Subspace = 200   [unused]
             Output Frequency = 10   [unused]
          Belos -> 
           Solver Type = Block GMRES   [unused]
           Solver Types -> 
            Block GMRES -> 
             Convergence Tolerance = 1e-05   [unused]
             Output Frequency = 10   [unused]
             Output Style = 1   [unused]
             Verbosity = 33   [unused]
             Maximum Iterations = 100   [unused]
             Block Size = 1   [unused]
             Num Blocks = 200   [unused]
             Flexible Gmres = 0   [unused]
           VerboseObject -> 
            Output File = none   [unused]
            Verbosity Level = medium   [unused]
          MCLS -> 
           Solver Type = MCSA   [unused]
           Solver Types -> 
            MCSA -> 
             Fixed Point Type = Richardson   [unused]
             MC Type = Adjoint   [unused]
             Estimator Type = Expected Value   [unused]
             Transport Type = Global   [unused]
             Number of Sets = 1   [unused]
             Reproducible MC Mode = 0   [unused]
             Overlap Size = 0   [unused]
             Maximum Iterations = 100   [unused]
             Weight Cutoff = 0.01   [unused]
             Set Number of Histories = 1000000   [unused]
             Iteration Print Frequency = 1   [unused]
             Richardson Relaxation = 1   [unused]
             Neumann Relaxation = 1   [unused]
             Absorption Probability = 0   [unused]
             Domain Filter Tolerance = 0   [unused]
             Domain Fill Value = 300   [unused]
             Domain Weight Recovery = 0   [unused]
            Fixed Point -> 
             Fixed Point Type = Richardson   [unused]
             Maximum Iterations = 10000   [unused]
             Iteration Print Frequency = 1   [unused]
             Richardson Relaxation = 1   [unused]
         Preconditioner Types -> 
          Ifpack -> 
           Overlap = 1   [unused]
           Prec Type = ILU   [unused]
           Ifpack Settings -> 
            fact: drop tolerance = 1e-05   [unused]
            fact: ilut level-of-fill = 15   [unused]
            fact: level-of-fill = 5   [unused]
          ML -> 
           Base Method Defaults = SA   [unused]
           ML Settings -> 
            ML output = 10   [unused]
            prec type = MGV   [unused]
            print unused = 0   [unused]
            PDE equations = 4   [unused]
            max levels = 10   [unused]
            cycle applications = 1   [unused]
            aggregation: threshold = 0   [unused]
            aggregation: type = Uncoupled   [unused]
            aggregation: damping factor = 0.1   [unused]
            aggregation: block scaling = 1   [unused]
            energy minimization: enable = 1   [unused]
            energy minimization: type = 3   [unused]
            smoother: type = IFPACK   [unused]
            smoother: ifpack type = ILU   [unused]
            smoother: ifpack overlap = 5   [unused]
            smoother: damping factor = 1   [unused]
            smoother: pre or post = both   [unused]
            smoother: sweeps = 1   [unused]
            coarse: max size = 2000   [unused]
            coarse: type = Amesos-KLU   [unused]
            smoother: ifpack list -> 
             fact: level-of-fill = 5   [unused]
             schwarz: reordering type = rcm   [unused]
             fact: drop tolerance = 1e-06   [unused]
             fact: maximum fill factor = 100   [unused]
          MCLS -> 
           Preconditioner Type = ML   [unused]
           Preconditioner Types -> 
            Block Jacobi -> 
             Jacobi Block Size = 4   [unused]
            ILUT -> 
             fact: ilut level-of-fill = 3   [unused]
             fact: drop tolerance = 0.0005   [unused]
            ParaSails -> 
             ParaSails: Threshold = 0.001   [unused]
             ParaSails: Number of Levels = 7   [unused]
             ParaSails: Filter = 0.001   [unused]
            PSILUT -> 
             fact: ilut level-of-fill = 3   [unused]
             fact: drop tolerance = 0.0001   [unused]
             ParaSails: Threshold = 0.1   [unused]
             ParaSails: Number of Levels = 1   [unused]
             ParaSails: Filter = 0   [unused]
            ML -> 
             Base Method Defaults = SA   [unused]
             ML Settings -> 
              ML output = 10   [unused]
              prec type = MGV   [unused]
              print unused = 0   [unused]
              PDE equations = 4   [unused]
              max levels = 10   [unused]
              cycle applications = 3   [unused]
              aggregation: threshold = 0   [unused]
              aggregation: type = Uncoupled   [unused]
              aggregation: damping factor = 0   [unused]
              aggregation: block scaling = 0   [unused]
              energy minimization: enable = 1   [unused]
              energy minimization: type = 3   [unused]
              smoother: type = IFPACK   [unused]
              smoother: ifpack type = ILU   [unused]
              smoother: ifpack overlap = 1   [unused]
              smoother: damping factor = 1   [unused]
              smoother: pre or post = both   [unused]
              smoother: sweeps = 1   [unused]
              coarse: max size = 2000   [unused]
              coarse: type = Amesos-KLU   [unused]
              smoother: ifpack list -> 
               fact: level-of-fill = 5   [unused]
               schwarz: reordering type = rcm   [unused]
               fact: drop tolerance = 1e-06   [unused]
               fact: maximum fill factor = 100   [unused]
     Line Search -> 
      Method = Polynomial
      Full Step -> 
       Full Step = 1   [unused]
      Backtrack -> 
       Max Iters = 1000   [unused]
       Default Step = 1   [unused]
       Recovery Step = 0.01   [unused]
       Minimum Step = 0.0001   [unused]
       Reduction Factor = 0.1   [unused]
      Polynomial -> 
       Sufficient Decrease Condition = Armijo-Goldstein   [default]
       Interpolation Type = Cubic   [default]
       Recovery Step Type = Constant   [default]
       Minimum Step = 1e-12   [default]
       Default Step = 1   [default]
       Recovery Step = 1   [default]
       Max Iters = 100   [default]
       Alpha Factor = 0.0001   [default]
       Min Bounds Factor = 0.1   [default]
       Max Bounds Factor = 0.5   [default]
       Force Interpolation = 0   [default]
       Use Counters = 1   [default]
       Maximum Iteration for Increase = 0   [default]
       Allowed Relative Increase = 100   [default]
     Printing -> 
      Output Precision = 3
      Output Processor = 0
      Output Stream = Teuchos::RCP<std::ostream>{ptr=0x77e7a30,node=0x779c500,strong_count=24,weak_count=0}
      Error Stream = Teuchos::RCP<std::ostream>{ptr=0x77e7a30,node=0x779c500,strong_count=24,weak_count=0}
      MyPID = 0   [default]
      Output Information -> 
       Error = 1
       Warning = 1
       Inner Iteration = 1
       Outer Iteration = 1
       Outer Iteration StatusTest = 1
       Test Details = 1
       Parameters = 1
       Details = 1
       Linear Solver Details = 1
       Stepper Iteration = 1
       Stepper Details = 1
       Stepper Parameters = 1
       Debug = 0   [default]
     Solver Options -> 
      Status Test Check Type = Complete
      User Defined Pre/Post Operator = Teuchos::RCP<NOX::Abstract::PrePostOperator>{ptr=0x7799750,node=0x7796e60,strong_count=2,weak_count=0}
      User Defined Merit Function = Teuchos::RCP<NOX::MeritFunction::Generic>{ptr=0x76e99f0,node=0x779bbb0,strong_count=3,weak_count=0}
     Thyra Group Options -> 
      Function Scaling = Row Sum
      Update Row Sum Scaling = Before Each Nonlinear Solve   [default]
      User Defined Scaling = Teuchos::RCP<Thyra::VectorBase<double> >{ptr=0,node=0,strong_count=0,weak_count=0}   [default]
     Status Tests -> 
      Test Type = Combo
      Combo Type = OR
      Number of Tests = 3
      Test 0 -> 
       Test Type = Combo
       Combo Type = AND
       Number of Tests = 2
       Test 0 -> 
        Test Type = NormF
        Tolerance = 0.0001
        Norm Type = Two Norm   [default]
        Scale Type = Unscaled   [default]
       Test 1 -> 
        Test Type = NormWRMS
        Tolerance = 0.01
        Relative Tolerance = 0.001
        Absolute Tolerance = 1e-08
        BDF Multiplier = 1
        Alpha = 0.1
        Beta = 0.5
        Disable Implicit Weighting = 1   [default]
      Test 1 -> 
       Test Type = MaxIters
       Maximum Iterations = 400
      Test 2 -> 
       Test Type = FiniteValue
       Vector Type = F Vector   [default]
       Norm Type = Two Norm   [default]
Field       Average         Maximum (@IP)   Minimum (@IP)  
UX          0.00000000e+00  2.22507386e-308 0.00000000e+00 
UY          0.00000000e+00  2.22507386e-308 0.00000000e+00 
PRESSURE    0.00000000e+00  2.22507386e-308 0.00000000e+00 
TEMPERATURE 0.00000000e+00  2.22507386e-308 0.00000000e+00 
************************************************************************
-- Status Test Results --
**...........OR Combination -> 
  **...........AND Combination -> 
    **...........F-Norm = 4.900e+03 < 1.000e-04
                 (Unscaled Two-Norm, Absolute Tolerance)
    **...........WRMS-Norm = 1.000e+12 < 0.01
  **...........Number of Iterations = 0 < 400
  **...........Finite Number Check (Two-Norm F) = Finite
************************************************************************

************************************************************************
-- Nonlinear Solver Step 0 -- 
||F|| = 4.900e+03  step = 0.000e+00  dx = 0.000e+00
************************************************************************

       CALCULATING FORCING TERM
       Method: Type 2
       Forcing Term: 0.01
MCLS ML: Building ML Preconditioner
------------------------------------------------------------------------------
Using `power-method' for eigen-computations
*** 
*** ML_Epetra::MultiLevelPreconditioner
***
Matrix has 10404 rows and 364816 nonzeros, distributed over 1 process(es)
The linear system matrix is an Epetra_CrsMatrix
** Leaving column map of Main linear system matrix unchanged
Maximum number of levels = 10
Using increasing levels. Finest level  = 0, coarsest level = 9
Number of applications of the ML cycle = 3
Number of PDE equations = 4
Aggregation threshold = 0
Max coarse size = 2000

Warning: `energy minimization' safer with
Warning: Uncoupled aggregation. Other 
Warning: schemes may crash the code.

Null space type      = default (constants)
Null space dimension = 4
-----------------------------------------------------------------------
ML_Gen_MultiLevelHierarchy (level 0) : Gen Restriction and Prolongator
-----------------------------------------------------------------------
ML_Aggregate_Coarsen (level 0) begins
ML_Aggregate_CoarsenUncoupled : current level = 0
ML_Aggregate_CoarsenUncoupled : current eps = 0.000000e+00
Aggregation(UVB) : Total nonzeros = 364816 (Nrows=10404)
Aggregation(UVB) : Amalgamated matrix done 
Aggregation(UC) : Phase 0 - no. of bdry pts  = 0 
Aggregation(UC) : Phase 1 - nodes aggregated = 2548 (2601)
Aggregation(UC) : Phase 1 - total aggregates = 289 
Aggregation(UC_Phase2_3) : Phase 1 - nodes aggregated = 2548 
Aggregation(UC_Phase2_3) : Phase 1 - total aggregates = 289
Aggregation(UC_Phase2_3) : Phase 2a- additional aggregates = 0
Aggregation(UC_Phase2_3) : Phase 2 - total aggregates = 289
Aggregation(UC_Phase2_3) : Phase 2 - boundary nodes   = 0
Aggregation(UC_Phase2_3) : Phase 3 - leftovers = 0 and singletons = 0
Aggregation(UC) : QR factorization - too small aggregates = 0

Prolongator Smoothing: Using energy minimization (scheme = 3)
Damping parameter: min = 0.337506, max = 0.958628 (0 zeros out of 1156)
Dropping tolerance for DinvAP_0 = 0

Smoothed Aggregation : operator complexity = 1.086627e+00.
Time to build the hierarchy = 0.0786841 (s)
Number of actual levels : 2

Smoother (level 0) : # global rows = 10404, # estim. global nnz = 364816, # nnz per row = 35.06
Smoother (level 0) : IFPACK, type=`ILU',
Smoother (level 0) : both,overlap=1
Smoother (level 0) : level-of-fill=5,rel. threshold=1,abs. threshold=0
Smoother (level 0) : Setup time : 0.342085 (s)

WARNING **********************************************************************
You have requested to keep the finest level smoother from a previous
solve.  In order to reuse part or all of the incomplete factorization
from smoother "IFPACK", you must also specify the smoother options
"reuse numeric factorization" and/or "reuse symbolic factorization".
Not doing so  may result in memory leaks or crashes.

Amesos (level 1) : NumGlobalRows = 1156
Amesos (level 1) : NumGlobalNonzeros = 31594
Amesos (level 1) : Fill-in = 2.36423 %
Amesos (level 1) : Building KLU
Amesos (level 1) : Time for factorization  = 0.006531 (s)

WARNING: Parameter "aggregation: damping factor" 0   [unused] is unused
WARNING: Parameter "coarse: list"    [unused] is unused
WARNING: Parameter "aggregation: list (level 0)"    [unused] is unused
WARNING: Parameter "aggregation: list (level 1)"    [unused] is unused
WARNING: Parameter "aggregation: list (level 2)"    [unused] is unused
WARNING: Parameter "aggregation: list (level 3)"    [unused] is unused
WARNING: Parameter "aggregation: list (level 4)"    [unused] is unused
WARNING: Parameter "aggregation: list (level 5)"    [unused] is unused
WARNING: Parameter "aggregation: list (level 6)"    [unused] is unused
WARNING: Parameter "aggregation: list (level 7)"    [unused] is unused
WARNING: Parameter "aggregation: list (level 8)"    [unused] is unused
WARNING: Parameter "smoother: list (level 0)"    [unused] is unused

Cumulative timing for construction so far: 
- for initial setup   = 0.00307608 (s)
- for hierarchy setup = 0.078722 (s)
- for smoothers setup = 0.342085 (s)
- for coarse setup    = 0.00689197 (s)
- for final setup     = 0.000133038 (s)
------------------------------------------------------------------------------
MCLS ML: Extracting ML Preconditioner
MCLS ML: Transposing ML Preconditioner
MCLS ML: Complete in 319.164 seconds.
------------------------------------------------------------------------------
   ML time information (seconds)          total          avg

   1- Construction                  =   0.428145    0.428145
   2- Preconditioner apply          =    285.427
     a- first application(s) only   =   0.028419    0.028419
     b- remaining applications      =    285.398   0.0274316

   3- Total time required by ML so far is 285.855 seconds
      (constr + all applications)
------------------------------------------------------------------------------

************************************
MCLS: Monte Carlo Linear Solvers
************************************
MCSA / Richardson
Iteration 1: Residual = 2.7717e-07
************************************


************************************************************************
-- Polynomial Line Search -- 
       Merit Function = WeightedMeritFunction
Field       Average         Maximum (@IP)   Minimum (@IP)  
UX          7.89436921e-13  6.82873872e-10  -1.45165764e-10
UY          1.57527212e-16  2.62251690e-10  -2.62253056e-10
PRESSURE    1.75841429e-10  8.88671872e-08  -8.85253324e-08
TEMPERATURE 0.00000000e+00  2.22507386e-308 0.00000000e+00 
Field       Average         Maximum (@IP)   Minimum (@IP)  
UX          7.89436921e-01  6.82873872e+02  -1.45165764e+02
UY          1.57527212e-04  2.62251690e+02  -2.62253056e+02
PRESSURE    1.75841429e+02  8.88671872e+04  -8.85253324e+04
TEMPERATURE 0.00000000e+00  2.22507386e-308 0.00000000e+00 
  1: step = 1.000e+00 old f = 4.900e+03 new f = 7.621e+02 (STEP ACCEPTED!)
************************************************************************
************************************************************************
-- Status Test Results --
**...........OR Combination -> 
  **...........AND Combination -> 
    **...........F-Norm = 7.621e+02 < 1.000e-04
                 (Unscaled Two-Norm, Absolute Tolerance)
    **...........WRMS-Norm = 2.754e+11 < 0.01
                 (Min Step Size:  1.000e+00 >= 0.1)
  **...........Number of Iterations = 1 < 400
  **...........Finite Number Check (Two-Norm F) = Finite
************************************************************************

************************************************************************
-- Nonlinear Solver Step 1 -- 
||F|| = 7.621e+02  step = 1.000e+00  dx = 1.003e+07
************************************************************************

       CALCULATING FORCING TERM
       Method: Type 2
       Forcing Term Norm: Using L-2 Norm.
       Residual Norm k-1 =             4.9e+03
       Residual Norm k =               762
       Calculated eta_k (pre-bounds) = 0.0218
       Forcing Term: 0.0218
MCLS ML: Building ML Preconditioner
------------------------------------------------------------------------------
Using `power-method' for eigen-computations
*** 
*** ML_Epetra::MultiLevelPreconditioner
***
Matrix has 10404 rows and 364816 nonzeros, distributed over 1 process(es)
The linear system matrix is an Epetra_CrsMatrix
** Leaving column map of Main linear system matrix unchanged
Maximum number of levels = 10
Using increasing levels. Finest level  = 0, coarsest level = 9
Number of applications of the ML cycle = 3
Number of PDE equations = 4
Aggregation threshold = 0
Max coarse size = 2000

Warning: `energy minimization' safer with
Warning: Uncoupled aggregation. Other 
Warning: schemes may crash the code.

Null space type      = default (constants)
Null space dimension = 4
-----------------------------------------------------------------------
ML_Gen_MultiLevelHierarchy (level 0) : Gen Restriction and Prolongator
-----------------------------------------------------------------------
ML_Aggregate_Coarsen (level 0) begins
ML_Aggregate_CoarsenUncoupled : current level = 0
ML_Aggregate_CoarsenUncoupled : current eps = 0.000000e+00
Aggregation(UVB) : Total nonzeros = 364816 (Nrows=10404)
Aggregation(UVB) : Amalgamated matrix done 
Aggregation(UC) : Phase 0 - no. of bdry pts  = 0 
Aggregation(UC) : Phase 1 - nodes aggregated = 2548 (2601)
Aggregation(UC) : Phase 1 - total aggregates = 289 
Aggregation(UC_Phase2_3) : Phase 1 - nodes aggregated = 2548 
Aggregation(UC_Phase2_3) : Phase 1 - total aggregates = 289
Aggregation(UC_Phase2_3) : Phase 2a- additional aggregates = 0
Aggregation(UC_Phase2_3) : Phase 2 - total aggregates = 289
Aggregation(UC_Phase2_3) : Phase 2 - boundary nodes   = 0
Aggregation(UC_Phase2_3) : Phase 3 - leftovers = 0 and singletons = 0
Aggregation(UC) : QR factorization - too small aggregates = 0

Prolongator Smoothing: Using energy minimization (scheme = 3)
Damping parameter: min = 0.255765, max = 1.93367 (0 zeros out of 1156)
Dropping tolerance for DinvAP_0 = 0

Smoothed Aggregation : operator complexity = 1.086627e+00.
Time to build the hierarchy = 0.072932 (s)
Number of actual levels : 2

Smoother (level 0) : # global rows = 10404, # estim. global nnz = 364816, # nnz per row = 35.06
Smoother (level 0) : IFPACK, type=`ILU',
Smoother (level 0) : both,overlap=1
Smoother (level 0) : level-of-fill=5,rel. threshold=1,abs. threshold=0
Smoother (level 0) : Setup time : 0.340144 (s)

WARNING **********************************************************************
You have requested to keep the finest level smoother from a previous
solve.  In order to reuse part or all of the incomplete factorization
from smoother "IFPACK", you must also specify the smoother options
"reuse numeric factorization" and/or "reuse symbolic factorization".
Not doing so  may result in memory leaks or crashes.

Amesos (level 1) : NumGlobalRows = 1156
Amesos (level 1) : NumGlobalNonzeros = 31603
Amesos (level 1) : Fill-in = 2.3649 %
Amesos (level 1) : Building KLU
Amesos (level 1) : Time for factorization  = 0.00660706 (s)

WARNING: Parameter "aggregation: damping factor" 0   [unused] is unused
WARNING: Parameter "coarse: list"    [unused] is unused
WARNING: Parameter "aggregation: list (level 0)"    [unused] is unused
WARNING: Parameter "aggregation: list (level 1)"    [unused] is unused
WARNING: Parameter "aggregation: list (level 2)"    [unused] is unused
WARNING: Parameter "aggregation: list (level 3)"    [unused] is unused
WARNING: Parameter "aggregation: list (level 4)"    [unused] is unused
WARNING: Parameter "aggregation: list (level 5)"    [unused] is unused
WARNING: Parameter "aggregation: list (level 6)"    [unused] is unused
WARNING: Parameter "aggregation: list (level 7)"    [unused] is unused
WARNING: Parameter "aggregation: list (level 8)"    [unused] is unused
WARNING: Parameter "smoother: list (level 0)"    [unused] is unused

Cumulative timing for construction so far: 
- for initial setup   = 0.00294495 (s)
- for hierarchy setup = 0.0729709 (s)
- for smoothers setup = 0.340144 (s)
- for coarse setup    = 0.00690699 (s)
- for final setup     = 0.000130177 (s)
------------------------------------------------------------------------------
MCLS ML: Extracting ML Preconditioner
MCLS ML: Transposing ML Preconditioner
MCLS ML: Complete in 320.971 seconds.
------------------------------------------------------------------------------
   ML time information (seconds)          total          avg

   1- Construction                  =   0.420447    0.420447
   2- Preconditioner apply          =    288.395
     a- first application(s) only   =   0.028939    0.028939
     b- remaining applications      =    288.366   0.0277169

   3- Total time required by ML so far is 288.816 seconds
      (constr + all applications)
------------------------------------------------------------------------------

************************************
MCLS: Monte Carlo Linear Solvers
************************************
MCSA / Richardson
Iteration 1: Residual = 0.0162812
************************************


************************************************************************
-- Polynomial Line Search -- 
       Merit Function = WeightedMeritFunction
Field       Average         Maximum (@IP)   Minimum (@IP)  
UX          7.89436687e-01  6.82873871e+02  -1.45165757e+02
UY          1.57569191e-04  2.62251688e+02  -2.62253057e+02
PRESSURE    1.75849104e+02  8.88672000e+04  -8.85253239e+04
TEMPERATURE 0.00000000e+00  2.22507386e-308 0.00000000e+00 
Field       Average         Maximum (@IP)   Minimum (@IP)  
UX          -9.27846132e+00 6.74450621e+02  -2.55170447e+02
UY          1.80687396e+00  1.81318059e+02  -5.23619074e+02
PRESSURE    3.30503791e+05  6.39587616e+05  1.14732232e+05 
TEMPERATURE 0.00000000e+00  2.22507386e-308 0.00000000e+00 
  1: step = 1.000e+00 old f = 7.621e+02 new f = 4.367e+02 (STEP ACCEPTED!)
************************************************************************
************************************************************************
-- Status Test Results --
**...........OR Combination -> 
  **...........AND Combination -> 
    **...........F-Norm = 4.367e+02 < 1.000e-04
                 (Unscaled Two-Norm, Absolute Tolerance)
    **...........WRMS-Norm = 1.344e+07 < 0.01
                 (Min Step Size:  1.000e+00 >= 0.1)
  **...........Number of Iterations = 2 < 400
  **...........Finite Number Check (Two-Norm F) = Finite
************************************************************************

************************************************************************
-- Nonlinear Solver Step 2 -- 
||F|| = 4.367e+02  step = 1.000e+00  dx = 4.318e+08
************************************************************************

       CALCULATING FORCING TERM
       Method: Type 2
       Forcing Term Norm: Using L-2 Norm.
       Residual Norm k-1 =             762
       Residual Norm k =               437
       Calculated eta_k (pre-bounds) = 0.295
       Forcing Term: 0.295
MCLS ML: Building ML Preconditioner
------------------------------------------------------------------------------
Using `power-method' for eigen-computations
*** 
*** ML_Epetra::MultiLevelPreconditioner
***
Matrix has 10404 rows and 364816 nonzeros, distributed over 1 process(es)
The linear system matrix is an Epetra_CrsMatrix
** Leaving column map of Main linear system matrix unchanged
Maximum number of levels = 10
Using increasing levels. Finest level  = 0, coarsest level = 9
Number of applications of the ML cycle = 3
Number of PDE equations = 4
Aggregation threshold = 0
Max coarse size = 2000

Warning: `energy minimization' safer with
Warning: Uncoupled aggregation. Other 
Warning: schemes may crash the code.

Null space type      = default (constants)
Null space dimension = 4
-----------------------------------------------------------------------
ML_Gen_MultiLevelHierarchy (level 0) : Gen Restriction and Prolongator
-----------------------------------------------------------------------
ML_Aggregate_Coarsen (level 0) begins
ML_Aggregate_CoarsenUncoupled : current level = 0
ML_Aggregate_CoarsenUncoupled : current eps = 0.000000e+00
Aggregation(UVB) : Total nonzeros = 364816 (Nrows=10404)
Aggregation(UVB) : Amalgamated matrix done 
Aggregation(UC) : Phase 0 - no. of bdry pts  = 0 
Aggregation(UC) : Phase 1 - nodes aggregated = 2548 (2601)
Aggregation(UC) : Phase 1 - total aggregates = 289 
Aggregation(UC_Phase2_3) : Phase 1 - nodes aggregated = 2548 
Aggregation(UC_Phase2_3) : Phase 1 - total aggregates = 289
Aggregation(UC_Phase2_3) : Phase 2a- additional aggregates = 0
Aggregation(UC_Phase2_3) : Phase 2 - total aggregates = 289
Aggregation(UC_Phase2_3) : Phase 2 - boundary nodes   = 0
Aggregation(UC_Phase2_3) : Phase 3 - leftovers = 0 and singletons = 0
Aggregation(UC) : QR factorization - too small aggregates = 0

Prolongator Smoothing: Using energy minimization (scheme = 3)
Damping parameter: min = 0.218167, max = 0.99912 (0 zeros out of 1156)
Dropping tolerance for DinvAP_0 = 0

Smoothed Aggregation : operator complexity = 1.086627e+00.
Time to build the hierarchy = 0.073884 (s)
Number of actual levels : 2

Smoother (level 0) : # global rows = 10404, # estim. global nnz = 364816, # nnz per row = 35.06
Smoother (level 0) : IFPACK, type=`ILU',
Smoother (level 0) : both,overlap=1
Smoother (level 0) : level-of-fill=5,rel. threshold=1,abs. threshold=0
Smoother (level 0) : Setup time : 0.345859 (s)

WARNING **********************************************************************
You have requested to keep the finest level smoother from a previous
solve.  In order to reuse part or all of the incomplete factorization
from smoother "IFPACK", you must also specify the smoother options
"reuse numeric factorization" and/or "reuse symbolic factorization".
Not doing so  may result in memory leaks or crashes.

Amesos (level 1) : NumGlobalRows = 1156
Amesos (level 1) : NumGlobalNonzeros = 31603
Amesos (level 1) : Fill-in = 2.3649 %
Amesos (level 1) : Building KLU
Amesos (level 1) : Time for factorization  = 0.00640607 (s)

WARNING: Parameter "aggregation: damping factor" 0   [unused] is unused
WARNING: Parameter "coarse: list"    [unused] is unused
WARNING: Parameter "aggregation: list (level 0)"    [unused] is unused
WARNING: Parameter "aggregation: list (level 1)"    [unused] is unused
WARNING: Parameter "aggregation: list (level 2)"    [unused] is unused
WARNING: Parameter "aggregation: list (level 3)"    [unused] is unused
WARNING: Parameter "aggregation: list (level 4)"    [unused] is unused
WARNING: Parameter "aggregation: list (level 5)"    [unused] is unused
WARNING: Parameter "aggregation: list (level 6)"    [unused] is unused
WARNING: Parameter "aggregation: list (level 7)"    [unused] is unused
WARNING: Parameter "aggregation: list (level 8)"    [unused] is unused
WARNING: Parameter "smoother: list (level 0)"    [unused] is unused

Cumulative timing for construction so far: 
- for initial setup   = 0.00286603 (s)
- for hierarchy setup = 0.0739231 (s)
- for smoothers setup = 0.345859 (s)
- for coarse setup    = 0.00673199 (s)
- for final setup     = 0.000127077 (s)
------------------------------------------------------------------------------
MCLS ML: Extracting ML Preconditioner
MCLS ML: Transposing ML Preconditioner
MCLS ML: Complete in 319.082 seconds.
------------------------------------------------------------------------------
   ML time information (seconds)          total          avg

   1- Construction                  =    0.42694     0.42694
   2- Preconditioner apply          =    286.287
     a- first application(s) only   =   0.028286    0.028286
     b- remaining applications      =    286.259   0.0275143

   3- Total time required by ML so far is 286.714 seconds
      (constr + all applications)
------------------------------------------------------------------------------

************************************
MCLS: Monte Carlo Linear Solvers
************************************
MCSA / Richardson
Iteration 1: Residual = 0.000619286
************************************


************************************************************************
-- Polynomial Line Search -- 
       Merit Function = WeightedMeritFunction
Field       Average         Maximum (@IP)   Minimum (@IP)  
UX          -9.27845360e+00 6.74450614e+02  -2.55170273e+02
UY          1.80687285e+00  1.81318083e+02  -5.23619021e+02
PRESSURE    3.30503458e+05  6.39587318e+05  1.14732130e+05 
TEMPERATURE 0.00000000e+00  2.22507386e-308 0.00000000e+00 
Field       Average         Maximum (@IP)   Minimum (@IP)  
UX          2.93562043e-01  6.66656235e+02  -2.33014320e+02
UY          4.27888046e-01  2.25238966e+02  -4.62436563e+02
PRESSURE    -8.17217606e+04 2.70156058e+05  -1.31237990e+05
TEMPERATURE 0.00000000e+00  2.22507386e-308 0.00000000e+00 
  1: step = 1.000e+00 old f = 4.367e+02 new f = 1.806e+02 (STEP ACCEPTED!)
************************************************************************
************************************************************************
-- Status Test Results --
**...........OR Combination -> 
  **...........AND Combination -> 
    **...........F-Norm = 1.806e+02 < 1.000e-04
                 (Unscaled Two-Norm, Absolute Tolerance)
    **...........WRMS-Norm = 1.443e+04 < 0.01
                 (Min Step Size:  1.000e+00 >= 0.1)
  **...........Number of Iterations = 3 < 400
  **...........Finite Number Check (Two-Norm F) = Finite
************************************************************************

************************************************************************
-- Nonlinear Solver Step 3 -- 
||F|| = 1.806e+02  step = 1.000e+00  dx = 5.359e+08
************************************************************************

       CALCULATING FORCING TERM
       Method: Type 2
       Forcing Term Norm: Using L-2 Norm.
       Residual Norm k-1 =             437
       Residual Norm k =               181
       Calculated eta_k (pre-bounds) = 0.154
       Forcing Term: 0.154
MCLS ML: Building ML Preconditioner
------------------------------------------------------------------------------
Using `power-method' for eigen-computations
*** 
*** ML_Epetra::MultiLevelPreconditioner
***
Matrix has 10404 rows and 364816 nonzeros, distributed over 1 process(es)
The linear system matrix is an Epetra_CrsMatrix
** Leaving column map of Main linear system matrix unchanged
Maximum number of levels = 10
Using increasing levels. Finest level  = 0, coarsest level = 9
Number of applications of the ML cycle = 3
Number of PDE equations = 4
Aggregation threshold = 0
Max coarse size = 2000

Warning: `energy minimization' safer with
Warning: Uncoupled aggregation. Other 
Warning: schemes may crash the code.

Null space type      = default (constants)
Null space dimension = 4
-----------------------------------------------------------------------
ML_Gen_MultiLevelHierarchy (level 0) : Gen Restriction and Prolongator
-----------------------------------------------------------------------
ML_Aggregate_Coarsen (level 0) begins
ML_Aggregate_CoarsenUncoupled : current level = 0
ML_Aggregate_CoarsenUncoupled : current eps = 0.000000e+00
Aggregation(UVB) : Total nonzeros = 364816 (Nrows=10404)
Aggregation(UVB) : Amalgamated matrix done 
Aggregation(UC) : Phase 0 - no. of bdry pts  = 0 
Aggregation(UC) : Phase 1 - nodes aggregated = 2548 (2601)
Aggregation(UC) : Phase 1 - total aggregates = 289 
Aggregation(UC_Phase2_3) : Phase 1 - nodes aggregated = 2548 
Aggregation(UC_Phase2_3) : Phase 1 - total aggregates = 289
Aggregation(UC_Phase2_3) : Phase 2a- additional aggregates = 0
Aggregation(UC_Phase2_3) : Phase 2 - total aggregates = 289
Aggregation(UC_Phase2_3) : Phase 2 - boundary nodes   = 0
Aggregation(UC_Phase2_3) : Phase 3 - leftovers = 0 and singletons = 0
Aggregation(UC) : QR factorization - too small aggregates = 0

Prolongator Smoothing: Using energy minimization (scheme = 3)
Damping parameter: min = 0.253484, max = 1.25843 (0 zeros out of 1156)
Dropping tolerance for DinvAP_0 = 0

Smoothed Aggregation : operator complexity = 1.086627e+00.
Time to build the hierarchy = 0.07337 (s)
Number of actual levels : 2

Smoother (level 0) : # global rows = 10404, # estim. global nnz = 364816, # nnz per row = 35.06
Smoother (level 0) : IFPACK, type=`ILU',
Smoother (level 0) : both,overlap=1
Smoother (level 0) : level-of-fill=5,rel. threshold=1,abs. threshold=0
Smoother (level 0) : Setup time : 0.338679 (s)

WARNING **********************************************************************
You have requested to keep the finest level smoother from a previous
solve.  In order to reuse part or all of the incomplete factorization
from smoother "IFPACK", you must also specify the smoother options
"reuse numeric factorization" and/or "reuse symbolic factorization".
Not doing so  may result in memory leaks or crashes.

Amesos (level 1) : NumGlobalRows = 1156
Amesos (level 1) : NumGlobalNonzeros = 31603
Amesos (level 1) : Fill-in = 2.3649 %
Amesos (level 1) : Building KLU
Amesos (level 1) : Time for factorization  = 0.00653791 (s)

WARNING: Parameter "aggregation: damping factor" 0   [unused] is unused
WARNING: Parameter "coarse: list"    [unused] is unused
WARNING: Parameter "aggregation: list (level 0)"    [unused] is unused
WARNING: Parameter "aggregation: list (level 1)"    [unused] is unused
WARNING: Parameter "aggregation: list (level 2)"    [unused] is unused
WARNING: Parameter "aggregation: list (level 3)"    [unused] is unused
WARNING: Parameter "aggregation: list (level 4)"    [unused] is unused
WARNING: Parameter "aggregation: list (level 5)"    [unused] is unused
WARNING: Parameter "aggregation: list (level 6)"    [unused] is unused
WARNING: Parameter "aggregation: list (level 7)"    [unused] is unused
WARNING: Parameter "aggregation: list (level 8)"    [unused] is unused
WARNING: Parameter "smoother: list (level 0)"    [unused] is unused

Cumulative timing for construction so far: 
- for initial setup   = 0.00288296 (s)
- for hierarchy setup = 0.0734091 (s)
- for smoothers setup = 0.338679 (s)
- for coarse setup    = 0.00683618 (s)
- for final setup     = 0.00014019 (s)
------------------------------------------------------------------------------
MCLS ML: Extracting ML Preconditioner
MCLS ML: Transposing ML Preconditioner
MCLS ML: Complete in 316.998 seconds.
------------------------------------------------------------------------------
   ML time information (seconds)          total          avg

   1- Construction                  =   0.419364    0.419364
   2- Preconditioner apply          =    285.011
     a- first application(s) only   =  0.0280981   0.0280981
     b- remaining applications      =    284.982   0.0273916

   3- Total time required by ML so far is 285.43 seconds
      (constr + all applications)
------------------------------------------------------------------------------

************************************
MCLS: Monte Carlo Linear Solvers
************************************
MCSA / Richardson
Iteration 1: Residual = 4.82468e-05
************************************


************************************************************************
-- Polynomial Line Search -- 
       Merit Function = WeightedMeritFunction
Field       Average         Maximum (@IP)   Minimum (@IP)  
UX          2.93562455e-01  6.66656235e+02  -2.33014311e+02
UY          4.27887804e-01  2.25238966e+02  -4.62436551e+02
PRESSURE    -8.17216780e+04 2.70156162e+05  -1.31237901e+05
TEMPERATURE 0.00000000e+00  2.22507386e-308 0.00000000e+00 
Field       Average         Maximum (@IP)   Minimum (@IP)  
UX          6.26898613e-01  6.67410745e+02  -2.78885545e+02
UY          2.32531074e-01  2.36250563e+02  -4.55191812e+02
PRESSURE    -1.48825089e+04 3.54843218e+05  -5.90917077e+04
TEMPERATURE 0.00000000e+00  2.22507386e-308 0.00000000e+00 
  1: step = 1.000e+00 old f = 1.806e+02 new f = 1.514e+02 (STEP ACCEPTED!)
************************************************************************
************************************************************************
-- Status Test Results --
**...........OR Combination -> 
  **...........AND Combination -> 
    **...........F-Norm = 1.514e+02 < 1.000e-04
                 (Unscaled Two-Norm, Absolute Tolerance)
    **...........WRMS-Norm = 3.185e+04 < 0.01
                 (Min Step Size:  1.000e+00 >= 0.1)
  **...........Number of Iterations = 4 < 400
  **...........Finite Number Check (Two-Norm F) = Finite
************************************************************************

************************************************************************
-- Nonlinear Solver Step 4 -- 
||F|| = 1.514e+02  step = 1.000e+00  dx = 8.815e+07
************************************************************************

       CALCULATING FORCING TERM
       Method: Type 2
       Forcing Term Norm: Using L-2 Norm.
       Residual Norm k-1 =             181
       Residual Norm k =               151
       Calculated eta_k (pre-bounds) = 0.632
       Forcing Term: 0.632
MCLS ML: Building ML Preconditioner
------------------------------------------------------------------------------
Using `power-method' for eigen-computations
*** 
*** ML_Epetra::MultiLevelPreconditioner
***
Matrix has 10404 rows and 364816 nonzeros, distributed over 1 process(es)
The linear system matrix is an Epetra_CrsMatrix
** Leaving column map of Main linear system matrix unchanged
Maximum number of levels = 10
Using increasing levels. Finest level  = 0, coarsest level = 9
Number of applications of the ML cycle = 3
Number of PDE equations = 4
Aggregation threshold = 0
Max coarse size = 2000

Warning: `energy minimization' safer with
Warning: Uncoupled aggregation. Other 
Warning: schemes may crash the code.

Null space type      = default (constants)
Null space dimension = 4
-----------------------------------------------------------------------
ML_Gen_MultiLevelHierarchy (level 0) : Gen Restriction and Prolongator
-----------------------------------------------------------------------
ML_Aggregate_Coarsen (level 0) begins
ML_Aggregate_CoarsenUncoupled : current level = 0
ML_Aggregate_CoarsenUncoupled : current eps = 0.000000e+00
Aggregation(UVB) : Total nonzeros = 364816 (Nrows=10404)
Aggregation(UVB) : Amalgamated matrix done 
Aggregation(UC) : Phase 0 - no. of bdry pts  = 0 
Aggregation(UC) : Phase 1 - nodes aggregated = 2548 (2601)
Aggregation(UC) : Phase 1 - total aggregates = 289 
Aggregation(UC_Phase2_3) : Phase 1 - nodes aggregated = 2548 
Aggregation(UC_Phase2_3) : Phase 1 - total aggregates = 289
Aggregation(UC_Phase2_3) : Phase 2a- additional aggregates = 0
Aggregation(UC_Phase2_3) : Phase 2 - total aggregates = 289
Aggregation(UC_Phase2_3) : Phase 2 - boundary nodes   = 0
Aggregation(UC_Phase2_3) : Phase 3 - leftovers = 0 and singletons = 0
Aggregation(UC) : QR factorization - too small aggregates = 0

Prolongator Smoothing: Using energy minimization (scheme = 3)
Damping parameter: min = 0.251997, max = 1.26975 (0 zeros out of 1156)
Dropping tolerance for DinvAP_0 = 0

Smoothed Aggregation : operator complexity = 1.086627e+00.
Time to build the hierarchy = 0.0728981 (s)
Number of actual levels : 2

Smoother (level 0) : # global rows = 10404, # estim. global nnz = 364816, # nnz per row = 35.06
Smoother (level 0) : IFPACK, type=`ILU',
Smoother (level 0) : both,overlap=1
Smoother (level 0) : level-of-fill=5,rel. threshold=1,abs. threshold=0
Smoother (level 0) : Setup time : 0.347457 (s)

WARNING **********************************************************************
You have requested to keep the finest level smoother from a previous
solve.  In order to reuse part or all of the incomplete factorization
from smoother "IFPACK", you must also specify the smoother options
"reuse numeric factorization" and/or "reuse symbolic factorization".
Not doing so  may result in memory leaks or crashes.

Amesos (level 1) : NumGlobalRows = 1156
Amesos (level 1) : NumGlobalNonzeros = 31603
Amesos (level 1) : Fill-in = 2.3649 %
Amesos (level 1) : Building KLU
Amesos (level 1) : Time for factorization  = 0.00647998 (s)

WARNING: Parameter "aggregation: damping factor" 0   [unused] is unused
WARNING: Parameter "coarse: list"    [unused] is unused
WARNING: Parameter "aggregation: list (level 0)"    [unused] is unused
WARNING: Parameter "aggregation: list (level 1)"    [unused] is unused
WARNING: Parameter "aggregation: list (level 2)"    [unused] is unused
WARNING: Parameter "aggregation: list (level 3)"    [unused] is unused
WARNING: Parameter "aggregation: list (level 4)"    [unused] is unused
WARNING: Parameter "aggregation: list (level 5)"    [unused] is unused
WARNING: Parameter "aggregation: list (level 6)"    [unused] is unused
WARNING: Parameter "aggregation: list (level 7)"    [unused] is unused
WARNING: Parameter "aggregation: list (level 8)"    [unused] is unused
WARNING: Parameter "smoother: list (level 0)"    [unused] is unused

Cumulative timing for construction so far: 
- for initial setup   = 0.00294209 (s)
- for hierarchy setup = 0.0729351 (s)
- for smoothers setup = 0.347457 (s)
- for coarse setup    = 0.00677705 (s)
- for final setup     = 0.000127077 (s)
------------------------------------------------------------------------------
MCLS ML: Extracting ML Preconditioner
MCLS ML: Transposing ML Preconditioner
MCLS ML: Complete in 317.158 seconds.
------------------------------------------------------------------------------
   ML time information (seconds)          total          avg

   1- Construction                  =   0.427592    0.427592
   2- Preconditioner apply          =    285.127
     a- first application(s) only   =   0.027993    0.027993
     b- remaining applications      =    285.099   0.0274028

   3- Total time required by ML so far is 285.555 seconds
      (constr + all applications)
------------------------------------------------------------------------------

************************************
MCLS: Monte Carlo Linear Solvers
************************************
MCSA / Richardson
Iteration 1: Residual = 0.000873428
************************************


************************************************************************
-- Polynomial Line Search -- 
       Merit Function = WeightedMeritFunction
Field       Average         Maximum (@IP)   Minimum (@IP)  
UX          6.26898650e-01  6.67410740e+02  -2.78885492e+02
UY          2.32530907e-01  2.36250632e+02  -4.55191793e+02
PRESSURE    -1.48825306e+04 3.54843210e+05  -5.90917228e+04
TEMPERATURE 0.00000000e+00  2.22507386e-308 0.00000000e+00 
Field       Average         Maximum (@IP)   Minimum (@IP)  
UX          6.38126498e-01  6.66361456e+02  -2.78861234e+02
UY          1.82479044e-01  2.59501653e+02  -4.49983506e+02
PRESSURE    -2.13896694e+04 3.52201009e+05  -6.36225923e+04
TEMPERATURE 0.00000000e+00  2.22507386e-308 0.00000000e+00 
  1: step = 1.000e+00 old f = 1.514e+02 new f = 5.765e+01 (STEP ACCEPTED!)
************************************************************************
************************************************************************
-- Status Test Results --
**...........OR Combination -> 
  **...........AND Combination -> 
    **...........F-Norm = 5.765e+01 < 1.000e-04
                 (Unscaled Two-Norm, Absolute Tolerance)
    **...........WRMS-Norm = 1.827e+04 < 0.01
                 (Min Step Size:  1.000e+00 >= 0.1)
  **...........Number of Iterations = 5 < 400
  **...........Finite Number Check (Two-Norm F) = Finite
************************************************************************

************************************************************************
-- Nonlinear Solver Step 5 -- 
||F|| = 5.765e+01  step = 1.000e+00  dx = 1.180e+07
************************************************************************

       CALCULATING FORCING TERM
       Method: Type 2
       Forcing Term Norm: Using L-2 Norm.
       Residual Norm k-1 =             151
       Residual Norm k =               57.6
       Calculated eta_k (pre-bounds) = 0.131
       Forcing Term: 0.36
MCLS ML: Building ML Preconditioner
------------------------------------------------------------------------------
Using `power-method' for eigen-computations
*** 
*** ML_Epetra::MultiLevelPreconditioner
***
Matrix has 10404 rows and 364816 nonzeros, distributed over 1 process(es)
The linear system matrix is an Epetra_CrsMatrix
** Leaving column map of Main linear system matrix unchanged
Maximum number of levels = 10
Using increasing levels. Finest level  = 0, coarsest level = 9
Number of applications of the ML cycle = 3
Number of PDE equations = 4
Aggregation threshold = 0
Max coarse size = 2000

Warning: `energy minimization' safer with
Warning: Uncoupled aggregation. Other 
Warning: schemes may crash the code.

Null space type      = default (constants)
Null space dimension = 4
-----------------------------------------------------------------------
ML_Gen_MultiLevelHierarchy (level 0) : Gen Restriction and Prolongator
-----------------------------------------------------------------------
ML_Aggregate_Coarsen (level 0) begins
ML_Aggregate_CoarsenUncoupled : current level = 0
ML_Aggregate_CoarsenUncoupled : current eps = 0.000000e+00
Aggregation(UVB) : Total nonzeros = 364816 (Nrows=10404)
Aggregation(UVB) : Amalgamated matrix done 
Aggregation(UC) : Phase 0 - no. of bdry pts  = 0 
Aggregation(UC) : Phase 1 - nodes aggregated = 2548 (2601)
Aggregation(UC) : Phase 1 - total aggregates = 289 
Aggregation(UC_Phase2_3) : Phase 1 - nodes aggregated = 2548 
Aggregation(UC_Phase2_3) : Phase 1 - total aggregates = 289
Aggregation(UC_Phase2_3) : Phase 2a- additional aggregates = 0
Aggregation(UC_Phase2_3) : Phase 2 - total aggregates = 289
Aggregation(UC_Phase2_3) : Phase 2 - boundary nodes   = 0
Aggregation(UC_Phase2_3) : Phase 3 - leftovers = 0 and singletons = 0
Aggregation(UC) : QR factorization - too small aggregates = 0

Prolongator Smoothing: Using energy minimization (scheme = 3)
Damping parameter: min = 0.252402, max = 1.27062 (0 zeros out of 1156)
Dropping tolerance for DinvAP_0 = 0

Smoothed Aggregation : operator complexity = 1.086627e+00.
Time to build the hierarchy = 0.0732679 (s)
Number of actual levels : 2

Smoother (level 0) : # global rows = 10404, # estim. global nnz = 364816, # nnz per row = 35.06
Smoother (level 0) : IFPACK, type=`ILU',
Smoother (level 0) : both,overlap=1
Smoother (level 0) : level-of-fill=5,rel. threshold=1,abs. threshold=0
Smoother (level 0) : Setup time : 0.340534 (s)

WARNING **********************************************************************
You have requested to keep the finest level smoother from a previous
solve.  In order to reuse part or all of the incomplete factorization
from smoother "IFPACK", you must also specify the smoother options
"reuse numeric factorization" and/or "reuse symbolic factorization".
Not doing so  may result in memory leaks or crashes.

Amesos (level 1) : NumGlobalRows = 1156
Amesos (level 1) : NumGlobalNonzeros = 31603
Amesos (level 1) : Fill-in = 2.3649 %
Amesos (level 1) : Building KLU
Amesos (level 1) : Time for factorization  = 0.00641084 (s)

WARNING: Parameter "aggregation: damping factor" 0   [unused] is unused
WARNING: Parameter "coarse: list"    [unused] is unused
WARNING: Parameter "aggregation: list (level 0)"    [unused] is unused
WARNING: Parameter "aggregation: list (level 1)"    [unused] is unused
WARNING: Parameter "aggregation: list (level 2)"    [unused] is unused
WARNING: Parameter "aggregation: list (level 3)"    [unused] is unused
WARNING: Parameter "aggregation: list (level 4)"    [unused] is unused
WARNING: Parameter "aggregation: list (level 5)"    [unused] is unused
WARNING: Parameter "aggregation: list (level 6)"    [unused] is unused
WARNING: Parameter "aggregation: list (level 7)"    [unused] is unused
WARNING: Parameter "aggregation: list (level 8)"    [unused] is unused
WARNING: Parameter "smoother: list (level 0)"    [unused] is unused

Cumulative timing for construction so far: 
- for initial setup   = 0.00293589 (s)
- for hierarchy setup = 0.0733068 (s)
- for smoothers setup = 0.340534 (s)
- for coarse setup    = 0.00682092 (s)
- for final setup     = 0.000128031 (s)
------------------------------------------------------------------------------
MCLS ML: Extracting ML Preconditioner
MCLS ML: Transposing ML Preconditioner
MCLS ML: Complete in 314.636 seconds.
------------------------------------------------------------------------------
   ML time information (seconds)          total          avg

   1- Construction                  =    0.42108     0.42108
   2- Preconditioner apply          =    282.511
     a- first application(s) only   =  0.0277989   0.0277989
     b- remaining applications      =    282.483   0.0271514

   3- Total time required by ML so far is 282.932 seconds
      (constr + all applications)
------------------------------------------------------------------------------

************************************
MCLS: Monte Carlo Linear Solvers
************************************
MCSA / Richardson
Iteration 1: Residual = 0.000230306
************************************


************************************************************************
-- Polynomial Line Search -- 
       Merit Function = WeightedMeritFunction
Field       Average         Maximum (@IP)   Minimum (@IP)  
UX          6.38126620e-01  6.66361455e+02  -2.78860781e+02
UY          1.82479179e-01  2.59501440e+02  -4.49983490e+02
PRESSURE    -2.13896465e+04 3.52201002e+05  -6.36225716e+04
TEMPERATURE 0.00000000e+00  2.22507386e-308 0.00000000e+00 
Field       Average         Maximum (@IP)   Minimum (@IP)  
UX          6.44626398e-01  6.66320682e+02  -2.56487524e+02
UY          1.89673439e-01  2.48217468e+02  -4.49141701e+02
PRESSURE    -2.01668180e+04 3.51845133e+05  -6.25145261e+04
TEMPERATURE 0.00000000e+00  2.22507386e-308 0.00000000e+00 
  1: step = 1.000e+00 old f = 5.765e+01 new f = 5.005e+00 (STEP ACCEPTED!)
************************************************************************
************************************************************************
-- Status Test Results --
**...........OR Combination -> 
  **...........AND Combination -> 
    **...........F-Norm = 5.005e+00 < 1.000e-04
                 (Unscaled Two-Norm, Absolute Tolerance)
    **...........WRMS-Norm = 1.914e+03 < 0.01
                 (Min Step Size:  1.000e+00 >= 0.1)
  **...........Number of Iterations = 6 < 400
  **...........Finite Number Check (Two-Norm F) = Finite
************************************************************************

************************************************************************
-- Nonlinear Solver Step 6 -- 
||F|| = 5.005e+00  step = 1.000e+00  dx = 2.481e+06
************************************************************************

       CALCULATING FORCING TERM
       Method: Type 2
       Forcing Term Norm: Using L-2 Norm.
       Residual Norm k-1 =             57.6
       Residual Norm k =               5.01
       Calculated eta_k (pre-bounds) = 0.00679
       Forcing Term: 0.117
MCLS ML: Building ML Preconditioner
------------------------------------------------------------------------------
Using `power-method' for eigen-computations
*** 
*** ML_Epetra::MultiLevelPreconditioner
***
Matrix has 10404 rows and 364816 nonzeros, distributed over 1 process(es)
The linear system matrix is an Epetra_CrsMatrix
** Leaving column map of Main linear system matrix unchanged
Maximum number of levels = 10
Using increasing levels. Finest level  = 0, coarsest level = 9
Number of applications of the ML cycle = 3
Number of PDE equations = 4
Aggregation threshold = 0
Max coarse size = 2000

Warning: `energy minimization' safer with
Warning: Uncoupled aggregation. Other 
Warning: schemes may crash the code.

Null space type      = default (constants)
Null space dimension = 4
-----------------------------------------------------------------------
ML_Gen_MultiLevelHierarchy (level 0) : Gen Restriction and Prolongator
-----------------------------------------------------------------------
ML_Aggregate_Coarsen (level 0) begins
ML_Aggregate_CoarsenUncoupled : current level = 0
ML_Aggregate_CoarsenUncoupled : current eps = 0.000000e+00
Aggregation(UVB) : Total nonzeros = 364816 (Nrows=10404)
Aggregation(UVB) : Amalgamated matrix done 
Aggregation(UC) : Phase 0 - no. of bdry pts  = 0 
Aggregation(UC) : Phase 1 - nodes aggregated = 2548 (2601)
Aggregation(UC) : Phase 1 - total aggregates = 289 
Aggregation(UC_Phase2_3) : Phase 1 - nodes aggregated = 2548 
Aggregation(UC_Phase2_3) : Phase 1 - total aggregates = 289
Aggregation(UC_Phase2_3) : Phase 2a- additional aggregates = 0
Aggregation(UC_Phase2_3) : Phase 2 - total aggregates = 289
Aggregation(UC_Phase2_3) : Phase 2 - boundary nodes   = 0
Aggregation(UC_Phase2_3) : Phase 3 - leftovers = 0 and singletons = 0
Aggregation(UC) : QR factorization - too small aggregates = 0

Prolongator Smoothing: Using energy minimization (scheme = 3)
Damping parameter: min = 0.252526, max = 1.27595 (0 zeros out of 1156)
Dropping tolerance for DinvAP_0 = 0

Smoothed Aggregation : operator complexity = 1.086627e+00.
Time to build the hierarchy = 0.0730569 (s)
Number of actual levels : 2

Smoother (level 0) : # global rows = 10404, # estim. global nnz = 364816, # nnz per row = 35.06
Smoother (level 0) : IFPACK, type=`ILU',
Smoother (level 0) : both,overlap=1
Smoother (level 0) : level-of-fill=5,rel. threshold=1,abs. threshold=0
Smoother (level 0) : Setup time : 0.339088 (s)

WARNING **********************************************************************
You have requested to keep the finest level smoother from a previous
solve.  In order to reuse part or all of the incomplete factorization
from smoother "IFPACK", you must also specify the smoother options
"reuse numeric factorization" and/or "reuse symbolic factorization".
Not doing so  may result in memory leaks or crashes.

Amesos (level 1) : NumGlobalRows = 1156
Amesos (level 1) : NumGlobalNonzeros = 31603
Amesos (level 1) : Fill-in = 2.3649 %
Amesos (level 1) : Building KLU
Amesos (level 1) : Time for factorization  = 0.00652313 (s)

WARNING: Parameter "aggregation: damping factor" 0   [unused] is unused
WARNING: Parameter "coarse: list"    [unused] is unused
WARNING: Parameter "aggregation: list (level 0)"    [unused] is unused
WARNING: Parameter "aggregation: list (level 1)"    [unused] is unused
WARNING: Parameter "aggregation: list (level 2)"    [unused] is unused
WARNING: Parameter "aggregation: list (level 3)"    [unused] is unused
WARNING: Parameter "aggregation: list (level 4)"    [unused] is unused
WARNING: Parameter "aggregation: list (level 5)"    [unused] is unused
WARNING: Parameter "aggregation: list (level 6)"    [unused] is unused
WARNING: Parameter "aggregation: list (level 7)"    [unused] is unused
WARNING: Parameter "aggregation: list (level 8)"    [unused] is unused
WARNING: Parameter "smoother: list (level 0)"    [unused] is unused

Cumulative timing for construction so far: 
- for initial setup   = 0.00289488 (s)
- for hierarchy setup = 0.0730958 (s)
- for smoothers setup = 0.339088 (s)
- for coarse setup    = 0.00683284 (s)
- for final setup     = 0.000127077 (s)
------------------------------------------------------------------------------
MCLS ML: Extracting ML Preconditioner
MCLS ML: Transposing ML Preconditioner
MCLS ML: Complete in 319.302 seconds.
------------------------------------------------------------------------------
   ML time information (seconds)          total          avg

   1- Construction                  =   0.419441    0.419441
   2- Preconditioner apply          =    287.233
     a- first application(s) only   =  0.0283651   0.0283651
     b- remaining applications      =    287.205   0.0276052

   3- Total time required by ML so far is 287.653 seconds
      (constr + all applications)
------------------------------------------------------------------------------

************************************
MCLS: Monte Carlo Linear Solvers
************************************
MCSA / Richardson
Iteration 1: Residual = 0.00114745
************************************


************************************************************************
-- Polynomial Line Search -- 
       Merit Function = WeightedMeritFunction
Field       Average         Maximum (@IP)   Minimum (@IP)  
UX          6.44626723e-01  6.66320680e+02  -2.56487371e+02
UY          1.89672688e-01  2.48217385e+02  -4.49141698e+02
PRESSURE    -2.01667966e+04 3.51845132e+05  -6.25145141e+04
TEMPERATURE 0.00000000e+00  2.22507386e-308 0.00000000e+00 
Field       Average         Maximum (@IP)   Minimum (@IP)  
UX          6.47499310e-01  6.66309212e+02  -2.55139021e+02
UY          1.83019536e-01  2.47507063e+02  -4.49111544e+02
PRESSURE    -1.99775542e+04 3.51837642e+05  -6.24089138e+04
TEMPERATURE 0.00000000e+00  2.22507386e-308 0.00000000e+00 
  1: step = 1.000e+00 old f = 5.005e+00 new f = 2.655e-01 (STEP ACCEPTED!)
************************************************************************
************************************************************************
-- Status Test Results --
**...........OR Combination -> 
  **...........AND Combination -> 
    **...........F-Norm = 2.655e-01 < 1.000e-04
                 (Unscaled Two-Norm, Absolute Tolerance)
    **...........WRMS-Norm = 3.357e+02 < 0.01
                 (Min Step Size:  1.000e+00 >= 0.1)
  **...........Number of Iterations = 7 < 400
  **...........Finite Number Check (Two-Norm F) = Finite
************************************************************************

************************************************************************
-- Nonlinear Solver Step 7 -- 
||F|| = 2.655e-01  step = 1.000e+00  dx = 3.986e+05
************************************************************************

       CALCULATING FORCING TERM
       Method: Type 2
       Forcing Term Norm: Using L-2 Norm.
       Residual Norm k-1 =             5.01
       Residual Norm k =               0.265
       Calculated eta_k (pre-bounds) = 0.00253
       Forcing Term: 0.00253
MCLS ML: Building ML Preconditioner
------------------------------------------------------------------------------
Using `power-method' for eigen-computations
*** 
*** ML_Epetra::MultiLevelPreconditioner
***
Matrix has 10404 rows and 364816 nonzeros, distributed over 1 process(es)
The linear system matrix is an Epetra_CrsMatrix
** Leaving column map of Main linear system matrix unchanged
Maximum number of levels = 10
Using increasing levels. Finest level  = 0, coarsest level = 9
Number of applications of the ML cycle = 3
Number of PDE equations = 4
Aggregation threshold = 0
Max coarse size = 2000

Warning: `energy minimization' safer with
Warning: Uncoupled aggregation. Other 
Warning: schemes may crash the code.

Null space type      = default (constants)
Null space dimension = 4
-----------------------------------------------------------------------
ML_Gen_MultiLevelHierarchy (level 0) : Gen Restriction and Prolongator
-----------------------------------------------------------------------
ML_Aggregate_Coarsen (level 0) begins
ML_Aggregate_CoarsenUncoupled : current level = 0
ML_Aggregate_CoarsenUncoupled : current eps = 0.000000e+00
Aggregation(UVB) : Total nonzeros = 364816 (Nrows=10404)
Aggregation(UVB) : Amalgamated matrix done 
Aggregation(UC) : Phase 0 - no. of bdry pts  = 0 
Aggregation(UC) : Phase 1 - nodes aggregated = 2548 (2601)
Aggregation(UC) : Phase 1 - total aggregates = 289 
Aggregation(UC_Phase2_3) : Phase 1 - nodes aggregated = 2548 
Aggregation(UC_Phase2_3) : Phase 1 - total aggregates = 289
Aggregation(UC_Phase2_3) : Phase 2a- additional aggregates = 0
Aggregation(UC_Phase2_3) : Phase 2 - total aggregates = 289
Aggregation(UC_Phase2_3) : Phase 2 - boundary nodes   = 0
Aggregation(UC_Phase2_3) : Phase 3 - leftovers = 0 and singletons = 0
Aggregation(UC) : QR factorization - too small aggregates = 0

Prolongator Smoothing: Using energy minimization (scheme = 3)
Damping parameter: min = 0.252544, max = 1.27585 (0 zeros out of 1156)
Dropping tolerance for DinvAP_0 = 0

Smoothed Aggregation : operator complexity = 1.086627e+00.
Time to build the hierarchy = 0.0731461 (s)
Number of actual levels : 2

Smoother (level 0) : # global rows = 10404, # estim. global nnz = 364816, # nnz per row = 35.06
Smoother (level 0) : IFPACK, type=`ILU',
Smoother (level 0) : both,overlap=1
Smoother (level 0) : level-of-fill=5,rel. threshold=1,abs. threshold=0
Smoother (level 0) : Setup time : 0.339003 (s)

WARNING **********************************************************************
You have requested to keep the finest level smoother from a previous
solve.  In order to reuse part or all of the incomplete factorization
from smoother "IFPACK", you must also specify the smoother options
"reuse numeric factorization" and/or "reuse symbolic factorization".
Not doing so  may result in memory leaks or crashes.

Amesos (level 1) : NumGlobalRows = 1156
Amesos (level 1) : NumGlobalNonzeros = 31603
Amesos (level 1) : Fill-in = 2.3649 %
Amesos (level 1) : Building KLU
Amesos (level 1) : Time for factorization  = 0.0065589 (s)

WARNING: Parameter "aggregation: damping factor" 0   [unused] is unused
WARNING: Parameter "coarse: list"    [unused] is unused
WARNING: Parameter "aggregation: list (level 0)"    [unused] is unused
WARNING: Parameter "aggregation: list (level 1)"    [unused] is unused
WARNING: Parameter "aggregation: list (level 2)"    [unused] is unused
WARNING: Parameter "aggregation: list (level 3)"    [unused] is unused
WARNING: Parameter "aggregation: list (level 4)"    [unused] is unused
WARNING: Parameter "aggregation: list (level 5)"    [unused] is unused
WARNING: Parameter "aggregation: list (level 6)"    [unused] is unused
WARNING: Parameter "aggregation: list (level 7)"    [unused] is unused
WARNING: Parameter "aggregation: list (level 8)"    [unused] is unused
WARNING: Parameter "smoother: list (level 0)"    [unused] is unused

Cumulative timing for construction so far: 
- for initial setup   = 0.00293303 (s)
- for hierarchy setup = 0.073185 (s)
- for smoothers setup = 0.339003 (s)
- for coarse setup    = 0.00686312 (s)
- for final setup     = 0.000127792 (s)
------------------------------------------------------------------------------
MCLS ML: Extracting ML Preconditioner
MCLS ML: Transposing ML Preconditioner
MCLS ML: Complete in 319.557 seconds.
------------------------------------------------------------------------------
   ML time information (seconds)          total          avg

   1- Construction                  =   0.419481    0.419481
   2- Preconditioner apply          =    287.542
     a- first application(s) only   =  0.0284081   0.0284081
     b- remaining applications      =    287.514   0.0276349

   3- Total time required by ML so far is 287.962 seconds
      (constr + all applications)
------------------------------------------------------------------------------

************************************
MCLS: Monte Carlo Linear Solvers
************************************
MCSA / Richardson
Iteration 1: Residual = 0.00068855
************************************


************************************************************************
-- Polynomial Line Search -- 
       Merit Function = WeightedMeritFunction
Field       Average         Maximum (@IP)   Minimum (@IP)  
UX          6.47500685e-01  6.66309201e+02  -2.55138808e+02
UY          1.83020591e-01  2.47506854e+02  -4.49111525e+02
PRESSURE    -1.99775542e+04 3.51837581e+05  -6.24089386e+04
TEMPERATURE 0.00000000e+00  2.22507386e-308 0.00000000e+00 
Field       Average         Maximum (@IP)   Minimum (@IP)  
UX          6.47942079e-01  6.66305606e+02  -2.55070551e+02
UY          1.83359126e-01  2.47439604e+02  -4.49105489e+02
PRESSURE    -1.99775301e+04 3.51817988e+05  -6.24168914e+04
TEMPERATURE 0.00000000e+00  2.22507386e-308 0.00000000e+00 
  1: step = 1.000e+00 old f = 2.655e-01 new f = 6.757e-04 (STEP ACCEPTED!)
************************************************************************
************************************************************************
-- Status Test Results --
**...........OR Combination -> 
  **...........AND Combination -> 
    **...........F-Norm = 6.757e-04 < 1.000e-04
                 (Unscaled Two-Norm, Absolute Tolerance)
    **...........WRMS-Norm = 6.207e+01 < 0.01
                 (Min Step Size:  1.000e+00 >= 0.1)
  **...........Number of Iterations = 8 < 400
  **...........Finite Number Check (Two-Norm F) = Finite
************************************************************************

************************************************************************
-- Nonlinear Solver Step 8 -- 
||F|| = 6.757e-04  step = 1.000e+00  dx = 1.441e+04
************************************************************************

       CALCULATING FORCING TERM
       Method: Type 2
       Forcing Term Norm: Using L-2 Norm.
       Residual Norm k-1 =             0.265
       Residual Norm k =               0.000676
       Calculated eta_k (pre-bounds) = 5.83e-06
       Forcing Term: 0.0001
MCLS ML: Building ML Preconditioner
------------------------------------------------------------------------------
Using `power-method' for eigen-computations
*** 
*** ML_Epetra::MultiLevelPreconditioner
***
Matrix has 10404 rows and 364816 nonzeros, distributed over 1 process(es)
The linear system matrix is an Epetra_CrsMatrix
** Leaving column map of Main linear system matrix unchanged
Maximum number of levels = 10
Using increasing levels. Finest level  = 0, coarsest level = 9
Number of applications of the ML cycle = 3
Number of PDE equations = 4
Aggregation threshold = 0
Max coarse size = 2000

Warning: `energy minimization' safer with
Warning: Uncoupled aggregation. Other 
Warning: schemes may crash the code.

Null space type      = default (constants)
Null space dimension = 4
-----------------------------------------------------------------------
ML_Gen_MultiLevelHierarchy (level 0) : Gen Restriction and Prolongator
-----------------------------------------------------------------------
ML_Aggregate_Coarsen (level 0) begins
ML_Aggregate_CoarsenUncoupled : current level = 0
ML_Aggregate_CoarsenUncoupled : current eps = 0.000000e+00
Aggregation(UVB) : Total nonzeros = 364816 (Nrows=10404)
Aggregation(UVB) : Amalgamated matrix done 
Aggregation(UC) : Phase 0 - no. of bdry pts  = 0 
Aggregation(UC) : Phase 1 - nodes aggregated = 2548 (2601)
Aggregation(UC) : Phase 1 - total aggregates = 289 
Aggregation(UC_Phase2_3) : Phase 1 - nodes aggregated = 2548 
Aggregation(UC_Phase2_3) : Phase 1 - total aggregates = 289
Aggregation(UC_Phase2_3) : Phase 2a- additional aggregates = 0
Aggregation(UC_Phase2_3) : Phase 2 - total aggregates = 289
Aggregation(UC_Phase2_3) : Phase 2 - boundary nodes   = 0
Aggregation(UC_Phase2_3) : Phase 3 - leftovers = 0 and singletons = 0
Aggregation(UC) : QR factorization - too small aggregates = 0

Prolongator Smoothing: Using energy minimization (scheme = 3)
Damping parameter: min = 0.252547, max = 1.27588 (0 zeros out of 1156)
Dropping tolerance for DinvAP_0 = 0

Smoothed Aggregation : operator complexity = 1.086627e+00.
Time to build the hierarchy = 0.0732021 (s)
Number of actual levels : 2

Smoother (level 0) : # global rows = 10404, # estim. global nnz = 364816, # nnz per row = 35.06
Smoother (level 0) : IFPACK, type=`ILU',
Smoother (level 0) : both,overlap=1
Smoother (level 0) : level-of-fill=5,rel. threshold=1,abs. threshold=0
Smoother (level 0) : Setup time : 0.342539 (s)

WARNING **********************************************************************
You have requested to keep the finest level smoother from a previous
solve.  In order to reuse part or all of the incomplete factorization
from smoother "IFPACK", you must also specify the smoother options
"reuse numeric factorization" and/or "reuse symbolic factorization".
Not doing so  may result in memory leaks or crashes.

Amesos (level 1) : NumGlobalRows = 1156
Amesos (level 1) : NumGlobalNonzeros = 31603
Amesos (level 1) : Fill-in = 2.3649 %
Amesos (level 1) : Building KLU
Amesos (level 1) : Time for factorization  = 0.00647092 (s)

WARNING: Parameter "aggregation: damping factor" 0   [unused] is unused
WARNING: Parameter "coarse: list"    [unused] is unused
WARNING: Parameter "aggregation: list (level 0)"    [unused] is unused
WARNING: Parameter "aggregation: list (level 1)"    [unused] is unused
WARNING: Parameter "aggregation: list (level 2)"    [unused] is unused
WARNING: Parameter "aggregation: list (level 3)"    [unused] is unused
WARNING: Parameter "aggregation: list (level 4)"    [unused] is unused
WARNING: Parameter "aggregation: list (level 5)"    [unused] is unused
WARNING: Parameter "aggregation: list (level 6)"    [unused] is unused
WARNING: Parameter "aggregation: list (level 7)"    [unused] is unused
WARNING: Parameter "aggregation: list (level 8)"    [unused] is unused
WARNING: Parameter "smoother: list (level 0)"    [unused] is unused

Cumulative timing for construction so far: 
- for initial setup   = 0.00294018 (s)
- for hierarchy setup = 0.07324 (s)
- for smoothers setup = 0.342539 (s)
- for coarse setup    = 0.0067699 (s)
- for final setup     = 0.000128031 (s)
------------------------------------------------------------------------------
MCLS ML: Extracting ML Preconditioner
MCLS ML: Transposing ML Preconditioner
MCLS ML: Complete in 314.805 seconds.
------------------------------------------------------------------------------
   ML time information (seconds)          total          avg

   1- Construction                  =   0.422974    0.422974
   2- Preconditioner apply          =    282.799
     a- first application(s) only   =    0.02795     0.02795
     b- remaining applications      =    282.771    0.027179

   3- Total time required by ML so far is 283.222 seconds
      (constr + all applications)
------------------------------------------------------------------------------

************************************
MCLS: Monte Carlo Linear Solvers
************************************
MCSA / Richardson
Iteration 1: Residual = 0.0141448
Iteration 2: Residual = 0.00045158
Iteration 3: Residual = 1.44242e-05
************************************


************************************************************************
-- Polynomial Line Search -- 
       Merit Function = WeightedMeritFunction
Field       Average         Maximum (@IP)   Minimum (@IP)  
UX          6.47943186e-01  6.66305595e+02  -2.55070366e+02
UY          1.83360041e-01  2.47439423e+02  -4.49105472e+02
PRESSURE    -1.99775196e+04 3.51817941e+05  -6.24169055e+04
TEMPERATURE 0.00000000e+00  2.22507386e-308 0.00000000e+00 
Field       Average         Maximum (@IP)   Minimum (@IP)  
UX          6.47954117e-01  6.66305490e+02  -2.55068540e+02
UY          1.83369084e-01  2.47437634e+02  -4.49105298e+02
PRESSURE    -1.99774161e+04 3.51817481e+05  -6.24170450e+04
TEMPERATURE 0.00000000e+00  2.22507386e-308 0.00000000e+00 
  1: step = 1.000e+00 old f = 6.757e-04 new f = 5.876e-08 (STEP ACCEPTED!)
************************************************************************
************************************************************************
-- Status Test Results --
**...........OR Combination -> 
  **...........AND Combination -> 
    Converged....F-Norm = 5.876e-08 < 1.000e-04
                 (Unscaled Two-Norm, Absolute Tolerance)
    **...........WRMS-Norm = 1.385e+01 < 0.01
                 (Min Step Size:  1.000e+00 >= 0.1)
  **...........Number of Iterations = 9 < 400
  **...........Finite Number Check (Two-Norm F) = Finite
************************************************************************

************************************************************************
-- Nonlinear Solver Step 9 -- 
||F|| = 5.876e-08  step = 1.000e+00  dx = 4.870e+02
************************************************************************

       CALCULATING FORCING TERM
       Method: Type 2
       Forcing Term Norm: Using L-2 Norm.
       Residual Norm k-1 =             0.000676
       Residual Norm k =               5.88e-08
       Calculated eta_k (pre-bounds) = 6.81e-09
       Forcing Term: 0.0001
MCLS ML: Building ML Preconditioner
------------------------------------------------------------------------------
Using `power-method' for eigen-computations
*** 
*** ML_Epetra::MultiLevelPreconditioner
***
Matrix has 10404 rows and 364816 nonzeros, distributed over 1 process(es)
The linear system matrix is an Epetra_CrsMatrix
** Leaving column map of Main linear system matrix unchanged
Maximum number of levels = 10
Using increasing levels. Finest level  = 0, coarsest level = 9
Number of applications of the ML cycle = 3
Number of PDE equations = 4
Aggregation threshold = 0
Max coarse size = 2000

Warning: `energy minimization' safer with
Warning: Uncoupled aggregation. Other 
Warning: schemes may crash the code.

Null space type      = default (constants)
Null space dimension = 4
-----------------------------------------------------------------------
ML_Gen_MultiLevelHierarchy (level 0) : Gen Restriction and Prolongator
-----------------------------------------------------------------------
ML_Aggregate_Coarsen (level 0) begins
ML_Aggregate_CoarsenUncoupled : current level = 0
ML_Aggregate_CoarsenUncoupled : current eps = 0.000000e+00
Aggregation(UVB) : Total nonzeros = 364816 (Nrows=10404)
Aggregation(UVB) : Amalgamated matrix done 
Aggregation(UC) : Phase 0 - no. of bdry pts  = 0 
Aggregation(UC) : Phase 1 - nodes aggregated = 2548 (2601)
Aggregation(UC) : Phase 1 - total aggregates = 289 
Aggregation(UC_Phase2_3) : Phase 1 - nodes aggregated = 2548 
Aggregation(UC_Phase2_3) : Phase 1 - total aggregates = 289
Aggregation(UC_Phase2_3) : Phase 2a- additional aggregates = 0
Aggregation(UC_Phase2_3) : Phase 2 - total aggregates = 289
Aggregation(UC_Phase2_3) : Phase 2 - boundary nodes   = 0
Aggregation(UC_Phase2_3) : Phase 3 - leftovers = 0 and singletons = 0
Aggregation(UC) : QR factorization - too small aggregates = 0

Prolongator Smoothing: Using energy minimization (scheme = 3)
Damping parameter: min = 0.252547, max = 1.27588 (0 zeros out of 1156)
Dropping tolerance for DinvAP_0 = 0

Smoothed Aggregation : operator complexity = 1.086627e+00.
Time to build the hierarchy = 0.0728359 (s)
Number of actual levels : 2

Smoother (level 0) : # global rows = 10404, # estim. global nnz = 364816, # nnz per row = 35.06
Smoother (level 0) : IFPACK, type=`ILU',
Smoother (level 0) : both,overlap=1
Smoother (level 0) : level-of-fill=5,rel. threshold=1,abs. threshold=0
Smoother (level 0) : Setup time : 0.338599 (s)

WARNING **********************************************************************
You have requested to keep the finest level smoother from a previous
solve.  In order to reuse part or all of the incomplete factorization
from smoother "IFPACK", you must also specify the smoother options
"reuse numeric factorization" and/or "reuse symbolic factorization".
Not doing so  may result in memory leaks or crashes.

Amesos (level 1) : NumGlobalRows = 1156
Amesos (level 1) : NumGlobalNonzeros = 31603
Amesos (level 1) : Fill-in = 2.3649 %
Amesos (level 1) : Building KLU
Amesos (level 1) : Time for factorization  = 0.00651383 (s)

WARNING: Parameter "aggregation: damping factor" 0   [unused] is unused
WARNING: Parameter "coarse: list"    [unused] is unused
WARNING: Parameter "aggregation: list (level 0)"    [unused] is unused
WARNING: Parameter "aggregation: list (level 1)"    [unused] is unused
WARNING: Parameter "aggregation: list (level 2)"    [unused] is unused
WARNING: Parameter "aggregation: list (level 3)"    [unused] is unused
WARNING: Parameter "aggregation: list (level 4)"    [unused] is unused
WARNING: Parameter "aggregation: list (level 5)"    [unused] is unused
WARNING: Parameter "aggregation: list (level 6)"    [unused] is unused
WARNING: Parameter "aggregation: list (level 7)"    [unused] is unused
WARNING: Parameter "aggregation: list (level 8)"    [unused] is unused
WARNING: Parameter "smoother: list (level 0)"    [unused] is unused

Cumulative timing for construction so far: 
- for initial setup   = 0.00289488 (s)
- for hierarchy setup = 0.072875 (s)
- for smoothers setup = 0.338599 (s)
- for coarse setup    = 0.00681496 (s)
- for final setup     = 0.000128031 (s)
------------------------------------------------------------------------------
MCLS ML: Extracting ML Preconditioner
MCLS ML: Transposing ML Preconditioner
MCLS ML: Complete in 315.362 seconds.
------------------------------------------------------------------------------
   ML time information (seconds)          total          avg

   1- Construction                  =   0.418735    0.418735
   2- Preconditioner apply          =    283.353
     a- first application(s) only   =  0.0278699   0.0278699
     b- remaining applications      =    283.325   0.0272323

   3- Total time required by ML so far is 283.771 seconds
      (constr + all applications)
------------------------------------------------------------------------------

************************************
MCLS: Monte Carlo Linear Solvers
************************************
MCSA / Richardson
Iteration 1: Residual = 0.00519752
Iteration 2: Residual = 0.000164873
Iteration 3: Residual = 5.26927e-06
************************************


************************************************************************
-- Polynomial Line Search -- 
       Merit Function = WeightedMeritFunction
Field       Average         Maximum (@IP)   Minimum (@IP)  
UX          6.47955554e-01  6.66305475e+02  -2.55068286e+02
UY          1.83370384e-01  2.47437400e+02  -4.49105264e+02
PRESSURE    -1.99774049e+04 3.51817423e+05  -6.24170584e+04
TEMPERATURE 0.00000000e+00  2.22507386e-308 0.00000000e+00 
Field       Average         Maximum (@IP)   Minimum (@IP)  
UX          6.47954117e-01  6.66305490e+02  -2.55068540e+02
UY          1.83369084e-01  2.47437634e+02  -4.49105298e+02
PRESSURE    -1.99774161e+04 3.51817481e+05  -6.24170450e+04
TEMPERATURE 0.00000000e+00  2.22507386e-308 0.00000000e+00 
  1: step = 1.000e+00 old f = 5.876e-08 new f = 1.282e-12 (STEP ACCEPTED!)
************************************************************************

************************************************************************
-- Nonlinear Solver Step 10 -- 
||F|| = 1.282e-12  step = 1.000e+00  dx = 1.172e-02 (Converged!)
************************************************************************

************************************************************************
-- Final Status Test Results --
Converged....OR Combination -> 
  Converged....AND Combination -> 
    Converged....F-Norm = 1.282e-12 < 1.000e-04
                 (Unscaled Two-Norm, Absolute Tolerance)
    Converged....WRMS-Norm = 1.002e-03 < 0.01
                 (Min Step Size:  1.000e+00 >= 0.1)
  **...........Number of Iterations = 10 < 400
  **...........Finite Number Check (Two-Norm F) = Finite
************************************************************************
Field       Average         Maximum (@IP)   Minimum (@IP)  
UX          6.47954117e-01  6.66305490e+02  -2.55068540e+02
UY          1.83369084e-01  2.47437634e+02  -4.49105298e+02
PRESSURE    -1.99774161e+04 3.51817481e+05  -6.24170450e+04
TEMPERATURE 0.00000000e+00  2.22507386e-308 0.00000000e+00 
========================================================================================

                          TimeMonitor results over 1 processor

Timer Name                                                   Global time (num calls)    
----------------------------------------------------------------------------------------
Drekar: Total Time                                           4560 (1)                   
NOX Total Linear Solve                                       1379 (10)                  
NOX Total Preconditioner Construction                        3177 (10)                  
STK_Interface::setupTransientExodusFile(filename)            0.299 (1)                  
STK_Interface::writeToExodus(timestep)                       0.03905 (1)                
Thyra::NOXNonlinearSolver::solve                             4559 (1)                   
panzer::ModelEvaluator::evalModel(J)                         1.954 (10)                 
panzer::ModelEvaluator::evalModel(f)                         0.4678 (21)                
panzer::SquareQuadMeshFactory::buildUncomittedMesh()         0.0001259 (1)              
panzer::SquareQuadMeshFactory::completeMeshConstruction()    0.09269 (1)                
========================================================================================
Drekar run completed.
