Mesh -> 
 Source = Inline Mesh   [unused]
 Exodus File -> 
  File Name = drekar.exo   [unused]
 Inline Mesh -> 
  Mesh Dimension = 2   [unused]
  Mesh Factory Parameter List -> 
   X Blocks = 1   [unused]
   Y Blocks = 1   [unused]
   X Elements = 50   [unused]
   Y Elements = 50   [unused]
   X0 = 0   [unused]
   Y0 = 0   [unused]
   Xf = 1   [unused]
   Yf = 1   [unused]
   Periodic BCs -> 
    Count = 0   [unused]
Block ID to Physics ID Mapping -> 
 eblock-0_0 = fluid   [unused]
Assembly -> 
 Workset Size = 1   [unused]
Physics Blocks -> 
 fluid -> 
  child0 -> 
   Type = Continuity   [unused]
   Basis Type = HGrad   [unused]
   Basis Order = 1   [unused]
   Integration Order = 2   [unused]
   Model ID = fluid model   [unused]
   Prefix =    [unused]
   Options -> 
    TAU_C = NONE   [unused]
    PSPG STABILIZATION = ON   [unused]
  child1 -> 
   Type = Momentum   [unused]
   Basis Type = HGrad   [unused]
   Basis Order = 1   [unused]
   Integration Order = 2   [unused]
   Model ID = fluid model   [unused]
   Prefix =    [unused]
   Options -> 
    DCO_M = OFF   [unused]
    TAU_M = SHAKIB   [unused]
    SUPG STABILIZATION = ON   [unused]
    USE SOURCE TERM = ON   [unused]
  child2 -> 
   Type = Energy   [unused]
   Basis Type = HGrad   [unused]
   Basis Order = 1   [unused]
   Integration Order = 2   [unused]
   Model ID = fluid model   [unused]
   Prefix =    [unused]
   Options -> 
    TAU_E = SHAKIB   [unused]
    SUPG STABILIZATION = ON   [unused]
    DCO_E = OFF   [unused]
    USE SOURCE TERM = OFF   [unused]
Closure Models -> 
 fluid model -> 
  DENSITY -> 
   Value = 1   [unused]
  STRESS_TENSOR -> 
   Value = NEWTONIAN   [unused]
  VISCOSITY -> 
   Value = 1   [unused]
  SOURCE_MOMENTUM -> 
   Value = BOUSSINESQ   [unused]
   Reference Density = 1   [unused]
   Reference Temperature = 0   [unused]
   Volume Expansion Coefficient = 1000   [unused]
  GRAVITY_X -> 
   Value = 0   [unused]
  GRAVITY_Y -> 
   Value = -10   [unused]
  Global Statistics -> 
   Value = UX,UY,PRESSURE,TEMPERATURE   [unused]
  HEAT_CAPACITY -> 
   Value = 1   [unused]
  THERMAL_CONDUCTIVITY -> 
   Value = 1   [unused]
  ENERGY_FLUX -> 
   Value = FOURIER   [unused]
  SOURCE_TEMPERATURE -> 
   Value = 0   [unused]
User Data -> 
 [empty list]
Boundary Conditions -> 
 child0 -> 
  Type = Dirichlet   [unused]
  Sideset ID = top   [unused]
  Element Block ID = eblock-0_0   [unused]
  Equation Set Name = UX   [unused]
  Strategy = Constant   [unused]
  Data -> 
   Value = 700   [unused]
 child1 -> 
  Type = Dirichlet   [unused]
  Sideset ID = top   [unused]
  Element Block ID = eblock-0_0   [unused]
  Equation Set Name = UY   [unused]
  Strategy = Constant   [unused]
  Data -> 
   Value = 0   [unused]
 child2 -> 
  Type = Dirichlet   [unused]
  Sideset ID = bottom   [unused]
  Element Block ID = eblock-0_0   [unused]
  Equation Set Name = UX   [unused]
  Strategy = Constant   [unused]
  Data -> 
   Value = 0   [unused]
 child3 -> 
  Type = Dirichlet   [unused]
  Sideset ID = bottom   [unused]
  Element Block ID = eblock-0_0   [unused]
  Equation Set Name = UY   [unused]
  Strategy = Constant   [unused]
  Data -> 
   Value = 0   [unused]
 child4 -> 
  Type = Dirichlet   [unused]
  Sideset ID = left   [unused]
  Element Block ID = eblock-0_0   [unused]
  Equation Set Name = UX   [unused]
  Strategy = Constant   [unused]
  Data -> 
   Value = 0   [unused]
 child5 -> 
  Type = Dirichlet   [unused]
  Sideset ID = left   [unused]
  Element Block ID = eblock-0_0   [unused]
  Equation Set Name = UY   [unused]
  Strategy = Constant   [unused]
  Data -> 
   Value = 0   [unused]
 child6 -> 
  Type = Dirichlet   [unused]
  Sideset ID = right   [unused]
  Element Block ID = eblock-0_0   [unused]
  Equation Set Name = UX   [unused]
  Strategy = Constant   [unused]
  Data -> 
   Value = 0   [unused]
 child7 -> 
  Type = Dirichlet   [unused]
  Sideset ID = right   [unused]
  Element Block ID = eblock-0_0   [unused]
  Equation Set Name = UY   [unused]
  Strategy = Constant   [unused]
  Data -> 
   Value = 0   [unused]
Initial Conditions -> 
 eblock-0_0 -> 
  UX -> 
   Value = 0   [unused]
  UY -> 
   Value = 0   [unused]
  PRESSURE -> 
   Value = 0   [unused]
  TEMPERATURE -> 
   Value = 0   [unused]
Output -> 
 File Name = LidDriven.exo   [unused]
Options -> 
 Write Volume Assembly Graphs = 0   [unused]
 Volume Assembly Graph Prefix = LidDriven_   [unused]
Solution Control -> 
 Piro Solver = NOX   [unused]
 Compute Sensitivities = 0   [unused]
 Jacobian Operator = Have Jacobian   [unused]
 NOX -> 
  Nonlinear Solver = Line Search Based   [unused]
  Direction -> 
   Method = Newton   [unused]
   Newton -> 
    Forcing Term Method = Type 2   [unused]
    Forcing Term Initial Tolerance = 0.01   [unused]
    Forcing Term Alpha = 2   [unused]
    Forcing Term Gamma = 0.9   [unused]
    Rescue Bad Newton Solve = 1   [unused]
    Linear Solver -> 
     Tolerance = 0.1   [unused]
    Stratimikos Linear Solver -> 
     NOX Stratimikos Options -> 
      [empty list]
     Stratimikos -> 
      Linear Solver Type = AztecOO   [unused]
      Preconditioner Type = ML   [unused]
      Linear Solver Types -> 
       AztecOO -> 
        Forward Solve -> 
         Max Iterations = 600   [unused]
         Tolerance = 0.0001   [unused]
         AztecOO Settings -> 
          Aztec Solver = GMRES   [unused]
          Convergence Test = r0   [unused]
          Size of Krylov Subspace = 200   [unused]
          Output Frequency = 10   [unused]
       Belos -> 
        Solver Type = Block GMRES   [unused]
        Solver Types -> 
         Block GMRES -> 
          Convergence Tolerance = 1e-05   [unused]
          Output Frequency = 10   [unused]
          Output Style = 1   [unused]
          Verbosity = 33   [unused]
          Maximum Iterations = 100   [unused]
          Block Size = 1   [unused]
          Num Blocks = 200   [unused]
          Flexible Gmres = 0   [unused]
        VerboseObject -> 
         Output File = none   [unused]
         Verbosity Level = medium   [unused]
       MCLS -> 
        Solver Type = MCSA   [unused]
        Solver Types -> 
         MCSA -> 
          Fixed Point Type = Richardson   [unused]
          MC Type = Adjoint   [unused]
          Estimator Type = Expected Value   [unused]
          Transport Type = Global   [unused]
          Number of Sets = 1   [unused]
          Reproducible MC Mode = 0   [unused]
          Overlap Size = 0   [unused]
          Maximum Iterations = 100   [unused]
          Weight Cutoff = 0.01   [unused]
          Set Number of Histories = 1000000   [unused]
          Iteration Print Frequency = 1   [unused]
          Richardson Relaxation = 1   [unused]
          Neumann Relaxation = 1   [unused]
          Absorption Probability = 0   [unused]
          Domain Filter Tolerance = 0   [unused]
          Domain Fill Value = 300   [unused]
          Domain Weight Recovery = 0   [unused]
         Fixed Point -> 
          Fixed Point Type = Richardson   [unused]
          Maximum Iterations = 10000   [unused]
          Iteration Print Frequency = 1   [unused]
          Richardson Relaxation = 1   [unused]
      Preconditioner Types -> 
       Ifpack -> 
        Overlap = 1   [unused]
        Prec Type = ILU   [unused]
        Ifpack Settings -> 
         fact: drop tolerance = 1e-05   [unused]
         fact: ilut level-of-fill = 15   [unused]
         fact: level-of-fill = 5   [unused]
       ML -> 
        Base Method Defaults = SA   [unused]
        ML Settings -> 
         ML output = 10   [unused]
         prec type = MGV   [unused]
         print unused = 0   [unused]
         PDE equations = 4   [unused]
         max levels = 10   [unused]
         cycle applications = 3   [unused]
         aggregation: threshold = 0   [unused]
         aggregation: type = Uncoupled   [unused]
         aggregation: damping factor = 0   [unused]
         aggregation: block scaling = 0   [unused]
         energy minimization: enable = 1   [unused]
         energy minimization: type = 3   [unused]
         smoother: type = IFPACK   [unused]
         smoother: ifpack type = ILU   [unused]
         smoother: ifpack overlap = 1   [unused]
         smoother: damping factor = 1   [unused]
         smoother: pre or post = both   [unused]
         smoother: sweeps = 1   [unused]
         coarse: max size = 2000   [unused]
         coarse: type = Amesos-KLU   [unused]
         smoother: ifpack list -> 
          fact: level-of-fill = 5   [unused]
          schwarz: reordering type = rcm   [unused]
          fact: drop tolerance = 1e-06   [unused]
          fact: maximum fill factor = 100   [unused]
       MCLS -> 
        Preconditioner Type = ML   [unused]
        Preconditioner Types -> 
         Block Jacobi -> 
          Jacobi Block Size = 4   [unused]
         ILUT -> 
          fact: ilut level-of-fill = 3   [unused]
          fact: drop tolerance = 0.0005   [unused]
         ParaSails -> 
          ParaSails: Threshold = 0.001   [unused]
          ParaSails: Number of Levels = 7   [unused]
          ParaSails: Filter = 0.001   [unused]
         PSILUT -> 
          fact: ilut level-of-fill = 3   [unused]
          fact: drop tolerance = 0.0001   [unused]
          ParaSails: Threshold = 0.1   [unused]
          ParaSails: Number of Levels = 1   [unused]
          ParaSails: Filter = 0   [unused]
         ML -> 
          Base Method Defaults = SA   [unused]
          ML Settings -> 
           ML output = 10   [unused]
           prec type = MGV   [unused]
           print unused = 0   [unused]
           PDE equations = 4   [unused]
           max levels = 10   [unused]
           cycle applications = 3   [unused]
           aggregation: threshold = 0   [unused]
           aggregation: type = Uncoupled   [unused]
           aggregation: damping factor = 0   [unused]
           aggregation: block scaling = 0   [unused]
           energy minimization: enable = 1   [unused]
           energy minimization: type = 3   [unused]
           smoother: type = IFPACK   [unused]
           smoother: ifpack type = ILU   [unused]
           smoother: ifpack overlap = 1   [unused]
           smoother: damping factor = 1   [unused]
           smoother: pre or post = both   [unused]
           smoother: sweeps = 1   [unused]
           coarse: max size = 2000   [unused]
           coarse: type = Amesos-KLU   [unused]
           smoother: ifpack list -> 
            fact: level-of-fill = 5   [unused]
            schwarz: reordering type = rcm   [unused]
            fact: drop tolerance = 1e-06   [unused]
            fact: maximum fill factor = 100   [unused]
  Line Search -> 
   Method = Polynomial   [unused]
   Full Step -> 
    Full Step = 1   [unused]
   Backtrack -> 
    Max Iters = 1000   [unused]
    Default Step = 1   [unused]
    Recovery Step = 0.01   [unused]
    Minimum Step = 0.0001   [unused]
    Reduction Factor = 0.1   [unused]
  Printing -> 
   Output Precision = 3   [unused]
   Output Processor = 0   [unused]
   Output Information -> 
    Error = 1   [unused]
    Warning = 1   [unused]
    Inner Iteration = 1   [unused]
    Outer Iteration = 1   [unused]
    Outer Iteration StatusTest = 1   [unused]
    Test Details = 1   [unused]
    Parameters = 1   [unused]
    Details = 1   [unused]
    Linear Solver Details = 1   [unused]
    Stepper Iteration = 1   [unused]
    Stepper Details = 1   [unused]
    Stepper Parameters = 1   [unused]
  Solver Options -> 
   Status Test Check Type = Complete   [unused]
  Thyra Group Options -> 
   Function Scaling = Row Sum   [unused]
  Status Tests -> 
   Test Type = Combo   [unused]
   Combo Type = OR   [unused]
   Number of Tests = 3   [unused]
   Test 0 -> 
    Test Type = Combo   [unused]
    Combo Type = AND   [unused]
    Number of Tests = 2   [unused]
    Test 0 -> 
     Test Type = NormF   [unused]
     Tolerance = 0.0001   [unused]
    Test 1 -> 
     Test Type = NormWRMS   [unused]
     Tolerance = 0.01   [unused]
     Relative Tolerance = 0.001   [unused]
     Absolute Tolerance = 1e-08   [unused]
     BDF Multiplier = 1   [unused]
     Alpha = 0.1   [unused]
     Beta = 0.5   [unused]
   Test 1 -> 
    Test Type = MaxIters   [unused]
    Maximum Iterations = 400   [unused]
   Test 2 -> 
    Test Type = FiniteValue   [unused]
 Rythmos -> 
  Nonlinear Solver Type = NOX   [unused]
  Final Time = 10   [unused]
  Stepper Type = BDF   [unused]
  Step Control Strategy Type = ImplicitBDFRamping   [unused]
  Rythmos Integration Control Strategy = Simple   [unused]
  Rythmos Stepper -> 
   VerboseObject -> 
    Verbosity Level = medium   [unused]
  Stratimikos -> 
   [empty list]
  Rythmos Integrator -> 
   VerboseObject -> 
    Verbosity Level = high   [unused]
  Rythmos Integration Control -> 
   [empty list]
  Rythmos Step Control Strategy -> 
   Number of Constant First Order Steps = 4   [unused]
   Initial Step Size = 0.01   [unused]
   Min Step Size = 0.001   [unused]
   Max Step Size = 0.1   [unused]
   Step Size Decrease Factor = 0.5   [unused]
   Step Size Increase Factor = 1.2   [unused]
   Max Order = 2   [unused]
   Absolute Error Tolerance = 1e-07   [unused]
   Relative Error Tolerance = 1e-05   [unused]

STK Mesh data:
   Spatial dim = 2
   Entity counts (Nodes, Edges, Cells) = ( 2601, 5100, 2500 )
   Element blocks = "eblock-0_0" 
   Sidesets = "bottom" "left" "right" "top" 
   Nodesets = "lower_left" "origin" 
Field       Average         Maximum (@IP)   Minimum (@IP)  
UX          0.00000000e+00  2.22507386e-308 0.00000000e+00 
UY          0.00000000e+00  2.22507386e-308 0.00000000e+00 
PRESSURE    0.00000000e+00  2.22507386e-308 0.00000000e+00 
TEMPERATURE 0.00000000e+00  2.22507386e-308 0.00000000e+00 

************************************************************************

-- Parameters Passed to Nonlinear Solver --

     Nonlinear Solver = Line Search Based
     Direction -> 
      Method = Newton
      Newton -> 
       Forcing Term Method = Type 2
       Forcing Term Initial Tolerance = 0.01
       Forcing Term Alpha = 2
       Forcing Term Gamma = 0.9
       Rescue Bad Newton Solve = 1
       Forcing Term Minimum Tolerance = 0.0001   [default]
       Forcing Term Maximum Tolerance = 0.9   [default]
       Linear Solver -> 
        Tolerance = 0.1   [unused]
       Stratimikos Linear Solver -> 
        NOX Stratimikos Options -> 
         [empty list]
        Stratimikos -> 
         Linear Solver Type = AztecOO   [unused]
         Preconditioner Type = ML   [unused]
         Linear Solver Types -> 
          AztecOO -> 
           Forward Solve -> 
            Max Iterations = 600   [unused]
            Tolerance = 0.0001   [unused]
            AztecOO Settings -> 
             Aztec Solver = GMRES   [unused]
             Convergence Test = r0   [unused]
             Size of Krylov Subspace = 200   [unused]
             Output Frequency = 10   [unused]
          Belos -> 
           Solver Type = Block GMRES   [unused]
           Solver Types -> 
            Block GMRES -> 
             Convergence Tolerance = 1e-05   [unused]
             Output Frequency = 10   [unused]
             Output Style = 1   [unused]
             Verbosity = 33   [unused]
             Maximum Iterations = 100   [unused]
             Block Size = 1   [unused]
             Num Blocks = 200   [unused]
             Flexible Gmres = 0   [unused]
           VerboseObject -> 
            Output File = none   [unused]
            Verbosity Level = medium   [unused]
          MCLS -> 
           Solver Type = MCSA   [unused]
           Solver Types -> 
            MCSA -> 
             Fixed Point Type = Richardson   [unused]
             MC Type = Adjoint   [unused]
             Estimator Type = Expected Value   [unused]
             Transport Type = Global   [unused]
             Number of Sets = 1   [unused]
             Reproducible MC Mode = 0   [unused]
             Overlap Size = 0   [unused]
             Maximum Iterations = 100   [unused]
             Weight Cutoff = 0.01   [unused]
             Set Number of Histories = 1000000   [unused]
             Iteration Print Frequency = 1   [unused]
             Richardson Relaxation = 1   [unused]
             Neumann Relaxation = 1   [unused]
             Absorption Probability = 0   [unused]
             Domain Filter Tolerance = 0   [unused]
             Domain Fill Value = 300   [unused]
             Domain Weight Recovery = 0   [unused]
            Fixed Point -> 
             Fixed Point Type = Richardson   [unused]
             Maximum Iterations = 10000   [unused]
             Iteration Print Frequency = 1   [unused]
             Richardson Relaxation = 1   [unused]
         Preconditioner Types -> 
          Ifpack -> 
           Overlap = 1   [unused]
           Prec Type = ILU   [unused]
           Ifpack Settings -> 
            fact: drop tolerance = 1e-05   [unused]
            fact: ilut level-of-fill = 15   [unused]
            fact: level-of-fill = 5   [unused]
          ML -> 
           Base Method Defaults = SA   [unused]
           ML Settings -> 
            ML output = 10   [unused]
            prec type = MGV   [unused]
            print unused = 0   [unused]
            PDE equations = 4   [unused]
            max levels = 10   [unused]
            cycle applications = 3   [unused]
            aggregation: threshold = 0   [unused]
            aggregation: type = Uncoupled   [unused]
            aggregation: damping factor = 0   [unused]
            aggregation: block scaling = 0   [unused]
            energy minimization: enable = 1   [unused]
            energy minimization: type = 3   [unused]
            smoother: type = IFPACK   [unused]
            smoother: ifpack type = ILU   [unused]
            smoother: ifpack overlap = 1   [unused]
            smoother: damping factor = 1   [unused]
            smoother: pre or post = both   [unused]
            smoother: sweeps = 1   [unused]
            coarse: max size = 2000   [unused]
            coarse: type = Amesos-KLU   [unused]
            smoother: ifpack list -> 
             fact: level-of-fill = 5   [unused]
             schwarz: reordering type = rcm   [unused]
             fact: drop tolerance = 1e-06   [unused]
             fact: maximum fill factor = 100   [unused]
          MCLS -> 
           Preconditioner Type = ML   [unused]
           Preconditioner Types -> 
            Block Jacobi -> 
             Jacobi Block Size = 4   [unused]
            ILUT -> 
             fact: ilut level-of-fill = 3   [unused]
             fact: drop tolerance = 0.0005   [unused]
            ParaSails -> 
             ParaSails: Threshold = 0.001   [unused]
             ParaSails: Number of Levels = 7   [unused]
             ParaSails: Filter = 0.001   [unused]
            PSILUT -> 
             fact: ilut level-of-fill = 3   [unused]
             fact: drop tolerance = 0.0001   [unused]
             ParaSails: Threshold = 0.1   [unused]
             ParaSails: Number of Levels = 1   [unused]
             ParaSails: Filter = 0   [unused]
            ML -> 
             Base Method Defaults = SA   [unused]
             ML Settings -> 
              ML output = 10   [unused]
              prec type = MGV   [unused]
              print unused = 0   [unused]
              PDE equations = 4   [unused]
              max levels = 10   [unused]
              cycle applications = 3   [unused]
              aggregation: threshold = 0   [unused]
              aggregation: type = Uncoupled   [unused]
              aggregation: damping factor = 0   [unused]
              aggregation: block scaling = 0   [unused]
              energy minimization: enable = 1   [unused]
              energy minimization: type = 3   [unused]
              smoother: type = IFPACK   [unused]
              smoother: ifpack type = ILU   [unused]
              smoother: ifpack overlap = 1   [unused]
              smoother: damping factor = 1   [unused]
              smoother: pre or post = both   [unused]
              smoother: sweeps = 1   [unused]
              coarse: max size = 2000   [unused]
              coarse: type = Amesos-KLU   [unused]
              smoother: ifpack list -> 
               fact: level-of-fill = 5   [unused]
               schwarz: reordering type = rcm   [unused]
               fact: drop tolerance = 1e-06   [unused]
               fact: maximum fill factor = 100   [unused]
     Line Search -> 
      Method = Polynomial
      Full Step -> 
       Full Step = 1   [unused]
      Backtrack -> 
       Max Iters = 1000   [unused]
       Default Step = 1   [unused]
       Recovery Step = 0.01   [unused]
       Minimum Step = 0.0001   [unused]
       Reduction Factor = 0.1   [unused]
      Polynomial -> 
       Sufficient Decrease Condition = Armijo-Goldstein   [default]
       Interpolation Type = Cubic   [default]
       Recovery Step Type = Constant   [default]
       Minimum Step = 1e-12   [default]
       Default Step = 1   [default]
       Recovery Step = 1   [default]
       Max Iters = 100   [default]
       Alpha Factor = 0.0001   [default]
       Min Bounds Factor = 0.1   [default]
       Max Bounds Factor = 0.5   [default]
       Force Interpolation = 0   [default]
       Use Counters = 1   [default]
       Maximum Iteration for Increase = 0   [default]
       Allowed Relative Increase = 100   [default]
     Printing -> 
      Output Precision = 3
      Output Processor = 0
      Output Stream = Teuchos::RCP<std::ostream>{ptr=0x70c6a70,node=0x707b540,strong_count=24,weak_count=0}
      Error Stream = Teuchos::RCP<std::ostream>{ptr=0x70c6a70,node=0x707b540,strong_count=24,weak_count=0}
      MyPID = 0   [default]
      Output Information -> 
       Error = 1
       Warning = 1
       Inner Iteration = 1
       Outer Iteration = 1
       Outer Iteration StatusTest = 1
       Test Details = 1
       Parameters = 1
       Details = 1
       Linear Solver Details = 1
       Stepper Iteration = 1
       Stepper Details = 1
       Stepper Parameters = 1
       Debug = 0   [default]
     Solver Options -> 
      Status Test Check Type = Complete
      User Defined Pre/Post Operator = Teuchos::RCP<NOX::Abstract::PrePostOperator>{ptr=0x707af40,node=0x8c9c580,strong_count=2,weak_count=0}
      User Defined Merit Function = Teuchos::RCP<NOX::MeritFunction::Generic>{ptr=0x706d390,node=0x8af5da0,strong_count=3,weak_count=0}
     Thyra Group Options -> 
      Function Scaling = Row Sum
      Update Row Sum Scaling = Before Each Nonlinear Solve   [default]
      User Defined Scaling = Teuchos::RCP<Thyra::VectorBase<double> >{ptr=0,node=0,strong_count=0,weak_count=0}   [default]
     Status Tests -> 
      Test Type = Combo
      Combo Type = OR
      Number of Tests = 3
      Test 0 -> 
       Test Type = Combo
       Combo Type = AND
       Number of Tests = 2
       Test 0 -> 
        Test Type = NormF
        Tolerance = 0.0001
        Norm Type = Two Norm   [default]
        Scale Type = Unscaled   [default]
       Test 1 -> 
        Test Type = NormWRMS
        Tolerance = 0.01
        Relative Tolerance = 0.001
        Absolute Tolerance = 1e-08
        BDF Multiplier = 1
        Alpha = 0.1
        Beta = 0.5
        Disable Implicit Weighting = 1   [default]
      Test 1 -> 
       Test Type = MaxIters
       Maximum Iterations = 400
      Test 2 -> 
       Test Type = FiniteValue
       Vector Type = F Vector   [default]
       Norm Type = Two Norm   [default]
Field       Average         Maximum (@IP)   Minimum (@IP)  
UX          0.00000000e+00  2.22507386e-308 0.00000000e+00 
UY          0.00000000e+00  2.22507386e-308 0.00000000e+00 
PRESSURE    0.00000000e+00  2.22507386e-308 0.00000000e+00 
TEMPERATURE 0.00000000e+00  2.22507386e-308 0.00000000e+00 
************************************************************************
-- Status Test Results --
**...........OR Combination -> 
  **...........AND Combination -> 
    **...........F-Norm = 4.900e+03 < 1.000e-04
                 (Unscaled Two-Norm, Absolute Tolerance)
    **...........WRMS-Norm = 1.000e+12 < 0.01
  **...........Number of Iterations = 0 < 400
  **...........Finite Number Check (Two-Norm F) = Finite
************************************************************************

************************************************************************
-- Nonlinear Solver Step 0 -- 
||F|| = 4.900e+03  step = 0.000e+00  dx = 0.000e+00
************************************************************************

       CALCULATING FORCING TERM
       Method: Type 2
       Forcing Term: 0.01
------------------------------------------------------------------------------
Using `cg' for eigen-computations
*** 
*** ML_Epetra::MultiLevelPreconditioner
***
Matrix has 10404 rows and 364816 nonzeros, distributed over 1 process(es)
The linear system matrix is an Epetra_CrsMatrix
** Leaving column map of Main linear system matrix unchanged
Default values for `SA'
Maximum number of levels = 10
Using increasing levels. Finest level  = 0, coarsest level = 9
Number of applications of the ML cycle = 3
Number of PDE equations = 4
Aggregation threshold = 0
Max coarse size = 2000

Warning: `energy minimization' safer with
Warning: Uncoupled aggregation. Other 
Warning: schemes may crash the code.

Null space type      = default (constants)
Null space dimension = 4
-----------------------------------------------------------------------
ML_Gen_MultiLevelHierarchy (level 0) : Gen Restriction and Prolongator
-----------------------------------------------------------------------
ML_Aggregate_Coarsen (level 0) begins
ML_Aggregate_CoarsenUncoupled : current level = 0
ML_Aggregate_CoarsenUncoupled : current eps = 0.000000e+00
Aggregation(UVB) : Total nonzeros = 364816 (Nrows=10404)
Aggregation(UVB) : Amalgamated matrix done 
Aggregation(UC) : Phase 0 - no. of bdry pts  = 0 
Aggregation(UC) : Phase 1 - nodes aggregated = 2548 (2601)
Aggregation(UC) : Phase 1 - total aggregates = 289 
Aggregation(UC_Phase2_3) : Phase 1 - nodes aggregated = 2548 
Aggregation(UC_Phase2_3) : Phase 1 - total aggregates = 289
Aggregation(UC_Phase2_3) : Phase 2a- additional aggregates = 0
Aggregation(UC_Phase2_3) : Phase 2 - total aggregates = 289
Aggregation(UC_Phase2_3) : Phase 2 - boundary nodes   = 0
Aggregation(UC_Phase2_3) : Phase 3 - leftovers = 0 and singletons = 0
Aggregation(UC) : QR factorization - too small aggregates = 0

Prolongator Smoothing: Using energy minimization (scheme = 3)
Damping parameter: min = 0.337506, max = 0.958628 (0 zeros out of 1156)
Dropping tolerance for DinvAP_0 = 0

Smoothed Aggregation : operator complexity = 1.086627e+00.
Time to build the hierarchy = 0.0796142 (s)
Number of actual levels : 2

Smoother (level 0) : # global rows = 10404, # estim. global nnz = 364816, # nnz per row = 35.06
Smoother (level 0) : IFPACK, type=`ILU',
Smoother (level 0) : both,overlap=1
Smoother (level 0) : level-of-fill=5,rel. threshold=1,abs. threshold=0
Smoother (level 0) : Setup time : 0.342523 (s)

WARNING **********************************************************************
You have requested to keep the finest level smoother from a previous
solve.  In order to reuse part or all of the incomplete factorization
from smoother "IFPACK", you must also specify the smoother options
"reuse numeric factorization" and/or "reuse symbolic factorization".
Not doing so  may result in memory leaks or crashes.

Amesos (level 1) : NumGlobalRows = 1156
Amesos (level 1) : NumGlobalNonzeros = 31594
Amesos (level 1) : Fill-in = 2.36423 %
Amesos (level 1) : Building KLU
Amesos (level 1) : Time for factorization  = 0.00653601 (s)

WARNING: Parameter "aggregation: damping factor" 0   [unused] is unused
WARNING: Parameter "coarse: list"    [unused] is unused
WARNING: Parameter "aggregation: list (level 0)"    [unused] is unused
WARNING: Parameter "aggregation: list (level 1)"    [unused] is unused
WARNING: Parameter "aggregation: list (level 2)"    [unused] is unused
WARNING: Parameter "aggregation: list (level 3)"    [unused] is unused
WARNING: Parameter "aggregation: list (level 4)"    [unused] is unused
WARNING: Parameter "aggregation: list (level 5)"    [unused] is unused
WARNING: Parameter "aggregation: list (level 6)"    [unused] is unused
WARNING: Parameter "aggregation: list (level 7)"    [unused] is unused
WARNING: Parameter "aggregation: list (level 8)"    [unused] is unused
WARNING: Parameter "smoother: list (level 0)"    [unused] is unused

Cumulative timing for construction so far: 
- for initial setup   = 0.00318313 (s)
- for hierarchy setup = 0.0796521 (s)
- for smoothers setup = 0.342523 (s)
- for coarse setup    = 0.00690222 (s)
- for final setup     = 0.000138044 (s)
------------------------------------------------------------------------------
 
 		*******************************************************
 		***** Problem: Epetra::CrsMatrix
 		***** Preconditioned GMRES solution
 		***** ML (L=2, IFPACK_pre0/IFPACK_post0, ~/Amesos_KLU_1)
 		***** No scaling
 		*******************************************************
 
                 iter:    0           residual = 1.000000e+00
                 iter:    1           residual = 2.967369e-05
 
 
 		Solution time: 0.061178 (sec.)
 		total iterations: 1
 

************************************************************************
-- Polynomial Line Search -- 
       Merit Function = WeightedMeritFunction
Field       Average         Maximum (@IP)   Minimum (@IP)  
UX          8.52233176e-13  6.82855964e-10  -1.44715417e-10
UY          1.05553929e-14  2.62162033e-10  -2.62191575e-10
PRESSURE    -1.15484479e-09 8.75252605e-08  -8.98475105e-08
TEMPERATURE 0.00000000e+00  2.22507386e-308 0.00000000e+00 
Field       Average         Maximum (@IP)   Minimum (@IP)  
UX          8.52233176e-01  6.82855964e+02  -1.44715417e+02
UY          1.05553929e-02  2.62162033e+02  -2.62191575e+02
PRESSURE    -1.15484479e+03 8.75252605e+04  -8.98475105e+04
TEMPERATURE 0.00000000e+00  2.22507386e-308 0.00000000e+00 
  1: step = 1.000e+00 old f = 4.900e+03 new f = 7.618e+02 (STEP ACCEPTED!)
************************************************************************
************************************************************************
-- Status Test Results --
**...........OR Combination -> 
  **...........AND Combination -> 
    **...........F-Norm = 7.618e+02 < 1.000e-04
                 (Unscaled Two-Norm, Absolute Tolerance)
    **...........WRMS-Norm = 2.811e+11 < 0.01
                 (Min Step Size:  1.000e+00 >= 0.1)
  **...........Number of Iterations = 1 < 400
  **...........Finite Number Check (Two-Norm F) = Finite
************************************************************************

************************************************************************
-- Nonlinear Solver Step 1 -- 
||F|| = 7.618e+02  step = 1.000e+00  dx = 1.014e+07
************************************************************************

       CALCULATING FORCING TERM
       Method: Type 2
       Forcing Term Norm: Using L-2 Norm.
       Residual Norm k-1 =             4.9e+03
       Residual Norm k =               762
       Calculated eta_k (pre-bounds) = 0.0218
       Forcing Term: 0.0218
------------------------------------------------------------------------------
Re-computing the preconditioner...

Prolongator Smoothing: Using energy minimization (scheme = 3)
Damping parameter: min = 0.25577, max = 1.93385 (0 zeros out of 1156)
Dropping tolerance for DinvAP_0 = 0

Time to re-build the hierarchy = 0.0661442 (s)
Number of actual levels : 2

Smoother (level 0) : # global rows = 10404, # estim. global nnz = 364816, # nnz per row = 35.06
Smoother (level 0) : IFPACK, type=`ILU',
Smoother (level 0) : both,overlap=1
Smoother (level 0) : level-of-fill=5,rel. threshold=1,abs. threshold=0
Smoother (level 0) : Setup time : 0.340188 (s)

WARNING **********************************************************************
You have requested to keep the finest level smoother from a previous
solve.  In order to reuse part or all of the incomplete factorization
from smoother "IFPACK", you must also specify the smoother options
"reuse numeric factorization" and/or "reuse symbolic factorization".
Not doing so  may result in memory leaks or crashes.

Amesos (level 1) : NumGlobalRows = 1156
Amesos (level 1) : NumGlobalNonzeros = 31603
Amesos (level 1) : Fill-in = 2.3649 %
Amesos (level 1) : Building KLU
Amesos (level 1) : Time for factorization  = 0.00656319 (s)


Cumulative timing for construction so far: 
- for initial setup   = 0.00318313 (s)
- for hierarchy setup = 0.079659 (s)
- for smoothers setup = 0.682711 (s)
- for coarse setup    = 0.0137572 (s)
- for final setup     = 0.000141859 (s)
------------------------------------------------------------------------------
  
  		*******************************************************
  		***** Problem: Epetra::CrsMatrix
  		***** Preconditioned GMRES solution
  		***** ML (L=2, IFPACK_pre0/IFPACK_post0, ~/Amesos_KLU_1)
  		***** No scaling
  		*******************************************************
  
                  iter:    0           residual = 1.000000e+00
                  iter:    2           residual = 3.062205e-03
  
  
  		Solution time: 0.088359 (sec.)
  		total iterations: 2
  

************************************************************************
-- Polynomial Line Search -- 
       Merit Function = WeightedMeritFunction
Field       Average         Maximum (@IP)   Minimum (@IP)  
UX          8.52233175e-01  6.82855951e+02  -1.44715307e+02
UY          1.05555633e-02  2.62161990e+02  -2.62191572e+02
PRESSURE    -1.15484427e+03 8.75253433e+04  -8.98474976e+04
TEMPERATURE 0.00000000e+00  2.22507386e-308 0.00000000e+00 
Field       Average         Maximum (@IP)   Minimum (@IP)  
UX          8.49690062e-01  6.74405786e+02  -1.50261108e+02
UY          4.57150513e-01  1.54186104e+02  -5.12246271e+02
PRESSURE    2.06157703e+02  3.04682286e+05  -7.56339536e+04
TEMPERATURE 0.00000000e+00  2.22507386e-308 0.00000000e+00 
  1: step = 1.000e+00 old f = 7.618e+02 new f = 4.178e+02 (STEP ACCEPTED!)
************************************************************************
************************************************************************
-- Status Test Results --
**...........OR Combination -> 
  **...........AND Combination -> 
    **...........F-Norm = 4.178e+02 < 1.000e-04
                 (Unscaled Two-Norm, Absolute Tolerance)
    **...........WRMS-Norm = 6.512e+05 < 0.01
                 (Min Step Size:  1.000e+00 >= 0.1)
  **...........Number of Iterations = 2 < 400
  **...........Finite Number Check (Two-Norm F) = Finite
************************************************************************

************************************************************************
-- Nonlinear Solver Step 2 -- 
||F|| = 4.178e+02  step = 1.000e+00  dx = 2.657e+07
************************************************************************

       CALCULATING FORCING TERM
       Method: Type 2
       Forcing Term Norm: Using L-2 Norm.
       Residual Norm k-1 =             762
       Residual Norm k =               418
       Calculated eta_k (pre-bounds) = 0.271
       Forcing Term: 0.271
------------------------------------------------------------------------------
Re-computing the preconditioner...

Prolongator Smoothing: Using energy minimization (scheme = 3)
Damping parameter: min = 0.249074, max = 0.958505 (0 zeros out of 1156)
Dropping tolerance for DinvAP_0 = 0

Time to re-build the hierarchy = 0.066489 (s)
Number of actual levels : 2

Smoother (level 0) : # global rows = 10404, # estim. global nnz = 364816, # nnz per row = 35.06
Smoother (level 0) : IFPACK, type=`ILU',
Smoother (level 0) : both,overlap=1
Smoother (level 0) : level-of-fill=5,rel. threshold=1,abs. threshold=0
Smoother (level 0) : Setup time : 0.340801 (s)

WARNING **********************************************************************
You have requested to keep the finest level smoother from a previous
solve.  In order to reuse part or all of the incomplete factorization
from smoother "IFPACK", you must also specify the smoother options
"reuse numeric factorization" and/or "reuse symbolic factorization".
Not doing so  may result in memory leaks or crashes.

Amesos (level 1) : NumGlobalRows = 1156
Amesos (level 1) : NumGlobalNonzeros = 31603
Amesos (level 1) : Fill-in = 2.3649 %
Amesos (level 1) : Building KLU
Amesos (level 1) : Time for factorization  = 0.00657606 (s)


Cumulative timing for construction so far: 
- for initial setup   = 0.00318313 (s)
- for hierarchy setup = 0.0796649 (s)
- for smoothers setup = 1.02351 (s)
- for coarse setup    = 0.0206301 (s)
- for final setup     = 0.000145912 (s)
------------------------------------------------------------------------------
  
  		*******************************************************
  		***** Problem: Epetra::CrsMatrix
  		***** Preconditioned GMRES solution
  		***** ML (L=2, IFPACK_pre0/IFPACK_post0, ~/Amesos_KLU_1)
  		***** No scaling
  		*******************************************************
  
                  iter:    0           residual = 1.000000e+00
                  iter:    1           residual = 4.182312e-02
  
  
  		Solution time: 0.061228 (sec.)
  		total iterations: 1
  

************************************************************************
-- Polynomial Line Search -- 
       Merit Function = WeightedMeritFunction
Field       Average         Maximum (@IP)   Minimum (@IP)  
UX          8.49690479e-01  6.74405775e+02  -1.50261113e+02
UY          4.57152062e-01  1.54186019e+02  -5.12246193e+02
PRESSURE    2.06153231e+02  3.04682330e+05  -7.56339289e+04
TEMPERATURE 0.00000000e+00  2.22507386e-308 0.00000000e+00 
Field       Average         Maximum (@IP)   Minimum (@IP)  
UX          1.18975357e+00  6.65539712e+02  -2.40940373e+02
UY          1.71808111e+00  2.41011118e+02  -4.50832833e+02
PRESSURE    -3.43350315e+03 3.40599764e+05  -5.55497565e+04
TEMPERATURE 0.00000000e+00  2.22507386e-308 0.00000000e+00 
  1: step = 1.000e+00 old f = 4.178e+02 new f = 2.557e+02 (STEP ACCEPTED!)
************************************************************************
************************************************************************
-- Status Test Results --
**...........OR Combination -> 
  **...........AND Combination -> 
    **...........F-Norm = 2.557e+02 < 1.000e-04
                 (Unscaled Two-Norm, Absolute Tolerance)
    **...........WRMS-Norm = 8.322e+04 < 0.01
                 (Min Step Size:  1.000e+00 >= 0.1)
  **...........Number of Iterations = 3 < 400
  **...........Finite Number Check (Two-Norm F) = Finite
************************************************************************

************************************************************************
-- Nonlinear Solver Step 3 -- 
||F|| = 2.557e+02  step = 1.000e+00  dx = 2.531e+07
************************************************************************

       CALCULATING FORCING TERM
       Method: Type 2
       Forcing Term Norm: Using L-2 Norm.
       Residual Norm k-1 =             418
       Residual Norm k =               256
       Calculated eta_k (pre-bounds) = 0.337
       Forcing Term: 0.337
------------------------------------------------------------------------------
Re-computing the preconditioner...

Prolongator Smoothing: Using energy minimization (scheme = 3)
Damping parameter: min = 0.254853, max = 1.2508 (0 zeros out of 1156)
Dropping tolerance for DinvAP_0 = 0

Time to re-build the hierarchy = 0.0661149 (s)
Number of actual levels : 2

Smoother (level 0) : # global rows = 10404, # estim. global nnz = 364816, # nnz per row = 35.06
Smoother (level 0) : IFPACK, type=`ILU',
Smoother (level 0) : both,overlap=1
Smoother (level 0) : level-of-fill=5,rel. threshold=1,abs. threshold=0
Smoother (level 0) : Setup time : 0.341427 (s)

WARNING **********************************************************************
You have requested to keep the finest level smoother from a previous
solve.  In order to reuse part or all of the incomplete factorization
from smoother "IFPACK", you must also specify the smoother options
"reuse numeric factorization" and/or "reuse symbolic factorization".
Not doing so  may result in memory leaks or crashes.

Amesos (level 1) : NumGlobalRows = 1156
Amesos (level 1) : NumGlobalNonzeros = 31603
Amesos (level 1) : Fill-in = 2.3649 %
Amesos (level 1) : Building KLU
Amesos (level 1) : Time for factorization  = 0.00654101 (s)


Cumulative timing for construction so far: 
- for initial setup   = 0.00318313 (s)
- for hierarchy setup = 0.0796709 (s)
- for smoothers setup = 1.36494 (s)
- for coarse setup    = 0.0274651 (s)
- for final setup     = 0.000149727 (s)
------------------------------------------------------------------------------
  
  		*******************************************************
  		***** Problem: Epetra::CrsMatrix
  		***** Preconditioned GMRES solution
  		***** ML (L=2, IFPACK_pre0/IFPACK_post0, ~/Amesos_KLU_1)
  		***** No scaling
  		*******************************************************
  
                  iter:    0           residual = 1.000000e+00
                  iter:    1           residual = 3.032763e-01
  
  
  		Solution time: 0.060020 (sec.)
  		total iterations: 1
  

************************************************************************
-- Polynomial Line Search -- 
       Merit Function = WeightedMeritFunction
Field       Average         Maximum (@IP)   Minimum (@IP)  
UX          1.18974972e+00  6.65539709e+02  -2.40940260e+02
UY          1.71807351e+00  2.41011136e+02  -4.50832834e+02
PRESSURE    -3.43351370e+03 3.40599780e+05  -5.55497660e+04
TEMPERATURE 0.00000000e+00  2.22507386e-308 0.00000000e+00 
Field       Average         Maximum (@IP)   Minimum (@IP)  
UX          -1.70696781e+00 6.62636684e+02  -2.92434980e+02
UY          -4.00527197e+00 2.59300780e+02  -4.73851408e+02
PRESSURE    -1.13752113e+04 3.53064348e+05  -6.27121228e+04
TEMPERATURE 0.00000000e+00  2.22507386e-308 0.00000000e+00 
  1: step = 1.000e+00 old f = 2.557e+02 new f = 4.453e+02
Field       Average         Maximum (@IP)   Minimum (@IP)  
UX          5.06391081e-01  6.64854862e+02  -2.24304638e+02
UY          3.67890918e-01  2.44362818e+02  -4.50975637e+02
PRESSURE    -5.30702314e+03 3.43540271e+05  -5.72394228e+04
TEMPERATURE 0.00000000e+00  2.22507386e-308 0.00000000e+00 
  2: step = 2.359e-01 old f = 2.557e+02 new f = 1.998e+02 (STEP ACCEPTED!)
************************************************************************
************************************************************************
-- Status Test Results --
**...........OR Combination -> 
  **...........AND Combination -> 
    **...........F-Norm = 1.998e+02 < 1.000e-04
                 (Unscaled Two-Norm, Absolute Tolerance)
    **...........WRMS-Norm = 6.343e+03 < 0.01
                 (Min Step Size:  2.359e-01 >= 0.1)
  **...........Number of Iterations = 4 < 400
  **...........Finite Number Check (Two-Norm F) = Finite
************************************************************************

************************************************************************
-- Nonlinear Solver Step 4 -- 
||F|| = 1.998e+02  step = 2.359e-01  dx = 2.316e+07
************************************************************************

       CALCULATING FORCING TERM
       Method: Type 2
       Forcing Term Norm: Using L-2 Norm.
       Residual Norm k-1 =             256
       Residual Norm k =               200
       Calculated eta_k (pre-bounds) = 0.549
       Forcing Term: 0.641
------------------------------------------------------------------------------
Re-computing the preconditioner...

Prolongator Smoothing: Using energy minimization (scheme = 3)
Damping parameter: min = 0.254767, max = 1.23727 (0 zeros out of 1156)
Dropping tolerance for DinvAP_0 = 0

Time to re-build the hierarchy = 0.066355 (s)
Number of actual levels : 2

Smoother (level 0) : # global rows = 10404, # estim. global nnz = 364816, # nnz per row = 35.06
Smoother (level 0) : IFPACK, type=`ILU',
Smoother (level 0) : both,overlap=1
Smoother (level 0) : level-of-fill=5,rel. threshold=1,abs. threshold=0
Smoother (level 0) : Setup time : 0.341643 (s)

WARNING **********************************************************************
You have requested to keep the finest level smoother from a previous
solve.  In order to reuse part or all of the incomplete factorization
from smoother "IFPACK", you must also specify the smoother options
"reuse numeric factorization" and/or "reuse symbolic factorization".
Not doing so  may result in memory leaks or crashes.

Amesos (level 1) : NumGlobalRows = 1156
Amesos (level 1) : NumGlobalNonzeros = 31603
Amesos (level 1) : Fill-in = 2.3649 %
Amesos (level 1) : Building KLU
Amesos (level 1) : Time for factorization  = 0.00654578 (s)


Cumulative timing for construction so far: 
- for initial setup   = 0.00318313 (s)
- for hierarchy setup = 0.0796778 (s)
- for smoothers setup = 1.70658 (s)
- for coarse setup    = 0.034306 (s)
- for final setup     = 0.00015378 (s)
------------------------------------------------------------------------------
  
  		*******************************************************
  		***** Problem: Epetra::CrsMatrix
  		***** Preconditioned GMRES solution
  		***** ML (L=2, IFPACK_pre0/IFPACK_post0, ~/Amesos_KLU_1)
  		***** No scaling
  		*******************************************************
  
                  iter:    0           residual = 1.000000e+00
                  iter:    1           residual = 8.239000e-02
  
  
  		Solution time: 0.059994 (sec.)
  		total iterations: 1
  

************************************************************************
-- Polynomial Line Search -- 
       Merit Function = WeightedMeritFunction
Field       Average         Maximum (@IP)   Minimum (@IP)  
UX          5.06388345e-01  6.64854865e+02  -2.24304541e+02
UY          3.67888620e-01  2.44362672e+02  -4.50975646e+02
PRESSURE    -5.30703114e+03 3.43540297e+05  -5.72394179e+04
TEMPERATURE 0.00000000e+00  2.22507386e-308 0.00000000e+00 
Field       Average         Maximum (@IP)   Minimum (@IP)  
UX          -5.97481155e-01 6.66191251e+02  -2.65326809e+02
UY          -5.58927644e-01 2.06953754e+02  -4.54514784e+02
PRESSURE    -8.53249301e+03 3.54057870e+05  -5.52796377e+04
TEMPERATURE 0.00000000e+00  2.22507386e-308 0.00000000e+00 
  1: step = 1.000e+00 old f = 1.998e+02 new f = 2.427e+02
Field       Average         Maximum (@IP)   Minimum (@IP)  
UX          6.12234346e-02  6.65352388e+02  -2.15406500e+02
UY          -5.87483572e-03 2.21743804e+02  -4.52361677e+02
PRESSURE    -6.60778494e+03 3.47781790e+05  -5.64490841e+04
TEMPERATURE 0.00000000e+00  2.22507386e-308 0.00000000e+00 
  2: step = 4.033e-01 old f = 1.998e+02 new f = 1.236e+02 (STEP ACCEPTED!)
************************************************************************
************************************************************************
-- Status Test Results --
**...........OR Combination -> 
  **...........AND Combination -> 
    **...........F-Norm = 1.236e+02 < 1.000e-04
                 (Unscaled Two-Norm, Absolute Tolerance)
    **...........WRMS-Norm = 7.701e+03 < 0.01
                 (Min Step Size:  4.033e-01 >= 0.1)
  **...........Number of Iterations = 5 < 400
  **...........Finite Number Check (Two-Norm F) = Finite
************************************************************************

************************************************************************
-- Nonlinear Solver Step 5 -- 
||F|| = 1.236e+02  step = 4.033e-01  dx = 1.251e+07
************************************************************************

       CALCULATING FORCING TERM
       Method: Type 2
       Forcing Term Norm: Using L-2 Norm.
       Residual Norm k-1 =             200
       Residual Norm k =               124
       Calculated eta_k (pre-bounds) = 0.345
       Forcing Term: 0.658
------------------------------------------------------------------------------
Re-computing the preconditioner...

Prolongator Smoothing: Using energy minimization (scheme = 3)
Damping parameter: min = 0.254116, max = 1.2419 (0 zeros out of 1156)
Dropping tolerance for DinvAP_0 = 0

Time to re-build the hierarchy = 0.0663619 (s)
Number of actual levels : 2

Smoother (level 0) : # global rows = 10404, # estim. global nnz = 364816, # nnz per row = 35.06
Smoother (level 0) : IFPACK, type=`ILU',
Smoother (level 0) : both,overlap=1
Smoother (level 0) : level-of-fill=5,rel. threshold=1,abs. threshold=0
Smoother (level 0) : Setup time : 0.361807 (s)

WARNING **********************************************************************
You have requested to keep the finest level smoother from a previous
solve.  In order to reuse part or all of the incomplete factorization
from smoother "IFPACK", you must also specify the smoother options
"reuse numeric factorization" and/or "reuse symbolic factorization".
Not doing so  may result in memory leaks or crashes.

Amesos (level 1) : NumGlobalRows = 1156
Amesos (level 1) : NumGlobalNonzeros = 31603
Amesos (level 1) : Fill-in = 2.3649 %
Amesos (level 1) : Building KLU
Amesos (level 1) : Time for factorization  = 0.00653887 (s)


Cumulative timing for construction so far: 
- for initial setup   = 0.00318313 (s)
- for hierarchy setup = 0.0796847 (s)
- for smoothers setup = 2.06839 (s)
- for coarse setup    = 0.0412371 (s)
- for final setup     = 0.000157595 (s)
------------------------------------------------------------------------------
  
  		*******************************************************
  		***** Problem: Epetra::CrsMatrix
  		***** Preconditioned GMRES solution
  		***** ML (L=2, IFPACK_pre0/IFPACK_post0, ~/Amesos_KLU_1)
  		***** No scaling
  		*******************************************************
  
                  iter:    0           residual = 1.000000e+00
                  iter:    1           residual = 2.663831e-02
  
  
  		Solution time: 0.060110 (sec.)
  		total iterations: 1
  

************************************************************************
-- Polynomial Line Search -- 
       Merit Function = WeightedMeritFunction
Field       Average         Maximum (@IP)   Minimum (@IP)  
UX          6.12253839e-02  6.65352389e+02  -2.15406578e+02
UY          -5.87355599e-03 2.21743738e+02  -4.52361664e+02
PRESSURE    -6.60780414e+03 3.47781794e+05  -5.64490932e+04
TEMPERATURE 0.00000000e+00  2.22507386e-308 0.00000000e+00 
Field       Average         Maximum (@IP)   Minimum (@IP)  
UX          6.66064584e-01  6.66021492e+02  -2.40627268e+02
UY          3.91190086e-01  2.10809051e+02  -4.48883140e+02
PRESSURE    -1.25664149e+04 3.49153574e+05  -5.92710814e+04
TEMPERATURE 0.00000000e+00  2.22507386e-308 0.00000000e+00 
  1: step = 1.000e+00 old f = 1.236e+02 new f = 1.682e+02
Field       Average         Maximum (@IP)   Minimum (@IP)  
UX          2.73287237e-01  6.65524258e+02  -2.24036148e+02
UY          1.33340390e-01  2.15935485e+02  -4.50999824e+02
PRESSURE    -8.69694459e+03 3.48262752e+05  -5.74385066e+04
TEMPERATURE 0.00000000e+00  2.22507386e-308 0.00000000e+00 
  2: step = 3.506e-01 old f = 1.236e+02 new f = 8.692e+01 (STEP ACCEPTED!)
************************************************************************
************************************************************************
-- Status Test Results --
**...........OR Combination -> 
  **...........AND Combination -> 
    **...........F-Norm = 8.692e+01 < 1.000e-04
                 (Unscaled Two-Norm, Absolute Tolerance)
    **...........WRMS-Norm = 1.805e+05 < 0.01
                 (Min Step Size:  3.506e-01 >= 0.1)
  **...........Number of Iterations = 6 < 400
  **...........Finite Number Check (Two-Norm F) = Finite
************************************************************************

************************************************************************
-- Nonlinear Solver Step 6 -- 
||F|| = 8.692e+01  step = 3.506e-01  dx = 9.854e+06
************************************************************************

       CALCULATING FORCING TERM
       Method: Type 2
       Forcing Term Norm: Using L-2 Norm.
       Residual Norm k-1 =             124
       Residual Norm k =               86.9
       Calculated eta_k (pre-bounds) = 0.445
       Forcing Term: 0.697
------------------------------------------------------------------------------
Re-computing the preconditioner...

Prolongator Smoothing: Using energy minimization (scheme = 3)
Damping parameter: min = 0.253779, max = 1.25849 (0 zeros out of 1156)
Dropping tolerance for DinvAP_0 = 0

Time to re-build the hierarchy = 0.0664589 (s)
Number of actual levels : 2

Smoother (level 0) : # global rows = 10404, # estim. global nnz = 364816, # nnz per row = 35.06
Smoother (level 0) : IFPACK, type=`ILU',
Smoother (level 0) : both,overlap=1
Smoother (level 0) : level-of-fill=5,rel. threshold=1,abs. threshold=0
Smoother (level 0) : Setup time : 0.351976 (s)

WARNING **********************************************************************
You have requested to keep the finest level smoother from a previous
solve.  In order to reuse part or all of the incomplete factorization
from smoother "IFPACK", you must also specify the smoother options
"reuse numeric factorization" and/or "reuse symbolic factorization".
Not doing so  may result in memory leaks or crashes.

Amesos (level 1) : NumGlobalRows = 1156
Amesos (level 1) : NumGlobalNonzeros = 31603
Amesos (level 1) : Fill-in = 2.3649 %
Amesos (level 1) : Building KLU
Amesos (level 1) : Time for factorization  = 0.00654316 (s)


Cumulative timing for construction so far: 
- for initial setup   = 0.00318313 (s)
- for hierarchy setup = 0.0796916 (s)
- for smoothers setup = 2.42037 (s)
- for coarse setup    = 0.0480962 (s)
- for final setup     = 0.000161409 (s)
------------------------------------------------------------------------------
  
  		*******************************************************
  		***** Problem: Epetra::CrsMatrix
  		***** Preconditioned GMRES solution
  		***** ML (L=2, IFPACK_pre0/IFPACK_post0, ~/Amesos_KLU_1)
  		***** No scaling
  		*******************************************************
  
                  iter:    0           residual = 1.000000e+00
                  iter:    1           residual = 2.551669e-02
  
  
  		Solution time: 0.059617 (sec.)
  		total iterations: 1
  

************************************************************************
-- Polynomial Line Search -- 
       Merit Function = WeightedMeritFunction
Field       Average         Maximum (@IP)   Minimum (@IP)  
UX          2.73288821e-01  6.65524259e+02  -2.24036213e+02
UY          1.33340924e-01  2.15935533e+02  -4.50999815e+02
PRESSURE    -8.69696552e+03 3.48262759e+05  -5.74385178e+04
TEMPERATURE 0.00000000e+00  2.22507386e-308 0.00000000e+00 
Field       Average         Maximum (@IP)   Minimum (@IP)  
UX          7.63540747e-01  6.65830881e+02  -2.50631778e+02
UY          2.98584645e-01  2.32734698e+02  -4.48661552e+02
PRESSURE    -1.51750078e+04 3.50256605e+05  -6.09026179e+04
TEMPERATURE 0.00000000e+00  2.22507386e-308 0.00000000e+00 
  1: step = 1.000e+00 old f = 8.692e+01 new f = 1.104e+02
Field       Average         Maximum (@IP)   Minimum (@IP)  
UX          4.60890591e-01  6.65595325e+02  -2.32769691e+02
UY          1.96573750e-01  2.21986583e+02  -4.49916682e+02
PRESSURE    -1.11758792e+04 3.49025732e+05  -5.87641043e+04
TEMPERATURE 0.00000000e+00  2.22507386e-308 0.00000000e+00 
  2: step = 3.827e-01 old f = 8.692e+01 new f = 6.122e+01 (STEP ACCEPTED!)
************************************************************************
************************************************************************
-- Status Test Results --
**...........OR Combination -> 
  **...........AND Combination -> 
    **...........F-Norm = 6.122e+01 < 1.000e-04
                 (Unscaled Two-Norm, Absolute Tolerance)
    **...........WRMS-Norm = 1.959e+04 < 0.01
                 (Min Step Size:  3.827e-01 >= 0.1)
  **...........Number of Iterations = 7 < 400
  **...........Finite Number Check (Two-Norm F) = Finite
************************************************************************

************************************************************************
-- Nonlinear Solver Step 7 -- 
||F|| = 6.122e+01  step = 3.827e-01  dx = 1.022e+07
************************************************************************

       CALCULATING FORCING TERM
       Method: Type 2
       Forcing Term Norm: Using L-2 Norm.
       Residual Norm k-1 =             86.9
       Residual Norm k =               61.2
       Calculated eta_k (pre-bounds) = 0.446
       Forcing Term: 0.703
------------------------------------------------------------------------------
Re-computing the preconditioner...

Prolongator Smoothing: Using energy minimization (scheme = 3)
Damping parameter: min = 0.253636, max = 1.26896 (0 zeros out of 1156)
Dropping tolerance for DinvAP_0 = 0

Time to re-build the hierarchy = 0.0668139 (s)
Number of actual levels : 2

Smoother (level 0) : # global rows = 10404, # estim. global nnz = 364816, # nnz per row = 35.06
Smoother (level 0) : IFPACK, type=`ILU',
Smoother (level 0) : both,overlap=1
Smoother (level 0) : level-of-fill=5,rel. threshold=1,abs. threshold=0
Smoother (level 0) : Setup time : 0.342492 (s)

WARNING **********************************************************************
You have requested to keep the finest level smoother from a previous
solve.  In order to reuse part or all of the incomplete factorization
from smoother "IFPACK", you must also specify the smoother options
"reuse numeric factorization" and/or "reuse symbolic factorization".
Not doing so  may result in memory leaks or crashes.

Amesos (level 1) : NumGlobalRows = 1156
Amesos (level 1) : NumGlobalNonzeros = 31603
Amesos (level 1) : Fill-in = 2.3649 %
Amesos (level 1) : Building KLU
Amesos (level 1) : Time for factorization  = 0.00658202 (s)


Cumulative timing for construction so far: 
- for initial setup   = 0.00318313 (s)
- for hierarchy setup = 0.0796986 (s)
- for smoothers setup = 2.76286 (s)
- for coarse setup    = 0.0549703 (s)
- for final setup     = 0.000166416 (s)
------------------------------------------------------------------------------
  
  		*******************************************************
  		***** Problem: Epetra::CrsMatrix
  		***** Preconditioned GMRES solution
  		***** ML (L=2, IFPACK_pre0/IFPACK_post0, ~/Amesos_KLU_1)
  		***** No scaling
  		*******************************************************
  
                  iter:    0           residual = 1.000000e+00
                  iter:    1           residual = 3.654541e-02
  
  
  		Solution time: 0.063789 (sec.)
  		total iterations: 1
  

************************************************************************
-- Polynomial Line Search -- 
       Merit Function = WeightedMeritFunction
Field       Average         Maximum (@IP)   Minimum (@IP)  
UX          4.60891541e-01  6.65595325e+02  -2.32769737e+02
UY          1.96573722e-01  2.21986648e+02  -4.49916675e+02
PRESSURE    -1.11758990e+04 3.49025740e+05  -5.87641134e+04
TEMPERATURE 0.00000000e+00  2.22507386e-308 0.00000000e+00 
Field       Average         Maximum (@IP)   Minimum (@IP)  
UX          7.13023048e-01  6.65653554e+02  -2.50660307e+02
UY          1.89223660e-01  2.39338127e+02  -4.48525071e+02
PRESSURE    -1.64394276e+04 3.51287107e+05  -6.11891535e+04
TEMPERATURE 0.00000000e+00  2.22507386e-308 0.00000000e+00 
  1: step = 1.000e+00 old f = 6.122e+01 new f = 5.270e+01 (STEP ACCEPTED!)
************************************************************************
************************************************************************
-- Status Test Results --
**...........OR Combination -> 
  **...........AND Combination -> 
    **...........F-Norm = 5.270e+01 < 1.000e-04
                 (Unscaled Two-Norm, Absolute Tolerance)
    **...........WRMS-Norm = 7.920e+03 < 0.01
                 (Min Step Size:  1.000e+00 >= 0.1)
  **...........Number of Iterations = 8 < 400
  **...........Finite Number Check (Two-Norm F) = Finite
************************************************************************

************************************************************************
-- Nonlinear Solver Step 8 -- 
||F|| = 5.270e+01  step = 1.000e+00  dx = 9.283e+06
************************************************************************

       CALCULATING FORCING TERM
       Method: Type 2
       Forcing Term Norm: Using L-2 Norm.
       Residual Norm k-1 =             61.2
       Residual Norm k =               52.7
       Calculated eta_k (pre-bounds) = 0.667
       Forcing Term: 0.667
------------------------------------------------------------------------------
Re-computing the preconditioner...

Prolongator Smoothing: Using energy minimization (scheme = 3)
Damping parameter: min = 0.252932, max = 1.2784 (0 zeros out of 1156)
Dropping tolerance for DinvAP_0 = 0

Time to re-build the hierarchy = 0.0665231 (s)
Number of actual levels : 2

Smoother (level 0) : # global rows = 10404, # estim. global nnz = 364816, # nnz per row = 35.06
Smoother (level 0) : IFPACK, type=`ILU',
Smoother (level 0) : both,overlap=1
Smoother (level 0) : level-of-fill=5,rel. threshold=1,abs. threshold=0
Smoother (level 0) : Setup time : 0.342684 (s)

WARNING **********************************************************************
You have requested to keep the finest level smoother from a previous
solve.  In order to reuse part or all of the incomplete factorization
from smoother "IFPACK", you must also specify the smoother options
"reuse numeric factorization" and/or "reuse symbolic factorization".
Not doing so  may result in memory leaks or crashes.

Amesos (level 1) : NumGlobalRows = 1156
Amesos (level 1) : NumGlobalNonzeros = 31603
Amesos (level 1) : Fill-in = 2.3649 %
Amesos (level 1) : Building KLU
Amesos (level 1) : Time for factorization  = 0.00654197 (s)


Cumulative timing for construction so far: 
- for initial setup   = 0.00318313 (s)
- for hierarchy setup = 0.0797057 (s)
- for smoothers setup = 3.10554 (s)
- for coarse setup    = 0.0618062 (s)
- for final setup     = 0.000170469 (s)
------------------------------------------------------------------------------
  
  		*******************************************************
  		***** Problem: Epetra::CrsMatrix
  		***** Preconditioned GMRES solution
  		***** ML (L=2, IFPACK_pre0/IFPACK_post0, ~/Amesos_KLU_1)
  		***** No scaling
  		*******************************************************
  
                  iter:    0           residual = 1.000000e+00
                  iter:    1           residual = 1.684576e-02
  
  
  		Solution time: 0.060076 (sec.)
  		total iterations: 1
  

************************************************************************
-- Polynomial Line Search -- 
       Merit Function = WeightedMeritFunction
Field       Average         Maximum (@IP)   Minimum (@IP)  
UX          7.13022208e-01  6.65653558e+02  -2.50660312e+02
UY          1.89223501e-01  2.39338163e+02  -4.48525073e+02
PRESSURE    -1.64394469e+04 3.51287114e+05  -6.11891563e+04
TEMPERATURE 0.00000000e+00  2.22507386e-308 0.00000000e+00 
Field       Average         Maximum (@IP)   Minimum (@IP)  
UX          6.24683401e-01  6.66115281e+02  -2.51453742e+02
UY          1.72537837e-01  2.43126629e+02  -4.48717584e+02
PRESSURE    -1.84679365e+04 3.52026025e+05  -6.14796223e+04
TEMPERATURE 0.00000000e+00  2.22507386e-308 0.00000000e+00 
  1: step = 1.000e+00 old f = 5.270e+01 new f = 5.718e+00 (STEP ACCEPTED!)
************************************************************************
************************************************************************
-- Status Test Results --
**...........OR Combination -> 
  **...........AND Combination -> 
    **...........F-Norm = 5.718e+00 < 1.000e-04
                 (Unscaled Two-Norm, Absolute Tolerance)
    **...........WRMS-Norm = 1.146e+04 < 0.01
                 (Min Step Size:  1.000e+00 >= 0.1)
  **...........Number of Iterations = 9 < 400
  **...........Finite Number Check (Two-Norm F) = Finite
************************************************************************

************************************************************************
-- Nonlinear Solver Step 9 -- 
||F|| = 5.718e+00  step = 1.000e+00  dx = 4.260e+06
************************************************************************

       CALCULATING FORCING TERM
       Method: Type 2
       Forcing Term Norm: Using L-2 Norm.
       Residual Norm k-1 =             52.7
       Residual Norm k =               5.72
       Calculated eta_k (pre-bounds) = 0.0106
       Forcing Term: 0.401
------------------------------------------------------------------------------
Re-computing the preconditioner...

Prolongator Smoothing: Using energy minimization (scheme = 3)
Damping parameter: min = 0.252699, max = 1.27698 (0 zeros out of 1156)
Dropping tolerance for DinvAP_0 = 0

Time to re-build the hierarchy = 0.0664098 (s)
Number of actual levels : 2

Smoother (level 0) : # global rows = 10404, # estim. global nnz = 364816, # nnz per row = 35.06
Smoother (level 0) : IFPACK, type=`ILU',
Smoother (level 0) : both,overlap=1
Smoother (level 0) : level-of-fill=5,rel. threshold=1,abs. threshold=0
Smoother (level 0) : Setup time : 0.349929 (s)

WARNING **********************************************************************
You have requested to keep the finest level smoother from a previous
solve.  In order to reuse part or all of the incomplete factorization
from smoother "IFPACK", you must also specify the smoother options
"reuse numeric factorization" and/or "reuse symbolic factorization".
Not doing so  may result in memory leaks or crashes.

Amesos (level 1) : NumGlobalRows = 1156
Amesos (level 1) : NumGlobalNonzeros = 31603
Amesos (level 1) : Fill-in = 2.3649 %
Amesos (level 1) : Building KLU
Amesos (level 1) : Time for factorization  = 0.00654984 (s)


Cumulative timing for construction so far: 
- for initial setup   = 0.00318313 (s)
- for hierarchy setup = 0.0797136 (s)
- for smoothers setup = 3.45547 (s)
- for coarse setup    = 0.0686522 (s)
- for final setup     = 0.000174522 (s)
------------------------------------------------------------------------------
  
  		*******************************************************
  		***** Problem: Epetra::CrsMatrix
  		***** Preconditioned GMRES solution
  		***** ML (L=2, IFPACK_pre0/IFPACK_post0, ~/Amesos_KLU_1)
  		***** No scaling
  		*******************************************************
  
                  iter:    0           residual = 1.000000e+00
                  iter:    1           residual = 4.384121e-02
  
  
  		Solution time: 0.059788 (sec.)
  		total iterations: 1
  

************************************************************************
-- Polynomial Line Search -- 
       Merit Function = WeightedMeritFunction
Field       Average         Maximum (@IP)   Minimum (@IP)  
UX          6.24683900e-01  6.66115284e+02  -2.51453815e+02
UY          1.72537936e-01  2.43126718e+02  -4.48717592e+02
PRESSURE    -1.84679659e+04 3.52026022e+05  -6.14796401e+04
TEMPERATURE 0.00000000e+00  2.22507386e-308 0.00000000e+00 
Field       Average         Maximum (@IP)   Minimum (@IP)  
UX          6.43199325e-01  6.66244670e+02  -2.54158667e+02
UY          1.76202036e-01  2.46426560e+02  -4.48987512e+02
PRESSURE    -1.95568513e+04 3.51917352e+05  -6.21392604e+04
TEMPERATURE 0.00000000e+00  2.22507386e-308 0.00000000e+00 
  1: step = 1.000e+00 old f = 5.718e+00 new f = 3.357e-01 (STEP ACCEPTED!)
************************************************************************
************************************************************************
-- Status Test Results --
**...........OR Combination -> 
  **...........AND Combination -> 
    **...........F-Norm = 3.357e-01 < 1.000e-04
                 (Unscaled Two-Norm, Absolute Tolerance)
    **...........WRMS-Norm = 2.063e+03 < 0.01
                 (Min Step Size:  1.000e+00 >= 0.1)
  **...........Number of Iterations = 10 < 400
  **...........Finite Number Check (Two-Norm F) = Finite
************************************************************************

************************************************************************
-- Nonlinear Solver Step 10 -- 
||F|| = 3.357e-01  step = 1.000e+00  dx = 1.601e+06
************************************************************************

       CALCULATING FORCING TERM
       Method: Type 2
       Forcing Term Norm: Using L-2 Norm.
       Residual Norm k-1 =             5.72
       Residual Norm k =               0.336
       Calculated eta_k (pre-bounds) = 0.0031
       Forcing Term: 0.144
------------------------------------------------------------------------------
Re-computing the preconditioner...

Prolongator Smoothing: Using energy minimization (scheme = 3)
Damping parameter: min = 0.252588, max = 1.27604 (0 zeros out of 1156)
Dropping tolerance for DinvAP_0 = 0

Time to re-build the hierarchy = 0.0664749 (s)
Number of actual levels : 2

Smoother (level 0) : # global rows = 10404, # estim. global nnz = 364816, # nnz per row = 35.06
Smoother (level 0) : IFPACK, type=`ILU',
Smoother (level 0) : both,overlap=1
Smoother (level 0) : level-of-fill=5,rel. threshold=1,abs. threshold=0
Smoother (level 0) : Setup time : 0.340435 (s)

WARNING **********************************************************************
You have requested to keep the finest level smoother from a previous
solve.  In order to reuse part or all of the incomplete factorization
from smoother "IFPACK", you must also specify the smoother options
"reuse numeric factorization" and/or "reuse symbolic factorization".
Not doing so  may result in memory leaks or crashes.

Amesos (level 1) : NumGlobalRows = 1156
Amesos (level 1) : NumGlobalNonzeros = 31603
Amesos (level 1) : Fill-in = 2.3649 %
Amesos (level 1) : Building KLU
Amesos (level 1) : Time for factorization  = 0.00654292 (s)


Cumulative timing for construction so far: 
- for initial setup   = 0.00318313 (s)
- for hierarchy setup = 0.0797207 (s)
- for smoothers setup = 3.7959 (s)
- for coarse setup    = 0.0754952 (s)
- for final setup     = 0.000177622 (s)
------------------------------------------------------------------------------
  
  		*******************************************************
  		***** Problem: Epetra::CrsMatrix
  		***** Preconditioned GMRES solution
  		***** ML (L=2, IFPACK_pre0/IFPACK_post0, ~/Amesos_KLU_1)
  		***** No scaling
  		*******************************************************
  
                  iter:    0           residual = 1.000000e+00
                  iter:    1           residual = 1.373245e-01
  
  
  		Solution time: 0.060061 (sec.)
  		total iterations: 1
  

************************************************************************
-- Polynomial Line Search -- 
       Merit Function = WeightedMeritFunction
Field       Average         Maximum (@IP)   Minimum (@IP)  
UX          6.43199660e-01  6.66244675e+02  -2.54158735e+02
UY          1.76202565e-01  2.46426636e+02  -4.48987521e+02
PRESSURE    -1.95568831e+04 3.51917344e+05  -6.21392813e+04
TEMPERATURE 0.00000000e+00  2.22507386e-308 0.00000000e+00 
Field       Average         Maximum (@IP)   Minimum (@IP)  
UX          6.46992192e-01  6.66296721e+02  -2.54930934e+02
UY          1.82207866e-01  2.47294161e+02  -4.49088488e+02
PRESSURE    -1.99173972e+04 3.51832489e+05  -6.23767812e+04
TEMPERATURE 0.00000000e+00  2.22507386e-308 0.00000000e+00 
  1: step = 1.000e+00 old f = 3.357e-01 new f = 4.408e-02 (STEP ACCEPTED!)
************************************************************************
************************************************************************
-- Status Test Results --
**...........OR Combination -> 
  **...........AND Combination -> 
    **...........F-Norm = 4.408e-02 < 1.000e-04
                 (Unscaled Two-Norm, Absolute Tolerance)
    **...........WRMS-Norm = 9.151e+02 < 0.01
                 (Min Step Size:  1.000e+00 >= 0.1)
  **...........Number of Iterations = 11 < 400
  **...........Finite Number Check (Two-Norm F) = Finite
************************************************************************

************************************************************************
-- Nonlinear Solver Step 11 -- 
||F|| = 4.408e-02  step = 1.000e+00  dx = 5.027e+05
************************************************************************

       CALCULATING FORCING TERM
       Method: Type 2
       Forcing Term Norm: Using L-2 Norm.
       Residual Norm k-1 =             0.336
       Residual Norm k =               0.0441
       Calculated eta_k (pre-bounds) = 0.0155
       Forcing Term: 0.0155
------------------------------------------------------------------------------
Re-computing the preconditioner...

Prolongator Smoothing: Using energy minimization (scheme = 3)
Damping parameter: min = 0.252553, max = 1.2759 (0 zeros out of 1156)
Dropping tolerance for DinvAP_0 = 0

Time to re-build the hierarchy = 0.0664701 (s)
Number of actual levels : 2

Smoother (level 0) : # global rows = 10404, # estim. global nnz = 364816, # nnz per row = 35.06
Smoother (level 0) : IFPACK, type=`ILU',
Smoother (level 0) : both,overlap=1
Smoother (level 0) : level-of-fill=5,rel. threshold=1,abs. threshold=0
Smoother (level 0) : Setup time : 0.344492 (s)

WARNING **********************************************************************
You have requested to keep the finest level smoother from a previous
solve.  In order to reuse part or all of the incomplete factorization
from smoother "IFPACK", you must also specify the smoother options
"reuse numeric factorization" and/or "reuse symbolic factorization".
Not doing so  may result in memory leaks or crashes.

Amesos (level 1) : NumGlobalRows = 1156
Amesos (level 1) : NumGlobalNonzeros = 31603
Amesos (level 1) : Fill-in = 2.3649 %
Amesos (level 1) : Building KLU
Amesos (level 1) : Time for factorization  = 0.00649381 (s)


Cumulative timing for construction so far: 
- for initial setup   = 0.00318313 (s)
- for hierarchy setup = 0.0797276 (s)
- for smoothers setup = 4.1404 (s)
- for coarse setup    = 0.0822933 (s)
- for final setup     = 0.000182629 (s)
------------------------------------------------------------------------------
  
  		*******************************************************
  		***** Problem: Epetra::CrsMatrix
  		***** Preconditioned GMRES solution
  		***** ML (L=2, IFPACK_pre0/IFPACK_post0, ~/Amesos_KLU_1)
  		***** No scaling
  		*******************************************************
  
                  iter:    0           residual = 1.000000e+00
                  iter:    2           residual = 1.761608e-04
  
  
  		Solution time: 0.089085 (sec.)
  		total iterations: 2
  

************************************************************************
-- Polynomial Line Search -- 
       Merit Function = WeightedMeritFunction
Field       Average         Maximum (@IP)   Minimum (@IP)  
UX          6.46992709e-01  6.66296726e+02  -2.54931004e+02
UY          1.82208490e-01  2.47294238e+02  -4.49088497e+02
PRESSURE    -1.99174294e+04 3.51832480e+05  -6.23768028e+04
TEMPERATURE 0.00000000e+00  2.22507386e-308 0.00000000e+00 
Field       Average         Maximum (@IP)   Minimum (@IP)  
UX          6.47954056e-01  6.66305490e+02  -2.55068533e+02
UY          1.83368937e-01  2.47437621e+02  -4.49105311e+02
PRESSURE    -1.99774196e+04 3.51817467e+05  -6.24170606e+04
TEMPERATURE 0.00000000e+00  2.22507386e-308 0.00000000e+00 
  1: step = 1.000e+00 old f = 4.408e-02 new f = 2.661e-04 (STEP ACCEPTED!)
************************************************************************
************************************************************************
-- Status Test Results --
**...........OR Combination -> 
  **...........AND Combination -> 
    **...........F-Norm = 2.661e-04 < 1.000e-04
                 (Unscaled Two-Norm, Absolute Tolerance)
    **...........WRMS-Norm = 9.798e+02 < 0.01
                 (Min Step Size:  1.000e+00 >= 0.1)
  **...........Number of Iterations = 12 < 400
  **...........Finite Number Check (Two-Norm F) = Finite
************************************************************************

************************************************************************
-- Nonlinear Solver Step 12 -- 
||F|| = 2.661e-04  step = 1.000e+00  dx = 8.316e+04
************************************************************************

       CALCULATING FORCING TERM
       Method: Type 2
       Forcing Term Norm: Using L-2 Norm.
       Residual Norm k-1 =             0.0441
       Residual Norm k =               0.000266
       Calculated eta_k (pre-bounds) = 3.28e-05
       Forcing Term: 0.0001
------------------------------------------------------------------------------
Re-computing the preconditioner...

Prolongator Smoothing: Using energy minimization (scheme = 3)
Damping parameter: min = 0.252547, max = 1.27588 (0 zeros out of 1156)
Dropping tolerance for DinvAP_0 = 0

Time to re-build the hierarchy = 0.0664179 (s)
Number of actual levels : 2

Smoother (level 0) : # global rows = 10404, # estim. global nnz = 364816, # nnz per row = 35.06
Smoother (level 0) : IFPACK, type=`ILU',
Smoother (level 0) : both,overlap=1
Smoother (level 0) : level-of-fill=5,rel. threshold=1,abs. threshold=0
Smoother (level 0) : Setup time : 0.340504 (s)

WARNING **********************************************************************
You have requested to keep the finest level smoother from a previous
solve.  In order to reuse part or all of the incomplete factorization
from smoother "IFPACK", you must also specify the smoother options
"reuse numeric factorization" and/or "reuse symbolic factorization".
Not doing so  may result in memory leaks or crashes.

Amesos (level 1) : NumGlobalRows = 1156
Amesos (level 1) : NumGlobalNonzeros = 31603
Amesos (level 1) : Fill-in = 2.3649 %
Amesos (level 1) : Building KLU
Amesos (level 1) : Time for factorization  = 0.00655389 (s)


Cumulative timing for construction so far: 
- for initial setup   = 0.00318313 (s)
- for hierarchy setup = 0.0797346 (s)
- for smoothers setup = 4.4809 (s)
- for coarse setup    = 0.0891545 (s)
- for final setup     = 0.000186682 (s)
------------------------------------------------------------------------------
  
  		*******************************************************
  		***** Problem: Epetra::CrsMatrix
  		***** Preconditioned GMRES solution
  		***** ML (L=2, IFPACK_pre0/IFPACK_post0, ~/Amesos_KLU_1)
  		***** No scaling
  		*******************************************************
  
                  iter:    0           residual = 1.000000e+00
                  iter:    3           residual = 2.078337e-05
  
  
  		Solution time: 0.132654 (sec.)
  		total iterations: 3
  

************************************************************************
-- Polynomial Line Search -- 
       Merit Function = WeightedMeritFunction
Field       Average         Maximum (@IP)   Minimum (@IP)  
UX          6.47954161e-01  6.66305490e+02  -2.55068545e+02
UY          1.83369193e-01  2.47437644e+02  -4.49105288e+02
PRESSURE    -1.99774135e+04 3.51817492e+05  -6.24170334e+04
TEMPERATURE 0.00000000e+00  2.22507386e-308 0.00000000e+00 
Field       Average         Maximum (@IP)   Minimum (@IP)  
UX          6.47954117e-01  6.66305490e+02  -2.55068540e+02
UY          1.83369084e-01  2.47437634e+02  -4.49105298e+02
PRESSURE    -1.99774161e+04 3.51817481e+05  -6.24170450e+04
TEMPERATURE 0.00000000e+00  2.22507386e-308 0.00000000e+00 
  1: step = 1.000e+00 old f = 2.661e-04 new f = 5.531e-09 (STEP ACCEPTED!)
************************************************************************
************************************************************************
-- Status Test Results --
**...........OR Combination -> 
  **...........AND Combination -> 
    Converged....F-Norm = 5.531e-09 < 1.000e-04
                 (Unscaled Two-Norm, Absolute Tolerance)
    **...........WRMS-Norm = 1.646e+00 < 0.01
                 (Min Step Size:  1.000e+00 >= 0.1)
  **...........Number of Iterations = 13 < 400
  **...........Finite Number Check (Two-Norm F) = Finite
************************************************************************

************************************************************************
-- Nonlinear Solver Step 13 -- 
||F|| = 5.531e-09  step = 1.000e+00  dx = 2.579e+01
************************************************************************

       CALCULATING FORCING TERM
       Method: Type 2
       Forcing Term Norm: Using L-2 Norm.
       Residual Norm k-1 =             0.000266
       Residual Norm k =               5.53e-09
       Calculated eta_k (pre-bounds) = 3.89e-10
       Forcing Term: 0.0001
------------------------------------------------------------------------------
Re-computing the preconditioner...

Prolongator Smoothing: Using energy minimization (scheme = 3)
Damping parameter: min = 0.252547, max = 1.27588 (0 zeros out of 1156)
Dropping tolerance for DinvAP_0 = 0

Time to re-build the hierarchy = 0.0667288 (s)
Number of actual levels : 2

Smoother (level 0) : # global rows = 10404, # estim. global nnz = 364816, # nnz per row = 35.06
Smoother (level 0) : IFPACK, type=`ILU',
Smoother (level 0) : both,overlap=1
Smoother (level 0) : level-of-fill=5,rel. threshold=1,abs. threshold=0
Smoother (level 0) : Setup time : 0.340015 (s)

WARNING **********************************************************************
You have requested to keep the finest level smoother from a previous
solve.  In order to reuse part or all of the incomplete factorization
from smoother "IFPACK", you must also specify the smoother options
"reuse numeric factorization" and/or "reuse symbolic factorization".
Not doing so  may result in memory leaks or crashes.

Amesos (level 1) : NumGlobalRows = 1156
Amesos (level 1) : NumGlobalNonzeros = 31603
Amesos (level 1) : Fill-in = 2.3649 %
Amesos (level 1) : Building KLU
Amesos (level 1) : Time for factorization  = 0.006531 (s)


Cumulative timing for construction so far: 
- for initial setup   = 0.00318313 (s)
- for hierarchy setup = 0.0797415 (s)
- for smoothers setup = 4.82092 (s)
- for coarse setup    = 0.0959876 (s)
- for final setup     = 0.000190735 (s)
------------------------------------------------------------------------------
  
  		*******************************************************
  		***** Problem: Epetra::CrsMatrix
  		***** Preconditioned GMRES solution
  		***** ML (L=2, IFPACK_pre0/IFPACK_post0, ~/Amesos_KLU_1)
  		***** No scaling
  		*******************************************************
  
                  iter:    0           residual = 1.000000e+00
                  iter:    4           residual = 5.099844e-07
  
  
  		Solution time: 0.146522 (sec.)
  		total iterations: 4
  

************************************************************************
-- Polynomial Line Search -- 
       Merit Function = WeightedMeritFunction
Field       Average         Maximum (@IP)   Minimum (@IP)  
UX          6.47954505e-01  6.66305490e+02  -2.55068542e+02
UY          1.83369322e-01  2.47437636e+02  -4.49105297e+02
PRESSURE    -1.99774505e+04 3.51817447e+05  -6.24170792e+04
TEMPERATURE 0.00000000e+00  2.22507386e-308 0.00000000e+00 
Field       Average         Maximum (@IP)   Minimum (@IP)  
UX          6.47954117e-01  6.66305490e+02  -2.55068540e+02
UY          1.83369084e-01  2.47437634e+02  -4.49105298e+02
PRESSURE    -1.99774161e+04 3.51817481e+05  -6.24170450e+04
TEMPERATURE 0.00000000e+00  2.22507386e-308 0.00000000e+00 
  1: step = 1.000e+00 old f = 5.531e-09 new f = 1.218e-12 (STEP ACCEPTED!)
************************************************************************

************************************************************************
-- Nonlinear Solver Step 14 -- 
||F|| = 1.218e-12  step = 1.000e+00  dx = 5.190e-02 (Converged!)
************************************************************************

************************************************************************
-- Final Status Test Results --
Converged....OR Combination -> 
  Converged....AND Combination -> 
    Converged....F-Norm = 1.218e-12 < 1.000e-04
                 (Unscaled Two-Norm, Absolute Tolerance)
    Converged....WRMS-Norm = 6.691e-03 < 0.01
                 (Min Step Size:  1.000e+00 >= 0.1)
  **...........Number of Iterations = 14 < 400
  **...........Finite Number Check (Two-Norm F) = Finite
************************************************************************
Field       Average         Maximum (@IP)   Minimum (@IP)  
UX          6.47954117e-01  6.66305490e+02  -2.55068540e+02
UY          1.83369084e-01  2.47437634e+02  -4.49105298e+02
PRESSURE    -1.99774161e+04 3.51817481e+05  -6.24170450e+04
TEMPERATURE 0.00000000e+00  2.22507386e-308 0.00000000e+00 
------------------------------------------------------------------------------
   ML time information (seconds)          total          avg

   1- Construction                  =    5.86563    0.418974
   2- Preconditioner apply          =    1.00692
     a- first application(s) only   =   0.411075   0.0293625
     b- remaining applications      =    0.59584    0.017024

   3- Total time required by ML so far is 6.87255 seconds
      (constr + all applications)
------------------------------------------------------------------------------
========================================================================================

                          TimeMonitor results over 1 processor

Timer Name                                                   Global time (num calls)    
----------------------------------------------------------------------------------------
Drekar: Total Time                                           11.46 (1)                  
NOX Total Linear Solve                                       1.073 (14)                 
NOX Total Preconditioner Construction                        5.902 (14)                 
STK_Interface::setupTransientExodusFile(filename)            0.2939 (1)                 
STK_Interface::writeToExodus(timestep)                       0.05599 (1)                
Thyra::NOXNonlinearSolver::solve                             10.62 (1)                  
panzer::ModelEvaluator::evalModel(J)                         2.738 (14)                 
panzer::ModelEvaluator::evalModel(f)                         0.7668 (33)                
panzer::SquareQuadMeshFactory::buildUncomittedMesh()         0.000623 (1)               
panzer::SquareQuadMeshFactory::completeMeshConstruction()    0.09588 (1)                
========================================================================================
Drekar run completed.
