Mesh -> 
 Source = Inline Mesh   [unused]
 Exodus File -> 
  File Name = drekar.exo   [unused]
 Inline Mesh -> 
  Mesh Dimension = 2   [unused]
  Mesh Factory Parameter List -> 
   X Blocks = 1   [unused]
   Y Blocks = 1   [unused]
   X Elements = 50   [unused]
   Y Elements = 50   [unused]
   X0 = 0   [unused]
   Y0 = 0   [unused]
   Xf = 1   [unused]
   Yf = 1   [unused]
   Periodic BCs -> 
    Count = 0   [unused]
Block ID to Physics ID Mapping -> 
 eblock-0_0 = fluid   [unused]
Assembly -> 
 Workset Size = 1   [unused]
Physics Blocks -> 
 fluid -> 
  child0 -> 
   Type = Continuity   [unused]
   Basis Type = HGrad   [unused]
   Basis Order = 1   [unused]
   Integration Order = 2   [unused]
   Model ID = fluid model   [unused]
   Prefix =    [unused]
   Options -> 
    TAU_C = NONE   [unused]
    PSPG STABILIZATION = ON   [unused]
  child1 -> 
   Type = Momentum   [unused]
   Basis Type = HGrad   [unused]
   Basis Order = 1   [unused]
   Integration Order = 2   [unused]
   Model ID = fluid model   [unused]
   Prefix =    [unused]
   Options -> 
    DCO_M = OFF   [unused]
    TAU_M = SHAKIB   [unused]
    SUPG STABILIZATION = ON   [unused]
    USE SOURCE TERM = ON   [unused]
  child2 -> 
   Type = Energy   [unused]
   Basis Type = HGrad   [unused]
   Basis Order = 1   [unused]
   Integration Order = 2   [unused]
   Model ID = fluid model   [unused]
   Prefix =    [unused]
   Options -> 
    TAU_E = SHAKIB   [unused]
    SUPG STABILIZATION = ON   [unused]
    DCO_E = OFF   [unused]
    USE SOURCE TERM = OFF   [unused]
Closure Models -> 
 fluid model -> 
  DENSITY -> 
   Value = 1   [unused]
  STRESS_TENSOR -> 
   Value = NEWTONIAN   [unused]
  VISCOSITY -> 
   Value = 0.71   [unused]
  SOURCE_MOMENTUM -> 
   Value = BOUSSINESQ   [unused]
   Reference Density = 1   [unused]
   Reference Temperature = 0   [unused]
   Volume Expansion Coefficient = 1000   [unused]
  GRAVITY_X -> 
   Value = 0   [unused]
  GRAVITY_Y -> 
   Value = -10   [unused]
  Global Statistics -> 
   Value = UX,UY,PRESSURE,TEMPERATURE   [unused]
  HEAT_CAPACITY -> 
   Value = 1   [unused]
  THERMAL_CONDUCTIVITY -> 
   Value = 1   [unused]
  ENERGY_FLUX -> 
   Value = FOURIER   [unused]
  SOURCE_TEMPERATURE -> 
   Value = 0   [unused]
User Data -> 
 [empty list]
Boundary Conditions -> 
 child0 -> 
  Type = Dirichlet   [unused]
  Sideset ID = top   [unused]
  Element Block ID = eblock-0_0   [unused]
  Equation Set Name = UX   [unused]
  Strategy = Constant   [unused]
  Data -> 
   Value = 0   [unused]
 child1 -> 
  Type = Dirichlet   [unused]
  Sideset ID = top   [unused]
  Element Block ID = eblock-0_0   [unused]
  Equation Set Name = UY   [unused]
  Strategy = Constant   [unused]
  Data -> 
   Value = 0   [unused]
 child2 -> 
  Type = Dirichlet   [unused]
  Sideset ID = bottom   [unused]
  Element Block ID = eblock-0_0   [unused]
  Equation Set Name = UX   [unused]
  Strategy = Constant   [unused]
  Data -> 
   Value = 0   [unused]
 child3 -> 
  Type = Dirichlet   [unused]
  Sideset ID = bottom   [unused]
  Element Block ID = eblock-0_0   [unused]
  Equation Set Name = UY   [unused]
  Strategy = Constant   [unused]
  Data -> 
   Value = 0   [unused]
 child4 -> 
  Type = Dirichlet   [unused]
  Sideset ID = left   [unused]
  Element Block ID = eblock-0_0   [unused]
  Equation Set Name = UX   [unused]
  Strategy = Constant   [unused]
  Data -> 
   Value = 0   [unused]
 child5 -> 
  Type = Dirichlet   [unused]
  Sideset ID = left   [unused]
  Element Block ID = eblock-0_0   [unused]
  Equation Set Name = UY   [unused]
  Strategy = Constant   [unused]
  Data -> 
   Value = 0   [unused]
 child6 -> 
  Type = Dirichlet   [unused]
  Sideset ID = left   [unused]
  Element Block ID = eblock-0_0   [unused]
  Equation Set Name = TEMPERATURE   [unused]
  Strategy = Constant   [unused]
  Data -> 
   Value = 72   [unused]
 child7 -> 
  Type = Dirichlet   [unused]
  Sideset ID = right   [unused]
  Element Block ID = eblock-0_0   [unused]
  Equation Set Name = UX   [unused]
  Strategy = Constant   [unused]
  Data -> 
   Value = 0   [unused]
 child8 -> 
  Type = Dirichlet   [unused]
  Sideset ID = right   [unused]
  Element Block ID = eblock-0_0   [unused]
  Equation Set Name = UY   [unused]
  Strategy = Constant   [unused]
  Data -> 
   Value = 0   [unused]
 child9 -> 
  Type = Dirichlet   [unused]
  Sideset ID = right   [unused]
  Element Block ID = eblock-0_0   [unused]
  Equation Set Name = TEMPERATURE   [unused]
  Strategy = Constant   [unused]
  Data -> 
   Value = 0   [unused]
Initial Conditions -> 
 eblock-0_0 -> 
  UX -> 
   Value = 0   [unused]
  UY -> 
   Value = 0   [unused]
  PRESSURE -> 
   Value = 0   [unused]
  TEMPERATURE -> 
   Value = 0   [unused]
Output -> 
 File Name = ThermalConv.exo   [unused]
Options -> 
 Write Volume Assembly Graphs = 0   [unused]
 Volume Assembly Graph Prefix = Thermalconvection_   [unused]
Solution Control -> 
 Piro Solver = NOX   [unused]
 Compute Sensitivities = 0   [unused]
 Jacobian Operator = Have Jacobian   [unused]
 NOX -> 
  Nonlinear Solver = Line Search Based   [unused]
  Direction -> 
   Method = Newton   [unused]
   Newton -> 
    Forcing Term Method = Type 2   [unused]
    Rescue Bad Newton Solve = 1   [unused]
    Linear Solver -> 
     Tolerance = 0.001   [unused]
    Stratimikos Linear Solver -> 
     NOX Stratimikos Options -> 
      [empty list]
     Stratimikos -> 
      Linear Solver Type = AztecOO   [unused]
      Preconditioner Type = ML   [unused]
      Linear Solver Types -> 
       AztecOO -> 
        Forward Solve -> 
         Max Iterations = 600   [unused]
         Tolerance = 1e-05   [unused]
         AztecOO Settings -> 
          Aztec Solver = GMRES   [unused]
          Convergence Test = r0   [unused]
          Size of Krylov Subspace = 200   [unused]
          Output Frequency = 10   [unused]
       Belos -> 
        Solver Type = Block GMRES   [unused]
        Solver Types -> 
         Block GMRES -> 
          Convergence Tolerance = 1e-05   [unused]
          Output Frequency = 10   [unused]
          Output Style = 1   [unused]
          Verbosity = 33   [unused]
          Maximum Iterations = 100   [unused]
          Block Size = 1   [unused]
          Num Blocks = 200   [unused]
          Flexible Gmres = 0   [unused]
        VerboseObject -> 
         Output File = none   [unused]
         Verbosity Level = medium   [unused]
       MCLS -> 
        Solver Type = MCSA   [unused]
        Solver Types -> 
         MCSA -> 
          Fixed Point Type = Richardson   [unused]
          MC Type = Adjoint   [unused]
          Estimator Type = Collision   [unused]
          Transport Type = Global   [unused]
          Number of Sets = 1   [unused]
          Reproducible MC Mode = 0   [unused]
          Overlap Size = 0   [unused]
          Maximum Iterations = 100   [unused]
          Weight Cutoff = 0.01   [unused]
          Set Number of Histories = 500000   [unused]
          Iteration Print Frequency = 1   [unused]
          Richardson Relaxation = 1   [unused]
          Neumann Relaxation = 1   [unused]
          Absorption Probability = 0   [unused]
          Domain Filter Tolerance = 0   [unused]
          Domain Fill Value = 200   [unused]
          Domain Weight Recovery = 0   [unused]
         Fixed Point -> 
          Fixed Point Type = Richardson   [unused]
          Maximum Iterations = 10000   [unused]
          Iteration Print Frequency = 1   [unused]
          Richardson Relaxation = 1   [unused]
      Preconditioner Types -> 
       Ifpack -> 
        Overlap = 1   [unused]
        Prec Type = ILUT   [unused]
        Ifpack Settings -> 
         fact: drop tolerance = 0.0001   [unused]
         fact: ilut level-of-fill = 5   [unused]
         fact: level-of-fill = 1   [unused]
       ML -> 
        Base Method Defaults = SA   [unused]
        ML Settings -> 
         ML output = 10   [unused]
         prec type = MGV   [unused]
         print unused = 0   [unused]
         PDE equations = 4   [unused]
         max levels = 10   [unused]
         cycle applications = 1   [unused]
         aggregation: threshold = 0   [unused]
         aggregation: type = Uncoupled   [unused]
         aggregation: damping factor = 0   [unused]
         aggregation: block scaling = 0   [unused]
         energy minimization: enable = 0   [unused]
         energy minimization: type = 3   [unused]
         smoother: type = IFPACK   [unused]
         smoother: ifpack type = ILU   [unused]
         smoother: ifpack overlap = 1   [unused]
         smoother: damping factor = 1   [unused]
         smoother: pre or post = both   [unused]
         smoother: sweeps = 1   [unused]
         coarse: max size = 2000   [unused]
         coarse: type = Amesos-KLU   [unused]
         smoother: ifpack list -> 
          fact: level-of-fill = 5   [unused]
          schwarz: reordering type = rcm   [unused]
          fact: drop tolerance = 1e-06   [unused]
          fact: maximum fill factor = 100   [unused]
       MCLS -> 
        Preconditioner Type = ML   [unused]
        Preconditioner Types -> 
         Block Jacobi -> 
          Jacobi Block Size = 4   [unused]
         ILUT -> 
          fact: ilut level-of-fill = 3   [unused]
          fact: drop tolerance = 0.0005   [unused]
         ParaSails -> 
          ParaSails: Threshold = 0.001   [unused]
          ParaSails: Number of Levels = 7   [unused]
          ParaSails: Filter = 0.001   [unused]
         PSILUT -> 
          fact: ilut level-of-fill = 3   [unused]
          fact: drop tolerance = 0.0001   [unused]
          ParaSails: Threshold = 0.1   [unused]
          ParaSails: Number of Levels = 1   [unused]
          ParaSails: Filter = 0   [unused]
         ML -> 
          Base Method Defaults = SA   [unused]
          ML Settings -> 
           ML output = 10   [unused]
           prec type = MGV   [unused]
           print unused = 0   [unused]
           PDE equations = 4   [unused]
           max levels = 10   [unused]
           cycle applications = 1   [unused]
           aggregation: threshold = 0   [unused]
           aggregation: type = Uncoupled   [unused]
           aggregation: damping factor = 0   [unused]
           aggregation: block scaling = 0   [unused]
           energy minimization: enable = 0   [unused]
           energy minimization: type = 3   [unused]
           smoother: type = IFPACK   [unused]
           smoother: ifpack type = ILU   [unused]
           smoother: ifpack overlap = 1   [unused]
           smoother: damping factor = 1   [unused]
           smoother: pre or post = both   [unused]
           smoother: sweeps = 1   [unused]
           coarse: max size = 2000   [unused]
           coarse: type = Amesos-KLU   [unused]
           smoother: ifpack list -> 
            fact: level-of-fill = 5   [unused]
            schwarz: reordering type = rcm   [unused]
            fact: drop tolerance = 1e-06   [unused]
            fact: maximum fill factor = 100   [unused]
  Line Search -> 
   Method = Backtrack   [unused]
   Full Step -> 
    Full Step = 1   [unused]
   Polynomial -> 
    Max Iters = 4   [unused]
    Recovery Step Type = Constant   [unused]
    Recovery Step = 0.001   [unused]
    Allowed Relative Increase = 500   [unused]
    Maximum Iteration for Increase = 2   [unused]
  Printing -> 
   Output Precision = 3   [unused]
   Output Processor = 0   [unused]
   Output Information -> 
    Error = 1   [unused]
    Warning = 1   [unused]
    Inner Iteration = 1   [unused]
    Outer Iteration = 1   [unused]
    Outer Iteration StatusTest = 1   [unused]
    Test Details = 1   [unused]
    Parameters = 1   [unused]
    Details = 1   [unused]
    Linear Solver Details = 1   [unused]
    Stepper Iteration = 1   [unused]
    Stepper Details = 1   [unused]
    Stepper Parameters = 1   [unused]
  Solver Options -> 
   Status Test Check Type = Complete   [unused]
  Thyra Group Options -> 
   Function Scaling = Row Sum   [unused]
  Status Tests -> 
   Test Type = Combo   [unused]
   Combo Type = OR   [unused]
   Number of Tests = 3   [unused]
   Test 0 -> 
    Test Type = Combo   [unused]
    Combo Type = AND   [unused]
    Number of Tests = 2   [unused]
    Test 0 -> 
     Test Type = NormF   [unused]
     Tolerance = 0.0001   [unused]
    Test 1 -> 
     Test Type = NormWRMS   [unused]
     Tolerance = 1   [unused]
     Relative Tolerance = 1e-05   [unused]
     Absolute Tolerance = 1e-08   [unused]
     BDF Multiplier = 1   [unused]
     Alpha = 0.1   [unused]
     Beta = 0.5   [unused]
   Test 1 -> 
    Test Type = MaxIters   [unused]
    Maximum Iterations = 200   [unused]
   Test 2 -> 
    Test Type = FiniteValue   [unused]
 Rythmos -> 
  Nonlinear Solver Type = NOX   [unused]
  Final Time = 10   [unused]
  Stepper Type = BDF   [unused]
  Step Control Strategy Type = ImplicitBDFRamping   [unused]
  Rythmos Integration Control Strategy = Simple   [unused]
  Rythmos Stepper -> 
   VerboseObject -> 
    Verbosity Level = medium   [unused]
  Stratimikos -> 
   [empty list]
  Rythmos Integrator -> 
   VerboseObject -> 
    Verbosity Level = high   [unused]
  Rythmos Integration Control -> 
   [empty list]
  Rythmos Step Control Strategy -> 
   Number of Constant First Order Steps = 4   [unused]
   Initial Step Size = 0.01   [unused]
   Min Step Size = 0.001   [unused]
   Max Step Size = 0.1   [unused]
   Step Size Decrease Factor = 0.5   [unused]
   Step Size Increase Factor = 1.2   [unused]
   Max Order = 2   [unused]
   Absolute Error Tolerance = 1e-07   [unused]
   Relative Error Tolerance = 1e-05   [unused]

STK Mesh data:
   Spatial dim = 2
   Entity counts (Nodes, Edges, Cells) = ( 2601, 5100, 2500 )
   Element blocks = "eblock-0_0" 
   Sidesets = "bottom" "left" "right" "top" 
   Nodesets = "lower_left" "origin" 
Field       Average         Maximum (@IP)   Minimum (@IP)  
UX          0.00000000e+00  2.22507386e-308 0.00000000e+00 
UY          0.00000000e+00  2.22507386e-308 0.00000000e+00 
PRESSURE    0.00000000e+00  2.22507386e-308 0.00000000e+00 
TEMPERATURE 0.00000000e+00  2.22507386e-308 0.00000000e+00 

************************************************************************

-- Parameters Passed to Nonlinear Solver --

     Nonlinear Solver = Line Search Based
     Direction -> 
      Method = Newton
      Newton -> 
       Forcing Term Method = Type 2
       Rescue Bad Newton Solve = 1
       Forcing Term Minimum Tolerance = 0.0001   [default]
       Forcing Term Maximum Tolerance = 0.9   [default]
       Forcing Term Initial Tolerance = 0.01   [default]
       Forcing Term Alpha = 1.5   [default]
       Forcing Term Gamma = 0.9   [default]
       Linear Solver -> 
        Tolerance = 0.001   [unused]
       Stratimikos Linear Solver -> 
        NOX Stratimikos Options -> 
         [empty list]
        Stratimikos -> 
         Linear Solver Type = AztecOO   [unused]
         Preconditioner Type = ML   [unused]
         Linear Solver Types -> 
          AztecOO -> 
           Forward Solve -> 
            Max Iterations = 600   [unused]
            Tolerance = 1e-05   [unused]
            AztecOO Settings -> 
             Aztec Solver = GMRES   [unused]
             Convergence Test = r0   [unused]
             Size of Krylov Subspace = 200   [unused]
             Output Frequency = 10   [unused]
          Belos -> 
           Solver Type = Block GMRES   [unused]
           Solver Types -> 
            Block GMRES -> 
             Convergence Tolerance = 1e-05   [unused]
             Output Frequency = 10   [unused]
             Output Style = 1   [unused]
             Verbosity = 33   [unused]
             Maximum Iterations = 100   [unused]
             Block Size = 1   [unused]
             Num Blocks = 200   [unused]
             Flexible Gmres = 0   [unused]
           VerboseObject -> 
            Output File = none   [unused]
            Verbosity Level = medium   [unused]
          MCLS -> 
           Solver Type = MCSA   [unused]
           Solver Types -> 
            MCSA -> 
             Fixed Point Type = Richardson   [unused]
             MC Type = Adjoint   [unused]
             Estimator Type = Collision   [unused]
             Transport Type = Global   [unused]
             Number of Sets = 1   [unused]
             Reproducible MC Mode = 0   [unused]
             Overlap Size = 0   [unused]
             Maximum Iterations = 100   [unused]
             Weight Cutoff = 0.01   [unused]
             Set Number of Histories = 500000   [unused]
             Iteration Print Frequency = 1   [unused]
             Richardson Relaxation = 1   [unused]
             Neumann Relaxation = 1   [unused]
             Absorption Probability = 0   [unused]
             Domain Filter Tolerance = 0   [unused]
             Domain Fill Value = 200   [unused]
             Domain Weight Recovery = 0   [unused]
            Fixed Point -> 
             Fixed Point Type = Richardson   [unused]
             Maximum Iterations = 10000   [unused]
             Iteration Print Frequency = 1   [unused]
             Richardson Relaxation = 1   [unused]
         Preconditioner Types -> 
          Ifpack -> 
           Overlap = 1   [unused]
           Prec Type = ILUT   [unused]
           Ifpack Settings -> 
            fact: drop tolerance = 0.0001   [unused]
            fact: ilut level-of-fill = 5   [unused]
            fact: level-of-fill = 1   [unused]
          ML -> 
           Base Method Defaults = SA   [unused]
           ML Settings -> 
            ML output = 10   [unused]
            prec type = MGV   [unused]
            print unused = 0   [unused]
            PDE equations = 4   [unused]
            max levels = 10   [unused]
            cycle applications = 1   [unused]
            aggregation: threshold = 0   [unused]
            aggregation: type = Uncoupled   [unused]
            aggregation: damping factor = 0   [unused]
            aggregation: block scaling = 0   [unused]
            energy minimization: enable = 0   [unused]
            energy minimization: type = 3   [unused]
            smoother: type = IFPACK   [unused]
            smoother: ifpack type = ILU   [unused]
            smoother: ifpack overlap = 1   [unused]
            smoother: damping factor = 1   [unused]
            smoother: pre or post = both   [unused]
            smoother: sweeps = 1   [unused]
            coarse: max size = 2000   [unused]
            coarse: type = Amesos-KLU   [unused]
            smoother: ifpack list -> 
             fact: level-of-fill = 5   [unused]
             schwarz: reordering type = rcm   [unused]
             fact: drop tolerance = 1e-06   [unused]
             fact: maximum fill factor = 100   [unused]
          MCLS -> 
           Preconditioner Type = ML   [unused]
           Preconditioner Types -> 
            Block Jacobi -> 
             Jacobi Block Size = 4   [unused]
            ILUT -> 
             fact: ilut level-of-fill = 3   [unused]
             fact: drop tolerance = 0.0005   [unused]
            ParaSails -> 
             ParaSails: Threshold = 0.001   [unused]
             ParaSails: Number of Levels = 7   [unused]
             ParaSails: Filter = 0.001   [unused]
            PSILUT -> 
             fact: ilut level-of-fill = 3   [unused]
             fact: drop tolerance = 0.0001   [unused]
             ParaSails: Threshold = 0.1   [unused]
             ParaSails: Number of Levels = 1   [unused]
             ParaSails: Filter = 0   [unused]
            ML -> 
             Base Method Defaults = SA   [unused]
             ML Settings -> 
              ML output = 10   [unused]
              prec type = MGV   [unused]
              print unused = 0   [unused]
              PDE equations = 4   [unused]
              max levels = 10   [unused]
              cycle applications = 1   [unused]
              aggregation: threshold = 0   [unused]
              aggregation: type = Uncoupled   [unused]
              aggregation: damping factor = 0   [unused]
              aggregation: block scaling = 0   [unused]
              energy minimization: enable = 0   [unused]
              energy minimization: type = 3   [unused]
              smoother: type = IFPACK   [unused]
              smoother: ifpack type = ILU   [unused]
              smoother: ifpack overlap = 1   [unused]
              smoother: damping factor = 1   [unused]
              smoother: pre or post = both   [unused]
              smoother: sweeps = 1   [unused]
              coarse: max size = 2000   [unused]
              coarse: type = Amesos-KLU   [unused]
              smoother: ifpack list -> 
               fact: level-of-fill = 5   [unused]
               schwarz: reordering type = rcm   [unused]
               fact: drop tolerance = 1e-06   [unused]
               fact: maximum fill factor = 100   [unused]
     Line Search -> 
      Method = Backtrack
      Full Step -> 
       Full Step = 1   [unused]
      Polynomial -> 
       Max Iters = 4   [unused]
       Recovery Step Type = Constant   [unused]
       Recovery Step = 0.001   [unused]
       Allowed Relative Increase = 500   [unused]
       Maximum Iteration for Increase = 2   [unused]
      Backtrack -> 
       Minimum Step = 1e-12   [default]
       Default Step = 1   [default]
       Recovery Step = 1   [default]
       Max Iters = 100   [default]
       Reduction Factor = 0.5   [default]
     Printing -> 
      Output Precision = 3
      Output Processor = 0
      Output Stream = Teuchos::RCP<std::ostream>{ptr=0x65b66a0,node=0x6568b10,strong_count=18,weak_count=0}
      Error Stream = Teuchos::RCP<std::ostream>{ptr=0x65b66a0,node=0x6568b10,strong_count=18,weak_count=0}
      MyPID = 0   [default]
      Output Information -> 
       Error = 1
       Warning = 1
       Inner Iteration = 1
       Outer Iteration = 1
       Outer Iteration StatusTest = 1
       Test Details = 1
       Parameters = 1
       Details = 1
       Linear Solver Details = 1
       Stepper Iteration = 1
       Stepper Details = 1
       Stepper Parameters = 1
       Debug = 0   [default]
     Solver Options -> 
      Status Test Check Type = Complete
      User Defined Pre/Post Operator = Teuchos::RCP<NOX::Abstract::PrePostOperator>{ptr=0x6568390,node=0x6572be0,strong_count=2,weak_count=0}
      User Defined Merit Function = Teuchos::RCP<NOX::MeritFunction::Generic>{ptr=0x655a930,node=0x803b890,strong_count=3,weak_count=0}
     Thyra Group Options -> 
      Function Scaling = Row Sum
      Update Row Sum Scaling = Before Each Nonlinear Solve   [default]
      User Defined Scaling = Teuchos::RCP<Thyra::VectorBase<double> >{ptr=0,node=0,strong_count=0,weak_count=0}   [default]
     Status Tests -> 
      Test Type = Combo
      Combo Type = OR
      Number of Tests = 3
      Test 0 -> 
       Test Type = Combo
       Combo Type = AND
       Number of Tests = 2
       Test 0 -> 
        Test Type = NormF
        Tolerance = 0.0001
        Norm Type = Two Norm   [default]
        Scale Type = Unscaled   [default]
       Test 1 -> 
        Test Type = NormWRMS
        Tolerance = 1
        Relative Tolerance = 1e-05
        Absolute Tolerance = 1e-08
        BDF Multiplier = 1
        Alpha = 0.1
        Beta = 0.5
        Disable Implicit Weighting = 1   [default]
      Test 1 -> 
       Test Type = MaxIters
       Maximum Iterations = 200
      Test 2 -> 
       Test Type = FiniteValue
       Vector Type = F Vector   [default]
       Norm Type = Two Norm   [default]
Field       Average         Maximum (@IP)   Minimum (@IP)  
UX          0.00000000e+00  2.22507386e-308 0.00000000e+00 
UY          0.00000000e+00  2.22507386e-308 0.00000000e+00 
PRESSURE    0.00000000e+00  2.22507386e-308 0.00000000e+00 
TEMPERATURE 0.00000000e+00  2.22507386e-308 0.00000000e+00 
************************************************************************
-- Status Test Results --
**...........OR Combination -> 
  **...........AND Combination -> 
    **...........F-Norm = 5.142e+02 < 1.000e-04
                 (Unscaled Two-Norm, Absolute Tolerance)
    **...........WRMS-Norm = 1.000e+12 < 1
  **...........Number of Iterations = 0 < 200
  **...........Finite Number Check (Two-Norm F) = Finite
************************************************************************

************************************************************************
-- Nonlinear Solver Step 0 -- 
||F|| = 5.142e+02  step = 0.000e+00  dx = 0.000e+00
************************************************************************

       CALCULATING FORCING TERM
       Method: Type 2
       Forcing Term: 0.01
------------------------------------------------------------------------------
Using `cg' for eigen-computations
*** 
*** ML_Epetra::MultiLevelPreconditioner
***
Matrix has 10404 rows and 364816 nonzeros, distributed over 1 process(es)
The linear system matrix is an Epetra_CrsMatrix
** Leaving column map of Main linear system matrix unchanged
Default values for `SA'
Maximum number of levels = 10
Using increasing levels. Finest level  = 0, coarsest level = 9
Number of applications of the ML cycle = 1
Number of PDE equations = 4
Aggregation threshold = 0
Max coarse size = 2000
R and P smoothing : P = (I-\omega A) P_t, R = P^T
R and P smoothing : \omega = 0/lambda_max
Null space type      = default (constants)
Null space dimension = 4
-----------------------------------------------------------------------
ML_Gen_MultiLevelHierarchy (level 0) : Gen Restriction and Prolongator
-----------------------------------------------------------------------
ML_Aggregate_Coarsen (level 0) begins
ML_Aggregate_CoarsenUncoupled : current level = 0
ML_Aggregate_CoarsenUncoupled : current eps = 0.000000e+00
Aggregation(UVB) : Total nonzeros = 364816 (Nrows=10404)
Aggregation(UVB) : Amalgamated matrix done 
Aggregation(UC) : Phase 0 - no. of bdry pts  = 1 
Aggregation(UC) : Phase 1 - nodes aggregated = 2549 (2601)
Aggregation(UC) : Phase 1 - total aggregates = 289 
Aggregation(UC_Phase2_3) : Phase 1 - nodes aggregated = 2549 
Aggregation(UC_Phase2_3) : Phase 1 - total aggregates = 289
Aggregation(UC_Phase2_3) : Phase 2a- additional aggregates = 0
Aggregation(UC_Phase2_3) : Phase 2 - total aggregates = 289
Aggregation(UC_Phase2_3) : Phase 2 - boundary nodes   = 1
Aggregation(UC_Phase2_3) : Phase 3 - leftovers = 0 and singletons = 0
Aggregation(UC) : QR factorization - too small aggregates = 0

Prolongator/Restriction smoother (level 0) : damping = 0.000e+00 , sweeps = 1
Gen_Prolongator (level 0) : not smoothing prolongator
Smoothed Aggregation : operator complexity = 1.072395e+00.
Time to build the hierarchy = 0.01825 (s)
Number of actual levels : 2

Smoother (level 0) : # global rows = 10404, # estim. global nnz = 364816, # nnz per row = 35.06
Smoother (level 0) : IFPACK, type=`ILU',
Smoother (level 0) : both,overlap=1
Smoother (level 0) : level-of-fill=5,rel. threshold=1,abs. threshold=0
Smoother (level 0) : Setup time : 0.343327 (s)

WARNING **********************************************************************
You have requested to keep the finest level smoother from a previous
solve.  In order to reuse part or all of the incomplete factorization
from smoother "IFPACK", you must also specify the smoother options
"reuse numeric factorization" and/or "reuse symbolic factorization".
Not doing so  may result in memory leaks or crashes.

Amesos (level 1) : NumGlobalRows = 1156
Amesos (level 1) : NumGlobalNonzeros = 26237
Amesos (level 1) : Fill-in = 1.96335 %
Amesos (level 1) : Building KLU
Amesos (level 1) : Time for factorization  = 0.00591493 (s)

WARNING: Parameter "energy minimization: type" 3   [unused] is unused
WARNING: Parameter "coarse: list"    [unused] is unused
WARNING: Parameter "aggregation: list (level 0)"    [unused] is unused
WARNING: Parameter "aggregation: list (level 1)"    [unused] is unused
WARNING: Parameter "aggregation: list (level 2)"    [unused] is unused
WARNING: Parameter "aggregation: list (level 3)"    [unused] is unused
WARNING: Parameter "aggregation: list (level 4)"    [unused] is unused
WARNING: Parameter "aggregation: list (level 5)"    [unused] is unused
WARNING: Parameter "aggregation: list (level 6)"    [unused] is unused
WARNING: Parameter "aggregation: list (level 7)"    [unused] is unused
WARNING: Parameter "aggregation: list (level 8)"    [unused] is unused
WARNING: Parameter "aggregation: list (level 9)"    [unused] is unused
WARNING: Parameter "smoother: list (level 0)"    [unused] is unused

Cumulative timing for construction so far: 
- for initial setup   = 0.00311589 (s)
- for hierarchy setup = 0.0182881 (s)
- for smoothers setup = 0.343327 (s)
- for coarse setup    = 0.00628495 (s)
- for final setup     = 0.000143051 (s)
------------------------------------------------------------------------------
 
 		*******************************************************
 		***** Problem: Epetra::CrsMatrix
 		***** Preconditioned GMRES solution
 		***** ML (L=2, IFPACK_pre0/IFPACK_post0, ~/Amesos_KLU_1)
 		***** No scaling
 		*******************************************************
 
                 iter:    0           residual = 1.000000e+00
                 iter:    4           residual = 6.092617e-03
 
 
 		Solution time: 0.048382 (sec.)
 		total iterations: 4
 
Field       Average         Maximum (@IP)   Minimum (@IP)  
UX          -3.43666154e-01 3.96487273e+03  -3.96713116e+03
UY          3.58730222e+01  4.04520616e+03  -3.94406095e+03
PRESSURE    2.48473097e+05  5.08723084e+05  -1.18792051e+04
TEMPERATURE 3.57212653e+01  7.16858018e+01  2.99343404e-01 

************************************************************************
-- Backtrack Line Search -- 
  1: step = 1.000e+00 old f = 1.322e+05 new f = 5.259e+09
Field       Average         Maximum (@IP)   Minimum (@IP)  
UX          -1.71833077e-01 1.98243637e+03  -1.98356558e+03
UY          1.79365111e+01  2.02260308e+03  -1.97203047e+03
PRESSURE    1.24236549e+05  2.54361542e+05  -5.93960257e+03
TEMPERATURE 1.78606326e+01  3.58429009e+01  1.49671702e-01 
  2: step = 5.000e-01 old f = 1.322e+05 new f = 3.288e+08
Field       Average         Maximum (@IP)   Minimum (@IP)  
UX          -8.59165384e-02 9.91218183e+02  -9.91782791e+02
UY          8.96825555e+00  1.01130154e+03  -9.86015236e+02
PRESSURE    6.21182743e+04  1.27180771e+05  -2.96980129e+03
TEMPERATURE 8.93031631e+00  1.79214505e+01  7.48358510e-02 
  3: step = 2.500e-01 old f = 1.322e+05 new f = 2.063e+07
Field       Average         Maximum (@IP)   Minimum (@IP)  
UX          -4.29582692e-02 4.95609092e+02  -4.95891395e+02
UY          4.48412777e+00  5.05650770e+02  -4.93007618e+02
PRESSURE    3.10591371e+04  6.35903855e+04  -1.48490064e+03
TEMPERATURE 4.46515816e+00  8.96072523e+00  3.74179255e-02 
  4: step = 1.250e-01 old f = 1.322e+05 new f = 1.387e+06
Field       Average         Maximum (@IP)   Minimum (@IP)  
UX          -2.14791346e-02 2.47804546e+02  -2.47945698e+02
UY          2.24206389e+00  2.52825385e+02  -2.46503809e+02
PRESSURE    1.55295686e+04  3.17951928e+04  -7.42450322e+02
TEMPERATURE 2.23257908e+00  4.48036262e+00  1.87089628e-02 
  5: step = 6.250e-02 old f = 1.322e+05 new f = 1.967e+05
Field       Average         Maximum (@IP)   Minimum (@IP)  
UX          -1.07395673e-02 1.23902273e+02  -1.23972849e+02
UY          1.12103194e+00  1.26412692e+02  -1.23251905e+02
PRESSURE    7.76478429e+03  1.58975964e+04  -3.71225161e+02
TEMPERATURE 1.11628954e+00  2.24018131e+00  9.35448138e-03 
  6: step = 3.125e-02 old f = 1.322e+05 new f = 1.291e+05 (STEP ACCEPTED!)
************************************************************************

************************************************************************
-- Status Test Results --
**...........OR Combination -> 
  **...........AND Combination -> 
    **...........F-Norm = 5.082e+02 < 1.000e-04
                 (Unscaled Two-Norm, Absolute Tolerance)
    **...........WRMS-Norm = 4.242e+11 < 1
                 (Min Step Size:  3.125e-02 >= 0.1)
  **...........Number of Iterations = 1 < 200
  **...........Finite Number Check (Two-Norm F) = Finite
************************************************************************

************************************************************************
-- Nonlinear Solver Step 1 -- 
||F|| = 5.082e+02  step = 3.125e-02  dx = 3.542e+08
************************************************************************

       CALCULATING FORCING TERM
       Method: Type 2
       Forcing Term Norm: Using L-2 Norm.
       Residual Norm k-1 =             514
       Residual Norm k =               508
       Calculated eta_k (pre-bounds) = 0.884
       Forcing Term: 0.884
------------------------------------------------------------------------------
Re-computing the preconditioner...
Time to re-build the hierarchy = 0.0077641 (s)
Number of actual levels : 2

Smoother (level 0) : # global rows = 10404, # estim. global nnz = 364816, # nnz per row = 35.06
Smoother (level 0) : IFPACK, type=`ILU',
Smoother (level 0) : both,overlap=1
Smoother (level 0) : level-of-fill=5,rel. threshold=1,abs. threshold=0
Smoother (level 0) : Setup time : 0.345135 (s)

WARNING **********************************************************************
You have requested to keep the finest level smoother from a previous
solve.  In order to reuse part or all of the incomplete factorization
from smoother "IFPACK", you must also specify the smoother options
"reuse numeric factorization" and/or "reuse symbolic factorization".
Not doing so  may result in memory leaks or crashes.

Amesos (level 1) : NumGlobalRows = 1156
Amesos (level 1) : NumGlobalNonzeros = 31213
Amesos (level 1) : Fill-in = 2.33571 %
Amesos (level 1) : Building KLU
Amesos (level 1) : Time for factorization  = 0.0102069 (s)


Cumulative timing for construction so far: 
- for initial setup   = 0.00311589 (s)
- for hierarchy setup = 0.018307 (s)
- for smoothers setup = 0.688462 (s)
- for coarse setup    = 0.0167868 (s)
- for final setup     = 0.000147104 (s)
------------------------------------------------------------------------------
  
  		*******************************************************
  		***** Problem: Epetra::CrsMatrix
  		***** Preconditioned GMRES solution
  		***** ML (L=2, IFPACK_pre0/IFPACK_post0, ~/Amesos_KLU_1)
  		***** No scaling
  		*******************************************************
  
                  iter:    0           residual = 1.000000e+00
                  iter:    1           residual = 3.147488e-01
  
  
  		Solution time: 0.020547 (sec.)
  		total iterations: 1
  
Field       Average         Maximum (@IP)   Minimum (@IP)  
UX          3.51293214e+00  8.89775240e+02  -2.57814801e+02
UY          3.19825415e+01  9.01311872e+02  -2.69208207e+02
PRESSURE    8.00888044e+04  2.72358935e+05  -1.86717807e+03
TEMPERATURE 1.98988627e+01  6.53174844e+01  1.44482222e-01 

************************************************************************
-- Backtrack Line Search -- 
  1: step = 1.000e+00 old f = 1.291e+05 new f = 1.995e+06
Field       Average         Maximum (@IP)   Minimum (@IP)  
UX          1.75109629e+00  4.77233528e+02  -1.73909053e+02
UY          1.65517867e+01  4.90539871e+02  -1.63912821e+02
PRESSURE    4.39267943e+04  1.44126303e+05  -1.07468146e+03
TEMPERATURE 1.05075761e+01  3.37788292e+01  7.69191494e-02 
  2: step = 5.000e-01 old f = 1.291e+05 new f = 1.707e+05
Field       Average         Maximum (@IP)   Minimum (@IP)  
UX          8.70178359e-01  2.75801504e+02  -1.38920914e+02
UY          8.83640933e+00  2.86311452e+02  -1.29363389e+02
PRESSURE    2.58457893e+04  8.00099878e+04  -6.78433148e+02
TEMPERATURE 5.81193284e+00  1.80095016e+01  4.31376128e-02 
  3: step = 2.500e-01 old f = 1.291e+05 new f = 8.756e+04 (STEP ACCEPTED!)
************************************************************************

************************************************************************
-- Status Test Results --
**...........OR Combination -> 
  **...........AND Combination -> 
    **...........F-Norm = 4.185e+02 < 1.000e-04
                 (Unscaled Two-Norm, Absolute Tolerance)
    **...........WRMS-Norm = 3.225e+07 < 1
                 (Min Step Size:  2.500e-01 >= 0.1)
  **...........Number of Iterations = 2 < 200
  **...........Finite Number Check (Two-Norm F) = Finite
************************************************************************

************************************************************************
-- Nonlinear Solver Step 2 -- 
||F|| = 4.185e+02  step = 2.500e-01  dx = 1.176e+08
************************************************************************

       CALCULATING FORCING TERM
       Method: Type 2
       Forcing Term Norm: Using L-2 Norm.
       Residual Norm k-1 =             508
       Residual Norm k =               418
       Calculated eta_k (pre-bounds) = 0.673
       Forcing Term: 0.861
------------------------------------------------------------------------------
Re-computing the preconditioner...
Time to re-build the hierarchy = 0.00780392 (s)
Number of actual levels : 2

Smoother (level 0) : # global rows = 10404, # estim. global nnz = 364816, # nnz per row = 35.06
Smoother (level 0) : IFPACK, type=`ILU',
Smoother (level 0) : both,overlap=1
Smoother (level 0) : level-of-fill=5,rel. threshold=1,abs. threshold=0
Smoother (level 0) : Setup time : 0.355007 (s)

WARNING **********************************************************************
You have requested to keep the finest level smoother from a previous
solve.  In order to reuse part or all of the incomplete factorization
from smoother "IFPACK", you must also specify the smoother options
"reuse numeric factorization" and/or "reuse symbolic factorization".
Not doing so  may result in memory leaks or crashes.

Amesos (level 1) : NumGlobalRows = 1156
Amesos (level 1) : NumGlobalNonzeros = 31213
Amesos (level 1) : Fill-in = 2.33571 %
Amesos (level 1) : Building KLU
Amesos (level 1) : Time for factorization  = 0.010175 (s)


Cumulative timing for construction so far: 
- for initial setup   = 0.00311589 (s)
- for hierarchy setup = 0.0183129 (s)
- for smoothers setup = 1.04347 (s)
- for coarse setup    = 0.0272548 (s)
- for final setup     = 0.000152111 (s)
------------------------------------------------------------------------------
  
  		*******************************************************
  		***** Problem: Epetra::CrsMatrix
  		***** Preconditioned GMRES solution
  		***** ML (L=2, IFPACK_pre0/IFPACK_post0, ~/Amesos_KLU_1)
  		***** No scaling
  		*******************************************************
  
                  iter:    0           residual = 1.000000e+00
                  iter:    1           residual = 2.669683e-01
  
  
  		Solution time: 0.020081 (sec.)
  		total iterations: 1
  
Field       Average         Maximum (@IP)   Minimum (@IP)  
UX          3.96878078e+00  4.34048674e+02  -1.96468812e+02
UY          3.68393373e+01  4.46857216e+02  -1.46838631e+02
PRESSURE    -1.73948059e+04 1.64744502e+05  -9.07625827e+04
TEMPERATURE 1.70866115e+01  6.73784500e+01  -2.96455063e-01

************************************************************************
-- Backtrack Line Search -- 
  1: step = 1.000e+00 old f = 8.756e+04 new f = 6.224e+04 (STEP ACCEPTED!)
************************************************************************

************************************************************************
-- Status Test Results --
**...........OR Combination -> 
  **...........AND Combination -> 
    **...........F-Norm = 3.528e+02 < 1.000e-04
                 (Unscaled Two-Norm, Absolute Tolerance)
    **...........WRMS-Norm = 8.918e+06 < 1
                 (Min Step Size:  1.000e+00 >= 0.1)
  **...........Number of Iterations = 3 < 200
  **...........Finite Number Check (Two-Norm F) = Finite
************************************************************************

************************************************************************
-- Nonlinear Solver Step 3 -- 
||F|| = 3.528e+02  step = 1.000e+00  dx = 7.023e+07
************************************************************************

       CALCULATING FORCING TERM
       Method: Type 2
       Forcing Term Norm: Using L-2 Norm.
       Residual Norm k-1 =             418
       Residual Norm k =               353
       Calculated eta_k (pre-bounds) = 0.697
       Forcing Term: 0.719
------------------------------------------------------------------------------
Re-computing the preconditioner...
Time to re-build the hierarchy = 0.00798416 (s)
Number of actual levels : 2

Smoother (level 0) : # global rows = 10404, # estim. global nnz = 364816, # nnz per row = 35.06
Smoother (level 0) : IFPACK, type=`ILU',
Smoother (level 0) : both,overlap=1
Smoother (level 0) : level-of-fill=5,rel. threshold=1,abs. threshold=0
Smoother (level 0) : Setup time : 0.341027 (s)

WARNING **********************************************************************
You have requested to keep the finest level smoother from a previous
solve.  In order to reuse part or all of the incomplete factorization
from smoother "IFPACK", you must also specify the smoother options
"reuse numeric factorization" and/or "reuse symbolic factorization".
Not doing so  may result in memory leaks or crashes.

Amesos (level 1) : NumGlobalRows = 1156
Amesos (level 1) : NumGlobalNonzeros = 31213
Amesos (level 1) : Fill-in = 2.33571 %
Amesos (level 1) : Building KLU
Amesos (level 1) : Time for factorization  = 0.0102069 (s)


Cumulative timing for construction so far: 
- for initial setup   = 0.00311589 (s)
- for hierarchy setup = 0.0183201 (s)
- for smoothers setup = 1.3845 (s)
- for coarse setup    = 0.0377617 (s)
- for final setup     = 0.000156164 (s)
------------------------------------------------------------------------------
  
  		*******************************************************
  		***** Problem: Epetra::CrsMatrix
  		***** Preconditioned GMRES solution
  		***** ML (L=2, IFPACK_pre0/IFPACK_post0, ~/Amesos_KLU_1)
  		***** No scaling
  		*******************************************************
  
                  iter:    0           residual = 1.000000e+00
                  iter:    1           residual = 6.549406e-01
  
  
  		Solution time: 0.020068 (sec.)
  		total iterations: 1
  
Field       Average         Maximum (@IP)   Minimum (@IP)  
UX          2.66433440e+00  5.42292753e+02  -4.81786860e+02
UY          2.51630598e+01  5.02793476e+02  -5.50100269e+02
PRESSURE    -9.12769179e+03 1.61582608e+05  -8.38324643e+04
TEMPERATURE 1.81485334e+01  6.92580811e+01  -1.32791426e+00

************************************************************************
-- Backtrack Line Search -- 
  1: step = 1.000e+00 old f = 6.224e+04 new f = 3.707e+06
Field       Average         Maximum (@IP)   Minimum (@IP)  
UX          3.31655759e+00  4.38325229e+02  -2.24053817e+02
UY          3.10011986e+01  4.45722671e+02  -2.63942165e+02
PRESSURE    -1.32612489e+04 1.63112763e+05  -8.72975235e+04
TEMPERATURE 1.76175724e+01  6.83182655e+01  3.22839707e-02 
  2: step = 5.000e-01 old f = 6.224e+04 new f = 2.681e+05
Field       Average         Maximum (@IP)   Minimum (@IP)  
UX          3.64266918e+00  4.36186951e+02  -1.80028620e+02
UY          3.39202679e+01  4.46289944e+02  -1.55334216e+02
PRESSURE    -1.53280274e+04 1.63904169e+05  -8.90300531e+04
TEMPERATURE 1.73520920e+01  6.78483578e+01  -1.14269019e-01
  3: step = 2.500e-01 old f = 6.224e+04 new f = 6.055e+04 (STEP ACCEPTED!)
************************************************************************

************************************************************************
-- Status Test Results --
**...........OR Combination -> 
  **...........AND Combination -> 
    **...........F-Norm = 3.480e+02 < 1.000e-04
                 (Unscaled Two-Norm, Absolute Tolerance)
    **...........WRMS-Norm = 1.100e+06 < 1
                 (Min Step Size:  2.500e-01 >= 0.1)
  **...........Number of Iterations = 4 < 200
  **...........Finite Number Check (Two-Norm F) = Finite
************************************************************************

************************************************************************
-- Nonlinear Solver Step 4 -- 
||F|| = 3.480e+02  step = 2.500e-01  dx = 2.624e+07
************************************************************************

       CALCULATING FORCING TERM
       Method: Type 2
       Forcing Term Norm: Using L-2 Norm.
       Residual Norm k-1 =             353
       Residual Norm k =               348
       Calculated eta_k (pre-bounds) = 0.882
       Forcing Term: 0.882
------------------------------------------------------------------------------
Re-computing the preconditioner...
Time to re-build the hierarchy = 0.00779605 (s)
Number of actual levels : 2

Smoother (level 0) : # global rows = 10404, # estim. global nnz = 364816, # nnz per row = 35.06
Smoother (level 0) : IFPACK, type=`ILU',
Smoother (level 0) : both,overlap=1
Smoother (level 0) : level-of-fill=5,rel. threshold=1,abs. threshold=0
Smoother (level 0) : Setup time : 0.340825 (s)

WARNING **********************************************************************
You have requested to keep the finest level smoother from a previous
solve.  In order to reuse part or all of the incomplete factorization
from smoother "IFPACK", you must also specify the smoother options
"reuse numeric factorization" and/or "reuse symbolic factorization".
Not doing so  may result in memory leaks or crashes.

Amesos (level 1) : NumGlobalRows = 1156
Amesos (level 1) : NumGlobalNonzeros = 31213
Amesos (level 1) : Fill-in = 2.33571 %
Amesos (level 1) : Building KLU
Amesos (level 1) : Time for factorization  = 0.010195 (s)


Cumulative timing for construction so far: 
- for initial setup   = 0.00311589 (s)
- for hierarchy setup = 0.0183272 (s)
- for smoothers setup = 1.72532 (s)
- for coarse setup    = 0.0482576 (s)
- for final setup     = 0.000160217 (s)
------------------------------------------------------------------------------
  
  		*******************************************************
  		***** Problem: Epetra::CrsMatrix
  		***** Preconditioned GMRES solution
  		***** ML (L=2, IFPACK_pre0/IFPACK_post0, ~/Amesos_KLU_1)
  		***** No scaling
  		*******************************************************
  
                  iter:    0           residual = 1.000000e+00
                  iter:    4           residual = 8.751279e-01
  
  
  		Solution time: 0.048873 (sec.)
  		total iterations: 4
  
Field       Average         Maximum (@IP)   Minimum (@IP)  
UX          1.79941232e+00  4.22658537e+02  -1.75193415e+02
UY          3.12686252e+01  4.27486067e+02  -1.87116503e+02
PRESSURE    -3.30552768e+04 1.53013067e+05  -1.14825827e+05
TEMPERATURE 1.87881689e+01  6.86189407e+01  5.71032354e-02 

************************************************************************
-- Backtrack Line Search -- 
  1: step = 1.000e+00 old f = 6.055e+04 new f = 4.932e+04 (STEP ACCEPTED!)
************************************************************************

************************************************************************
-- Status Test Results --
**...........OR Combination -> 
  **...........AND Combination -> 
    **...........F-Norm = 3.141e+02 < 1.000e-04
                 (Unscaled Two-Norm, Absolute Tolerance)
    **...........WRMS-Norm = 2.296e+06 < 1
                 (Min Step Size:  1.000e+00 >= 0.1)
  **...........Number of Iterations = 5 < 200
  **...........Finite Number Check (Two-Norm F) = Finite
************************************************************************

************************************************************************
-- Nonlinear Solver Step 5 -- 
||F|| = 3.141e+02  step = 1.000e+00  dx = 2.382e+07
************************************************************************

       CALCULATING FORCING TERM
       Method: Type 2
       Forcing Term Norm: Using L-2 Norm.
       Residual Norm k-1 =             348
       Residual Norm k =               314
       Calculated eta_k (pre-bounds) = 0.772
       Forcing Term: 0.772
------------------------------------------------------------------------------
Re-computing the preconditioner...
Time to re-build the hierarchy = 0.00778913 (s)
Number of actual levels : 2

Smoother (level 0) : # global rows = 10404, # estim. global nnz = 364816, # nnz per row = 35.06
Smoother (level 0) : IFPACK, type=`ILU',
Smoother (level 0) : both,overlap=1
Smoother (level 0) : level-of-fill=5,rel. threshold=1,abs. threshold=0
Smoother (level 0) : Setup time : 0.342692 (s)

WARNING **********************************************************************
You have requested to keep the finest level smoother from a previous
solve.  In order to reuse part or all of the incomplete factorization
from smoother "IFPACK", you must also specify the smoother options
"reuse numeric factorization" and/or "reuse symbolic factorization".
Not doing so  may result in memory leaks or crashes.

Amesos (level 1) : NumGlobalRows = 1156
Amesos (level 1) : NumGlobalNonzeros = 31213
Amesos (level 1) : Fill-in = 2.33571 %
Amesos (level 1) : Building KLU
Amesos (level 1) : Time for factorization  = 0.0101931 (s)


Cumulative timing for construction so far: 
- for initial setup   = 0.00311589 (s)
- for hierarchy setup = 0.0183344 (s)
- for smoothers setup = 2.06801 (s)
- for coarse setup    = 0.0587478 (s)
- for final setup     = 0.00016427 (s)
------------------------------------------------------------------------------
  
  		*******************************************************
  		***** Problem: Epetra::CrsMatrix
  		***** Preconditioned GMRES solution
  		***** ML (L=2, IFPACK_pre0/IFPACK_post0, ~/Amesos_KLU_1)
  		***** No scaling
  		*******************************************************
  
                  iter:    0           residual = 1.000000e+00
                  iter:    2           residual = 5.579515e-01
  
  
  		Solution time: 0.029616 (sec.)
  		total iterations: 2
  
Field       Average         Maximum (@IP)   Minimum (@IP)  
UX          -3.80062405e+00 3.47935101e+02  -2.19489087e+02
UY          2.69167415e+01  3.83090717e+02  -3.12303319e+02
PRESSURE    6.53123996e+03  1.91027641e+05  -9.00265489e+04
TEMPERATURE 2.19429857e+01  7.04167733e+01  1.26486568e-01 

************************************************************************
-- Backtrack Line Search -- 
  1: step = 1.000e+00 old f = 4.932e+04 new f = 3.200e+05
Field       Average         Maximum (@IP)   Minimum (@IP)  
UX          -1.00060587e+00 3.75168033e+02  -1.64781655e+02
UY          2.90926834e+01  4.00120814e+02  -1.94097965e+02
PRESSURE    -1.32620184e+04 1.71981649e+05  -1.02426188e+05
TEMPERATURE 2.03655773e+01  6.95178570e+01  9.17949019e-02 
  2: step = 5.000e-01 old f = 4.932e+04 new f = 4.279e+04 (STEP ACCEPTED!)
************************************************************************

************************************************************************
-- Status Test Results --
**...........OR Combination -> 
  **...........AND Combination -> 
    **...........F-Norm = 2.925e+02 < 1.000e-04
                 (Unscaled Two-Norm, Absolute Tolerance)
    **...........WRMS-Norm = 5.770e+06 < 1
                 (Min Step Size:  5.000e-01 >= 0.1)
  **...........Number of Iterations = 6 < 200
  **...........Finite Number Check (Two-Norm F) = Finite
************************************************************************

************************************************************************
-- Nonlinear Solver Step 6 -- 
||F|| = 2.925e+02  step = 5.000e-01  dx = 5.605e+07
************************************************************************

       CALCULATING FORCING TERM
       Method: Type 2
       Forcing Term Norm: Using L-2 Norm.
       Residual Norm k-1 =             314
       Residual Norm k =               293
       Calculated eta_k (pre-bounds) = 0.809
       Forcing Term: 0.809
------------------------------------------------------------------------------
Re-computing the preconditioner...
Time to re-build the hierarchy = 0.00781178 (s)
Number of actual levels : 2

Smoother (level 0) : # global rows = 10404, # estim. global nnz = 364816, # nnz per row = 35.06
Smoother (level 0) : IFPACK, type=`ILU',
Smoother (level 0) : both,overlap=1
Smoother (level 0) : level-of-fill=5,rel. threshold=1,abs. threshold=0
Smoother (level 0) : Setup time : 0.345495 (s)

WARNING **********************************************************************
You have requested to keep the finest level smoother from a previous
solve.  In order to reuse part or all of the incomplete factorization
from smoother "IFPACK", you must also specify the smoother options
"reuse numeric factorization" and/or "reuse symbolic factorization".
Not doing so  may result in memory leaks or crashes.

Amesos (level 1) : NumGlobalRows = 1156
Amesos (level 1) : NumGlobalNonzeros = 31213
Amesos (level 1) : Fill-in = 2.33571 %
Amesos (level 1) : Building KLU
Amesos (level 1) : Time for factorization  = 0.0102088 (s)


Cumulative timing for construction so far: 
- for initial setup   = 0.00311589 (s)
- for hierarchy setup = 0.0183413 (s)
- for smoothers setup = 2.41351 (s)
- for coarse setup    = 0.0692587 (s)
- for final setup     = 0.000169277 (s)
------------------------------------------------------------------------------
  
  		*******************************************************
  		***** Problem: Epetra::CrsMatrix
  		***** Preconditioned GMRES solution
  		***** ML (L=2, IFPACK_pre0/IFPACK_post0, ~/Amesos_KLU_1)
  		***** No scaling
  		*******************************************************
  
                  iter:    0           residual = 1.000000e+00
                  iter:    2           residual = 3.395465e-01
  
  
  		Solution time: 0.029773 (sec.)
  		total iterations: 2
  
Field       Average         Maximum (@IP)   Minimum (@IP)  
UX          9.98846683e+00  3.76867711e+02  -1.40960645e+02
UY          1.93075921e+01  3.65204394e+02  -2.92792878e+02
PRESSURE    -5.13390598e+03 1.91845773e+05  -9.65614629e+04
TEMPERATURE 2.12188383e+01  7.08917916e+01  1.52502324e-01 

************************************************************************
-- Backtrack Line Search -- 
  1: step = 1.000e+00 old f = 4.279e+04 new f = 2.280e+05
Field       Average         Maximum (@IP)   Minimum (@IP)  
UX          4.49393048e+00  3.73847506e+02  -1.47463806e+02
UY          2.42001377e+01  3.82413577e+02  -1.80111700e+02
PRESSURE    -9.19796219e+03 1.81913711e+05  -9.94938255e+04
TEMPERATURE 2.07922078e+01  7.02048243e+01  1.22148613e-01 
  2: step = 5.000e-01 old f = 4.279e+04 new f = 3.048e+04 (STEP ACCEPTED!)
************************************************************************

************************************************************************
-- Status Test Results --
**...........OR Combination -> 
  **...........AND Combination -> 
    **...........F-Norm = 2.469e+02 < 1.000e-04
                 (Unscaled Two-Norm, Absolute Tolerance)
    **...........WRMS-Norm = 1.551e+07 < 1
                 (Min Step Size:  5.000e-01 >= 0.1)
  **...........Number of Iterations = 7 < 200
  **...........Finite Number Check (Two-Norm F) = Finite
************************************************************************

************************************************************************
-- Nonlinear Solver Step 7 -- 
||F|| = 2.469e+02  step = 5.000e-01  dx = 1.391e+07
************************************************************************

       CALCULATING FORCING TERM
       Method: Type 2
       Forcing Term Norm: Using L-2 Norm.
       Residual Norm k-1 =             293
       Residual Norm k =               247
       Calculated eta_k (pre-bounds) = 0.698
       Forcing Term: 0.774
------------------------------------------------------------------------------
Re-computing the preconditioner...
Time to re-build the hierarchy = 0.00778198 (s)
Number of actual levels : 2

Smoother (level 0) : # global rows = 10404, # estim. global nnz = 364816, # nnz per row = 35.06
Smoother (level 0) : IFPACK, type=`ILU',
Smoother (level 0) : both,overlap=1
Smoother (level 0) : level-of-fill=5,rel. threshold=1,abs. threshold=0
Smoother (level 0) : Setup time : 0.372242 (s)

WARNING **********************************************************************
You have requested to keep the finest level smoother from a previous
solve.  In order to reuse part or all of the incomplete factorization
from smoother "IFPACK", you must also specify the smoother options
"reuse numeric factorization" and/or "reuse symbolic factorization".
Not doing so  may result in memory leaks or crashes.

Amesos (level 1) : NumGlobalRows = 1156
Amesos (level 1) : NumGlobalNonzeros = 31213
Amesos (level 1) : Fill-in = 2.33571 %
Amesos (level 1) : Building KLU
Amesos (level 1) : Time for factorization  = 0.0101979 (s)


Cumulative timing for construction so far: 
- for initial setup   = 0.00311589 (s)
- for hierarchy setup = 0.0183473 (s)
- for smoothers setup = 2.78575 (s)
- for coarse setup    = 0.0797706 (s)
- for final setup     = 0.00017333 (s)
------------------------------------------------------------------------------
  
  		*******************************************************
  		***** Problem: Epetra::CrsMatrix
  		***** Preconditioned GMRES solution
  		***** ML (L=2, IFPACK_pre0/IFPACK_post0, ~/Amesos_KLU_1)
  		***** No scaling
  		*******************************************************
  
                  iter:    0           residual = 1.000000e+00
                  iter:    1           residual = 2.624466e-01
  
  
  		Solution time: 0.020351 (sec.)
  		total iterations: 1
  
Field       Average         Maximum (@IP)   Minimum (@IP)  
UX          3.92094037e+00  3.33206199e+02  -1.10754704e+02
UY          1.85188138e+01  3.67132136e+02  -1.39697344e+02
PRESSURE    -3.25733329e+03 1.79719944e+05  -8.33701988e+04
TEMPERATURE 2.05026960e+01  7.09895769e+01  1.29278856e-01 

************************************************************************
-- Backtrack Line Search -- 
  1: step = 1.000e+00 old f = 3.048e+04 new f = 2.096e+04 (STEP ACCEPTED!)
************************************************************************

************************************************************************
-- Status Test Results --
**...........OR Combination -> 
  **...........AND Combination -> 
    **...........F-Norm = 2.048e+02 < 1.000e-04
                 (Unscaled Two-Norm, Absolute Tolerance)
    **...........WRMS-Norm = 2.953e+06 < 1
                 (Min Step Size:  1.000e+00 >= 0.1)
  **...........Number of Iterations = 8 < 200
  **...........Finite Number Check (Two-Norm F) = Finite
************************************************************************

************************************************************************
-- Nonlinear Solver Step 8 -- 
||F|| = 2.048e+02  step = 1.000e+00  dx = 1.168e+07
************************************************************************

       CALCULATING FORCING TERM
       Method: Type 2
       Forcing Term Norm: Using L-2 Norm.
       Residual Norm k-1 =             247
       Residual Norm k =               205
       Calculated eta_k (pre-bounds) = 0.68
       Forcing Term: 0.68
------------------------------------------------------------------------------
Re-computing the preconditioner...
Time to re-build the hierarchy = 0.00777292 (s)
Number of actual levels : 2

Smoother (level 0) : # global rows = 10404, # estim. global nnz = 364816, # nnz per row = 35.06
Smoother (level 0) : IFPACK, type=`ILU',
Smoother (level 0) : both,overlap=1
Smoother (level 0) : level-of-fill=5,rel. threshold=1,abs. threshold=0
Smoother (level 0) : Setup time : 0.343373 (s)

WARNING **********************************************************************
You have requested to keep the finest level smoother from a previous
solve.  In order to reuse part or all of the incomplete factorization
from smoother "IFPACK", you must also specify the smoother options
"reuse numeric factorization" and/or "reuse symbolic factorization".
Not doing so  may result in memory leaks or crashes.

Amesos (level 1) : NumGlobalRows = 1156
Amesos (level 1) : NumGlobalNonzeros = 31213
Amesos (level 1) : Fill-in = 2.33571 %
Amesos (level 1) : Building KLU
Amesos (level 1) : Time for factorization  = 0.0102079 (s)


Cumulative timing for construction so far: 
- for initial setup   = 0.00311589 (s)
- for hierarchy setup = 0.0183542 (s)
- for smoothers setup = 3.12912 (s)
- for coarse setup    = 0.0902736 (s)
- for final setup     = 0.000178337 (s)
------------------------------------------------------------------------------
  
  		*******************************************************
  		***** Problem: Epetra::CrsMatrix
  		***** Preconditioned GMRES solution
  		***** ML (L=2, IFPACK_pre0/IFPACK_post0, ~/Amesos_KLU_1)
  		***** No scaling
  		*******************************************************
  
                  iter:    0           residual = 1.000000e+00
                  iter:    1           residual = 1.950737e-01
  
  
  		Solution time: 0.020176 (sec.)
  		total iterations: 1
  
Field       Average         Maximum (@IP)   Minimum (@IP)  
UX          3.12000533e+00  3.13711981e+02  -9.15781187e+01
UY          1.52639255e+01  3.34706688e+02  -1.44331841e+02
PRESSURE    3.06836034e+04  2.08155492e+05  -4.14301766e+04
TEMPERATURE 1.96802502e+01  7.10282797e+01  1.10781677e-01 

************************************************************************
-- Backtrack Line Search -- 
  1: step = 1.000e+00 old f = 2.096e+04 new f = 5.864e+03 (STEP ACCEPTED!)
************************************************************************

************************************************************************
-- Status Test Results --
**...........OR Combination -> 
  **...........AND Combination -> 
    **...........F-Norm = 1.083e+02 < 1.000e-04
                 (Unscaled Two-Norm, Absolute Tolerance)
    **...........WRMS-Norm = 5.354e+06 < 1
                 (Min Step Size:  1.000e+00 >= 0.1)
  **...........Number of Iterations = 9 < 200
  **...........Finite Number Check (Two-Norm F) = Finite
************************************************************************

************************************************************************
-- Nonlinear Solver Step 9 -- 
||F|| = 1.083e+02  step = 1.000e+00  dx = 4.447e+07
************************************************************************

       CALCULATING FORCING TERM
       Method: Type 2
       Forcing Term Norm: Using L-2 Norm.
       Residual Norm k-1 =             205
       Residual Norm k =               108
       Calculated eta_k (pre-bounds) = 0.346
       Forcing Term: 0.504
------------------------------------------------------------------------------
Re-computing the preconditioner...
Time to re-build the hierarchy = 0.00776815 (s)
Number of actual levels : 2

Smoother (level 0) : # global rows = 10404, # estim. global nnz = 364816, # nnz per row = 35.06
Smoother (level 0) : IFPACK, type=`ILU',
Smoother (level 0) : both,overlap=1
Smoother (level 0) : level-of-fill=5,rel. threshold=1,abs. threshold=0
Smoother (level 0) : Setup time : 0.343415 (s)

WARNING **********************************************************************
You have requested to keep the finest level smoother from a previous
solve.  In order to reuse part or all of the incomplete factorization
from smoother "IFPACK", you must also specify the smoother options
"reuse numeric factorization" and/or "reuse symbolic factorization".
Not doing so  may result in memory leaks or crashes.

Amesos (level 1) : NumGlobalRows = 1156
Amesos (level 1) : NumGlobalNonzeros = 31213
Amesos (level 1) : Fill-in = 2.33571 %
Amesos (level 1) : Building KLU
Amesos (level 1) : Time for factorization  = 0.0105271 (s)


Cumulative timing for construction so far: 
- for initial setup   = 0.00311589 (s)
- for hierarchy setup = 0.0183613 (s)
- for smoothers setup = 3.47254 (s)
- for coarse setup    = 0.101112 (s)
- for final setup     = 0.00018239 (s)
------------------------------------------------------------------------------
  
  		*******************************************************
  		***** Problem: Epetra::CrsMatrix
  		***** Preconditioned GMRES solution
  		***** ML (L=2, IFPACK_pre0/IFPACK_post0, ~/Amesos_KLU_1)
  		***** No scaling
  		*******************************************************
  
                  iter:    0           residual = 1.000000e+00
                  iter:    1           residual = 1.683111e-01
  
  
  		Solution time: 0.020245 (sec.)
  		total iterations: 1
  
Field       Average         Maximum (@IP)   Minimum (@IP)  
UX          1.42436421e+00  2.99165414e+02  -7.02426387e+01
UY          1.30585719e+01  3.18815701e+02  -1.42745283e+02
PRESSURE    5.15372681e+04  2.23937694e+05  -1.41910263e+04
TEMPERATURE 1.87621900e+01  7.10097003e+01  9.64065169e-02 

************************************************************************
-- Backtrack Line Search -- 
  1: step = 1.000e+00 old f = 5.864e+03 new f = 2.971e+03 (STEP ACCEPTED!)
************************************************************************

************************************************************************
-- Status Test Results --
**...........OR Combination -> 
  **...........AND Combination -> 
    **...........F-Norm = 7.709e+01 < 1.000e-04
                 (Unscaled Two-Norm, Absolute Tolerance)
    **...........WRMS-Norm = 3.473e+06 < 1
                 (Min Step Size:  1.000e+00 >= 0.1)
  **...........Number of Iterations = 10 < 200
  **...........Finite Number Check (Two-Norm F) = Finite
************************************************************************

************************************************************************
-- Nonlinear Solver Step 10 -- 
||F|| = 7.709e+01  step = 1.000e+00  dx = 2.739e+07
************************************************************************

       CALCULATING FORCING TERM
       Method: Type 2
       Forcing Term Norm: Using L-2 Norm.
       Residual Norm k-1 =             108
       Residual Norm k =               77.1
       Calculated eta_k (pre-bounds) = 0.541
       Forcing Term: 0.541
------------------------------------------------------------------------------
Re-computing the preconditioner...
Time to re-build the hierarchy = 0.00792694 (s)
Number of actual levels : 2

Smoother (level 0) : # global rows = 10404, # estim. global nnz = 364816, # nnz per row = 35.06
Smoother (level 0) : IFPACK, type=`ILU',
Smoother (level 0) : both,overlap=1
Smoother (level 0) : level-of-fill=5,rel. threshold=1,abs. threshold=0
Smoother (level 0) : Setup time : 0.341707 (s)

WARNING **********************************************************************
You have requested to keep the finest level smoother from a previous
solve.  In order to reuse part or all of the incomplete factorization
from smoother "IFPACK", you must also specify the smoother options
"reuse numeric factorization" and/or "reuse symbolic factorization".
Not doing so  may result in memory leaks or crashes.

Amesos (level 1) : NumGlobalRows = 1156
Amesos (level 1) : NumGlobalNonzeros = 31213
Amesos (level 1) : Fill-in = 2.33571 %
Amesos (level 1) : Building KLU
Amesos (level 1) : Time for factorization  = 0.0102201 (s)


Cumulative timing for construction so far: 
- for initial setup   = 0.00311589 (s)
- for hierarchy setup = 0.0183682 (s)
- for smoothers setup = 3.81425 (s)
- for coarse setup    = 0.111627 (s)
- for final setup     = 0.000186205 (s)
------------------------------------------------------------------------------
  
  		*******************************************************
  		***** Problem: Epetra::CrsMatrix
  		***** Preconditioned GMRES solution
  		***** ML (L=2, IFPACK_pre0/IFPACK_post0, ~/Amesos_KLU_1)
  		***** No scaling
  		*******************************************************
  
                  iter:    0           residual = 1.000000e+00
                  iter:    1           residual = 8.170265e-02
  
  
  		Solution time: 0.020242 (sec.)
  		total iterations: 1
  
Field       Average         Maximum (@IP)   Minimum (@IP)  
UX          -2.51749487e-01 2.94695904e+02  -6.16603280e+01
UY          1.30481655e+01  3.20174857e+02  -1.40305273e+02
PRESSURE    6.42214893e+04  2.34399862e+05  -1.85137120e+03
TEMPERATURE 1.83762889e+01  7.10005720e+01  8.78152242e-02 

************************************************************************
-- Backtrack Line Search -- 
  1: step = 1.000e+00 old f = 2.971e+03 new f = 2.887e+02 (STEP ACCEPTED!)
************************************************************************

************************************************************************
-- Status Test Results --
**...........OR Combination -> 
  **...........AND Combination -> 
    **...........F-Norm = 2.403e+01 < 1.000e-04
                 (Unscaled Two-Norm, Absolute Tolerance)
    **...........WRMS-Norm = 2.682e+06 < 1
                 (Min Step Size:  1.000e+00 >= 0.1)
  **...........Number of Iterations = 11 < 200
  **...........Finite Number Check (Two-Norm F) = Finite
************************************************************************

************************************************************************
-- Nonlinear Solver Step 11 -- 
||F|| = 2.403e+01  step = 1.000e+00  dx = 1.656e+07
************************************************************************

       CALCULATING FORCING TERM
       Method: Type 2
       Forcing Term Norm: Using L-2 Norm.
       Residual Norm k-1 =             77.1
       Residual Norm k =               24
       Calculated eta_k (pre-bounds) = 0.157
       Forcing Term: 0.358
------------------------------------------------------------------------------
Re-computing the preconditioner...
Time to re-build the hierarchy = 0.00777411 (s)
Number of actual levels : 2

Smoother (level 0) : # global rows = 10404, # estim. global nnz = 364816, # nnz per row = 35.06
Smoother (level 0) : IFPACK, type=`ILU',
Smoother (level 0) : both,overlap=1
Smoother (level 0) : level-of-fill=5,rel. threshold=1,abs. threshold=0
Smoother (level 0) : Setup time : 0.342 (s)

WARNING **********************************************************************
You have requested to keep the finest level smoother from a previous
solve.  In order to reuse part or all of the incomplete factorization
from smoother "IFPACK", you must also specify the smoother options
"reuse numeric factorization" and/or "reuse symbolic factorization".
Not doing so  may result in memory leaks or crashes.

Amesos (level 1) : NumGlobalRows = 1156
Amesos (level 1) : NumGlobalNonzeros = 31213
Amesos (level 1) : Fill-in = 2.33571 %
Amesos (level 1) : Building KLU
Amesos (level 1) : Time for factorization  = 0.010205 (s)


Cumulative timing for construction so far: 
- for initial setup   = 0.00311589 (s)
- for hierarchy setup = 0.0183742 (s)
- for smoothers setup = 4.15625 (s)
- for coarse setup    = 0.122135 (s)
- for final setup     = 0.000190258 (s)
------------------------------------------------------------------------------
  
  		*******************************************************
  		***** Problem: Epetra::CrsMatrix
  		***** Preconditioned GMRES solution
  		***** ML (L=2, IFPACK_pre0/IFPACK_post0, ~/Amesos_KLU_1)
  		***** No scaling
  		*******************************************************
  
                  iter:    0           residual = 1.000000e+00
                  iter:    1           residual = 9.646593e-02
  
  
  		Solution time: 0.020145 (sec.)
  		total iterations: 1
  
Field       Average         Maximum (@IP)   Minimum (@IP)  
UX          -1.13041132e-01 2.93150972e+02  -6.37655000e+01
UY          1.31428338e+01  3.20432638e+02  -1.36101829e+02
PRESSURE    6.60295693e+04  2.35384570e+05  6.19234604e+02 
TEMPERATURE 1.81325674e+01  7.09954798e+01  8.65836861e-02 

************************************************************************
-- Backtrack Line Search -- 
  1: step = 1.000e+00 old f = 2.887e+02 new f = 4.923e+00 (STEP ACCEPTED!)
************************************************************************

************************************************************************
-- Status Test Results --
**...........OR Combination -> 
  **...........AND Combination -> 
    **...........F-Norm = 3.138e+00 < 1.000e-04
                 (Unscaled Two-Norm, Absolute Tolerance)
    **...........WRMS-Norm = 1.228e+06 < 1
                 (Min Step Size:  1.000e+00 >= 0.1)
  **...........Number of Iterations = 12 < 200
  **...........Finite Number Check (Two-Norm F) = Finite
************************************************************************

************************************************************************
-- Nonlinear Solver Step 12 -- 
||F|| = 3.138e+00  step = 1.000e+00  dx = 2.637e+06
************************************************************************

       CALCULATING FORCING TERM
       Method: Type 2
       Forcing Term Norm: Using L-2 Norm.
       Residual Norm k-1 =             24
       Residual Norm k =               3.14
       Calculated eta_k (pre-bounds) = 0.0425
       Forcing Term: 0.193
------------------------------------------------------------------------------
Re-computing the preconditioner...
Time to re-build the hierarchy = 0.00788021 (s)
Number of actual levels : 2

Smoother (level 0) : # global rows = 10404, # estim. global nnz = 364816, # nnz per row = 35.06
Smoother (level 0) : IFPACK, type=`ILU',
Smoother (level 0) : both,overlap=1
Smoother (level 0) : level-of-fill=5,rel. threshold=1,abs. threshold=0
Smoother (level 0) : Setup time : 0.35522 (s)

WARNING **********************************************************************
You have requested to keep the finest level smoother from a previous
solve.  In order to reuse part or all of the incomplete factorization
from smoother "IFPACK", you must also specify the smoother options
"reuse numeric factorization" and/or "reuse symbolic factorization".
Not doing so  may result in memory leaks or crashes.

Amesos (level 1) : NumGlobalRows = 1156
Amesos (level 1) : NumGlobalNonzeros = 31213
Amesos (level 1) : Fill-in = 2.33571 %
Amesos (level 1) : Building KLU
Amesos (level 1) : Time for factorization  = 0.0102119 (s)


Cumulative timing for construction so far: 
- for initial setup   = 0.00311589 (s)
- for hierarchy setup = 0.0183811 (s)
- for smoothers setup = 4.51147 (s)
- for coarse setup    = 0.132644 (s)
- for final setup     = 0.000194311 (s)
------------------------------------------------------------------------------
  
  		*******************************************************
  		***** Problem: Epetra::CrsMatrix
  		***** Preconditioned GMRES solution
  		***** ML (L=2, IFPACK_pre0/IFPACK_post0, ~/Amesos_KLU_1)
  		***** No scaling
  		*******************************************************
  
                  iter:    0           residual = 1.000000e+00
                  iter:    2           residual = 1.653430e-01
  
  
  		Solution time: 0.029579 (sec.)
  		total iterations: 2
  
Field       Average         Maximum (@IP)   Minimum (@IP)  
UX          -1.73565901e-01 2.94472042e+02  -6.34488306e+01
UY          1.32965185e+01  3.22211491e+02  -1.34841156e+02
PRESSURE    6.46545190e+04  2.32913115e+05  4.85045759e+02 
TEMPERATURE 1.78641955e+01  7.09896945e+01  8.37821912e-02 

************************************************************************
-- Backtrack Line Search -- 
  1: step = 1.000e+00 old f = 4.923e+00 new f = 1.342e-01 (STEP ACCEPTED!)
************************************************************************

************************************************************************
-- Status Test Results --
**...........OR Combination -> 
  **...........AND Combination -> 
    **...........F-Norm = 5.180e-01 < 1.000e-04
                 (Unscaled Two-Norm, Absolute Tolerance)
    **...........WRMS-Norm = 7.366e+04 < 1
                 (Min Step Size:  1.000e+00 >= 0.1)
  **...........Number of Iterations = 13 < 200
  **...........Finite Number Check (Two-Norm F) = Finite
************************************************************************

************************************************************************
-- Nonlinear Solver Step 13 -- 
||F|| = 5.180e-01  step = 1.000e+00  dx = 2.183e+06
************************************************************************

       CALCULATING FORCING TERM
       Method: Type 2
       Forcing Term Norm: Using L-2 Norm.
       Residual Norm k-1 =             3.14
       Residual Norm k =               0.518
       Calculated eta_k (pre-bounds) = 0.0604
       Forcing Term: 0.0604
------------------------------------------------------------------------------
Re-computing the preconditioner...
Time to re-build the hierarchy = 0.00776196 (s)
Number of actual levels : 2

Smoother (level 0) : # global rows = 10404, # estim. global nnz = 364816, # nnz per row = 35.06
Smoother (level 0) : IFPACK, type=`ILU',
Smoother (level 0) : both,overlap=1
Smoother (level 0) : level-of-fill=5,rel. threshold=1,abs. threshold=0
Smoother (level 0) : Setup time : 0.340517 (s)

WARNING **********************************************************************
You have requested to keep the finest level smoother from a previous
solve.  In order to reuse part or all of the incomplete factorization
from smoother "IFPACK", you must also specify the smoother options
"reuse numeric factorization" and/or "reuse symbolic factorization".
Not doing so  may result in memory leaks or crashes.

Amesos (level 1) : NumGlobalRows = 1156
Amesos (level 1) : NumGlobalNonzeros = 31213
Amesos (level 1) : Fill-in = 2.33571 %
Amesos (level 1) : Building KLU
Amesos (level 1) : Time for factorization  = 0.0102291 (s)


Cumulative timing for construction so far: 
- for initial setup   = 0.00311589 (s)
- for hierarchy setup = 0.0183871 (s)
- for smoothers setup = 4.85198 (s)
- for coarse setup    = 0.143167 (s)
- for final setup     = 0.000198364 (s)
------------------------------------------------------------------------------
  
  		*******************************************************
  		***** Problem: Epetra::CrsMatrix
  		***** Preconditioned GMRES solution
  		***** ML (L=2, IFPACK_pre0/IFPACK_post0, ~/Amesos_KLU_1)
  		***** No scaling
  		*******************************************************
  
                  iter:    0           residual = 1.000000e+00
                  iter:    3           residual = 1.348459e-02
  
  
  		Solution time: 0.039320 (sec.)
  		total iterations: 3
  
Field       Average         Maximum (@IP)   Minimum (@IP)  
UX          -1.81220296e-01 2.95101294e+02  -6.29211313e+01
UY          1.33630886e+01  3.22780734e+02  -1.34561710e+02
PRESSURE    6.35661782e+04  2.31649336e+05  -1.16248995e+02
TEMPERATURE 1.78066205e+01  7.09887102e+01  8.26541549e-02 

************************************************************************
-- Backtrack Line Search -- 
  1: step = 1.000e+00 old f = 1.342e-01 new f = 3.456e-05 (STEP ACCEPTED!)
************************************************************************

************************************************************************
-- Status Test Results --
**...........OR Combination -> 
  **...........AND Combination -> 
    **...........F-Norm = 8.313e-03 < 1.000e-04
                 (Unscaled Two-Norm, Absolute Tolerance)
    **...........WRMS-Norm = 8.802e+04 < 1
                 (Min Step Size:  1.000e+00 >= 0.1)
  **...........Number of Iterations = 14 < 200
  **...........Finite Number Check (Two-Norm F) = Finite
************************************************************************

************************************************************************
-- Nonlinear Solver Step 14 -- 
||F|| = 8.313e-03  step = 1.000e+00  dx = 1.438e+06
************************************************************************

       CALCULATING FORCING TERM
       Method: Type 2
       Forcing Term Norm: Using L-2 Norm.
       Residual Norm k-1 =             0.518
       Residual Norm k =               0.00831
       Calculated eta_k (pre-bounds) = 0.00183
       Forcing Term: 0.00183
------------------------------------------------------------------------------
Re-computing the preconditioner...
Time to re-build the hierarchy = 0.00781202 (s)
Number of actual levels : 2

Smoother (level 0) : # global rows = 10404, # estim. global nnz = 364816, # nnz per row = 35.06
Smoother (level 0) : IFPACK, type=`ILU',
Smoother (level 0) : both,overlap=1
Smoother (level 0) : level-of-fill=5,rel. threshold=1,abs. threshold=0
Smoother (level 0) : Setup time : 0.342567 (s)

WARNING **********************************************************************
You have requested to keep the finest level smoother from a previous
solve.  In order to reuse part or all of the incomplete factorization
from smoother "IFPACK", you must also specify the smoother options
"reuse numeric factorization" and/or "reuse symbolic factorization".
Not doing so  may result in memory leaks or crashes.

Amesos (level 1) : NumGlobalRows = 1156
Amesos (level 1) : NumGlobalNonzeros = 31213
Amesos (level 1) : Fill-in = 2.33571 %
Amesos (level 1) : Building KLU
Amesos (level 1) : Time for factorization  = 0.010242 (s)


Cumulative timing for construction so far: 
- for initial setup   = 0.00311589 (s)
- for hierarchy setup = 0.018393 (s)
- for smoothers setup = 5.19455 (s)
- for coarse setup    = 0.15372 (s)
- for final setup     = 0.000203371 (s)
------------------------------------------------------------------------------
  
  		*******************************************************
  		***** Problem: Epetra::CrsMatrix
  		***** Preconditioned GMRES solution
  		***** ML (L=2, IFPACK_pre0/IFPACK_post0, ~/Amesos_KLU_1)
  		***** No scaling
  		*******************************************************
  
                  iter:    0           residual = 1.000000e+00
                  iter:    5           residual = 1.212722e-03
  
  
  		Solution time: 0.057848 (sec.)
  		total iterations: 5
  
Field       Average         Maximum (@IP)   Minimum (@IP)  
UX          -1.80257694e-01 2.95111328e+02  -6.29208425e+01
UY          1.33639853e+01  3.22787390e+02  -1.34566328e+02
PRESSURE    6.35431415e+04  2.31630873e+05  -1.35627341e+02
TEMPERATURE 1.78072757e+01  7.09887317e+01  8.26578840e-02 

************************************************************************
-- Backtrack Line Search -- 
  1: step = 1.000e+00 old f = 3.456e-05 new f = 7.213e-11 (STEP ACCEPTED!)
************************************************************************

************************************************************************
-- Status Test Results --
**...........OR Combination -> 
  **...........AND Combination -> 
    Converged....F-Norm = 1.201e-05 < 1.000e-04
                 (Unscaled Two-Norm, Absolute Tolerance)
    **...........WRMS-Norm = 8.394e+02 < 1
                 (Min Step Size:  1.000e+00 >= 0.1)
  **...........Number of Iterations = 15 < 200
  **...........Finite Number Check (Two-Norm F) = Finite
************************************************************************

************************************************************************
-- Nonlinear Solver Step 15 -- 
||F|| = 1.201e-05  step = 1.000e+00  dx = 2.992e+04
************************************************************************

       CALCULATING FORCING TERM
       Method: Type 2
       Forcing Term Norm: Using L-2 Norm.
       Residual Norm k-1 =             0.00831
       Residual Norm k =               1.2e-05
       Calculated eta_k (pre-bounds) = 4.94e-05
       Forcing Term: 0.0001
------------------------------------------------------------------------------
Re-computing the preconditioner...
Time to re-build the hierarchy = 0.00774217 (s)
Number of actual levels : 2

Smoother (level 0) : # global rows = 10404, # estim. global nnz = 364816, # nnz per row = 35.06
Smoother (level 0) : IFPACK, type=`ILU',
Smoother (level 0) : both,overlap=1
Smoother (level 0) : level-of-fill=5,rel. threshold=1,abs. threshold=0
Smoother (level 0) : Setup time : 0.341052 (s)

WARNING **********************************************************************
You have requested to keep the finest level smoother from a previous
solve.  In order to reuse part or all of the incomplete factorization
from smoother "IFPACK", you must also specify the smoother options
"reuse numeric factorization" and/or "reuse symbolic factorization".
Not doing so  may result in memory leaks or crashes.

Amesos (level 1) : NumGlobalRows = 1156
Amesos (level 1) : NumGlobalNonzeros = 31213
Amesos (level 1) : Fill-in = 2.33571 %
Amesos (level 1) : Building KLU
Amesos (level 1) : Time for factorization  = 0.010211 (s)


Cumulative timing for construction so far: 
- for initial setup   = 0.00311589 (s)
- for hierarchy setup = 0.0184002 (s)
- for smoothers setup = 5.5356 (s)
- for coarse setup    = 0.164227 (s)
- for final setup     = 0.000208378 (s)
------------------------------------------------------------------------------
  
  		*******************************************************
  		***** Problem: Epetra::CrsMatrix
  		***** Preconditioned GMRES solution
  		***** ML (L=2, IFPACK_pre0/IFPACK_post0, ~/Amesos_KLU_1)
  		***** No scaling
  		*******************************************************
  
                  iter:    0           residual = 1.000000e+00
                  iter:    7           residual = 2.190239e-05
  
  
  		Solution time: 0.077528 (sec.)
  		total iterations: 7
  
Field       Average         Maximum (@IP)   Minimum (@IP)  
UX          -1.80256984e-01 2.95111324e+02  -6.29208413e+01
UY          1.33639855e+01  3.22787389e+02  -1.34566329e+02
PRESSURE    6.35431384e+04  2.31630873e+05  -1.35630963e+02
TEMPERATURE 1.78072761e+01  7.09887317e+01  8.26578889e-02 

************************************************************************
-- Backtrack Line Search -- 
  1: step = 1.000e+00 old f = 7.213e-11 new f = 3.460e-20 (STEP ACCEPTED!)
************************************************************************


************************************************************************
-- Nonlinear Solver Step 16 -- 
||F|| = 2.631e-10  step = 1.000e+00  dx = 4.347e+00 (Converged!)
************************************************************************

************************************************************************
-- Final Status Test Results --
Converged....OR Combination -> 
  Converged....AND Combination -> 
    Converged....F-Norm = 2.631e-10 < 1.000e-04
                 (Unscaled Two-Norm, Absolute Tolerance)
    Converged....WRMS-Norm = 2.103e-01 < 1
                 (Min Step Size:  1.000e+00 >= 0.1)
  **...........Number of Iterations = 16 < 200
  **...........Finite Number Check (Two-Norm F) = Finite
************************************************************************
Field       Average         Maximum (@IP)   Minimum (@IP)  
UX          -1.80256984e-01 2.95111324e+02  -6.29208413e+01
UY          1.33639855e+01  3.22787389e+02  -1.34566329e+02
PRESSURE    6.35431384e+04  2.31630873e+05  -1.35630963e+02
TEMPERATURE 1.78072761e+01  7.09887317e+01  8.26578889e-02 
------------------------------------------------------------------------------
   ML time information (seconds)          total          avg

   1- Construction                  =    5.84088    0.365055
   2- Preconditioner apply          =   0.468475
     a- first application(s) only   =   0.148039  0.00925244
     b- remaining applications      =   0.320436  0.00604596

   3- Total time required by ML so far is 6.30936 seconds
      (constr + all applications)
------------------------------------------------------------------------------
========================================================================================

                          TimeMonitor results over 1 processor

Timer Name                                                   Global time (num calls)    
----------------------------------------------------------------------------------------
Drekar: Total Time                                           11.1 (1)                   
NOX Total Linear Solve                                       0.5257 (16)                
NOX Total Preconditioner Construction                        5.859 (16)                 
STK_Interface::setupTransientExodusFile(filename)            0.2972 (1)                 
STK_Interface::writeToExodus(timestep)                       0.04137 (1)                
Thyra::NOXNonlinearSolver::solve                             10.38 (1)                  
panzer::ModelEvaluator::evalModel(J)                         3.211 (16)                 
panzer::ModelEvaluator::evalModel(f)                         0.6593 (28)                
panzer::SquareQuadMeshFactory::buildUncomittedMesh()         0.000124 (1)               
panzer::SquareQuadMeshFactory::completeMeshConstruction()    0.09314 (1)                
========================================================================================
Drekar run completed.
